[1.647s] DEBUG:colcon:Command line arguments: ['/usr/bin/colcon', 'build']
[1.648s] DEBUG:colcon:Parsed command line arguments: Namespace(log_base=None, log_level=None, verb_name='build', build_base='build', install_base='install', merge_install=False, symlink_install=False, test_result_base=None, continue_on_error=False, executor='parallel', parallel_workers=8, event_handlers=None, ignore_user_meta=False, metas=['./colcon.meta'], base_paths=['.'], packages_ignore=None, packages_ignore_regex=None, paths=None, packages_up_to=None, packages_up_to_regex=None, packages_above=None, packages_above_and_dependencies=None, packages_above_depth=None, packages_select_by_dep=None, packages_skip_by_dep=None, packages_skip_up_to=None, packages_select_build_failed=False, packages_skip_build_finished=False, packages_select_test_failures=False, packages_skip_test_passed=False, packages_select=None, packages_skip=None, packages_select_regex=None, packages_skip_regex=None, packages_start=None, packages_end=None, allow_overriding=[], cmake_args=None, cmake_target=None, cmake_target_skip_unavailable=False, cmake_clean_cache=False, cmake_clean_first=False, cmake_force_configure=False, ament_cmake_args=None, catkin_cmake_args=None, catkin_skip_building_tests=False, mixin_files=None, mixin=None, verb_parser=<colcon_mixin.mixin.mixin_argument.MixinArgumentDecorator object at 0x7f3662029e40>, verb_extension=<colcon_core.verb.build.BuildVerb object at 0x7f36620297b0>, main=<bound method BuildVerb.main of <colcon_core.verb.build.BuildVerb object at 0x7f36620297b0>>, mixin_verb=('build',))
[1.743s] Level 1:colcon.colcon_core.package_discovery:discover_packages(colcon_meta) check parameters
[1.743s] Level 1:colcon.colcon_core.package_discovery:discover_packages(recursive) check parameters
[1.744s] Level 1:colcon.colcon_core.package_discovery:discover_packages(ignore) check parameters
[1.744s] Level 1:colcon.colcon_core.package_discovery:discover_packages(path) check parameters
[1.744s] Level 1:colcon.colcon_core.package_discovery:discover_packages(colcon_meta) discover
[1.744s] Level 1:colcon.colcon_core.package_discovery:discover_packages(recursive) discover
[1.744s] INFO:colcon.colcon_core.package_discovery:Crawling recursively for packages in '/home/joas329/Desktop/rover_simulation'
[1.744s] Level 1:colcon.colcon_core.package_identification:_identify(.) by extensions ['ignore', 'ignore_ament_install']
[1.745s] Level 1:colcon.colcon_core.package_identification:_identify(.) by extension 'ignore'
[1.745s] Level 1:colcon.colcon_core.package_identification:_identify(.) by extension 'ignore_ament_install'
[1.745s] Level 1:colcon.colcon_core.package_identification:_identify(.) by extensions ['colcon_pkg']
[1.745s] Level 1:colcon.colcon_core.package_identification:_identify(.) by extension 'colcon_pkg'
[1.746s] Level 1:colcon.colcon_core.package_identification:_identify(.) by extensions ['colcon_meta']
[1.746s] Level 1:colcon.colcon_core.package_identification:_identify(.) by extension 'colcon_meta'
[1.746s] Level 1:colcon.colcon_core.package_identification:_identify(.) by extensions ['ros']
[1.746s] Level 1:colcon.colcon_core.package_identification:_identify(.) by extension 'ros'
[1.785s] Level 1:colcon.colcon_core.package_identification:_identify(.) by extensions ['cmake', 'python']
[1.786s] Level 1:colcon.colcon_core.package_identification:_identify(.) by extension 'cmake'
[1.786s] Level 1:colcon.colcon_core.package_identification:_identify(.) by extension 'python'
[1.786s] Level 1:colcon.colcon_core.package_identification:_identify(.) by extensions ['python_setup_py']
[1.786s] Level 1:colcon.colcon_core.package_identification:_identify(.) by extension 'python_setup_py'
[1.787s] Level 1:colcon.colcon_core.package_identification:_identify(build) by extensions ['ignore', 'ignore_ament_install']
[1.787s] Level 1:colcon.colcon_core.package_identification:_identify(build) by extension 'ignore'
[1.787s] Level 1:colcon.colcon_core.package_identification:_identify(build) ignored
[1.788s] Level 1:colcon.colcon_core.package_identification:_identify(install) by extensions ['ignore', 'ignore_ament_install']
[1.788s] Level 1:colcon.colcon_core.package_identification:_identify(install) by extension 'ignore'
[1.788s] Level 1:colcon.colcon_core.package_identification:_identify(install) ignored
[1.790s] Level 1:colcon.colcon_core.package_identification:_identify(log) by extensions ['ignore', 'ignore_ament_install']
[1.791s] Level 1:colcon.colcon_core.package_identification:_identify(log) by extension 'ignore'
[1.791s] Level 1:colcon.colcon_core.package_identification:_identify(log) ignored
[1.791s] Level 1:colcon.colcon_core.package_identification:_identify(src) by extensions ['ignore', 'ignore_ament_install']
[1.792s] Level 1:colcon.colcon_core.package_identification:_identify(src) by extension 'ignore'
[1.792s] Level 1:colcon.colcon_core.package_identification:_identify(src) by extension 'ignore_ament_install'
[1.792s] Level 1:colcon.colcon_core.package_identification:_identify(src) by extensions ['colcon_pkg']
[1.792s] Level 1:colcon.colcon_core.package_identification:_identify(src) by extension 'colcon_pkg'
[1.792s] Level 1:colcon.colcon_core.package_identification:_identify(src) by extensions ['colcon_meta']
[1.792s] Level 1:colcon.colcon_core.package_identification:_identify(src) by extension 'colcon_meta'
[1.793s] Level 1:colcon.colcon_core.package_identification:_identify(src) by extensions ['ros']
[1.793s] Level 1:colcon.colcon_core.package_identification:_identify(src) by extension 'ros'
[1.793s] Level 1:colcon.colcon_core.package_identification:_identify(src) by extensions ['cmake', 'python']
[1.793s] Level 1:colcon.colcon_core.package_identification:_identify(src) by extension 'cmake'
[1.793s] Level 1:colcon.colcon_core.package_identification:_identify(src) by extension 'python'
[1.794s] Level 1:colcon.colcon_core.package_identification:_identify(src) by extensions ['python_setup_py']
[1.794s] Level 1:colcon.colcon_core.package_identification:_identify(src) by extension 'python_setup_py'
[1.794s] Level 1:colcon.colcon_core.package_identification:_identify(src/arm_control_moveit_config) by extensions ['ignore', 'ignore_ament_install']
[1.794s] Level 1:colcon.colcon_core.package_identification:_identify(src/arm_control_moveit_config) by extension 'ignore'
[1.795s] Level 1:colcon.colcon_core.package_identification:_identify(src/arm_control_moveit_config) by extension 'ignore_ament_install'
[1.795s] Level 1:colcon.colcon_core.package_identification:_identify(src/arm_control_moveit_config) by extensions ['colcon_pkg']
[1.795s] Level 1:colcon.colcon_core.package_identification:_identify(src/arm_control_moveit_config) by extension 'colcon_pkg'
[1.795s] Level 1:colcon.colcon_core.package_identification:_identify(src/arm_control_moveit_config) by extensions ['colcon_meta']
[1.795s] Level 1:colcon.colcon_core.package_identification:_identify(src/arm_control_moveit_config) by extension 'colcon_meta'
[1.795s] Level 1:colcon.colcon_core.package_identification:_identify(src/arm_control_moveit_config) by extensions ['ros']
[1.795s] Level 1:colcon.colcon_core.package_identification:_identify(src/arm_control_moveit_config) by extension 'ros'
[1.805s] DEBUG:colcon.colcon_core.package_identification:Package 'src/arm_control_moveit_config' with type 'ros.ament_cmake' and name 'arm_control_moveit_config'
[1.805s] Level 1:colcon.colcon_core.package_identification:_identify(src/arm_moveit_config) by extensions ['ignore', 'ignore_ament_install']
[1.805s] Level 1:colcon.colcon_core.package_identification:_identify(src/arm_moveit_config) by extension 'ignore'
[1.806s] Level 1:colcon.colcon_core.package_identification:_identify(src/arm_moveit_config) by extension 'ignore_ament_install'
[1.806s] Level 1:colcon.colcon_core.package_identification:_identify(src/arm_moveit_config) by extensions ['colcon_pkg']
[1.806s] Level 1:colcon.colcon_core.package_identification:_identify(src/arm_moveit_config) by extension 'colcon_pkg'
[1.806s] Level 1:colcon.colcon_core.package_identification:_identify(src/arm_moveit_config) by extensions ['colcon_meta']
[1.806s] Level 1:colcon.colcon_core.package_identification:_identify(src/arm_moveit_config) by extension 'colcon_meta'
[1.807s] Level 1:colcon.colcon_core.package_identification:_identify(src/arm_moveit_config) by extensions ['ros']
[1.807s] Level 1:colcon.colcon_core.package_identification:_identify(src/arm_moveit_config) by extension 'ros'
[1.809s] DEBUG:colcon.colcon_core.package_identification:Package 'src/arm_moveit_config' with type 'ros.ament_cmake' and name 'arm_moveit_config'
[1.810s] Level 1:colcon.colcon_core.package_identification:_identify(src/build) by extensions ['ignore', 'ignore_ament_install']
[1.810s] Level 1:colcon.colcon_core.package_identification:_identify(src/build) by extension 'ignore'
[1.810s] Level 1:colcon.colcon_core.package_identification:_identify(src/build) ignored
[1.811s] Level 1:colcon.colcon_core.package_identification:_identify(src/control_moveit_config) by extensions ['ignore', 'ignore_ament_install']
[1.811s] Level 1:colcon.colcon_core.package_identification:_identify(src/control_moveit_config) by extension 'ignore'
[1.811s] Level 1:colcon.colcon_core.package_identification:_identify(src/control_moveit_config) by extension 'ignore_ament_install'
[1.811s] Level 1:colcon.colcon_core.package_identification:_identify(src/control_moveit_config) by extensions ['colcon_pkg']
[1.812s] Level 1:colcon.colcon_core.package_identification:_identify(src/control_moveit_config) by extension 'colcon_pkg'
[1.812s] Level 1:colcon.colcon_core.package_identification:_identify(src/control_moveit_config) by extensions ['colcon_meta']
[1.812s] Level 1:colcon.colcon_core.package_identification:_identify(src/control_moveit_config) by extension 'colcon_meta'
[1.812s] Level 1:colcon.colcon_core.package_identification:_identify(src/control_moveit_config) by extensions ['ros']
[1.812s] Level 1:colcon.colcon_core.package_identification:_identify(src/control_moveit_config) by extension 'ros'
[1.815s] DEBUG:colcon.colcon_core.package_identification:Package 'src/control_moveit_config' with type 'ros.ament_cmake' and name 'control_moveit_config'
[1.816s] Level 1:colcon.colcon_core.package_identification:_identify(src/install) by extensions ['ignore', 'ignore_ament_install']
[1.816s] Level 1:colcon.colcon_core.package_identification:_identify(src/install) by extension 'ignore'
[1.816s] Level 1:colcon.colcon_core.package_identification:_identify(src/install) ignored
[1.816s] Level 1:colcon.colcon_core.package_identification:_identify(src/log) by extensions ['ignore', 'ignore_ament_install']
[1.817s] Level 1:colcon.colcon_core.package_identification:_identify(src/log) by extension 'ignore'
[1.817s] Level 1:colcon.colcon_core.package_identification:_identify(src/log) ignored
[1.817s] Level 1:colcon.colcon_core.package_identification:_identify(src/my_bot) by extensions ['ignore', 'ignore_ament_install']
[1.818s] Level 1:colcon.colcon_core.package_identification:_identify(src/my_bot) by extension 'ignore'
[1.818s] Level 1:colcon.colcon_core.package_identification:_identify(src/my_bot) by extension 'ignore_ament_install'
[1.818s] Level 1:colcon.colcon_core.package_identification:_identify(src/my_bot) by extensions ['colcon_pkg']
[1.818s] Level 1:colcon.colcon_core.package_identification:_identify(src/my_bot) by extension 'colcon_pkg'
[1.818s] Level 1:colcon.colcon_core.package_identification:_identify(src/my_bot) by extensions ['colcon_meta']
[1.818s] Level 1:colcon.colcon_core.package_identification:_identify(src/my_bot) by extension 'colcon_meta'
[1.819s] Level 1:colcon.colcon_core.package_identification:_identify(src/my_bot) by extensions ['ros']
[1.819s] Level 1:colcon.colcon_core.package_identification:_identify(src/my_bot) by extension 'ros'
[1.821s] DEBUG:colcon.colcon_core.package_identification:Package 'src/my_bot' with type 'ros.ament_python' and name 'my_bot'
[1.821s] Level 1:colcon.colcon_core.package_identification:_identify(src/pointcloud_to_laserscan) by extensions ['ignore', 'ignore_ament_install']
[1.821s] Level 1:colcon.colcon_core.package_identification:_identify(src/pointcloud_to_laserscan) by extension 'ignore'
[1.822s] Level 1:colcon.colcon_core.package_identification:_identify(src/pointcloud_to_laserscan) by extension 'ignore_ament_install'
[1.822s] Level 1:colcon.colcon_core.package_identification:_identify(src/pointcloud_to_laserscan) by extensions ['colcon_pkg']
[1.822s] Level 1:colcon.colcon_core.package_identification:_identify(src/pointcloud_to_laserscan) by extension 'colcon_pkg'
[1.822s] Level 1:colcon.colcon_core.package_identification:_identify(src/pointcloud_to_laserscan) by extensions ['colcon_meta']
[1.822s] Level 1:colcon.colcon_core.package_identification:_identify(src/pointcloud_to_laserscan) by extension 'colcon_meta'
[1.822s] Level 1:colcon.colcon_core.package_identification:_identify(src/pointcloud_to_laserscan) by extensions ['ros']
[1.823s] Level 1:colcon.colcon_core.package_identification:_identify(src/pointcloud_to_laserscan) by extension 'ros'
[1.827s] DEBUG:colcon.colcon_core.package_identification:Package 'src/pointcloud_to_laserscan' with type 'ros.ament_cmake' and name 'pointcloud_to_laserscan'
[1.827s] Level 1:colcon.colcon_core.package_identification:_identify(src/yurs_hardware) by extensions ['ignore', 'ignore_ament_install']
[1.827s] Level 1:colcon.colcon_core.package_identification:_identify(src/yurs_hardware) by extension 'ignore'
[1.828s] Level 1:colcon.colcon_core.package_identification:_identify(src/yurs_hardware) by extension 'ignore_ament_install'
[1.828s] Level 1:colcon.colcon_core.package_identification:_identify(src/yurs_hardware) by extensions ['colcon_pkg']
[1.828s] Level 1:colcon.colcon_core.package_identification:_identify(src/yurs_hardware) by extension 'colcon_pkg'
[1.828s] Level 1:colcon.colcon_core.package_identification:_identify(src/yurs_hardware) by extensions ['colcon_meta']
[1.828s] Level 1:colcon.colcon_core.package_identification:_identify(src/yurs_hardware) by extension 'colcon_meta'
[1.828s] Level 1:colcon.colcon_core.package_identification:_identify(src/yurs_hardware) by extensions ['ros']
[1.829s] Level 1:colcon.colcon_core.package_identification:_identify(src/yurs_hardware) by extension 'ros'
[1.831s] DEBUG:colcon.colcon_core.package_identification:Package 'src/yurs_hardware' with type 'ros.ament_cmake' and name 'yurs_hardware'
[1.831s] Level 1:colcon.colcon_core.package_discovery:discover_packages(recursive) using defaults
[1.831s] Level 1:colcon.colcon_core.package_discovery:discover_packages(ignore) discover
[1.831s] Level 1:colcon.colcon_core.package_discovery:discover_packages(ignore) using defaults
[1.832s] Level 1:colcon.colcon_core.package_discovery:discover_packages(path) discover
[1.832s] Level 1:colcon.colcon_core.package_discovery:discover_packages(path) using defaults
[1.924s] Level 1:colcon.colcon_core.package_discovery:discover_packages(prefix_path) check parameters
[1.925s] Level 1:colcon.colcon_core.package_discovery:discover_packages(prefix_path) discover
[1.939s] DEBUG:colcon.colcon_installed_package_information.package_discovery:Found 6 installed packages in /home/joas329/Desktop/rover_simulation/install
[1.949s] DEBUG:colcon.colcon_installed_package_information.package_discovery:Found 457 installed packages in /opt/ros/humble
[1.956s] Level 1:colcon.colcon_core.package_discovery:discover_packages(prefix_path) using defaults
[2.215s] Level 5:colcon.colcon_core.verb:set package 'my_bot' build argument 'cmake_args' from command line to 'None'
[2.215s] Level 5:colcon.colcon_core.verb:set package 'my_bot' build argument 'cmake_target' from command line to 'None'
[2.215s] Level 5:colcon.colcon_core.verb:set package 'my_bot' build argument 'cmake_target_skip_unavailable' from command line to 'False'
[2.216s] Level 5:colcon.colcon_core.verb:set package 'my_bot' build argument 'cmake_clean_cache' from command line to 'False'
[2.216s] Level 5:colcon.colcon_core.verb:set package 'my_bot' build argument 'cmake_clean_first' from command line to 'False'
[2.216s] Level 5:colcon.colcon_core.verb:set package 'my_bot' build argument 'cmake_force_configure' from command line to 'False'
[2.216s] Level 5:colcon.colcon_core.verb:set package 'my_bot' build argument 'ament_cmake_args' from command line to 'None'
[2.216s] Level 5:colcon.colcon_core.verb:set package 'my_bot' build argument 'catkin_cmake_args' from command line to 'None'
[2.216s] Level 5:colcon.colcon_core.verb:set package 'my_bot' build argument 'catkin_skip_building_tests' from command line to 'False'
[2.216s] DEBUG:colcon.colcon_core.verb:Building package 'my_bot' with the following arguments: {'ament_cmake_args': None, 'build_base': '/home/joas329/Desktop/rover_simulation/build/my_bot', 'catkin_cmake_args': None, 'catkin_skip_building_tests': False, 'cmake_args': None, 'cmake_clean_cache': False, 'cmake_clean_first': False, 'cmake_force_configure': False, 'cmake_target': None, 'cmake_target_skip_unavailable': False, 'install_base': '/home/joas329/Desktop/rover_simulation/install/my_bot', 'merge_install': False, 'path': '/home/joas329/Desktop/rover_simulation/src/my_bot', 'symlink_install': False, 'test_result_base': None}
[2.221s] Level 5:colcon.colcon_core.verb:set package 'pointcloud_to_laserscan' build argument 'cmake_args' from command line to 'None'
[2.222s] Level 5:colcon.colcon_core.verb:set package 'pointcloud_to_laserscan' build argument 'cmake_target' from command line to 'None'
[2.222s] Level 5:colcon.colcon_core.verb:set package 'pointcloud_to_laserscan' build argument 'cmake_target_skip_unavailable' from command line to 'False'
[2.222s] Level 5:colcon.colcon_core.verb:set package 'pointcloud_to_laserscan' build argument 'cmake_clean_cache' from command line to 'False'
[2.222s] Level 5:colcon.colcon_core.verb:set package 'pointcloud_to_laserscan' build argument 'cmake_clean_first' from command line to 'False'
[2.222s] Level 5:colcon.colcon_core.verb:set package 'pointcloud_to_laserscan' build argument 'cmake_force_configure' from command line to 'False'
[2.222s] Level 5:colcon.colcon_core.verb:set package 'pointcloud_to_laserscan' build argument 'ament_cmake_args' from command line to 'None'
[2.222s] Level 5:colcon.colcon_core.verb:set package 'pointcloud_to_laserscan' build argument 'catkin_cmake_args' from command line to 'None'
[2.222s] Level 5:colcon.colcon_core.verb:set package 'pointcloud_to_laserscan' build argument 'catkin_skip_building_tests' from command line to 'False'
[2.222s] DEBUG:colcon.colcon_core.verb:Building package 'pointcloud_to_laserscan' with the following arguments: {'ament_cmake_args': None, 'build_base': '/home/joas329/Desktop/rover_simulation/build/pointcloud_to_laserscan', 'catkin_cmake_args': None, 'catkin_skip_building_tests': False, 'cmake_args': None, 'cmake_clean_cache': False, 'cmake_clean_first': False, 'cmake_force_configure': False, 'cmake_target': None, 'cmake_target_skip_unavailable': False, 'install_base': '/home/joas329/Desktop/rover_simulation/install/pointcloud_to_laserscan', 'merge_install': False, 'path': '/home/joas329/Desktop/rover_simulation/src/pointcloud_to_laserscan', 'symlink_install': False, 'test_result_base': None}
[2.228s] Level 5:colcon.colcon_core.verb:set package 'yurs_hardware' build argument 'cmake_args' from command line to 'None'
[2.228s] Level 5:colcon.colcon_core.verb:set package 'yurs_hardware' build argument 'cmake_target' from command line to 'None'
[2.228s] Level 5:colcon.colcon_core.verb:set package 'yurs_hardware' build argument 'cmake_target_skip_unavailable' from command line to 'False'
[2.228s] Level 5:colcon.colcon_core.verb:set package 'yurs_hardware' build argument 'cmake_clean_cache' from command line to 'False'
[2.228s] Level 5:colcon.colcon_core.verb:set package 'yurs_hardware' build argument 'cmake_clean_first' from command line to 'False'
[2.228s] Level 5:colcon.colcon_core.verb:set package 'yurs_hardware' build argument 'cmake_force_configure' from command line to 'False'
[2.228s] Level 5:colcon.colcon_core.verb:set package 'yurs_hardware' build argument 'ament_cmake_args' from command line to 'None'
[2.228s] Level 5:colcon.colcon_core.verb:set package 'yurs_hardware' build argument 'catkin_cmake_args' from command line to 'None'
[2.229s] Level 5:colcon.colcon_core.verb:set package 'yurs_hardware' build argument 'catkin_skip_building_tests' from command line to 'False'
[2.229s] DEBUG:colcon.colcon_core.verb:Building package 'yurs_hardware' with the following arguments: {'ament_cmake_args': None, 'build_base': '/home/joas329/Desktop/rover_simulation/build/yurs_hardware', 'catkin_cmake_args': None, 'catkin_skip_building_tests': False, 'cmake_args': None, 'cmake_clean_cache': False, 'cmake_clean_first': False, 'cmake_force_configure': False, 'cmake_target': None, 'cmake_target_skip_unavailable': False, 'install_base': '/home/joas329/Desktop/rover_simulation/install/yurs_hardware', 'merge_install': False, 'path': '/home/joas329/Desktop/rover_simulation/src/yurs_hardware', 'symlink_install': False, 'test_result_base': None}
[2.235s] Level 5:colcon.colcon_core.verb:set package 'arm_control_moveit_config' build argument 'cmake_args' from command line to 'None'
[2.235s] Level 5:colcon.colcon_core.verb:set package 'arm_control_moveit_config' build argument 'cmake_target' from command line to 'None'
[2.235s] Level 5:colcon.colcon_core.verb:set package 'arm_control_moveit_config' build argument 'cmake_target_skip_unavailable' from command line to 'False'
[2.235s] Level 5:colcon.colcon_core.verb:set package 'arm_control_moveit_config' build argument 'cmake_clean_cache' from command line to 'False'
[2.235s] Level 5:colcon.colcon_core.verb:set package 'arm_control_moveit_config' build argument 'cmake_clean_first' from command line to 'False'
[2.235s] Level 5:colcon.colcon_core.verb:set package 'arm_control_moveit_config' build argument 'cmake_force_configure' from command line to 'False'
[2.236s] Level 5:colcon.colcon_core.verb:set package 'arm_control_moveit_config' build argument 'ament_cmake_args' from command line to 'None'
[2.236s] Level 5:colcon.colcon_core.verb:set package 'arm_control_moveit_config' build argument 'catkin_cmake_args' from command line to 'None'
[2.236s] Level 5:colcon.colcon_core.verb:set package 'arm_control_moveit_config' build argument 'catkin_skip_building_tests' from command line to 'False'
[2.236s] DEBUG:colcon.colcon_core.verb:Building package 'arm_control_moveit_config' with the following arguments: {'ament_cmake_args': None, 'build_base': '/home/joas329/Desktop/rover_simulation/build/arm_control_moveit_config', 'catkin_cmake_args': None, 'catkin_skip_building_tests': False, 'cmake_args': None, 'cmake_clean_cache': False, 'cmake_clean_first': False, 'cmake_force_configure': False, 'cmake_target': None, 'cmake_target_skip_unavailable': False, 'install_base': '/home/joas329/Desktop/rover_simulation/install/arm_control_moveit_config', 'merge_install': False, 'path': '/home/joas329/Desktop/rover_simulation/src/arm_control_moveit_config', 'symlink_install': False, 'test_result_base': None}
[2.242s] Level 5:colcon.colcon_core.verb:set package 'arm_moveit_config' build argument 'cmake_args' from command line to 'None'
[2.243s] Level 5:colcon.colcon_core.verb:set package 'arm_moveit_config' build argument 'cmake_target' from command line to 'None'
[2.243s] Level 5:colcon.colcon_core.verb:set package 'arm_moveit_config' build argument 'cmake_target_skip_unavailable' from command line to 'False'
[2.243s] Level 5:colcon.colcon_core.verb:set package 'arm_moveit_config' build argument 'cmake_clean_cache' from command line to 'False'
[2.243s] Level 5:colcon.colcon_core.verb:set package 'arm_moveit_config' build argument 'cmake_clean_first' from command line to 'False'
[2.243s] Level 5:colcon.colcon_core.verb:set package 'arm_moveit_config' build argument 'cmake_force_configure' from command line to 'False'
[2.244s] Level 5:colcon.colcon_core.verb:set package 'arm_moveit_config' build argument 'ament_cmake_args' from command line to 'None'
[2.244s] Level 5:colcon.colcon_core.verb:set package 'arm_moveit_config' build argument 'catkin_cmake_args' from command line to 'None'
[2.244s] Level 5:colcon.colcon_core.verb:set package 'arm_moveit_config' build argument 'catkin_skip_building_tests' from command line to 'False'
[2.244s] DEBUG:colcon.colcon_core.verb:Building package 'arm_moveit_config' with the following arguments: {'ament_cmake_args': None, 'build_base': '/home/joas329/Desktop/rover_simulation/build/arm_moveit_config', 'catkin_cmake_args': None, 'catkin_skip_building_tests': False, 'cmake_args': None, 'cmake_clean_cache': False, 'cmake_clean_first': False, 'cmake_force_configure': False, 'cmake_target': None, 'cmake_target_skip_unavailable': False, 'install_base': '/home/joas329/Desktop/rover_simulation/install/arm_moveit_config', 'merge_install': False, 'path': '/home/joas329/Desktop/rover_simulation/src/arm_moveit_config', 'symlink_install': False, 'test_result_base': None}
[2.252s] Level 5:colcon.colcon_core.verb:set package 'control_moveit_config' build argument 'cmake_args' from command line to 'None'
[2.252s] Level 5:colcon.colcon_core.verb:set package 'control_moveit_config' build argument 'cmake_target' from command line to 'None'
[2.253s] Level 5:colcon.colcon_core.verb:set package 'control_moveit_config' build argument 'cmake_target_skip_unavailable' from command line to 'False'
[2.253s] Level 5:colcon.colcon_core.verb:set package 'control_moveit_config' build argument 'cmake_clean_cache' from command line to 'False'
[2.253s] Level 5:colcon.colcon_core.verb:set package 'control_moveit_config' build argument 'cmake_clean_first' from command line to 'False'
[2.253s] Level 5:colcon.colcon_core.verb:set package 'control_moveit_config' build argument 'cmake_force_configure' from command line to 'False'
[2.253s] Level 5:colcon.colcon_core.verb:set package 'control_moveit_config' build argument 'ament_cmake_args' from command line to 'None'
[2.254s] Level 5:colcon.colcon_core.verb:set package 'control_moveit_config' build argument 'catkin_cmake_args' from command line to 'None'
[2.254s] Level 5:colcon.colcon_core.verb:set package 'control_moveit_config' build argument 'catkin_skip_building_tests' from command line to 'False'
[2.254s] DEBUG:colcon.colcon_core.verb:Building package 'control_moveit_config' with the following arguments: {'ament_cmake_args': None, 'build_base': '/home/joas329/Desktop/rover_simulation/build/control_moveit_config', 'catkin_cmake_args': None, 'catkin_skip_building_tests': False, 'cmake_args': None, 'cmake_clean_cache': False, 'cmake_clean_first': False, 'cmake_force_configure': False, 'cmake_target': None, 'cmake_target_skip_unavailable': False, 'install_base': '/home/joas329/Desktop/rover_simulation/install/control_moveit_config', 'merge_install': False, 'path': '/home/joas329/Desktop/rover_simulation/src/control_moveit_config', 'symlink_install': False, 'test_result_base': None}
[2.260s] INFO:colcon.colcon_core.executor:Executing jobs using 'parallel' executor
[2.288s] DEBUG:colcon.colcon_parallel_executor.executor.parallel:run_until_complete
[2.290s] INFO:colcon.colcon_ros.task.ament_python.build:Building ROS package in '/home/joas329/Desktop/rover_simulation/src/my_bot' with build type 'ament_python'
[2.290s] Level 1:colcon.colcon_core.shell:create_environment_hook('my_bot', 'ament_prefix_path')
[2.314s] INFO:colcon.colcon_core.plugin_system:Skipping extension 'colcon_core.shell.bat': Not used on non-Windows systems
[2.315s] INFO:colcon.colcon_core.shell:Creating environment hook '/home/joas329/Desktop/rover_simulation/install/my_bot/share/my_bot/hook/ament_prefix_path.ps1'
[2.318s] INFO:colcon.colcon_core.shell:Creating environment descriptor '/home/joas329/Desktop/rover_simulation/install/my_bot/share/my_bot/hook/ament_prefix_path.dsv'
[2.320s] INFO:colcon.colcon_core.shell:Creating environment hook '/home/joas329/Desktop/rover_simulation/install/my_bot/share/my_bot/hook/ament_prefix_path.sh'
[2.334s] INFO:colcon.colcon_core.shell:Skip shell extension 'powershell' for command environment: Not usable outside of PowerShell
[2.334s] DEBUG:colcon.colcon_core.shell:Skip shell extension 'dsv' for command environment
[2.365s] INFO:colcon.colcon_ros.task.ament_cmake.build:Building ROS package in '/home/joas329/Desktop/rover_simulation/src/pointcloud_to_laserscan' with build type 'ament_cmake'
[2.366s] INFO:colcon.colcon_cmake.task.cmake.build:Building CMake package in '/home/joas329/Desktop/rover_simulation/src/pointcloud_to_laserscan'
[2.394s] INFO:colcon.colcon_core.shell:Skip shell extension 'powershell' for command environment: Not usable outside of PowerShell
[2.395s] DEBUG:colcon.colcon_core.shell:Skip shell extension 'dsv' for command environment
[2.425s] INFO:colcon.colcon_ros.task.ament_cmake.build:Building ROS package in '/home/joas329/Desktop/rover_simulation/src/yurs_hardware' with build type 'ament_cmake'
[2.426s] INFO:colcon.colcon_cmake.task.cmake.build:Building CMake package in '/home/joas329/Desktop/rover_simulation/src/yurs_hardware'
[2.441s] INFO:colcon.colcon_core.shell:Skip shell extension 'powershell' for command environment: Not usable outside of PowerShell
[2.441s] DEBUG:colcon.colcon_core.shell:Skip shell extension 'dsv' for command environment
[3.415s] INFO:colcon.colcon_core.task.python.build:Building Python package in '/home/joas329/Desktop/rover_simulation/src/my_bot'
[3.427s] INFO:colcon.colcon_core.shell:Skip shell extension 'powershell' for command environment: Not usable outside of PowerShell
[3.427s] DEBUG:colcon.colcon_core.shell:Skip shell extension 'dsv' for command environment
[3.471s] DEBUG:colcon.colcon_core.event_handler.log_command:Invoking command in '/home/joas329/Desktop/rover_simulation/build/pointcloud_to_laserscan': CMAKE_PREFIX_PATH=${CMAKE_PREFIX_PATH}:/home/joas329/Desktop/rover_simulation/install/my_bot:/opt/ros/humble /usr/bin/cmake --build /home/joas329/Desktop/rover_simulation/build/pointcloud_to_laserscan -- -j8 -l8
[3.488s] DEBUG:colcon.colcon_core.event_handler.log_command:Invoking command in '/home/joas329/Desktop/rover_simulation/build/yurs_hardware': CMAKE_PREFIX_PATH=${CMAKE_PREFIX_PATH}:/home/joas329/Desktop/rover_simulation/install/my_bot:/opt/ros/humble /usr/bin/cmake --build /home/joas329/Desktop/rover_simulation/build/yurs_hardware -- -j8 -l8
[3.799s] DEBUG:colcon.colcon_core.event_handler.log_command:Invoked command in '/home/joas329/Desktop/rover_simulation/build/yurs_hardware' returned '0': CMAKE_PREFIX_PATH=${CMAKE_PREFIX_PATH}:/home/joas329/Desktop/rover_simulation/install/my_bot:/opt/ros/humble /usr/bin/cmake --build /home/joas329/Desktop/rover_simulation/build/yurs_hardware -- -j8 -l8
[3.949s] DEBUG:colcon.colcon_core.event_handler.log_command:Invoking command in '/home/joas329/Desktop/rover_simulation/build/yurs_hardware': CMAKE_PREFIX_PATH=${CMAKE_PREFIX_PATH}:/home/joas329/Desktop/rover_simulation/install/my_bot:/opt/ros/humble /usr/bin/cmake --install /home/joas329/Desktop/rover_simulation/build/yurs_hardware
[4.004s] Level 1:colcon.colcon_core.environment:create_environment_scripts_only(yurs_hardware)
[4.008s] DEBUG:colcon.colcon_core.event_handler.log_command:Invoked command in '/home/joas329/Desktop/rover_simulation/build/yurs_hardware' returned '0': CMAKE_PREFIX_PATH=${CMAKE_PREFIX_PATH}:/home/joas329/Desktop/rover_simulation/install/my_bot:/opt/ros/humble /usr/bin/cmake --install /home/joas329/Desktop/rover_simulation/build/yurs_hardware
[4.034s] Level 1:colcon.colcon_core.environment:checking '/home/joas329/Desktop/rover_simulation/install/yurs_hardware' for CMake module files
[4.035s] Level 1:colcon.colcon_core.environment:checking '/home/joas329/Desktop/rover_simulation/install/yurs_hardware' for CMake config files
[4.036s] Level 1:colcon.colcon_core.shell:create_environment_hook('yurs_hardware', 'cmake_prefix_path')
[4.048s] INFO:colcon.colcon_core.shell:Creating environment hook '/home/joas329/Desktop/rover_simulation/install/yurs_hardware/share/yurs_hardware/hook/cmake_prefix_path.ps1'
[4.049s] INFO:colcon.colcon_core.shell:Creating environment descriptor '/home/joas329/Desktop/rover_simulation/install/yurs_hardware/share/yurs_hardware/hook/cmake_prefix_path.dsv'
[4.051s] INFO:colcon.colcon_core.shell:Creating environment hook '/home/joas329/Desktop/rover_simulation/install/yurs_hardware/share/yurs_hardware/hook/cmake_prefix_path.sh'
[4.053s] Level 1:colcon.colcon_core.environment:checking '/home/joas329/Desktop/rover_simulation/install/yurs_hardware/lib'
[4.054s] Level 1:colcon.colcon_core.shell:create_environment_hook('yurs_hardware', 'ld_library_path_lib')
[4.066s] INFO:colcon.colcon_core.shell:Creating environment hook '/home/joas329/Desktop/rover_simulation/install/yurs_hardware/share/yurs_hardware/hook/ld_library_path_lib.ps1'
[4.067s] INFO:colcon.colcon_core.shell:Creating environment descriptor '/home/joas329/Desktop/rover_simulation/install/yurs_hardware/share/yurs_hardware/hook/ld_library_path_lib.dsv'
[4.068s] INFO:colcon.colcon_core.shell:Creating environment hook '/home/joas329/Desktop/rover_simulation/install/yurs_hardware/share/yurs_hardware/hook/ld_library_path_lib.sh'
[4.070s] Level 1:colcon.colcon_core.environment:checking '/home/joas329/Desktop/rover_simulation/install/yurs_hardware/bin'
[4.070s] Level 1:colcon.colcon_core.environment:checking '/home/joas329/Desktop/rover_simulation/install/yurs_hardware/lib/pkgconfig/yurs_hardware.pc'
[4.071s] Level 1:colcon.colcon_core.environment:checking '/home/joas329/Desktop/rover_simulation/install/yurs_hardware/lib/python3.10/site-packages'
[4.072s] Level 1:colcon.colcon_core.environment:checking '/home/joas329/Desktop/rover_simulation/install/yurs_hardware/bin'
[4.083s] INFO:colcon.colcon_core.shell:Creating package script '/home/joas329/Desktop/rover_simulation/install/yurs_hardware/share/yurs_hardware/package.ps1'
[4.086s] INFO:colcon.colcon_core.shell:Creating package descriptor '/home/joas329/Desktop/rover_simulation/install/yurs_hardware/share/yurs_hardware/package.dsv'
[4.088s] INFO:colcon.colcon_core.shell:Creating package script '/home/joas329/Desktop/rover_simulation/install/yurs_hardware/share/yurs_hardware/package.sh'
[4.091s] INFO:colcon.colcon_core.shell:Creating package script '/home/joas329/Desktop/rover_simulation/install/yurs_hardware/share/yurs_hardware/package.bash'
[4.093s] INFO:colcon.colcon_core.shell:Creating package script '/home/joas329/Desktop/rover_simulation/install/yurs_hardware/share/yurs_hardware/package.zsh'
[4.096s] Level 1:colcon.colcon_core.environment:create_file_with_runtime_dependencies(/home/joas329/Desktop/rover_simulation/install/yurs_hardware/share/colcon-core/packages/yurs_hardware)
[4.101s] DEBUG:colcon.colcon_core.event_handler.log_command:Invoked command in '/home/joas329/Desktop/rover_simulation/build/pointcloud_to_laserscan' returned '0': CMAKE_PREFIX_PATH=${CMAKE_PREFIX_PATH}:/home/joas329/Desktop/rover_simulation/install/my_bot:/opt/ros/humble /usr/bin/cmake --build /home/joas329/Desktop/rover_simulation/build/pointcloud_to_laserscan -- -j8 -l8
[4.218s] Level 1:colcon.colcon_core.environment:create_environment_scripts_only(yurs_hardware)
[4.236s] Level 1:colcon.colcon_core.environment:checking '/home/joas329/Desktop/rover_simulation/install/yurs_hardware' for CMake module files
[4.238s] Level 1:colcon.colcon_core.environment:checking '/home/joas329/Desktop/rover_simulation/install/yurs_hardware' for CMake config files
[4.239s] Level 1:colcon.colcon_core.shell:create_environment_hook('yurs_hardware', 'cmake_prefix_path')
[4.251s] INFO:colcon.colcon_core.shell:Creating environment hook '/home/joas329/Desktop/rover_simulation/install/yurs_hardware/share/yurs_hardware/hook/cmake_prefix_path.ps1'
[4.253s] INFO:colcon.colcon_core.shell:Creating environment descriptor '/home/joas329/Desktop/rover_simulation/install/yurs_hardware/share/yurs_hardware/hook/cmake_prefix_path.dsv'
[4.254s] INFO:colcon.colcon_core.shell:Creating environment hook '/home/joas329/Desktop/rover_simulation/install/yurs_hardware/share/yurs_hardware/hook/cmake_prefix_path.sh'
[4.257s] Level 1:colcon.colcon_core.environment:checking '/home/joas329/Desktop/rover_simulation/install/yurs_hardware/lib'
[4.258s] Level 1:colcon.colcon_core.shell:create_environment_hook('yurs_hardware', 'ld_library_path_lib')
[4.271s] INFO:colcon.colcon_core.shell:Creating environment hook '/home/joas329/Desktop/rover_simulation/install/yurs_hardware/share/yurs_hardware/hook/ld_library_path_lib.ps1'
[4.272s] INFO:colcon.colcon_core.shell:Creating environment descriptor '/home/joas329/Desktop/rover_simulation/install/yurs_hardware/share/yurs_hardware/hook/ld_library_path_lib.dsv'
[4.274s] INFO:colcon.colcon_core.shell:Creating environment hook '/home/joas329/Desktop/rover_simulation/install/yurs_hardware/share/yurs_hardware/hook/ld_library_path_lib.sh'
[4.275s] Level 1:colcon.colcon_core.environment:checking '/home/joas329/Desktop/rover_simulation/install/yurs_hardware/bin'
[4.276s] Level 1:colcon.colcon_core.environment:checking '/home/joas329/Desktop/rover_simulation/install/yurs_hardware/lib/pkgconfig/yurs_hardware.pc'
[4.277s] Level 1:colcon.colcon_core.environment:checking '/home/joas329/Desktop/rover_simulation/install/yurs_hardware/lib/python3.10/site-packages'
[4.277s] Level 1:colcon.colcon_core.environment:checking '/home/joas329/Desktop/rover_simulation/install/yurs_hardware/bin'
[4.289s] INFO:colcon.colcon_core.shell:Creating package script '/home/joas329/Desktop/rover_simulation/install/yurs_hardware/share/yurs_hardware/package.ps1'
[4.291s] INFO:colcon.colcon_core.shell:Creating package descriptor '/home/joas329/Desktop/rover_simulation/install/yurs_hardware/share/yurs_hardware/package.dsv'
[4.293s] INFO:colcon.colcon_core.shell:Creating package script '/home/joas329/Desktop/rover_simulation/install/yurs_hardware/share/yurs_hardware/package.sh'
[4.294s] INFO:colcon.colcon_core.shell:Creating package script '/home/joas329/Desktop/rover_simulation/install/yurs_hardware/share/yurs_hardware/package.bash'
[4.296s] INFO:colcon.colcon_core.shell:Creating package script '/home/joas329/Desktop/rover_simulation/install/yurs_hardware/share/yurs_hardware/package.zsh'
[4.297s] Level 1:colcon.colcon_core.environment:create_file_with_runtime_dependencies(/home/joas329/Desktop/rover_simulation/install/yurs_hardware/share/colcon-core/packages/yurs_hardware)
[4.307s] DEBUG:colcon.colcon_core.event_handler.log_command:Invoking command in '/home/joas329/Desktop/rover_simulation/build/pointcloud_to_laserscan': CMAKE_PREFIX_PATH=${CMAKE_PREFIX_PATH}:/home/joas329/Desktop/rover_simulation/install/my_bot:/opt/ros/humble /usr/bin/cmake --install /home/joas329/Desktop/rover_simulation/build/pointcloud_to_laserscan
[4.359s] Level 1:colcon.colcon_core.environment:create_environment_scripts_only(pointcloud_to_laserscan)
[4.377s] Level 1:colcon.colcon_core.environment:checking '/home/joas329/Desktop/rover_simulation/install/pointcloud_to_laserscan' for CMake module files
[4.380s] DEBUG:colcon.colcon_core.event_handler.log_command:Invoked command in '/home/joas329/Desktop/rover_simulation/build/pointcloud_to_laserscan' returned '0': CMAKE_PREFIX_PATH=${CMAKE_PREFIX_PATH}:/home/joas329/Desktop/rover_simulation/install/my_bot:/opt/ros/humble /usr/bin/cmake --install /home/joas329/Desktop/rover_simulation/build/pointcloud_to_laserscan
[4.382s] Level 1:colcon.colcon_core.environment:checking '/home/joas329/Desktop/rover_simulation/install/pointcloud_to_laserscan' for CMake config files
[4.383s] Level 1:colcon.colcon_core.shell:create_environment_hook('pointcloud_to_laserscan', 'cmake_prefix_path')
[4.394s] INFO:colcon.colcon_core.shell:Creating environment hook '/home/joas329/Desktop/rover_simulation/install/pointcloud_to_laserscan/share/pointcloud_to_laserscan/hook/cmake_prefix_path.ps1'
[4.396s] INFO:colcon.colcon_core.shell:Creating environment descriptor '/home/joas329/Desktop/rover_simulation/install/pointcloud_to_laserscan/share/pointcloud_to_laserscan/hook/cmake_prefix_path.dsv'
[4.397s] INFO:colcon.colcon_core.shell:Creating environment hook '/home/joas329/Desktop/rover_simulation/install/pointcloud_to_laserscan/share/pointcloud_to_laserscan/hook/cmake_prefix_path.sh'
[4.399s] Level 1:colcon.colcon_core.environment:checking '/home/joas329/Desktop/rover_simulation/install/pointcloud_to_laserscan/lib'
[4.399s] Level 1:colcon.colcon_core.shell:create_environment_hook('pointcloud_to_laserscan', 'ld_library_path_lib')
[4.410s] INFO:colcon.colcon_core.shell:Creating environment hook '/home/joas329/Desktop/rover_simulation/install/pointcloud_to_laserscan/share/pointcloud_to_laserscan/hook/ld_library_path_lib.ps1'
[4.412s] INFO:colcon.colcon_core.shell:Creating environment descriptor '/home/joas329/Desktop/rover_simulation/install/pointcloud_to_laserscan/share/pointcloud_to_laserscan/hook/ld_library_path_lib.dsv'
[4.414s] INFO:colcon.colcon_core.shell:Creating environment hook '/home/joas329/Desktop/rover_simulation/install/pointcloud_to_laserscan/share/pointcloud_to_laserscan/hook/ld_library_path_lib.sh'
[4.415s] Level 1:colcon.colcon_core.environment:checking '/home/joas329/Desktop/rover_simulation/install/pointcloud_to_laserscan/bin'
[4.415s] Level 1:colcon.colcon_core.environment:checking '/home/joas329/Desktop/rover_simulation/install/pointcloud_to_laserscan/lib/pkgconfig/pointcloud_to_laserscan.pc'
[4.416s] Level 1:colcon.colcon_core.environment:checking '/home/joas329/Desktop/rover_simulation/install/pointcloud_to_laserscan/lib/python3.10/site-packages'
[4.417s] Level 1:colcon.colcon_core.environment:checking '/home/joas329/Desktop/rover_simulation/install/pointcloud_to_laserscan/bin'
[4.428s] INFO:colcon.colcon_core.shell:Creating package script '/home/joas329/Desktop/rover_simulation/install/pointcloud_to_laserscan/share/pointcloud_to_laserscan/package.ps1'
[4.430s] INFO:colcon.colcon_core.shell:Creating package descriptor '/home/joas329/Desktop/rover_simulation/install/pointcloud_to_laserscan/share/pointcloud_to_laserscan/package.dsv'
[4.432s] INFO:colcon.colcon_core.shell:Creating package script '/home/joas329/Desktop/rover_simulation/install/pointcloud_to_laserscan/share/pointcloud_to_laserscan/package.sh'
[4.433s] INFO:colcon.colcon_core.shell:Creating package script '/home/joas329/Desktop/rover_simulation/install/pointcloud_to_laserscan/share/pointcloud_to_laserscan/package.bash'
[4.434s] INFO:colcon.colcon_core.shell:Creating package script '/home/joas329/Desktop/rover_simulation/install/pointcloud_to_laserscan/share/pointcloud_to_laserscan/package.zsh'
[4.436s] Level 1:colcon.colcon_core.environment:create_file_with_runtime_dependencies(/home/joas329/Desktop/rover_simulation/install/pointcloud_to_laserscan/share/colcon-core/packages/pointcloud_to_laserscan)
[4.617s] Level 1:colcon.colcon_core.environment:create_environment_scripts_only(pointcloud_to_laserscan)
[4.639s] Level 1:colcon.colcon_core.environment:checking '/home/joas329/Desktop/rover_simulation/install/pointcloud_to_laserscan' for CMake module files
[4.641s] Level 1:colcon.colcon_core.environment:checking '/home/joas329/Desktop/rover_simulation/install/pointcloud_to_laserscan' for CMake config files
[4.642s] Level 1:colcon.colcon_core.shell:create_environment_hook('pointcloud_to_laserscan', 'cmake_prefix_path')
[4.653s] INFO:colcon.colcon_core.shell:Creating environment hook '/home/joas329/Desktop/rover_simulation/install/pointcloud_to_laserscan/share/pointcloud_to_laserscan/hook/cmake_prefix_path.ps1'
[4.654s] INFO:colcon.colcon_core.shell:Creating environment descriptor '/home/joas329/Desktop/rover_simulation/install/pointcloud_to_laserscan/share/pointcloud_to_laserscan/hook/cmake_prefix_path.dsv'
[4.656s] INFO:colcon.colcon_core.shell:Creating environment hook '/home/joas329/Desktop/rover_simulation/install/pointcloud_to_laserscan/share/pointcloud_to_laserscan/hook/cmake_prefix_path.sh'
[4.657s] Level 1:colcon.colcon_core.environment:checking '/home/joas329/Desktop/rover_simulation/install/pointcloud_to_laserscan/lib'
[4.658s] Level 1:colcon.colcon_core.shell:create_environment_hook('pointcloud_to_laserscan', 'ld_library_path_lib')
[4.669s] INFO:colcon.colcon_core.shell:Creating environment hook '/home/joas329/Desktop/rover_simulation/install/pointcloud_to_laserscan/share/pointcloud_to_laserscan/hook/ld_library_path_lib.ps1'
[4.671s] INFO:colcon.colcon_core.shell:Creating environment descriptor '/home/joas329/Desktop/rover_simulation/install/pointcloud_to_laserscan/share/pointcloud_to_laserscan/hook/ld_library_path_lib.dsv'
[4.672s] INFO:colcon.colcon_core.shell:Creating environment hook '/home/joas329/Desktop/rover_simulation/install/pointcloud_to_laserscan/share/pointcloud_to_laserscan/hook/ld_library_path_lib.sh'
[4.673s] Level 1:colcon.colcon_core.environment:checking '/home/joas329/Desktop/rover_simulation/install/pointcloud_to_laserscan/bin'
[4.674s] Level 1:colcon.colcon_core.environment:checking '/home/joas329/Desktop/rover_simulation/install/pointcloud_to_laserscan/lib/pkgconfig/pointcloud_to_laserscan.pc'
[4.675s] Level 1:colcon.colcon_core.environment:checking '/home/joas329/Desktop/rover_simulation/install/pointcloud_to_laserscan/lib/python3.10/site-packages'
[4.676s] Level 1:colcon.colcon_core.environment:checking '/home/joas329/Desktop/rover_simulation/install/pointcloud_to_laserscan/bin'
[4.687s] INFO:colcon.colcon_core.shell:Creating package script '/home/joas329/Desktop/rover_simulation/install/pointcloud_to_laserscan/share/pointcloud_to_laserscan/package.ps1'
[4.689s] INFO:colcon.colcon_core.shell:Creating package descriptor '/home/joas329/Desktop/rover_simulation/install/pointcloud_to_laserscan/share/pointcloud_to_laserscan/package.dsv'
[4.691s] INFO:colcon.colcon_core.shell:Creating package script '/home/joas329/Desktop/rover_simulation/install/pointcloud_to_laserscan/share/pointcloud_to_laserscan/package.sh'
[4.693s] INFO:colcon.colcon_core.shell:Creating package script '/home/joas329/Desktop/rover_simulation/install/pointcloud_to_laserscan/share/pointcloud_to_laserscan/package.bash'
[4.694s] INFO:colcon.colcon_core.shell:Creating package script '/home/joas329/Desktop/rover_simulation/install/pointcloud_to_laserscan/share/pointcloud_to_laserscan/package.zsh'
[4.696s] Level 1:colcon.colcon_core.environment:create_file_with_runtime_dependencies(/home/joas329/Desktop/rover_simulation/install/pointcloud_to_laserscan/share/colcon-core/packages/pointcloud_to_laserscan)
[5.176s] DEBUG:colcon.colcon_core.event_handler.log_command:Invoking command in '/home/joas329/Desktop/rover_simulation/src/my_bot': PYTHONPATH=/home/joas329/Desktop/rover_simulation/build/my_bot/prefix_override:/home/joas329/Desktop/rover_simulation/install/my_bot/lib/python3.10/site-packages:${PYTHONPATH} /usr/bin/python3 setup.py egg_info --egg-base ../../build/my_bot build --build-base /home/joas329/Desktop/rover_simulation/build/my_bot/build install --record /home/joas329/Desktop/rover_simulation/build/my_bot/install.log --single-version-externally-managed
[6.516s] DEBUG:colcon.colcon_core.event_handler.log_command:Invoked command in '/home/joas329/Desktop/rover_simulation/src/my_bot' returned '0': PYTHONPATH=/home/joas329/Desktop/rover_simulation/build/my_bot/prefix_override:/home/joas329/Desktop/rover_simulation/install/my_bot/lib/python3.10/site-packages:${PYTHONPATH} /usr/bin/python3 setup.py egg_info --egg-base ../../build/my_bot build --build-base /home/joas329/Desktop/rover_simulation/build/my_bot/build install --record /home/joas329/Desktop/rover_simulation/build/my_bot/install.log --single-version-externally-managed
[6.530s] Level 1:colcon.colcon_core.environment:checking '/home/joas329/Desktop/rover_simulation/install/my_bot' for CMake module files
[6.532s] Level 1:colcon.colcon_core.environment:checking '/home/joas329/Desktop/rover_simulation/install/my_bot' for CMake config files
[6.535s] Level 1:colcon.colcon_core.environment:checking '/home/joas329/Desktop/rover_simulation/install/my_bot/lib'
[6.535s] Level 1:colcon.colcon_core.environment:checking '/home/joas329/Desktop/rover_simulation/install/my_bot/bin'
[6.536s] Level 1:colcon.colcon_core.environment:checking '/home/joas329/Desktop/rover_simulation/install/my_bot/lib/pkgconfig/my_bot.pc'
[6.537s] Level 1:colcon.colcon_core.environment:checking '/home/joas329/Desktop/rover_simulation/install/my_bot/lib/python3.10/site-packages'
[6.537s] Level 1:colcon.colcon_core.shell:create_environment_hook('my_bot', 'pythonpath')
[6.550s] INFO:colcon.colcon_core.shell:Creating environment hook '/home/joas329/Desktop/rover_simulation/install/my_bot/share/my_bot/hook/pythonpath.ps1'
[6.551s] INFO:colcon.colcon_core.shell:Creating environment descriptor '/home/joas329/Desktop/rover_simulation/install/my_bot/share/my_bot/hook/pythonpath.dsv'
[6.553s] INFO:colcon.colcon_core.shell:Creating environment hook '/home/joas329/Desktop/rover_simulation/install/my_bot/share/my_bot/hook/pythonpath.sh'
[6.555s] Level 1:colcon.colcon_core.environment:checking '/home/joas329/Desktop/rover_simulation/install/my_bot/bin'
[6.555s] Level 1:colcon.colcon_core.environment:create_environment_scripts_only(my_bot)
[6.569s] INFO:colcon.colcon_core.shell:Creating package script '/home/joas329/Desktop/rover_simulation/install/my_bot/share/my_bot/package.ps1'
[6.571s] INFO:colcon.colcon_core.shell:Creating package descriptor '/home/joas329/Desktop/rover_simulation/install/my_bot/share/my_bot/package.dsv'
[6.573s] INFO:colcon.colcon_core.shell:Creating package script '/home/joas329/Desktop/rover_simulation/install/my_bot/share/my_bot/package.sh'
[6.575s] INFO:colcon.colcon_core.shell:Creating package script '/home/joas329/Desktop/rover_simulation/install/my_bot/share/my_bot/package.bash'
[6.576s] INFO:colcon.colcon_core.shell:Creating package script '/home/joas329/Desktop/rover_simulation/install/my_bot/share/my_bot/package.zsh'
[6.578s] Level 1:colcon.colcon_core.environment:create_file_with_runtime_dependencies(/home/joas329/Desktop/rover_simulation/install/my_bot/share/colcon-core/packages/my_bot)
[6.579s] INFO:colcon.colcon_ros.task.ament_cmake.build:Building ROS package in '/home/joas329/Desktop/rover_simulation/src/arm_control_moveit_config' with build type 'ament_cmake'
[6.580s] INFO:colcon.colcon_cmake.task.cmake.build:Building CMake package in '/home/joas329/Desktop/rover_simulation/src/arm_control_moveit_config'
[6.595s] INFO:colcon.colcon_core.shell:Skip shell extension 'powershell' for command environment: Not usable outside of PowerShell
[6.595s] DEBUG:colcon.colcon_core.shell:Skip shell extension 'dsv' for command environment
[6.627s] INFO:colcon.colcon_ros.task.ament_cmake.build:Building ROS package in '/home/joas329/Desktop/rover_simulation/src/arm_moveit_config' with build type 'ament_cmake'
[6.628s] INFO:colcon.colcon_cmake.task.cmake.build:Building CMake package in '/home/joas329/Desktop/rover_simulation/src/arm_moveit_config'
[6.651s] INFO:colcon.colcon_core.shell:Skip shell extension 'powershell' for command environment: Not usable outside of PowerShell
[6.652s] DEBUG:colcon.colcon_core.shell:Skip shell extension 'dsv' for command environment
[6.692s] INFO:colcon.colcon_ros.task.ament_cmake.build:Building ROS package in '/home/joas329/Desktop/rover_simulation/src/control_moveit_config' with build type 'ament_cmake'
[6.693s] INFO:colcon.colcon_cmake.task.cmake.build:Building CMake package in '/home/joas329/Desktop/rover_simulation/src/control_moveit_config'
[6.708s] INFO:colcon.colcon_core.shell:Skip shell extension 'powershell' for command environment: Not usable outside of PowerShell
[6.708s] DEBUG:colcon.colcon_core.shell:Skip shell extension 'dsv' for command environment
[6.759s] DEBUG:colcon.colcon_core.event_handler.log_command:Invoking command in '/home/joas329/Desktop/rover_simulation/build/arm_control_moveit_config': AMENT_PREFIX_PATH=/home/joas329/Desktop/rover_simulation/install/my_bot:/home/joas329/Desktop/rover_simulation/install/yurs_hardware:/home/joas329/Desktop/rover_simulation/install/pointcloud_to_laserscan:/home/joas329/Desktop/rover_simulation/install/control_moveit_config:/home/joas329/Desktop/rover_simulation/install/arm_moveit_config:/home/joas329/Desktop/rover_simulation/install/arm_control_moveit_config:/opt/ros/humble CMAKE_PREFIX_PATH=${CMAKE_PREFIX_PATH}:/home/joas329/Desktop/rover_simulation/install/my_bot:/opt/ros/humble /usr/bin/cmake --build /home/joas329/Desktop/rover_simulation/build/arm_control_moveit_config -- -j8 -l8
[6.777s] DEBUG:colcon.colcon_core.event_handler.log_command:Invoking command in '/home/joas329/Desktop/rover_simulation/build/arm_moveit_config': AMENT_PREFIX_PATH=/home/joas329/Desktop/rover_simulation/install/my_bot:/home/joas329/Desktop/rover_simulation/install/yurs_hardware:/home/joas329/Desktop/rover_simulation/install/pointcloud_to_laserscan:/home/joas329/Desktop/rover_simulation/install/control_moveit_config:/home/joas329/Desktop/rover_simulation/install/arm_moveit_config:/home/joas329/Desktop/rover_simulation/install/arm_control_moveit_config:/opt/ros/humble CMAKE_PREFIX_PATH=${CMAKE_PREFIX_PATH}:/home/joas329/Desktop/rover_simulation/install/my_bot:/opt/ros/humble /usr/bin/cmake --build /home/joas329/Desktop/rover_simulation/build/arm_moveit_config -- -j8 -l8
[6.789s] DEBUG:colcon.colcon_core.event_handler.log_command:Invoking command in '/home/joas329/Desktop/rover_simulation/build/control_moveit_config': AMENT_PREFIX_PATH=/home/joas329/Desktop/rover_simulation/install/my_bot:/home/joas329/Desktop/rover_simulation/install/yurs_hardware:/home/joas329/Desktop/rover_simulation/install/pointcloud_to_laserscan:/home/joas329/Desktop/rover_simulation/install/control_moveit_config:/home/joas329/Desktop/rover_simulation/install/arm_moveit_config:/home/joas329/Desktop/rover_simulation/install/arm_control_moveit_config:/opt/ros/humble CMAKE_PREFIX_PATH=${CMAKE_PREFIX_PATH}:/home/joas329/Desktop/rover_simulation/install/my_bot:/opt/ros/humble /usr/bin/cmake --build /home/joas329/Desktop/rover_simulation/build/control_moveit_config -- -j8 -l8
[6.935s] DEBUG:colcon.colcon_core.event_handler.log_command:Invoked command in '/home/joas329/Desktop/rover_simulation/build/arm_control_moveit_config' returned '0': AMENT_PREFIX_PATH=/home/joas329/Desktop/rover_simulation/install/my_bot:/home/joas329/Desktop/rover_simulation/install/yurs_hardware:/home/joas329/Desktop/rover_simulation/install/pointcloud_to_laserscan:/home/joas329/Desktop/rover_simulation/install/control_moveit_config:/home/joas329/Desktop/rover_simulation/install/arm_moveit_config:/home/joas329/Desktop/rover_simulation/install/arm_control_moveit_config:/opt/ros/humble CMAKE_PREFIX_PATH=${CMAKE_PREFIX_PATH}:/home/joas329/Desktop/rover_simulation/install/my_bot:/opt/ros/humble /usr/bin/cmake --build /home/joas329/Desktop/rover_simulation/build/arm_control_moveit_config -- -j8 -l8
[6.956s] DEBUG:colcon.colcon_core.event_handler.log_command:Invoked command in '/home/joas329/Desktop/rover_simulation/build/control_moveit_config' returned '0': AMENT_PREFIX_PATH=/home/joas329/Desktop/rover_simulation/install/my_bot:/home/joas329/Desktop/rover_simulation/install/yurs_hardware:/home/joas329/Desktop/rover_simulation/install/pointcloud_to_laserscan:/home/joas329/Desktop/rover_simulation/install/control_moveit_config:/home/joas329/Desktop/rover_simulation/install/arm_moveit_config:/home/joas329/Desktop/rover_simulation/install/arm_control_moveit_config:/opt/ros/humble CMAKE_PREFIX_PATH=${CMAKE_PREFIX_PATH}:/home/joas329/Desktop/rover_simulation/install/my_bot:/opt/ros/humble /usr/bin/cmake --build /home/joas329/Desktop/rover_simulation/build/control_moveit_config -- -j8 -l8
[6.962s] DEBUG:colcon.colcon_core.event_handler.log_command:Invoked command in '/home/joas329/Desktop/rover_simulation/build/arm_moveit_config' returned '0': AMENT_PREFIX_PATH=/home/joas329/Desktop/rover_simulation/install/my_bot:/home/joas329/Desktop/rover_simulation/install/yurs_hardware:/home/joas329/Desktop/rover_simulation/install/pointcloud_to_laserscan:/home/joas329/Desktop/rover_simulation/install/control_moveit_config:/home/joas329/Desktop/rover_simulation/install/arm_moveit_config:/home/joas329/Desktop/rover_simulation/install/arm_control_moveit_config:/opt/ros/humble CMAKE_PREFIX_PATH=${CMAKE_PREFIX_PATH}:/home/joas329/Desktop/rover_simulation/install/my_bot:/opt/ros/humble /usr/bin/cmake --build /home/joas329/Desktop/rover_simulation/build/arm_moveit_config -- -j8 -l8
[7.060s] DEBUG:colcon.colcon_core.event_handler.log_command:Invoking command in '/home/joas329/Desktop/rover_simulation/build/arm_control_moveit_config': AMENT_PREFIX_PATH=/home/joas329/Desktop/rover_simulation/install/my_bot:/home/joas329/Desktop/rover_simulation/install/yurs_hardware:/home/joas329/Desktop/rover_simulation/install/pointcloud_to_laserscan:/home/joas329/Desktop/rover_simulation/install/control_moveit_config:/home/joas329/Desktop/rover_simulation/install/arm_moveit_config:/home/joas329/Desktop/rover_simulation/install/arm_control_moveit_config:/opt/ros/humble CMAKE_PREFIX_PATH=${CMAKE_PREFIX_PATH}:/home/joas329/Desktop/rover_simulation/install/my_bot:/opt/ros/humble /usr/bin/cmake --install /home/joas329/Desktop/rover_simulation/build/arm_control_moveit_config
[7.082s] DEBUG:colcon.colcon_core.event_handler.log_command:Invoking command in '/home/joas329/Desktop/rover_simulation/build/control_moveit_config': AMENT_PREFIX_PATH=/home/joas329/Desktop/rover_simulation/install/my_bot:/home/joas329/Desktop/rover_simulation/install/yurs_hardware:/home/joas329/Desktop/rover_simulation/install/pointcloud_to_laserscan:/home/joas329/Desktop/rover_simulation/install/control_moveit_config:/home/joas329/Desktop/rover_simulation/install/arm_moveit_config:/home/joas329/Desktop/rover_simulation/install/arm_control_moveit_config:/opt/ros/humble CMAKE_PREFIX_PATH=${CMAKE_PREFIX_PATH}:/home/joas329/Desktop/rover_simulation/install/my_bot:/opt/ros/humble /usr/bin/cmake --install /home/joas329/Desktop/rover_simulation/build/control_moveit_config
[7.094s] DEBUG:colcon.colcon_core.event_handler.log_command:Invoking command in '/home/joas329/Desktop/rover_simulation/build/arm_moveit_config': AMENT_PREFIX_PATH=/home/joas329/Desktop/rover_simulation/install/my_bot:/home/joas329/Desktop/rover_simulation/install/yurs_hardware:/home/joas329/Desktop/rover_simulation/install/pointcloud_to_laserscan:/home/joas329/Desktop/rover_simulation/install/control_moveit_config:/home/joas329/Desktop/rover_simulation/install/arm_moveit_config:/home/joas329/Desktop/rover_simulation/install/arm_control_moveit_config:/opt/ros/humble CMAKE_PREFIX_PATH=${CMAKE_PREFIX_PATH}:/home/joas329/Desktop/rover_simulation/install/my_bot:/opt/ros/humble /usr/bin/cmake --install /home/joas329/Desktop/rover_simulation/build/arm_moveit_config
[7.121s] Level 1:colcon.colcon_core.environment:create_environment_scripts_only(arm_control_moveit_config)
[7.164s] Level 1:colcon.colcon_core.environment:checking '/home/joas329/Desktop/rover_simulation/install/arm_control_moveit_config' for CMake module files
[7.168s] Level 1:colcon.colcon_core.environment:checking '/home/joas329/Desktop/rover_simulation/install/arm_control_moveit_config' for CMake config files
[7.172s] Level 1:colcon.colcon_core.shell:create_environment_hook('arm_control_moveit_config', 'cmake_prefix_path')
[7.188s] INFO:colcon.colcon_core.shell:Creating environment hook '/home/joas329/Desktop/rover_simulation/install/arm_control_moveit_config/share/arm_control_moveit_config/hook/cmake_prefix_path.ps1'
[7.192s] INFO:colcon.colcon_core.shell:Creating environment descriptor '/home/joas329/Desktop/rover_simulation/install/arm_control_moveit_config/share/arm_control_moveit_config/hook/cmake_prefix_path.dsv'
[7.194s] DEBUG:colcon.colcon_core.event_handler.log_command:Invoked command in '/home/joas329/Desktop/rover_simulation/build/arm_control_moveit_config' returned '0': AMENT_PREFIX_PATH=/home/joas329/Desktop/rover_simulation/install/my_bot:/home/joas329/Desktop/rover_simulation/install/yurs_hardware:/home/joas329/Desktop/rover_simulation/install/pointcloud_to_laserscan:/home/joas329/Desktop/rover_simulation/install/control_moveit_config:/home/joas329/Desktop/rover_simulation/install/arm_moveit_config:/home/joas329/Desktop/rover_simulation/install/arm_control_moveit_config:/opt/ros/humble CMAKE_PREFIX_PATH=${CMAKE_PREFIX_PATH}:/home/joas329/Desktop/rover_simulation/install/my_bot:/opt/ros/humble /usr/bin/cmake --install /home/joas329/Desktop/rover_simulation/build/arm_control_moveit_config
[7.197s] INFO:colcon.colcon_core.shell:Creating environment hook '/home/joas329/Desktop/rover_simulation/install/arm_control_moveit_config/share/arm_control_moveit_config/hook/cmake_prefix_path.sh'
[7.202s] Level 1:colcon.colcon_core.environment:checking '/home/joas329/Desktop/rover_simulation/install/arm_control_moveit_config/bin'
[7.203s] Level 1:colcon.colcon_core.environment:checking '/home/joas329/Desktop/rover_simulation/install/arm_control_moveit_config/lib/pkgconfig/arm_control_moveit_config.pc'
[7.204s] Level 1:colcon.colcon_core.environment:checking '/home/joas329/Desktop/rover_simulation/install/arm_control_moveit_config/lib/python3.10/site-packages'
[7.205s] Level 1:colcon.colcon_core.environment:checking '/home/joas329/Desktop/rover_simulation/install/arm_control_moveit_config/bin'
[7.219s] INFO:colcon.colcon_core.shell:Creating package script '/home/joas329/Desktop/rover_simulation/install/arm_control_moveit_config/share/arm_control_moveit_config/package.ps1'
[7.225s] INFO:colcon.colcon_core.shell:Creating package descriptor '/home/joas329/Desktop/rover_simulation/install/arm_control_moveit_config/share/arm_control_moveit_config/package.dsv'
[7.234s] INFO:colcon.colcon_core.shell:Creating package script '/home/joas329/Desktop/rover_simulation/install/arm_control_moveit_config/share/arm_control_moveit_config/package.sh'
[7.239s] INFO:colcon.colcon_core.shell:Creating package script '/home/joas329/Desktop/rover_simulation/install/arm_control_moveit_config/share/arm_control_moveit_config/package.bash'
[7.243s] INFO:colcon.colcon_core.shell:Creating package script '/home/joas329/Desktop/rover_simulation/install/arm_control_moveit_config/share/arm_control_moveit_config/package.zsh'
[7.247s] Level 1:colcon.colcon_core.environment:create_file_with_runtime_dependencies(/home/joas329/Desktop/rover_simulation/install/arm_control_moveit_config/share/colcon-core/packages/arm_control_moveit_config)
[7.260s] Level 1:colcon.colcon_core.environment:create_environment_scripts_only(arm_moveit_config)
[7.295s] Level 1:colcon.colcon_core.environment:checking '/home/joas329/Desktop/rover_simulation/install/arm_moveit_config' for CMake module files
[7.299s] Level 1:colcon.colcon_core.environment:checking '/home/joas329/Desktop/rover_simulation/install/arm_moveit_config' for CMake config files
[7.306s] Level 1:colcon.colcon_core.shell:create_environment_hook('arm_moveit_config', 'cmake_prefix_path')
[7.328s] INFO:colcon.colcon_core.shell:Creating environment hook '/home/joas329/Desktop/rover_simulation/install/arm_moveit_config/share/arm_moveit_config/hook/cmake_prefix_path.ps1'
[7.333s] INFO:colcon.colcon_core.shell:Creating environment descriptor '/home/joas329/Desktop/rover_simulation/install/arm_moveit_config/share/arm_moveit_config/hook/cmake_prefix_path.dsv'
[7.337s] INFO:colcon.colcon_core.shell:Creating environment hook '/home/joas329/Desktop/rover_simulation/install/arm_moveit_config/share/arm_moveit_config/hook/cmake_prefix_path.sh'
[7.346s] Level 1:colcon.colcon_core.environment:checking '/home/joas329/Desktop/rover_simulation/install/arm_moveit_config/bin'
[7.347s] Level 1:colcon.colcon_core.environment:checking '/home/joas329/Desktop/rover_simulation/install/arm_moveit_config/lib/pkgconfig/arm_moveit_config.pc'
[7.349s] Level 1:colcon.colcon_core.environment:checking '/home/joas329/Desktop/rover_simulation/install/arm_moveit_config/lib/python3.10/site-packages'
[7.350s] Level 1:colcon.colcon_core.environment:checking '/home/joas329/Desktop/rover_simulation/install/arm_moveit_config/bin'
[7.375s] INFO:colcon.colcon_core.shell:Creating package script '/home/joas329/Desktop/rover_simulation/install/arm_moveit_config/share/arm_moveit_config/package.ps1'
[7.379s] INFO:colcon.colcon_core.shell:Creating package descriptor '/home/joas329/Desktop/rover_simulation/install/arm_moveit_config/share/arm_moveit_config/package.dsv'
[7.384s] INFO:colcon.colcon_core.shell:Creating package script '/home/joas329/Desktop/rover_simulation/install/arm_moveit_config/share/arm_moveit_config/package.sh'
[7.389s] INFO:colcon.colcon_core.shell:Creating package script '/home/joas329/Desktop/rover_simulation/install/arm_moveit_config/share/arm_moveit_config/package.bash'
[7.391s] DEBUG:colcon.colcon_core.event_handler.log_command:Invoked command in '/home/joas329/Desktop/rover_simulation/build/arm_moveit_config' returned '0': AMENT_PREFIX_PATH=/home/joas329/Desktop/rover_simulation/install/my_bot:/home/joas329/Desktop/rover_simulation/install/yurs_hardware:/home/joas329/Desktop/rover_simulation/install/pointcloud_to_laserscan:/home/joas329/Desktop/rover_simulation/install/control_moveit_config:/home/joas329/Desktop/rover_simulation/install/arm_moveit_config:/home/joas329/Desktop/rover_simulation/install/arm_control_moveit_config:/opt/ros/humble CMAKE_PREFIX_PATH=${CMAKE_PREFIX_PATH}:/home/joas329/Desktop/rover_simulation/install/my_bot:/opt/ros/humble /usr/bin/cmake --install /home/joas329/Desktop/rover_simulation/build/arm_moveit_config
[7.393s] INFO:colcon.colcon_core.shell:Creating package script '/home/joas329/Desktop/rover_simulation/install/arm_moveit_config/share/arm_moveit_config/package.zsh'
[7.395s] Level 1:colcon.colcon_core.environment:create_file_with_runtime_dependencies(/home/joas329/Desktop/rover_simulation/install/arm_moveit_config/share/colcon-core/packages/arm_moveit_config)
[7.400s] Level 1:colcon.colcon_core.environment:create_environment_scripts_only(control_moveit_config)
[7.418s] DEBUG:colcon.colcon_core.event_handler.log_command:Invoked command in '/home/joas329/Desktop/rover_simulation/build/control_moveit_config' returned '0': AMENT_PREFIX_PATH=/home/joas329/Desktop/rover_simulation/install/my_bot:/home/joas329/Desktop/rover_simulation/install/yurs_hardware:/home/joas329/Desktop/rover_simulation/install/pointcloud_to_laserscan:/home/joas329/Desktop/rover_simulation/install/control_moveit_config:/home/joas329/Desktop/rover_simulation/install/arm_moveit_config:/home/joas329/Desktop/rover_simulation/install/arm_control_moveit_config:/opt/ros/humble CMAKE_PREFIX_PATH=${CMAKE_PREFIX_PATH}:/home/joas329/Desktop/rover_simulation/install/my_bot:/opt/ros/humble /usr/bin/cmake --install /home/joas329/Desktop/rover_simulation/build/control_moveit_config
[7.435s] Level 1:colcon.colcon_core.environment:checking '/home/joas329/Desktop/rover_simulation/install/control_moveit_config' for CMake module files
[7.438s] Level 1:colcon.colcon_core.environment:checking '/home/joas329/Desktop/rover_simulation/install/control_moveit_config' for CMake config files
[7.439s] Level 1:colcon.colcon_core.shell:create_environment_hook('control_moveit_config', 'cmake_prefix_path')
[7.462s] INFO:colcon.colcon_core.shell:Creating environment hook '/home/joas329/Desktop/rover_simulation/install/control_moveit_config/share/control_moveit_config/hook/cmake_prefix_path.ps1'
[7.465s] INFO:colcon.colcon_core.shell:Creating environment descriptor '/home/joas329/Desktop/rover_simulation/install/control_moveit_config/share/control_moveit_config/hook/cmake_prefix_path.dsv'
[7.467s] INFO:colcon.colcon_core.shell:Creating environment hook '/home/joas329/Desktop/rover_simulation/install/control_moveit_config/share/control_moveit_config/hook/cmake_prefix_path.sh'
[7.469s] Level 1:colcon.colcon_core.environment:checking '/home/joas329/Desktop/rover_simulation/install/control_moveit_config/bin'
[7.470s] Level 1:colcon.colcon_core.environment:checking '/home/joas329/Desktop/rover_simulation/install/control_moveit_config/lib/pkgconfig/control_moveit_config.pc'
[7.471s] Level 1:colcon.colcon_core.environment:checking '/home/joas329/Desktop/rover_simulation/install/control_moveit_config/lib/python3.10/site-packages'
[7.473s] Level 1:colcon.colcon_core.environment:checking '/home/joas329/Desktop/rover_simulation/install/control_moveit_config/bin'
[7.495s] INFO:colcon.colcon_core.shell:Creating package script '/home/joas329/Desktop/rover_simulation/install/control_moveit_config/share/control_moveit_config/package.ps1'
[7.497s] INFO:colcon.colcon_core.shell:Creating package descriptor '/home/joas329/Desktop/rover_simulation/install/control_moveit_config/share/control_moveit_config/package.dsv'
[7.499s] INFO:colcon.colcon_core.shell:Creating package script '/home/joas329/Desktop/rover_simulation/install/control_moveit_config/share/control_moveit_config/package.sh'
[7.501s] INFO:colcon.colcon_core.shell:Creating package script '/home/joas329/Desktop/rover_simulation/install/control_moveit_config/share/control_moveit_config/package.bash'
[7.502s] INFO:colcon.colcon_core.shell:Creating package script '/home/joas329/Desktop/rover_simulation/install/control_moveit_config/share/control_moveit_config/package.zsh'
[7.503s] Level 1:colcon.colcon_core.environment:create_file_with_runtime_dependencies(/home/joas329/Desktop/rover_simulation/install/control_moveit_config/share/colcon-core/packages/control_moveit_config)
[7.522s] Level 1:colcon.colcon_core.environment:create_environment_scripts_only(arm_control_moveit_config)
[7.541s] Level 1:colcon.colcon_core.environment:checking '/home/joas329/Desktop/rover_simulation/install/arm_control_moveit_config' for CMake module files
[7.543s] Level 1:colcon.colcon_core.environment:checking '/home/joas329/Desktop/rover_simulation/install/arm_control_moveit_config' for CMake config files
[7.544s] Level 1:colcon.colcon_core.shell:create_environment_hook('arm_control_moveit_config', 'cmake_prefix_path')
[7.557s] INFO:colcon.colcon_core.shell:Creating environment hook '/home/joas329/Desktop/rover_simulation/install/arm_control_moveit_config/share/arm_control_moveit_config/hook/cmake_prefix_path.ps1'
[7.558s] INFO:colcon.colcon_core.shell:Creating environment descriptor '/home/joas329/Desktop/rover_simulation/install/arm_control_moveit_config/share/arm_control_moveit_config/hook/cmake_prefix_path.dsv'
[7.560s] INFO:colcon.colcon_core.shell:Creating environment hook '/home/joas329/Desktop/rover_simulation/install/arm_control_moveit_config/share/arm_control_moveit_config/hook/cmake_prefix_path.sh'
[7.562s] Level 1:colcon.colcon_core.environment:checking '/home/joas329/Desktop/rover_simulation/install/arm_control_moveit_config/bin'
[7.562s] Level 1:colcon.colcon_core.environment:checking '/home/joas329/Desktop/rover_simulation/install/arm_control_moveit_config/lib/pkgconfig/arm_control_moveit_config.pc'
[7.563s] Level 1:colcon.colcon_core.environment:checking '/home/joas329/Desktop/rover_simulation/install/arm_control_moveit_config/lib/python3.10/site-packages'
[7.564s] Level 1:colcon.colcon_core.environment:checking '/home/joas329/Desktop/rover_simulation/install/arm_control_moveit_config/bin'
[7.590s] INFO:colcon.colcon_core.shell:Creating package script '/home/joas329/Desktop/rover_simulation/install/arm_control_moveit_config/share/arm_control_moveit_config/package.ps1'
[7.592s] INFO:colcon.colcon_core.shell:Creating package descriptor '/home/joas329/Desktop/rover_simulation/install/arm_control_moveit_config/share/arm_control_moveit_config/package.dsv'
[7.594s] INFO:colcon.colcon_core.shell:Creating package script '/home/joas329/Desktop/rover_simulation/install/arm_control_moveit_config/share/arm_control_moveit_config/package.sh'
[7.597s] INFO:colcon.colcon_core.shell:Creating package script '/home/joas329/Desktop/rover_simulation/install/arm_control_moveit_config/share/arm_control_moveit_config/package.bash'
[7.599s] INFO:colcon.colcon_core.shell:Creating package script '/home/joas329/Desktop/rover_simulation/install/arm_control_moveit_config/share/arm_control_moveit_config/package.zsh'
[7.602s] Level 1:colcon.colcon_core.environment:create_file_with_runtime_dependencies(/home/joas329/Desktop/rover_simulation/install/arm_control_moveit_config/share/colcon-core/packages/arm_control_moveit_config)
[7.620s] Level 1:colcon.colcon_core.environment:create_environment_scripts_only(arm_moveit_config)
[7.647s] Level 1:colcon.colcon_core.environment:checking '/home/joas329/Desktop/rover_simulation/install/arm_moveit_config' for CMake module files
[7.650s] Level 1:colcon.colcon_core.environment:checking '/home/joas329/Desktop/rover_simulation/install/arm_moveit_config' for CMake config files
[7.651s] Level 1:colcon.colcon_core.shell:create_environment_hook('arm_moveit_config', 'cmake_prefix_path')
[7.665s] INFO:colcon.colcon_core.shell:Creating environment hook '/home/joas329/Desktop/rover_simulation/install/arm_moveit_config/share/arm_moveit_config/hook/cmake_prefix_path.ps1'
[7.668s] INFO:colcon.colcon_core.shell:Creating environment descriptor '/home/joas329/Desktop/rover_simulation/install/arm_moveit_config/share/arm_moveit_config/hook/cmake_prefix_path.dsv'
[7.669s] INFO:colcon.colcon_core.shell:Creating environment hook '/home/joas329/Desktop/rover_simulation/install/arm_moveit_config/share/arm_moveit_config/hook/cmake_prefix_path.sh'
[7.672s] Level 1:colcon.colcon_core.environment:checking '/home/joas329/Desktop/rover_simulation/install/arm_moveit_config/bin'
[7.672s] Level 1:colcon.colcon_core.environment:checking '/home/joas329/Desktop/rover_simulation/install/arm_moveit_config/lib/pkgconfig/arm_moveit_config.pc'
[7.673s] Level 1:colcon.colcon_core.environment:checking '/home/joas329/Desktop/rover_simulation/install/arm_moveit_config/lib/python3.10/site-packages'
[7.674s] Level 1:colcon.colcon_core.environment:checking '/home/joas329/Desktop/rover_simulation/install/arm_moveit_config/bin'
[7.688s] INFO:colcon.colcon_core.shell:Creating package script '/home/joas329/Desktop/rover_simulation/install/arm_moveit_config/share/arm_moveit_config/package.ps1'
[7.690s] INFO:colcon.colcon_core.shell:Creating package descriptor '/home/joas329/Desktop/rover_simulation/install/arm_moveit_config/share/arm_moveit_config/package.dsv'
[7.692s] INFO:colcon.colcon_core.shell:Creating package script '/home/joas329/Desktop/rover_simulation/install/arm_moveit_config/share/arm_moveit_config/package.sh'
[7.694s] INFO:colcon.colcon_core.shell:Creating package script '/home/joas329/Desktop/rover_simulation/install/arm_moveit_config/share/arm_moveit_config/package.bash'
[7.695s] INFO:colcon.colcon_core.shell:Creating package script '/home/joas329/Desktop/rover_simulation/install/arm_moveit_config/share/arm_moveit_config/package.zsh'
[7.697s] Level 1:colcon.colcon_core.environment:create_file_with_runtime_dependencies(/home/joas329/Desktop/rover_simulation/install/arm_moveit_config/share/colcon-core/packages/arm_moveit_config)
[7.714s] Level 1:colcon.colcon_core.environment:create_environment_scripts_only(control_moveit_config)
[7.736s] Level 1:colcon.colcon_core.environment:checking '/home/joas329/Desktop/rover_simulation/install/control_moveit_config' for CMake module files
[7.738s] Level 1:colcon.colcon_core.environment:checking '/home/joas329/Desktop/rover_simulation/install/control_moveit_config' for CMake config files
[7.739s] Level 1:colcon.colcon_core.shell:create_environment_hook('control_moveit_config', 'cmake_prefix_path')
[7.752s] INFO:colcon.colcon_core.shell:Creating environment hook '/home/joas329/Desktop/rover_simulation/install/control_moveit_config/share/control_moveit_config/hook/cmake_prefix_path.ps1'
[7.754s] INFO:colcon.colcon_core.shell:Creating environment descriptor '/home/joas329/Desktop/rover_simulation/install/control_moveit_config/share/control_moveit_config/hook/cmake_prefix_path.dsv'
[7.756s] INFO:colcon.colcon_core.shell:Creating environment hook '/home/joas329/Desktop/rover_simulation/install/control_moveit_config/share/control_moveit_config/hook/cmake_prefix_path.sh'
[7.758s] Level 1:colcon.colcon_core.environment:checking '/home/joas329/Desktop/rover_simulation/install/control_moveit_config/bin'
[7.759s] Level 1:colcon.colcon_core.environment:checking '/home/joas329/Desktop/rover_simulation/install/control_moveit_config/lib/pkgconfig/control_moveit_config.pc'
[7.760s] Level 1:colcon.colcon_core.environment:checking '/home/joas329/Desktop/rover_simulation/install/control_moveit_config/lib/python3.10/site-packages'
[7.761s] Level 1:colcon.colcon_core.environment:checking '/home/joas329/Desktop/rover_simulation/install/control_moveit_config/bin'
[7.774s] INFO:colcon.colcon_core.shell:Creating package script '/home/joas329/Desktop/rover_simulation/install/control_moveit_config/share/control_moveit_config/package.ps1'
[7.777s] INFO:colcon.colcon_core.shell:Creating package descriptor '/home/joas329/Desktop/rover_simulation/install/control_moveit_config/share/control_moveit_config/package.dsv'
[7.779s] INFO:colcon.colcon_core.shell:Creating package script '/home/joas329/Desktop/rover_simulation/install/control_moveit_config/share/control_moveit_config/package.sh'
[7.782s] INFO:colcon.colcon_core.shell:Creating package script '/home/joas329/Desktop/rover_simulation/install/control_moveit_config/share/control_moveit_config/package.bash'
[7.784s] INFO:colcon.colcon_core.shell:Creating package script '/home/joas329/Desktop/rover_simulation/install/control_moveit_config/share/control_moveit_config/package.zsh'
[7.786s] Level 1:colcon.colcon_core.environment:create_file_with_runtime_dependencies(/home/joas329/Desktop/rover_simulation/install/control_moveit_config/share/colcon-core/packages/control_moveit_config)
[7.787s] DEBUG:colcon.colcon_parallel_executor.executor.parallel:closing loop
[7.788s] DEBUG:colcon.colcon_parallel_executor.executor.parallel:loop closed
[7.790s] DEBUG:colcon.colcon_parallel_executor.executor.parallel:run_until_complete finished with '0'
[7.791s] DEBUG:colcon.colcon_core.event_reactor:joining thread
[7.826s] INFO:colcon.colcon_core.plugin_system:Skipping extension 'colcon_notification.desktop_notification.terminal_notifier': Not used on non-Darwin systems
[7.827s] INFO:colcon.colcon_core.plugin_system:Skipping extension 'colcon_notification.desktop_notification.win32': Not used on non-Windows systems
[7.827s] INFO:colcon.colcon_notification.desktop_notification:Sending desktop notification using 'notify2'
[7.893s] DEBUG:colcon.colcon_core.event_reactor:joined thread
[7.916s] INFO:colcon.colcon_core.shell:Creating prefix script '/home/joas329/Desktop/rover_simulation/install/local_setup.ps1'
[7.922s] INFO:colcon.colcon_core.shell:Creating prefix util module '/home/joas329/Desktop/rover_simulation/install/_local_setup_util_ps1.py'
[7.932s] INFO:colcon.colcon_core.shell:Creating prefix chain script '/home/joas329/Desktop/rover_simulation/install/setup.ps1'
[7.944s] INFO:colcon.colcon_core.shell:Creating prefix script '/home/joas329/Desktop/rover_simulation/install/local_setup.sh'
[7.948s] INFO:colcon.colcon_core.shell:Creating prefix util module '/home/joas329/Desktop/rover_simulation/install/_local_setup_util_sh.py'
[7.951s] INFO:colcon.colcon_core.shell:Creating prefix chain script '/home/joas329/Desktop/rover_simulation/install/setup.sh'
[7.964s] INFO:colcon.colcon_core.shell:Creating prefix script '/home/joas329/Desktop/rover_simulation/install/local_setup.bash'
[7.967s] INFO:colcon.colcon_core.shell:Creating prefix chain script '/home/joas329/Desktop/rover_simulation/install/setup.bash'
[7.979s] INFO:colcon.colcon_core.shell:Creating prefix script '/home/joas329/Desktop/rover_simulation/install/local_setup.zsh'
[7.982s] INFO:colcon.colcon_core.shell:Creating prefix chain script '/home/joas329/Desktop/rover_simulation/install/setup.zsh'
