[4.013s] Invoking command in '/home/joas329/Desktop/rover_simulation/src/my_bot': PYTHONPATH=/home/joas329/Desktop/rover_simulation/build/my_bot/prefix_override:/home/joas329/Desktop/rover_simulation/install/my_bot/lib/python3.10/site-packages:${PYTHONPATH} /usr/bin/python3 setup.py egg_info --egg-base ../../build/my_bot build --build-base /home/joas329/Desktop/rover_simulation/build/my_bot/build install --record /home/joas329/Desktop/rover_simulation/build/my_bot/install.log --single-version-externally-managed
[5.961s] running egg_info
[5.966s] writing ../../build/my_bot/my_bot.egg-info/PKG-INFO
[5.967s] writing dependency_links to ../../build/my_bot/my_bot.egg-info/dependency_links.txt
[5.970s] writing entry points to ../../build/my_bot/my_bot.egg-info/entry_points.txt
[5.971s] writing requirements to ../../build/my_bot/my_bot.egg-info/requires.txt
[5.971s] writing top-level names to ../../build/my_bot/my_bot.egg-info/top_level.txt
[5.981s] reading manifest file '../../build/my_bot/my_bot.egg-info/SOURCES.txt'
[5.990s] writing manifest file '../../build/my_bot/my_bot.egg-info/SOURCES.txt'
[5.991s] running build
[5.991s] running build_py
[5.999s] copying my_bot/PID.py -> /home/joas329/Desktop/rover_simulation/build/my_bot/build/lib/my_bot
[6.000s] running install
[6.000s] running install_lib
[6.001s] copying /home/joas329/Desktop/rover_simulation/build/my_bot/build/lib/my_bot/PID.py -> /home/joas329/Desktop/rover_simulation/install/my_bot/lib/python3.10/site-packages/my_bot
[6.007s] byte-compiling /home/joas329/Desktop/rover_simulation/install/my_bot/lib/python3.10/site-packages/my_bot/PID.py to PID.cpython-310.pyc
[6.009s]   File "/home/joas329/Desktop/rover_simulation/install/my_bot/lib/python3.10/site-packages/my_bot/PID.py", line 87
[6.010s]     '/joint_states',
[6.010s]     ^^^^^^^^^^^^^^^
[6.011s] SyntaxError: invalid syntax
[6.012s] 
[6.012s] running install_data
[6.021s] running install_egg_info
[6.031s] removing '/home/joas329/Desktop/rover_simulation/install/my_bot/lib/python3.10/site-packages/my_bot-0.0.0-py3.10.egg-info' (and everything under it)
[6.032s] Copying ../../build/my_bot/my_bot.egg-info to /home/joas329/Desktop/rover_simulation/install/my_bot/lib/python3.10/site-packages/my_bot-0.0.0-py3.10.egg-info
[6.038s] running install_scripts
[6.177s] Installing PID script to /home/joas329/Desktop/rover_simulation/install/my_bot/lib/my_bot
[6.178s] writing list of installed files to '/home/joas329/Desktop/rover_simulation/build/my_bot/install.log'
[6.323s] Invoked command in '/home/joas329/Desktop/rover_simulation/src/my_bot' returned '0': PYTHONPATH=/home/joas329/Desktop/rover_simulation/build/my_bot/prefix_override:/home/joas329/Desktop/rover_simulation/install/my_bot/lib/python3.10/site-packages:${PYTHONPATH} /usr/bin/python3 setup.py egg_info --egg-base ../../build/my_bot build --build-base /home/joas329/Desktop/rover_simulation/build/my_bot/build install --record /home/joas329/Desktop/rover_simulation/build/my_bot/install.log --single-version-externally-managed
