[0.518s] DEBUG:colcon:Command line arguments: ['/usr/bin/colcon', 'build']
[0.518s] DEBUG:colcon:Parsed command line arguments: Namespace(log_base=None, log_level=None, verb_name='build', build_base='build', install_base='install', merge_install=False, symlink_install=False, test_result_base=None, continue_on_error=False, executor='parallel', parallel_workers=8, event_handlers=None, ignore_user_meta=False, metas=['./colcon.meta'], base_paths=['.'], packages_ignore=None, packages_ignore_regex=None, paths=None, packages_up_to=None, packages_up_to_regex=None, packages_above=None, packages_above_and_dependencies=None, packages_above_depth=None, packages_select_by_dep=None, packages_skip_by_dep=None, packages_skip_up_to=None, packages_select_build_failed=False, packages_skip_build_finished=False, packages_select_test_failures=False, packages_skip_test_passed=False, packages_select=None, packages_skip=None, packages_select_regex=None, packages_skip_regex=None, packages_start=None, packages_end=None, allow_overriding=[], cmake_args=None, cmake_target=None, cmake_target_skip_unavailable=False, cmake_clean_cache=False, cmake_clean_first=False, cmake_force_configure=False, ament_cmake_args=None, catkin_cmake_args=None, catkin_skip_building_tests=False, mixin_files=None, mixin=None, verb_parser=<colcon_mixin.mixin.mixin_argument.MixinArgumentDecorator object at 0x7f9b35a31bd0>, verb_extension=<colcon_core.verb.build.BuildVerb object at 0x7f9b35a31540>, main=<bound method BuildVerb.main of <colcon_core.verb.build.BuildVerb object at 0x7f9b35a31540>>, mixin_verb=('build',))
[0.550s] Level 1:colcon.colcon_core.package_discovery:discover_packages(colcon_meta) check parameters
[0.550s] Level 1:colcon.colcon_core.package_discovery:discover_packages(recursive) check parameters
[0.550s] Level 1:colcon.colcon_core.package_discovery:discover_packages(ignore) check parameters
[0.550s] Level 1:colcon.colcon_core.package_discovery:discover_packages(path) check parameters
[0.550s] Level 1:colcon.colcon_core.package_discovery:discover_packages(colcon_meta) discover
[0.550s] Level 1:colcon.colcon_core.package_discovery:discover_packages(recursive) discover
[0.550s] INFO:colcon.colcon_core.package_discovery:Crawling recursively for packages in '/home/joas329/Desktop/rover_simulation'
[0.550s] Level 1:colcon.colcon_core.package_identification:_identify(.) by extensions ['ignore', 'ignore_ament_install']
[0.550s] Level 1:colcon.colcon_core.package_identification:_identify(.) by extension 'ignore'
[0.551s] Level 1:colcon.colcon_core.package_identification:_identify(.) by extension 'ignore_ament_install'
[0.551s] Level 1:colcon.colcon_core.package_identification:_identify(.) by extensions ['colcon_pkg']
[0.551s] Level 1:colcon.colcon_core.package_identification:_identify(.) by extension 'colcon_pkg'
[0.551s] Level 1:colcon.colcon_core.package_identification:_identify(.) by extensions ['colcon_meta']
[0.551s] Level 1:colcon.colcon_core.package_identification:_identify(.) by extension 'colcon_meta'
[0.551s] Level 1:colcon.colcon_core.package_identification:_identify(.) by extensions ['ros']
[0.551s] Level 1:colcon.colcon_core.package_identification:_identify(.) by extension 'ros'
[0.564s] Level 1:colcon.colcon_core.package_identification:_identify(.) by extensions ['cmake', 'python']
[0.564s] Level 1:colcon.colcon_core.package_identification:_identify(.) by extension 'cmake'
[0.564s] Level 1:colcon.colcon_core.package_identification:_identify(.) by extension 'python'
[0.564s] Level 1:colcon.colcon_core.package_identification:_identify(.) by extensions ['python_setup_py']
[0.564s] Level 1:colcon.colcon_core.package_identification:_identify(.) by extension 'python_setup_py'
[0.564s] Level 1:colcon.colcon_core.package_identification:_identify(build) by extensions ['ignore', 'ignore_ament_install']
[0.564s] Level 1:colcon.colcon_core.package_identification:_identify(build) by extension 'ignore'
[0.564s] Level 1:colcon.colcon_core.package_identification:_identify(build) ignored
[0.565s] Level 1:colcon.colcon_core.package_identification:_identify(install) by extensions ['ignore', 'ignore_ament_install']
[0.565s] Level 1:colcon.colcon_core.package_identification:_identify(install) by extension 'ignore'
[0.565s] Level 1:colcon.colcon_core.package_identification:_identify(install) ignored
[0.566s] Level 1:colcon.colcon_core.package_identification:_identify(log) by extensions ['ignore', 'ignore_ament_install']
[0.566s] Level 1:colcon.colcon_core.package_identification:_identify(log) by extension 'ignore'
[0.566s] Level 1:colcon.colcon_core.package_identification:_identify(log) ignored
[0.566s] Level 1:colcon.colcon_core.package_identification:_identify(src) by extensions ['ignore', 'ignore_ament_install']
[0.566s] Level 1:colcon.colcon_core.package_identification:_identify(src) by extension 'ignore'
[0.566s] Level 1:colcon.colcon_core.package_identification:_identify(src) by extension 'ignore_ament_install'
[0.566s] Level 1:colcon.colcon_core.package_identification:_identify(src) by extensions ['colcon_pkg']
[0.567s] Level 1:colcon.colcon_core.package_identification:_identify(src) by extension 'colcon_pkg'
[0.567s] Level 1:colcon.colcon_core.package_identification:_identify(src) by extensions ['colcon_meta']
[0.567s] Level 1:colcon.colcon_core.package_identification:_identify(src) by extension 'colcon_meta'
[0.567s] Level 1:colcon.colcon_core.package_identification:_identify(src) by extensions ['ros']
[0.567s] Level 1:colcon.colcon_core.package_identification:_identify(src) by extension 'ros'
[0.567s] Level 1:colcon.colcon_core.package_identification:_identify(src) by extensions ['cmake', 'python']
[0.567s] Level 1:colcon.colcon_core.package_identification:_identify(src) by extension 'cmake'
[0.567s] Level 1:colcon.colcon_core.package_identification:_identify(src) by extension 'python'
[0.567s] Level 1:colcon.colcon_core.package_identification:_identify(src) by extensions ['python_setup_py']
[0.567s] Level 1:colcon.colcon_core.package_identification:_identify(src) by extension 'python_setup_py'
[0.567s] Level 1:colcon.colcon_core.package_identification:_identify(src/arm_control_moveit_config) by extensions ['ignore', 'ignore_ament_install']
[0.567s] Level 1:colcon.colcon_core.package_identification:_identify(src/arm_control_moveit_config) by extension 'ignore'
[0.567s] Level 1:colcon.colcon_core.package_identification:_identify(src/arm_control_moveit_config) by extension 'ignore_ament_install'
[0.567s] Level 1:colcon.colcon_core.package_identification:_identify(src/arm_control_moveit_config) by extensions ['colcon_pkg']
[0.567s] Level 1:colcon.colcon_core.package_identification:_identify(src/arm_control_moveit_config) by extension 'colcon_pkg'
[0.567s] Level 1:colcon.colcon_core.package_identification:_identify(src/arm_control_moveit_config) by extensions ['colcon_meta']
[0.567s] Level 1:colcon.colcon_core.package_identification:_identify(src/arm_control_moveit_config) by extension 'colcon_meta'
[0.567s] Level 1:colcon.colcon_core.package_identification:_identify(src/arm_control_moveit_config) by extensions ['ros']
[0.568s] Level 1:colcon.colcon_core.package_identification:_identify(src/arm_control_moveit_config) by extension 'ros'
[0.571s] DEBUG:colcon.colcon_core.package_identification:Package 'src/arm_control_moveit_config' with type 'ros.ament_cmake' and name 'arm_control_moveit_config'
[0.571s] Level 1:colcon.colcon_core.package_identification:_identify(src/arm_moveit_config) by extensions ['ignore', 'ignore_ament_install']
[0.571s] Level 1:colcon.colcon_core.package_identification:_identify(src/arm_moveit_config) by extension 'ignore'
[0.571s] Level 1:colcon.colcon_core.package_identification:_identify(src/arm_moveit_config) by extension 'ignore_ament_install'
[0.571s] Level 1:colcon.colcon_core.package_identification:_identify(src/arm_moveit_config) by extensions ['colcon_pkg']
[0.571s] Level 1:colcon.colcon_core.package_identification:_identify(src/arm_moveit_config) by extension 'colcon_pkg'
[0.571s] Level 1:colcon.colcon_core.package_identification:_identify(src/arm_moveit_config) by extensions ['colcon_meta']
[0.571s] Level 1:colcon.colcon_core.package_identification:_identify(src/arm_moveit_config) by extension 'colcon_meta'
[0.571s] Level 1:colcon.colcon_core.package_identification:_identify(src/arm_moveit_config) by extensions ['ros']
[0.571s] Level 1:colcon.colcon_core.package_identification:_identify(src/arm_moveit_config) by extension 'ros'
[0.572s] DEBUG:colcon.colcon_core.package_identification:Package 'src/arm_moveit_config' with type 'ros.ament_cmake' and name 'arm_moveit_config'
[0.572s] Level 1:colcon.colcon_core.package_identification:_identify(src/build) by extensions ['ignore', 'ignore_ament_install']
[0.573s] Level 1:colcon.colcon_core.package_identification:_identify(src/build) by extension 'ignore'
[0.573s] Level 1:colcon.colcon_core.package_identification:_identify(src/build) ignored
[0.573s] Level 1:colcon.colcon_core.package_identification:_identify(src/control_moveit_config) by extensions ['ignore', 'ignore_ament_install']
[0.573s] Level 1:colcon.colcon_core.package_identification:_identify(src/control_moveit_config) by extension 'ignore'
[0.573s] Level 1:colcon.colcon_core.package_identification:_identify(src/control_moveit_config) by extension 'ignore_ament_install'
[0.573s] Level 1:colcon.colcon_core.package_identification:_identify(src/control_moveit_config) by extensions ['colcon_pkg']
[0.573s] Level 1:colcon.colcon_core.package_identification:_identify(src/control_moveit_config) by extension 'colcon_pkg'
[0.573s] Level 1:colcon.colcon_core.package_identification:_identify(src/control_moveit_config) by extensions ['colcon_meta']
[0.573s] Level 1:colcon.colcon_core.package_identification:_identify(src/control_moveit_config) by extension 'colcon_meta'
[0.573s] Level 1:colcon.colcon_core.package_identification:_identify(src/control_moveit_config) by extensions ['ros']
[0.573s] Level 1:colcon.colcon_core.package_identification:_identify(src/control_moveit_config) by extension 'ros'
[0.574s] DEBUG:colcon.colcon_core.package_identification:Package 'src/control_moveit_config' with type 'ros.ament_cmake' and name 'control_moveit_config'
[0.574s] Level 1:colcon.colcon_core.package_identification:_identify(src/install) by extensions ['ignore', 'ignore_ament_install']
[0.574s] Level 1:colcon.colcon_core.package_identification:_identify(src/install) by extension 'ignore'
[0.574s] Level 1:colcon.colcon_core.package_identification:_identify(src/install) ignored
[0.574s] Level 1:colcon.colcon_core.package_identification:_identify(src/log) by extensions ['ignore', 'ignore_ament_install']
[0.575s] Level 1:colcon.colcon_core.package_identification:_identify(src/log) by extension 'ignore'
[0.575s] Level 1:colcon.colcon_core.package_identification:_identify(src/log) ignored
[0.575s] Level 1:colcon.colcon_core.package_identification:_identify(src/my_bot) by extensions ['ignore', 'ignore_ament_install']
[0.575s] Level 1:colcon.colcon_core.package_identification:_identify(src/my_bot) by extension 'ignore'
[0.575s] Level 1:colcon.colcon_core.package_identification:_identify(src/my_bot) by extension 'ignore_ament_install'
[0.575s] Level 1:colcon.colcon_core.package_identification:_identify(src/my_bot) by extensions ['colcon_pkg']
[0.575s] Level 1:colcon.colcon_core.package_identification:_identify(src/my_bot) by extension 'colcon_pkg'
[0.575s] Level 1:colcon.colcon_core.package_identification:_identify(src/my_bot) by extensions ['colcon_meta']
[0.575s] Level 1:colcon.colcon_core.package_identification:_identify(src/my_bot) by extension 'colcon_meta'
[0.575s] Level 1:colcon.colcon_core.package_identification:_identify(src/my_bot) by extensions ['ros']
[0.575s] Level 1:colcon.colcon_core.package_identification:_identify(src/my_bot) by extension 'ros'
[0.576s] DEBUG:colcon.colcon_core.package_identification:Package 'src/my_bot' with type 'ros.ament_python' and name 'my_bot'
[0.576s] Level 1:colcon.colcon_core.package_identification:_identify(src/pointcloud_to_laserscan) by extensions ['ignore', 'ignore_ament_install']
[0.576s] Level 1:colcon.colcon_core.package_identification:_identify(src/pointcloud_to_laserscan) by extension 'ignore'
[0.576s] Level 1:colcon.colcon_core.package_identification:_identify(src/pointcloud_to_laserscan) by extension 'ignore_ament_install'
[0.576s] Level 1:colcon.colcon_core.package_identification:_identify(src/pointcloud_to_laserscan) by extensions ['colcon_pkg']
[0.576s] Level 1:colcon.colcon_core.package_identification:_identify(src/pointcloud_to_laserscan) by extension 'colcon_pkg'
[0.576s] Level 1:colcon.colcon_core.package_identification:_identify(src/pointcloud_to_laserscan) by extensions ['colcon_meta']
[0.576s] Level 1:colcon.colcon_core.package_identification:_identify(src/pointcloud_to_laserscan) by extension 'colcon_meta'
[0.576s] Level 1:colcon.colcon_core.package_identification:_identify(src/pointcloud_to_laserscan) by extensions ['ros']
[0.576s] Level 1:colcon.colcon_core.package_identification:_identify(src/pointcloud_to_laserscan) by extension 'ros'
[0.576s] Level 1:colcon.colcon_core.package_identification:_identify(src/pointcloud_to_laserscan) by extensions ['cmake', 'python']
[0.576s] Level 1:colcon.colcon_core.package_identification:_identify(src/pointcloud_to_laserscan) by extension 'cmake'
[0.576s] Level 1:colcon.colcon_core.package_identification:_identify(src/pointcloud_to_laserscan) by extension 'python'
[0.576s] Level 1:colcon.colcon_core.package_identification:_identify(src/pointcloud_to_laserscan) by extensions ['python_setup_py']
[0.576s] Level 1:colcon.colcon_core.package_identification:_identify(src/pointcloud_to_laserscan) by extension 'python_setup_py'
[0.577s] Level 1:colcon.colcon_core.package_identification:_identify(src/yurs_hardware) by extensions ['ignore', 'ignore_ament_install']
[0.577s] Level 1:colcon.colcon_core.package_identification:_identify(src/yurs_hardware) by extension 'ignore'
[0.577s] Level 1:colcon.colcon_core.package_identification:_identify(src/yurs_hardware) by extension 'ignore_ament_install'
[0.577s] Level 1:colcon.colcon_core.package_identification:_identify(src/yurs_hardware) by extensions ['colcon_pkg']
[0.577s] Level 1:colcon.colcon_core.package_identification:_identify(src/yurs_hardware) by extension 'colcon_pkg'
[0.577s] Level 1:colcon.colcon_core.package_identification:_identify(src/yurs_hardware) by extensions ['colcon_meta']
[0.577s] Level 1:colcon.colcon_core.package_identification:_identify(src/yurs_hardware) by extension 'colcon_meta'
[0.577s] Level 1:colcon.colcon_core.package_identification:_identify(src/yurs_hardware) by extensions ['ros']
[0.577s] Level 1:colcon.colcon_core.package_identification:_identify(src/yurs_hardware) by extension 'ros'
[0.578s] DEBUG:colcon.colcon_core.package_identification:Package 'src/yurs_hardware' with type 'ros.ament_cmake' and name 'yurs_hardware'
[0.578s] Level 1:colcon.colcon_core.package_discovery:discover_packages(recursive) using defaults
[0.578s] Level 1:colcon.colcon_core.package_discovery:discover_packages(ignore) discover
[0.578s] Level 1:colcon.colcon_core.package_discovery:discover_packages(ignore) using defaults
[0.578s] Level 1:colcon.colcon_core.package_discovery:discover_packages(path) discover
[0.578s] Level 1:colcon.colcon_core.package_discovery:discover_packages(path) using defaults
[0.621s] Level 1:colcon.colcon_core.package_discovery:discover_packages(prefix_path) check parameters
[0.621s] Level 1:colcon.colcon_core.package_discovery:discover_packages(prefix_path) discover
[0.626s] DEBUG:colcon.colcon_installed_package_information.package_discovery:Found 6 installed packages in /home/joas329/Desktop/rover_simulation/install
[0.630s] DEBUG:colcon.colcon_installed_package_information.package_discovery:Found 457 installed packages in /opt/ros/humble
[0.632s] Level 1:colcon.colcon_core.package_discovery:discover_packages(prefix_path) using defaults
[0.729s] Level 5:colcon.colcon_core.verb:set package 'my_bot' build argument 'cmake_args' from command line to 'None'
[0.729s] Level 5:colcon.colcon_core.verb:set package 'my_bot' build argument 'cmake_target' from command line to 'None'
[0.729s] Level 5:colcon.colcon_core.verb:set package 'my_bot' build argument 'cmake_target_skip_unavailable' from command line to 'False'
[0.729s] Level 5:colcon.colcon_core.verb:set package 'my_bot' build argument 'cmake_clean_cache' from command line to 'False'
[0.729s] Level 5:colcon.colcon_core.verb:set package 'my_bot' build argument 'cmake_clean_first' from command line to 'False'
[0.729s] Level 5:colcon.colcon_core.verb:set package 'my_bot' build argument 'cmake_force_configure' from command line to 'False'
[0.729s] Level 5:colcon.colcon_core.verb:set package 'my_bot' build argument 'ament_cmake_args' from command line to 'None'
[0.729s] Level 5:colcon.colcon_core.verb:set package 'my_bot' build argument 'catkin_cmake_args' from command line to 'None'
[0.729s] Level 5:colcon.colcon_core.verb:set package 'my_bot' build argument 'catkin_skip_building_tests' from command line to 'False'
[0.729s] DEBUG:colcon.colcon_core.verb:Building package 'my_bot' with the following arguments: {'ament_cmake_args': None, 'build_base': '/home/joas329/Desktop/rover_simulation/build/my_bot', 'catkin_cmake_args': None, 'catkin_skip_building_tests': False, 'cmake_args': None, 'cmake_clean_cache': False, 'cmake_clean_first': False, 'cmake_force_configure': False, 'cmake_target': None, 'cmake_target_skip_unavailable': False, 'install_base': '/home/joas329/Desktop/rover_simulation/install/my_bot', 'merge_install': False, 'path': '/home/joas329/Desktop/rover_simulation/src/my_bot', 'symlink_install': False, 'test_result_base': None}
[0.731s] Level 5:colcon.colcon_core.verb:set package 'yurs_hardware' build argument 'cmake_args' from command line to 'None'
[0.731s] Level 5:colcon.colcon_core.verb:set package 'yurs_hardware' build argument 'cmake_target' from command line to 'None'
[0.731s] Level 5:colcon.colcon_core.verb:set package 'yurs_hardware' build argument 'cmake_target_skip_unavailable' from command line to 'False'
[0.731s] Level 5:colcon.colcon_core.verb:set package 'yurs_hardware' build argument 'cmake_clean_cache' from command line to 'False'
[0.731s] Level 5:colcon.colcon_core.verb:set package 'yurs_hardware' build argument 'cmake_clean_first' from command line to 'False'
[0.731s] Level 5:colcon.colcon_core.verb:set package 'yurs_hardware' build argument 'cmake_force_configure' from command line to 'False'
[0.731s] Level 5:colcon.colcon_core.verb:set package 'yurs_hardware' build argument 'ament_cmake_args' from command line to 'None'
[0.731s] Level 5:colcon.colcon_core.verb:set package 'yurs_hardware' build argument 'catkin_cmake_args' from command line to 'None'
[0.731s] Level 5:colcon.colcon_core.verb:set package 'yurs_hardware' build argument 'catkin_skip_building_tests' from command line to 'False'
[0.731s] DEBUG:colcon.colcon_core.verb:Building package 'yurs_hardware' with the following arguments: {'ament_cmake_args': None, 'build_base': '/home/joas329/Desktop/rover_simulation/build/yurs_hardware', 'catkin_cmake_args': None, 'catkin_skip_building_tests': False, 'cmake_args': None, 'cmake_clean_cache': False, 'cmake_clean_first': False, 'cmake_force_configure': False, 'cmake_target': None, 'cmake_target_skip_unavailable': False, 'install_base': '/home/joas329/Desktop/rover_simulation/install/yurs_hardware', 'merge_install': False, 'path': '/home/joas329/Desktop/rover_simulation/src/yurs_hardware', 'symlink_install': False, 'test_result_base': None}
[0.733s] Level 5:colcon.colcon_core.verb:set package 'arm_control_moveit_config' build argument 'cmake_args' from command line to 'None'
[0.733s] Level 5:colcon.colcon_core.verb:set package 'arm_control_moveit_config' build argument 'cmake_target' from command line to 'None'
[0.733s] Level 5:colcon.colcon_core.verb:set package 'arm_control_moveit_config' build argument 'cmake_target_skip_unavailable' from command line to 'False'
[0.733s] Level 5:colcon.colcon_core.verb:set package 'arm_control_moveit_config' build argument 'cmake_clean_cache' from command line to 'False'
[0.733s] Level 5:colcon.colcon_core.verb:set package 'arm_control_moveit_config' build argument 'cmake_clean_first' from command line to 'False'
[0.733s] Level 5:colcon.colcon_core.verb:set package 'arm_control_moveit_config' build argument 'cmake_force_configure' from command line to 'False'
[0.733s] Level 5:colcon.colcon_core.verb:set package 'arm_control_moveit_config' build argument 'ament_cmake_args' from command line to 'None'
[0.733s] Level 5:colcon.colcon_core.verb:set package 'arm_control_moveit_config' build argument 'catkin_cmake_args' from command line to 'None'
[0.733s] Level 5:colcon.colcon_core.verb:set package 'arm_control_moveit_config' build argument 'catkin_skip_building_tests' from command line to 'False'
[0.733s] DEBUG:colcon.colcon_core.verb:Building package 'arm_control_moveit_config' with the following arguments: {'ament_cmake_args': None, 'build_base': '/home/joas329/Desktop/rover_simulation/build/arm_control_moveit_config', 'catkin_cmake_args': None, 'catkin_skip_building_tests': False, 'cmake_args': None, 'cmake_clean_cache': False, 'cmake_clean_first': False, 'cmake_force_configure': False, 'cmake_target': None, 'cmake_target_skip_unavailable': False, 'install_base': '/home/joas329/Desktop/rover_simulation/install/arm_control_moveit_config', 'merge_install': False, 'path': '/home/joas329/Desktop/rover_simulation/src/arm_control_moveit_config', 'symlink_install': False, 'test_result_base': None}
[0.735s] Level 5:colcon.colcon_core.verb:set package 'arm_moveit_config' build argument 'cmake_args' from command line to 'None'
[0.735s] Level 5:colcon.colcon_core.verb:set package 'arm_moveit_config' build argument 'cmake_target' from command line to 'None'
[0.735s] Level 5:colcon.colcon_core.verb:set package 'arm_moveit_config' build argument 'cmake_target_skip_unavailable' from command line to 'False'
[0.735s] Level 5:colcon.colcon_core.verb:set package 'arm_moveit_config' build argument 'cmake_clean_cache' from command line to 'False'
[0.735s] Level 5:colcon.colcon_core.verb:set package 'arm_moveit_config' build argument 'cmake_clean_first' from command line to 'False'
[0.735s] Level 5:colcon.colcon_core.verb:set package 'arm_moveit_config' build argument 'cmake_force_configure' from command line to 'False'
[0.735s] Level 5:colcon.colcon_core.verb:set package 'arm_moveit_config' build argument 'ament_cmake_args' from command line to 'None'
[0.735s] Level 5:colcon.colcon_core.verb:set package 'arm_moveit_config' build argument 'catkin_cmake_args' from command line to 'None'
[0.735s] Level 5:colcon.colcon_core.verb:set package 'arm_moveit_config' build argument 'catkin_skip_building_tests' from command line to 'False'
[0.735s] DEBUG:colcon.colcon_core.verb:Building package 'arm_moveit_config' with the following arguments: {'ament_cmake_args': None, 'build_base': '/home/joas329/Desktop/rover_simulation/build/arm_moveit_config', 'catkin_cmake_args': None, 'catkin_skip_building_tests': False, 'cmake_args': None, 'cmake_clean_cache': False, 'cmake_clean_first': False, 'cmake_force_configure': False, 'cmake_target': None, 'cmake_target_skip_unavailable': False, 'install_base': '/home/joas329/Desktop/rover_simulation/install/arm_moveit_config', 'merge_install': False, 'path': '/home/joas329/Desktop/rover_simulation/src/arm_moveit_config', 'symlink_install': False, 'test_result_base': None}
[0.737s] Level 5:colcon.colcon_core.verb:set package 'control_moveit_config' build argument 'cmake_args' from command line to 'None'
[0.737s] Level 5:colcon.colcon_core.verb:set package 'control_moveit_config' build argument 'cmake_target' from command line to 'None'
[0.737s] Level 5:colcon.colcon_core.verb:set package 'control_moveit_config' build argument 'cmake_target_skip_unavailable' from command line to 'False'
[0.737s] Level 5:colcon.colcon_core.verb:set package 'control_moveit_config' build argument 'cmake_clean_cache' from command line to 'False'
[0.737s] Level 5:colcon.colcon_core.verb:set package 'control_moveit_config' build argument 'cmake_clean_first' from command line to 'False'
[0.737s] Level 5:colcon.colcon_core.verb:set package 'control_moveit_config' build argument 'cmake_force_configure' from command line to 'False'
[0.737s] Level 5:colcon.colcon_core.verb:set package 'control_moveit_config' build argument 'ament_cmake_args' from command line to 'None'
[0.737s] Level 5:colcon.colcon_core.verb:set package 'control_moveit_config' build argument 'catkin_cmake_args' from command line to 'None'
[0.737s] Level 5:colcon.colcon_core.verb:set package 'control_moveit_config' build argument 'catkin_skip_building_tests' from command line to 'False'
[0.737s] DEBUG:colcon.colcon_core.verb:Building package 'control_moveit_config' with the following arguments: {'ament_cmake_args': None, 'build_base': '/home/joas329/Desktop/rover_simulation/build/control_moveit_config', 'catkin_cmake_args': None, 'catkin_skip_building_tests': False, 'cmake_args': None, 'cmake_clean_cache': False, 'cmake_clean_first': False, 'cmake_force_configure': False, 'cmake_target': None, 'cmake_target_skip_unavailable': False, 'install_base': '/home/joas329/Desktop/rover_simulation/install/control_moveit_config', 'merge_install': False, 'path': '/home/joas329/Desktop/rover_simulation/src/control_moveit_config', 'symlink_install': False, 'test_result_base': None}
[0.739s] INFO:colcon.colcon_core.executor:Executing jobs using 'parallel' executor
[0.748s] DEBUG:colcon.colcon_parallel_executor.executor.parallel:run_until_complete
[0.748s] INFO:colcon.colcon_ros.task.ament_python.build:Building ROS package in '/home/joas329/Desktop/rover_simulation/src/my_bot' with build type 'ament_python'
[0.748s] Level 1:colcon.colcon_core.shell:create_environment_hook('my_bot', 'ament_prefix_path')
[0.756s] INFO:colcon.colcon_core.plugin_system:Skipping extension 'colcon_core.shell.bat': Not used on non-Windows systems
[0.757s] INFO:colcon.colcon_core.shell:Creating environment hook '/home/joas329/Desktop/rover_simulation/install/my_bot/share/my_bot/hook/ament_prefix_path.ps1'
[0.758s] INFO:colcon.colcon_core.shell:Creating environment descriptor '/home/joas329/Desktop/rover_simulation/install/my_bot/share/my_bot/hook/ament_prefix_path.dsv'
[0.759s] INFO:colcon.colcon_core.shell:Creating environment hook '/home/joas329/Desktop/rover_simulation/install/my_bot/share/my_bot/hook/ament_prefix_path.sh'
[0.763s] INFO:colcon.colcon_core.shell:Skip shell extension 'powershell' for command environment: Not usable outside of PowerShell
[0.763s] DEBUG:colcon.colcon_core.shell:Skip shell extension 'dsv' for command environment
[0.771s] INFO:colcon.colcon_ros.task.ament_cmake.build:Building ROS package in '/home/joas329/Desktop/rover_simulation/src/yurs_hardware' with build type 'ament_cmake'
[0.771s] INFO:colcon.colcon_cmake.task.cmake.build:Building CMake package in '/home/joas329/Desktop/rover_simulation/src/yurs_hardware'
[0.774s] INFO:colcon.colcon_core.shell:Skip shell extension 'powershell' for command environment: Not usable outside of PowerShell
[0.774s] DEBUG:colcon.colcon_core.shell:Skip shell extension 'dsv' for command environment
[1.141s] INFO:colcon.colcon_core.task.python.build:Building Python package in '/home/joas329/Desktop/rover_simulation/src/my_bot'
[1.147s] INFO:colcon.colcon_core.shell:Skip shell extension 'powershell' for command environment: Not usable outside of PowerShell
[1.147s] DEBUG:colcon.colcon_core.shell:Skip shell extension 'dsv' for command environment
[1.163s] DEBUG:colcon.colcon_core.event_handler.log_command:Invoking command in '/home/joas329/Desktop/rover_simulation/build/yurs_hardware': CMAKE_PREFIX_PATH=${CMAKE_PREFIX_PATH}:/home/joas329/Desktop/rover_simulation/install/my_bot:/opt/ros/humble /usr/bin/cmake --build /home/joas329/Desktop/rover_simulation/build/yurs_hardware -- -j8 -l8
[1.249s] DEBUG:colcon.colcon_core.event_handler.log_command:Invoked command in '/home/joas329/Desktop/rover_simulation/build/yurs_hardware' returned '0': CMAKE_PREFIX_PATH=${CMAKE_PREFIX_PATH}:/home/joas329/Desktop/rover_simulation/install/my_bot:/opt/ros/humble /usr/bin/cmake --build /home/joas329/Desktop/rover_simulation/build/yurs_hardware -- -j8 -l8
[1.293s] DEBUG:colcon.colcon_core.event_handler.log_command:Invoking command in '/home/joas329/Desktop/rover_simulation/build/yurs_hardware': CMAKE_PREFIX_PATH=${CMAKE_PREFIX_PATH}:/home/joas329/Desktop/rover_simulation/install/my_bot:/opt/ros/humble /usr/bin/cmake --install /home/joas329/Desktop/rover_simulation/build/yurs_hardware
[1.307s] Level 1:colcon.colcon_core.environment:create_environment_scripts_only(yurs_hardware)
[1.308s] DEBUG:colcon.colcon_core.event_handler.log_command:Invoked command in '/home/joas329/Desktop/rover_simulation/build/yurs_hardware' returned '0': CMAKE_PREFIX_PATH=${CMAKE_PREFIX_PATH}:/home/joas329/Desktop/rover_simulation/install/my_bot:/opt/ros/humble /usr/bin/cmake --install /home/joas329/Desktop/rover_simulation/build/yurs_hardware
[1.315s] Level 1:colcon.colcon_core.environment:checking '/home/joas329/Desktop/rover_simulation/install/yurs_hardware' for CMake module files
[1.316s] Level 1:colcon.colcon_core.environment:checking '/home/joas329/Desktop/rover_simulation/install/yurs_hardware' for CMake config files
[1.316s] Level 1:colcon.colcon_core.shell:create_environment_hook('yurs_hardware', 'cmake_prefix_path')
[1.319s] INFO:colcon.colcon_core.shell:Creating environment hook '/home/joas329/Desktop/rover_simulation/install/yurs_hardware/share/yurs_hardware/hook/cmake_prefix_path.ps1'
[1.320s] INFO:colcon.colcon_core.shell:Creating environment descriptor '/home/joas329/Desktop/rover_simulation/install/yurs_hardware/share/yurs_hardware/hook/cmake_prefix_path.dsv'
[1.320s] INFO:colcon.colcon_core.shell:Creating environment hook '/home/joas329/Desktop/rover_simulation/install/yurs_hardware/share/yurs_hardware/hook/cmake_prefix_path.sh'
[1.321s] Level 1:colcon.colcon_core.environment:checking '/home/joas329/Desktop/rover_simulation/install/yurs_hardware/lib'
[1.321s] Level 1:colcon.colcon_core.shell:create_environment_hook('yurs_hardware', 'ld_library_path_lib')
[1.324s] INFO:colcon.colcon_core.shell:Creating environment hook '/home/joas329/Desktop/rover_simulation/install/yurs_hardware/share/yurs_hardware/hook/ld_library_path_lib.ps1'
[1.325s] INFO:colcon.colcon_core.shell:Creating environment descriptor '/home/joas329/Desktop/rover_simulation/install/yurs_hardware/share/yurs_hardware/hook/ld_library_path_lib.dsv'
[1.325s] INFO:colcon.colcon_core.shell:Creating environment hook '/home/joas329/Desktop/rover_simulation/install/yurs_hardware/share/yurs_hardware/hook/ld_library_path_lib.sh'
[1.325s] Level 1:colcon.colcon_core.environment:checking '/home/joas329/Desktop/rover_simulation/install/yurs_hardware/bin'
[1.326s] Level 1:colcon.colcon_core.environment:checking '/home/joas329/Desktop/rover_simulation/install/yurs_hardware/lib/pkgconfig/yurs_hardware.pc'
[1.326s] Level 1:colcon.colcon_core.environment:checking '/home/joas329/Desktop/rover_simulation/install/yurs_hardware/lib/python3.10/site-packages'
[1.326s] Level 1:colcon.colcon_core.environment:checking '/home/joas329/Desktop/rover_simulation/install/yurs_hardware/bin'
[1.329s] INFO:colcon.colcon_core.shell:Creating package script '/home/joas329/Desktop/rover_simulation/install/yurs_hardware/share/yurs_hardware/package.ps1'
[1.330s] INFO:colcon.colcon_core.shell:Creating package descriptor '/home/joas329/Desktop/rover_simulation/install/yurs_hardware/share/yurs_hardware/package.dsv'
[1.331s] INFO:colcon.colcon_core.shell:Creating package script '/home/joas329/Desktop/rover_simulation/install/yurs_hardware/share/yurs_hardware/package.sh'
[1.332s] INFO:colcon.colcon_core.shell:Creating package script '/home/joas329/Desktop/rover_simulation/install/yurs_hardware/share/yurs_hardware/package.bash'
[1.333s] INFO:colcon.colcon_core.shell:Creating package script '/home/joas329/Desktop/rover_simulation/install/yurs_hardware/share/yurs_hardware/package.zsh'
[1.334s] Level 1:colcon.colcon_core.environment:create_file_with_runtime_dependencies(/home/joas329/Desktop/rover_simulation/install/yurs_hardware/share/colcon-core/packages/yurs_hardware)
[1.370s] Level 1:colcon.colcon_core.environment:create_environment_scripts_only(yurs_hardware)
[1.376s] Level 1:colcon.colcon_core.environment:checking '/home/joas329/Desktop/rover_simulation/install/yurs_hardware' for CMake module files
[1.376s] Level 1:colcon.colcon_core.environment:checking '/home/joas329/Desktop/rover_simulation/install/yurs_hardware' for CMake config files
[1.376s] Level 1:colcon.colcon_core.shell:create_environment_hook('yurs_hardware', 'cmake_prefix_path')
[1.379s] INFO:colcon.colcon_core.shell:Creating environment hook '/home/joas329/Desktop/rover_simulation/install/yurs_hardware/share/yurs_hardware/hook/cmake_prefix_path.ps1'
[1.380s] INFO:colcon.colcon_core.shell:Creating environment descriptor '/home/joas329/Desktop/rover_simulation/install/yurs_hardware/share/yurs_hardware/hook/cmake_prefix_path.dsv'
[1.380s] INFO:colcon.colcon_core.shell:Creating environment hook '/home/joas329/Desktop/rover_simulation/install/yurs_hardware/share/yurs_hardware/hook/cmake_prefix_path.sh'
[1.381s] Level 1:colcon.colcon_core.environment:checking '/home/joas329/Desktop/rover_simulation/install/yurs_hardware/lib'
[1.381s] Level 1:colcon.colcon_core.shell:create_environment_hook('yurs_hardware', 'ld_library_path_lib')
[1.385s] INFO:colcon.colcon_core.shell:Creating environment hook '/home/joas329/Desktop/rover_simulation/install/yurs_hardware/share/yurs_hardware/hook/ld_library_path_lib.ps1'
[1.386s] INFO:colcon.colcon_core.shell:Creating environment descriptor '/home/joas329/Desktop/rover_simulation/install/yurs_hardware/share/yurs_hardware/hook/ld_library_path_lib.dsv'
[1.386s] INFO:colcon.colcon_core.shell:Creating environment hook '/home/joas329/Desktop/rover_simulation/install/yurs_hardware/share/yurs_hardware/hook/ld_library_path_lib.sh'
[1.386s] Level 1:colcon.colcon_core.environment:checking '/home/joas329/Desktop/rover_simulation/install/yurs_hardware/bin'
[1.387s] Level 1:colcon.colcon_core.environment:checking '/home/joas329/Desktop/rover_simulation/install/yurs_hardware/lib/pkgconfig/yurs_hardware.pc'
[1.387s] Level 1:colcon.colcon_core.environment:checking '/home/joas329/Desktop/rover_simulation/install/yurs_hardware/lib/python3.10/site-packages'
[1.387s] Level 1:colcon.colcon_core.environment:checking '/home/joas329/Desktop/rover_simulation/install/yurs_hardware/bin'
[1.391s] INFO:colcon.colcon_core.shell:Creating package script '/home/joas329/Desktop/rover_simulation/install/yurs_hardware/share/yurs_hardware/package.ps1'
[1.392s] INFO:colcon.colcon_core.shell:Creating package descriptor '/home/joas329/Desktop/rover_simulation/install/yurs_hardware/share/yurs_hardware/package.dsv'
[1.392s] INFO:colcon.colcon_core.shell:Creating package script '/home/joas329/Desktop/rover_simulation/install/yurs_hardware/share/yurs_hardware/package.sh'
[1.393s] INFO:colcon.colcon_core.shell:Creating package script '/home/joas329/Desktop/rover_simulation/install/yurs_hardware/share/yurs_hardware/package.bash'
[1.393s] INFO:colcon.colcon_core.shell:Creating package script '/home/joas329/Desktop/rover_simulation/install/yurs_hardware/share/yurs_hardware/package.zsh'
[1.393s] Level 1:colcon.colcon_core.environment:create_file_with_runtime_dependencies(/home/joas329/Desktop/rover_simulation/install/yurs_hardware/share/colcon-core/packages/yurs_hardware)
[1.663s] DEBUG:colcon.colcon_core.event_handler.log_command:Invoking command in '/home/joas329/Desktop/rover_simulation/src/my_bot': PYTHONPATH=/home/joas329/Desktop/rover_simulation/build/my_bot/prefix_override:/home/joas329/Desktop/rover_simulation/install/my_bot/lib/python3.10/site-packages:${PYTHONPATH} /usr/bin/python3 setup.py egg_info --egg-base ../../build/my_bot build --build-base /home/joas329/Desktop/rover_simulation/build/my_bot/build install --record /home/joas329/Desktop/rover_simulation/build/my_bot/install.log --single-version-externally-managed
[2.066s] Level 1:colcon.colcon_core.environment:checking '/home/joas329/Desktop/rover_simulation/install/my_bot' for CMake module files
[2.066s] DEBUG:colcon.colcon_core.event_handler.log_command:Invoked command in '/home/joas329/Desktop/rover_simulation/src/my_bot' returned '0': PYTHONPATH=/home/joas329/Desktop/rover_simulation/build/my_bot/prefix_override:/home/joas329/Desktop/rover_simulation/install/my_bot/lib/python3.10/site-packages:${PYTHONPATH} /usr/bin/python3 setup.py egg_info --egg-base ../../build/my_bot build --build-base /home/joas329/Desktop/rover_simulation/build/my_bot/build install --record /home/joas329/Desktop/rover_simulation/build/my_bot/install.log --single-version-externally-managed
[2.067s] Level 1:colcon.colcon_core.environment:checking '/home/joas329/Desktop/rover_simulation/install/my_bot' for CMake config files
[2.068s] Level 1:colcon.colcon_core.environment:checking '/home/joas329/Desktop/rover_simulation/install/my_bot/lib'
[2.068s] Level 1:colcon.colcon_core.environment:checking '/home/joas329/Desktop/rover_simulation/install/my_bot/bin'
[2.068s] Level 1:colcon.colcon_core.environment:checking '/home/joas329/Desktop/rover_simulation/install/my_bot/lib/pkgconfig/my_bot.pc'
[2.068s] Level 1:colcon.colcon_core.environment:checking '/home/joas329/Desktop/rover_simulation/install/my_bot/lib/python3.10/site-packages'
[2.068s] Level 1:colcon.colcon_core.shell:create_environment_hook('my_bot', 'pythonpath')
[2.072s] INFO:colcon.colcon_core.shell:Creating environment hook '/home/joas329/Desktop/rover_simulation/install/my_bot/share/my_bot/hook/pythonpath.ps1'
[2.072s] INFO:colcon.colcon_core.shell:Creating environment descriptor '/home/joas329/Desktop/rover_simulation/install/my_bot/share/my_bot/hook/pythonpath.dsv'
[2.073s] INFO:colcon.colcon_core.shell:Creating environment hook '/home/joas329/Desktop/rover_simulation/install/my_bot/share/my_bot/hook/pythonpath.sh'
[2.073s] Level 1:colcon.colcon_core.environment:checking '/home/joas329/Desktop/rover_simulation/install/my_bot/bin'
[2.073s] Level 1:colcon.colcon_core.environment:create_environment_scripts_only(my_bot)
[2.077s] INFO:colcon.colcon_core.shell:Creating package script '/home/joas329/Desktop/rover_simulation/install/my_bot/share/my_bot/package.ps1'
[2.078s] INFO:colcon.colcon_core.shell:Creating package descriptor '/home/joas329/Desktop/rover_simulation/install/my_bot/share/my_bot/package.dsv'
[2.078s] INFO:colcon.colcon_core.shell:Creating package script '/home/joas329/Desktop/rover_simulation/install/my_bot/share/my_bot/package.sh'
[2.079s] INFO:colcon.colcon_core.shell:Creating package script '/home/joas329/Desktop/rover_simulation/install/my_bot/share/my_bot/package.bash'
[2.079s] INFO:colcon.colcon_core.shell:Creating package script '/home/joas329/Desktop/rover_simulation/install/my_bot/share/my_bot/package.zsh'
[2.079s] Level 1:colcon.colcon_core.environment:create_file_with_runtime_dependencies(/home/joas329/Desktop/rover_simulation/install/my_bot/share/colcon-core/packages/my_bot)
[2.080s] INFO:colcon.colcon_ros.task.ament_cmake.build:Building ROS package in '/home/joas329/Desktop/rover_simulation/src/arm_control_moveit_config' with build type 'ament_cmake'
[2.080s] INFO:colcon.colcon_cmake.task.cmake.build:Building CMake package in '/home/joas329/Desktop/rover_simulation/src/arm_control_moveit_config'
[2.084s] INFO:colcon.colcon_core.shell:Skip shell extension 'powershell' for command environment: Not usable outside of PowerShell
[2.084s] DEBUG:colcon.colcon_core.shell:Skip shell extension 'dsv' for command environment
[2.092s] INFO:colcon.colcon_ros.task.ament_cmake.build:Building ROS package in '/home/joas329/Desktop/rover_simulation/src/arm_moveit_config' with build type 'ament_cmake'
[2.092s] INFO:colcon.colcon_cmake.task.cmake.build:Building CMake package in '/home/joas329/Desktop/rover_simulation/src/arm_moveit_config'
[2.095s] INFO:colcon.colcon_core.shell:Skip shell extension 'powershell' for command environment: Not usable outside of PowerShell
[2.095s] DEBUG:colcon.colcon_core.shell:Skip shell extension 'dsv' for command environment
[2.105s] INFO:colcon.colcon_ros.task.ament_cmake.build:Building ROS package in '/home/joas329/Desktop/rover_simulation/src/control_moveit_config' with build type 'ament_cmake'
[2.105s] INFO:colcon.colcon_cmake.task.cmake.build:Building CMake package in '/home/joas329/Desktop/rover_simulation/src/control_moveit_config'
[2.109s] INFO:colcon.colcon_core.shell:Skip shell extension 'powershell' for command environment: Not usable outside of PowerShell
[2.109s] DEBUG:colcon.colcon_core.shell:Skip shell extension 'dsv' for command environment
[2.123s] DEBUG:colcon.colcon_core.event_handler.log_command:Invoking command in '/home/joas329/Desktop/rover_simulation/build/arm_control_moveit_config': AMENT_PREFIX_PATH=/home/joas329/Desktop/rover_simulation/install/my_bot:/home/joas329/Desktop/rover_simulation/install/yurs_hardware:/home/joas329/Desktop/rover_simulation/install/pointcloud_to_laserscan:/home/joas329/Desktop/rover_simulation/install/control_moveit_config:/home/joas329/Desktop/rover_simulation/install/arm_moveit_config:/home/joas329/Desktop/rover_simulation/install/arm_control_moveit_config:/opt/ros/humble CMAKE_PREFIX_PATH=${CMAKE_PREFIX_PATH}:/home/joas329/Desktop/rover_simulation/install/my_bot:/opt/ros/humble /usr/bin/cmake --build /home/joas329/Desktop/rover_simulation/build/arm_control_moveit_config -- -j8 -l8
[2.129s] DEBUG:colcon.colcon_core.event_handler.log_command:Invoking command in '/home/joas329/Desktop/rover_simulation/build/arm_moveit_config': AMENT_PREFIX_PATH=/home/joas329/Desktop/rover_simulation/install/my_bot:/home/joas329/Desktop/rover_simulation/install/yurs_hardware:/home/joas329/Desktop/rover_simulation/install/pointcloud_to_laserscan:/home/joas329/Desktop/rover_simulation/install/control_moveit_config:/home/joas329/Desktop/rover_simulation/install/arm_moveit_config:/home/joas329/Desktop/rover_simulation/install/arm_control_moveit_config:/opt/ros/humble CMAKE_PREFIX_PATH=${CMAKE_PREFIX_PATH}:/home/joas329/Desktop/rover_simulation/install/my_bot:/opt/ros/humble /usr/bin/cmake --build /home/joas329/Desktop/rover_simulation/build/arm_moveit_config -- -j8 -l8
[2.133s] DEBUG:colcon.colcon_core.event_handler.log_command:Invoking command in '/home/joas329/Desktop/rover_simulation/build/control_moveit_config': AMENT_PREFIX_PATH=/home/joas329/Desktop/rover_simulation/install/my_bot:/home/joas329/Desktop/rover_simulation/install/yurs_hardware:/home/joas329/Desktop/rover_simulation/install/pointcloud_to_laserscan:/home/joas329/Desktop/rover_simulation/install/control_moveit_config:/home/joas329/Desktop/rover_simulation/install/arm_moveit_config:/home/joas329/Desktop/rover_simulation/install/arm_control_moveit_config:/opt/ros/humble CMAKE_PREFIX_PATH=${CMAKE_PREFIX_PATH}:/home/joas329/Desktop/rover_simulation/install/my_bot:/opt/ros/humble /usr/bin/cmake --build /home/joas329/Desktop/rover_simulation/build/control_moveit_config -- -j8 -l8
[2.170s] DEBUG:colcon.colcon_core.event_handler.log_command:Invoked command in '/home/joas329/Desktop/rover_simulation/build/arm_control_moveit_config' returned '0': AMENT_PREFIX_PATH=/home/joas329/Desktop/rover_simulation/install/my_bot:/home/joas329/Desktop/rover_simulation/install/yurs_hardware:/home/joas329/Desktop/rover_simulation/install/pointcloud_to_laserscan:/home/joas329/Desktop/rover_simulation/install/control_moveit_config:/home/joas329/Desktop/rover_simulation/install/arm_moveit_config:/home/joas329/Desktop/rover_simulation/install/arm_control_moveit_config:/opt/ros/humble CMAKE_PREFIX_PATH=${CMAKE_PREFIX_PATH}:/home/joas329/Desktop/rover_simulation/install/my_bot:/opt/ros/humble /usr/bin/cmake --build /home/joas329/Desktop/rover_simulation/build/arm_control_moveit_config -- -j8 -l8
[2.174s] DEBUG:colcon.colcon_core.event_handler.log_command:Invoked command in '/home/joas329/Desktop/rover_simulation/build/arm_moveit_config' returned '0': AMENT_PREFIX_PATH=/home/joas329/Desktop/rover_simulation/install/my_bot:/home/joas329/Desktop/rover_simulation/install/yurs_hardware:/home/joas329/Desktop/rover_simulation/install/pointcloud_to_laserscan:/home/joas329/Desktop/rover_simulation/install/control_moveit_config:/home/joas329/Desktop/rover_simulation/install/arm_moveit_config:/home/joas329/Desktop/rover_simulation/install/arm_control_moveit_config:/opt/ros/humble CMAKE_PREFIX_PATH=${CMAKE_PREFIX_PATH}:/home/joas329/Desktop/rover_simulation/install/my_bot:/opt/ros/humble /usr/bin/cmake --build /home/joas329/Desktop/rover_simulation/build/arm_moveit_config -- -j8 -l8
[2.181s] DEBUG:colcon.colcon_core.event_handler.log_command:Invoked command in '/home/joas329/Desktop/rover_simulation/build/control_moveit_config' returned '0': AMENT_PREFIX_PATH=/home/joas329/Desktop/rover_simulation/install/my_bot:/home/joas329/Desktop/rover_simulation/install/yurs_hardware:/home/joas329/Desktop/rover_simulation/install/pointcloud_to_laserscan:/home/joas329/Desktop/rover_simulation/install/control_moveit_config:/home/joas329/Desktop/rover_simulation/install/arm_moveit_config:/home/joas329/Desktop/rover_simulation/install/arm_control_moveit_config:/opt/ros/humble CMAKE_PREFIX_PATH=${CMAKE_PREFIX_PATH}:/home/joas329/Desktop/rover_simulation/install/my_bot:/opt/ros/humble /usr/bin/cmake --build /home/joas329/Desktop/rover_simulation/build/control_moveit_config -- -j8 -l8
[2.200s] DEBUG:colcon.colcon_core.event_handler.log_command:Invoking command in '/home/joas329/Desktop/rover_simulation/build/arm_control_moveit_config': AMENT_PREFIX_PATH=/home/joas329/Desktop/rover_simulation/install/my_bot:/home/joas329/Desktop/rover_simulation/install/yurs_hardware:/home/joas329/Desktop/rover_simulation/install/pointcloud_to_laserscan:/home/joas329/Desktop/rover_simulation/install/control_moveit_config:/home/joas329/Desktop/rover_simulation/install/arm_moveit_config:/home/joas329/Desktop/rover_simulation/install/arm_control_moveit_config:/opt/ros/humble CMAKE_PREFIX_PATH=${CMAKE_PREFIX_PATH}:/home/joas329/Desktop/rover_simulation/install/my_bot:/opt/ros/humble /usr/bin/cmake --install /home/joas329/Desktop/rover_simulation/build/arm_control_moveit_config
[2.203s] DEBUG:colcon.colcon_core.event_handler.log_command:Invoking command in '/home/joas329/Desktop/rover_simulation/build/arm_moveit_config': AMENT_PREFIX_PATH=/home/joas329/Desktop/rover_simulation/install/my_bot:/home/joas329/Desktop/rover_simulation/install/yurs_hardware:/home/joas329/Desktop/rover_simulation/install/pointcloud_to_laserscan:/home/joas329/Desktop/rover_simulation/install/control_moveit_config:/home/joas329/Desktop/rover_simulation/install/arm_moveit_config:/home/joas329/Desktop/rover_simulation/install/arm_control_moveit_config:/opt/ros/humble CMAKE_PREFIX_PATH=${CMAKE_PREFIX_PATH}:/home/joas329/Desktop/rover_simulation/install/my_bot:/opt/ros/humble /usr/bin/cmake --install /home/joas329/Desktop/rover_simulation/build/arm_moveit_config
[2.212s] DEBUG:colcon.colcon_core.event_handler.log_command:Invoking command in '/home/joas329/Desktop/rover_simulation/build/control_moveit_config': AMENT_PREFIX_PATH=/home/joas329/Desktop/rover_simulation/install/my_bot:/home/joas329/Desktop/rover_simulation/install/yurs_hardware:/home/joas329/Desktop/rover_simulation/install/pointcloud_to_laserscan:/home/joas329/Desktop/rover_simulation/install/control_moveit_config:/home/joas329/Desktop/rover_simulation/install/arm_moveit_config:/home/joas329/Desktop/rover_simulation/install/arm_control_moveit_config:/opt/ros/humble CMAKE_PREFIX_PATH=${CMAKE_PREFIX_PATH}:/home/joas329/Desktop/rover_simulation/install/my_bot:/opt/ros/humble /usr/bin/cmake --install /home/joas329/Desktop/rover_simulation/build/control_moveit_config
[2.214s] Level 1:colcon.colcon_core.environment:create_environment_scripts_only(arm_control_moveit_config)
[2.223s] Level 1:colcon.colcon_core.environment:checking '/home/joas329/Desktop/rover_simulation/install/arm_control_moveit_config' for CMake module files
[2.225s] Level 1:colcon.colcon_core.environment:checking '/home/joas329/Desktop/rover_simulation/install/arm_control_moveit_config' for CMake config files
[2.226s] Level 1:colcon.colcon_core.shell:create_environment_hook('arm_control_moveit_config', 'cmake_prefix_path')
[2.231s] INFO:colcon.colcon_core.shell:Creating environment hook '/home/joas329/Desktop/rover_simulation/install/arm_control_moveit_config/share/arm_control_moveit_config/hook/cmake_prefix_path.ps1'
[2.232s] INFO:colcon.colcon_core.shell:Creating environment descriptor '/home/joas329/Desktop/rover_simulation/install/arm_control_moveit_config/share/arm_control_moveit_config/hook/cmake_prefix_path.dsv'
[2.233s] INFO:colcon.colcon_core.shell:Creating environment hook '/home/joas329/Desktop/rover_simulation/install/arm_control_moveit_config/share/arm_control_moveit_config/hook/cmake_prefix_path.sh'
[2.234s] Level 1:colcon.colcon_core.environment:checking '/home/joas329/Desktop/rover_simulation/install/arm_control_moveit_config/bin'
[2.234s] Level 1:colcon.colcon_core.environment:checking '/home/joas329/Desktop/rover_simulation/install/arm_control_moveit_config/lib/pkgconfig/arm_control_moveit_config.pc'
[2.234s] Level 1:colcon.colcon_core.environment:checking '/home/joas329/Desktop/rover_simulation/install/arm_control_moveit_config/lib/python3.10/site-packages'
[2.234s] Level 1:colcon.colcon_core.environment:checking '/home/joas329/Desktop/rover_simulation/install/arm_control_moveit_config/bin'
[2.239s] INFO:colcon.colcon_core.shell:Creating package script '/home/joas329/Desktop/rover_simulation/install/arm_control_moveit_config/share/arm_control_moveit_config/package.ps1'
[2.241s] INFO:colcon.colcon_core.shell:Creating package descriptor '/home/joas329/Desktop/rover_simulation/install/arm_control_moveit_config/share/arm_control_moveit_config/package.dsv'
[2.241s] INFO:colcon.colcon_core.shell:Creating package script '/home/joas329/Desktop/rover_simulation/install/arm_control_moveit_config/share/arm_control_moveit_config/package.sh'
[2.242s] INFO:colcon.colcon_core.shell:Creating package script '/home/joas329/Desktop/rover_simulation/install/arm_control_moveit_config/share/arm_control_moveit_config/package.bash'
[2.243s] INFO:colcon.colcon_core.shell:Creating package script '/home/joas329/Desktop/rover_simulation/install/arm_control_moveit_config/share/arm_control_moveit_config/package.zsh'
[2.243s] Level 1:colcon.colcon_core.environment:create_file_with_runtime_dependencies(/home/joas329/Desktop/rover_simulation/install/arm_control_moveit_config/share/colcon-core/packages/arm_control_moveit_config)
[2.246s] Level 1:colcon.colcon_core.environment:create_environment_scripts_only(arm_moveit_config)
[2.253s] Level 1:colcon.colcon_core.environment:checking '/home/joas329/Desktop/rover_simulation/install/arm_moveit_config' for CMake module files
[2.254s] DEBUG:colcon.colcon_core.event_handler.log_command:Invoked command in '/home/joas329/Desktop/rover_simulation/build/arm_control_moveit_config' returned '0': AMENT_PREFIX_PATH=/home/joas329/Desktop/rover_simulation/install/my_bot:/home/joas329/Desktop/rover_simulation/install/yurs_hardware:/home/joas329/Desktop/rover_simulation/install/pointcloud_to_laserscan:/home/joas329/Desktop/rover_simulation/install/control_moveit_config:/home/joas329/Desktop/rover_simulation/install/arm_moveit_config:/home/joas329/Desktop/rover_simulation/install/arm_control_moveit_config:/opt/ros/humble CMAKE_PREFIX_PATH=${CMAKE_PREFIX_PATH}:/home/joas329/Desktop/rover_simulation/install/my_bot:/opt/ros/humble /usr/bin/cmake --install /home/joas329/Desktop/rover_simulation/build/arm_control_moveit_config
[2.255s] Level 1:colcon.colcon_core.environment:checking '/home/joas329/Desktop/rover_simulation/install/arm_moveit_config' for CMake config files
[2.257s] Level 1:colcon.colcon_core.shell:create_environment_hook('arm_moveit_config', 'cmake_prefix_path')
[2.263s] INFO:colcon.colcon_core.shell:Creating environment hook '/home/joas329/Desktop/rover_simulation/install/arm_moveit_config/share/arm_moveit_config/hook/cmake_prefix_path.ps1'
[2.264s] INFO:colcon.colcon_core.shell:Creating environment descriptor '/home/joas329/Desktop/rover_simulation/install/arm_moveit_config/share/arm_moveit_config/hook/cmake_prefix_path.dsv'
[2.264s] INFO:colcon.colcon_core.shell:Creating environment hook '/home/joas329/Desktop/rover_simulation/install/arm_moveit_config/share/arm_moveit_config/hook/cmake_prefix_path.sh'
[2.266s] Level 1:colcon.colcon_core.environment:checking '/home/joas329/Desktop/rover_simulation/install/arm_moveit_config/bin'
[2.266s] Level 1:colcon.colcon_core.environment:checking '/home/joas329/Desktop/rover_simulation/install/arm_moveit_config/lib/pkgconfig/arm_moveit_config.pc'
[2.266s] Level 1:colcon.colcon_core.environment:checking '/home/joas329/Desktop/rover_simulation/install/arm_moveit_config/lib/python3.10/site-packages'
[2.266s] Level 1:colcon.colcon_core.environment:checking '/home/joas329/Desktop/rover_simulation/install/arm_moveit_config/bin'
[2.270s] INFO:colcon.colcon_core.shell:Creating package script '/home/joas329/Desktop/rover_simulation/install/arm_moveit_config/share/arm_moveit_config/package.ps1'
[2.271s] INFO:colcon.colcon_core.shell:Creating package descriptor '/home/joas329/Desktop/rover_simulation/install/arm_moveit_config/share/arm_moveit_config/package.dsv'
[2.272s] INFO:colcon.colcon_core.shell:Creating package script '/home/joas329/Desktop/rover_simulation/install/arm_moveit_config/share/arm_moveit_config/package.sh'
[2.273s] INFO:colcon.colcon_core.shell:Creating package script '/home/joas329/Desktop/rover_simulation/install/arm_moveit_config/share/arm_moveit_config/package.bash'
[2.274s] INFO:colcon.colcon_core.shell:Creating package script '/home/joas329/Desktop/rover_simulation/install/arm_moveit_config/share/arm_moveit_config/package.zsh'
[2.274s] Level 1:colcon.colcon_core.environment:create_file_with_runtime_dependencies(/home/joas329/Desktop/rover_simulation/install/arm_moveit_config/share/colcon-core/packages/arm_moveit_config)
[2.276s] Level 1:colcon.colcon_core.environment:create_environment_scripts_only(control_moveit_config)
[2.282s] Level 1:colcon.colcon_core.environment:checking '/home/joas329/Desktop/rover_simulation/install/control_moveit_config' for CMake module files
[2.283s] Level 1:colcon.colcon_core.environment:checking '/home/joas329/Desktop/rover_simulation/install/control_moveit_config' for CMake config files
[2.283s] DEBUG:colcon.colcon_core.event_handler.log_command:Invoked command in '/home/joas329/Desktop/rover_simulation/build/arm_moveit_config' returned '0': AMENT_PREFIX_PATH=/home/joas329/Desktop/rover_simulation/install/my_bot:/home/joas329/Desktop/rover_simulation/install/yurs_hardware:/home/joas329/Desktop/rover_simulation/install/pointcloud_to_laserscan:/home/joas329/Desktop/rover_simulation/install/control_moveit_config:/home/joas329/Desktop/rover_simulation/install/arm_moveit_config:/home/joas329/Desktop/rover_simulation/install/arm_control_moveit_config:/opt/ros/humble CMAKE_PREFIX_PATH=${CMAKE_PREFIX_PATH}:/home/joas329/Desktop/rover_simulation/install/my_bot:/opt/ros/humble /usr/bin/cmake --install /home/joas329/Desktop/rover_simulation/build/arm_moveit_config
[2.284s] DEBUG:colcon.colcon_core.event_handler.log_command:Invoked command in '/home/joas329/Desktop/rover_simulation/build/control_moveit_config' returned '0': AMENT_PREFIX_PATH=/home/joas329/Desktop/rover_simulation/install/my_bot:/home/joas329/Desktop/rover_simulation/install/yurs_hardware:/home/joas329/Desktop/rover_simulation/install/pointcloud_to_laserscan:/home/joas329/Desktop/rover_simulation/install/control_moveit_config:/home/joas329/Desktop/rover_simulation/install/arm_moveit_config:/home/joas329/Desktop/rover_simulation/install/arm_control_moveit_config:/opt/ros/humble CMAKE_PREFIX_PATH=${CMAKE_PREFIX_PATH}:/home/joas329/Desktop/rover_simulation/install/my_bot:/opt/ros/humble /usr/bin/cmake --install /home/joas329/Desktop/rover_simulation/build/control_moveit_config
[2.284s] Level 1:colcon.colcon_core.shell:create_environment_hook('control_moveit_config', 'cmake_prefix_path')
[2.288s] INFO:colcon.colcon_core.shell:Creating environment hook '/home/joas329/Desktop/rover_simulation/install/control_moveit_config/share/control_moveit_config/hook/cmake_prefix_path.ps1'
[2.288s] INFO:colcon.colcon_core.shell:Creating environment descriptor '/home/joas329/Desktop/rover_simulation/install/control_moveit_config/share/control_moveit_config/hook/cmake_prefix_path.dsv'
[2.288s] INFO:colcon.colcon_core.shell:Creating environment hook '/home/joas329/Desktop/rover_simulation/install/control_moveit_config/share/control_moveit_config/hook/cmake_prefix_path.sh'
[2.289s] Level 1:colcon.colcon_core.environment:checking '/home/joas329/Desktop/rover_simulation/install/control_moveit_config/bin'
[2.289s] Level 1:colcon.colcon_core.environment:checking '/home/joas329/Desktop/rover_simulation/install/control_moveit_config/lib/pkgconfig/control_moveit_config.pc'
[2.290s] Level 1:colcon.colcon_core.environment:checking '/home/joas329/Desktop/rover_simulation/install/control_moveit_config/lib/python3.10/site-packages'
[2.290s] Level 1:colcon.colcon_core.environment:checking '/home/joas329/Desktop/rover_simulation/install/control_moveit_config/bin'
[2.296s] INFO:colcon.colcon_core.shell:Creating package script '/home/joas329/Desktop/rover_simulation/install/control_moveit_config/share/control_moveit_config/package.ps1'
[2.297s] INFO:colcon.colcon_core.shell:Creating package descriptor '/home/joas329/Desktop/rover_simulation/install/control_moveit_config/share/control_moveit_config/package.dsv'
[2.297s] INFO:colcon.colcon_core.shell:Creating package script '/home/joas329/Desktop/rover_simulation/install/control_moveit_config/share/control_moveit_config/package.sh'
[2.298s] INFO:colcon.colcon_core.shell:Creating package script '/home/joas329/Desktop/rover_simulation/install/control_moveit_config/share/control_moveit_config/package.bash'
[2.298s] INFO:colcon.colcon_core.shell:Creating package script '/home/joas329/Desktop/rover_simulation/install/control_moveit_config/share/control_moveit_config/package.zsh'
[2.299s] Level 1:colcon.colcon_core.environment:create_file_with_runtime_dependencies(/home/joas329/Desktop/rover_simulation/install/control_moveit_config/share/colcon-core/packages/control_moveit_config)
[2.308s] Level 1:colcon.colcon_core.environment:create_environment_scripts_only(arm_control_moveit_config)
[2.314s] Level 1:colcon.colcon_core.environment:checking '/home/joas329/Desktop/rover_simulation/install/arm_control_moveit_config' for CMake module files
[2.315s] Level 1:colcon.colcon_core.environment:checking '/home/joas329/Desktop/rover_simulation/install/arm_control_moveit_config' for CMake config files
[2.315s] Level 1:colcon.colcon_core.shell:create_environment_hook('arm_control_moveit_config', 'cmake_prefix_path')
[2.318s] INFO:colcon.colcon_core.shell:Creating environment hook '/home/joas329/Desktop/rover_simulation/install/arm_control_moveit_config/share/arm_control_moveit_config/hook/cmake_prefix_path.ps1'
[2.319s] INFO:colcon.colcon_core.shell:Creating environment descriptor '/home/joas329/Desktop/rover_simulation/install/arm_control_moveit_config/share/arm_control_moveit_config/hook/cmake_prefix_path.dsv'
[2.319s] INFO:colcon.colcon_core.shell:Creating environment hook '/home/joas329/Desktop/rover_simulation/install/arm_control_moveit_config/share/arm_control_moveit_config/hook/cmake_prefix_path.sh'
[2.319s] Level 1:colcon.colcon_core.environment:checking '/home/joas329/Desktop/rover_simulation/install/arm_control_moveit_config/bin'
[2.320s] Level 1:colcon.colcon_core.environment:checking '/home/joas329/Desktop/rover_simulation/install/arm_control_moveit_config/lib/pkgconfig/arm_control_moveit_config.pc'
[2.320s] Level 1:colcon.colcon_core.environment:checking '/home/joas329/Desktop/rover_simulation/install/arm_control_moveit_config/lib/python3.10/site-packages'
[2.320s] Level 1:colcon.colcon_core.environment:checking '/home/joas329/Desktop/rover_simulation/install/arm_control_moveit_config/bin'
[2.324s] INFO:colcon.colcon_core.shell:Creating package script '/home/joas329/Desktop/rover_simulation/install/arm_control_moveit_config/share/arm_control_moveit_config/package.ps1'
[2.325s] INFO:colcon.colcon_core.shell:Creating package descriptor '/home/joas329/Desktop/rover_simulation/install/arm_control_moveit_config/share/arm_control_moveit_config/package.dsv'
[2.326s] INFO:colcon.colcon_core.shell:Creating package script '/home/joas329/Desktop/rover_simulation/install/arm_control_moveit_config/share/arm_control_moveit_config/package.sh'
[2.326s] INFO:colcon.colcon_core.shell:Creating package script '/home/joas329/Desktop/rover_simulation/install/arm_control_moveit_config/share/arm_control_moveit_config/package.bash'
[2.327s] INFO:colcon.colcon_core.shell:Creating package script '/home/joas329/Desktop/rover_simulation/install/arm_control_moveit_config/share/arm_control_moveit_config/package.zsh'
[2.327s] Level 1:colcon.colcon_core.environment:create_file_with_runtime_dependencies(/home/joas329/Desktop/rover_simulation/install/arm_control_moveit_config/share/colcon-core/packages/arm_control_moveit_config)
[2.332s] Level 1:colcon.colcon_core.environment:create_environment_scripts_only(arm_moveit_config)
[2.337s] Level 1:colcon.colcon_core.environment:checking '/home/joas329/Desktop/rover_simulation/install/arm_moveit_config' for CMake module files
[2.337s] Level 1:colcon.colcon_core.environment:checking '/home/joas329/Desktop/rover_simulation/install/arm_moveit_config' for CMake config files
[2.338s] Level 1:colcon.colcon_core.shell:create_environment_hook('arm_moveit_config', 'cmake_prefix_path')
[2.341s] INFO:colcon.colcon_core.shell:Creating environment hook '/home/joas329/Desktop/rover_simulation/install/arm_moveit_config/share/arm_moveit_config/hook/cmake_prefix_path.ps1'
[2.342s] INFO:colcon.colcon_core.shell:Creating environment descriptor '/home/joas329/Desktop/rover_simulation/install/arm_moveit_config/share/arm_moveit_config/hook/cmake_prefix_path.dsv'
[2.342s] INFO:colcon.colcon_core.shell:Creating environment hook '/home/joas329/Desktop/rover_simulation/install/arm_moveit_config/share/arm_moveit_config/hook/cmake_prefix_path.sh'
[2.342s] Level 1:colcon.colcon_core.environment:checking '/home/joas329/Desktop/rover_simulation/install/arm_moveit_config/bin'
[2.343s] Level 1:colcon.colcon_core.environment:checking '/home/joas329/Desktop/rover_simulation/install/arm_moveit_config/lib/pkgconfig/arm_moveit_config.pc'
[2.343s] Level 1:colcon.colcon_core.environment:checking '/home/joas329/Desktop/rover_simulation/install/arm_moveit_config/lib/python3.10/site-packages'
[2.343s] Level 1:colcon.colcon_core.environment:checking '/home/joas329/Desktop/rover_simulation/install/arm_moveit_config/bin'
[2.346s] INFO:colcon.colcon_core.shell:Creating package script '/home/joas329/Desktop/rover_simulation/install/arm_moveit_config/share/arm_moveit_config/package.ps1'
[2.347s] INFO:colcon.colcon_core.shell:Creating package descriptor '/home/joas329/Desktop/rover_simulation/install/arm_moveit_config/share/arm_moveit_config/package.dsv'
[2.347s] INFO:colcon.colcon_core.shell:Creating package script '/home/joas329/Desktop/rover_simulation/install/arm_moveit_config/share/arm_moveit_config/package.sh'
[2.348s] INFO:colcon.colcon_core.shell:Creating package script '/home/joas329/Desktop/rover_simulation/install/arm_moveit_config/share/arm_moveit_config/package.bash'
[2.348s] INFO:colcon.colcon_core.shell:Creating package script '/home/joas329/Desktop/rover_simulation/install/arm_moveit_config/share/arm_moveit_config/package.zsh'
[2.349s] Level 1:colcon.colcon_core.environment:create_file_with_runtime_dependencies(/home/joas329/Desktop/rover_simulation/install/arm_moveit_config/share/colcon-core/packages/arm_moveit_config)
[2.353s] Level 1:colcon.colcon_core.environment:create_environment_scripts_only(control_moveit_config)
[2.359s] Level 1:colcon.colcon_core.environment:checking '/home/joas329/Desktop/rover_simulation/install/control_moveit_config' for CMake module files
[2.360s] Level 1:colcon.colcon_core.environment:checking '/home/joas329/Desktop/rover_simulation/install/control_moveit_config' for CMake config files
[2.361s] Level 1:colcon.colcon_core.shell:create_environment_hook('control_moveit_config', 'cmake_prefix_path')
[2.364s] INFO:colcon.colcon_core.shell:Creating environment hook '/home/joas329/Desktop/rover_simulation/install/control_moveit_config/share/control_moveit_config/hook/cmake_prefix_path.ps1'
[2.365s] INFO:colcon.colcon_core.shell:Creating environment descriptor '/home/joas329/Desktop/rover_simulation/install/control_moveit_config/share/control_moveit_config/hook/cmake_prefix_path.dsv'
[2.365s] INFO:colcon.colcon_core.shell:Creating environment hook '/home/joas329/Desktop/rover_simulation/install/control_moveit_config/share/control_moveit_config/hook/cmake_prefix_path.sh'
[2.366s] Level 1:colcon.colcon_core.environment:checking '/home/joas329/Desktop/rover_simulation/install/control_moveit_config/bin'
[2.366s] Level 1:colcon.colcon_core.environment:checking '/home/joas329/Desktop/rover_simulation/install/control_moveit_config/lib/pkgconfig/control_moveit_config.pc'
[2.366s] Level 1:colcon.colcon_core.environment:checking '/home/joas329/Desktop/rover_simulation/install/control_moveit_config/lib/python3.10/site-packages'
[2.366s] Level 1:colcon.colcon_core.environment:checking '/home/joas329/Desktop/rover_simulation/install/control_moveit_config/bin'
[2.370s] INFO:colcon.colcon_core.shell:Creating package script '/home/joas329/Desktop/rover_simulation/install/control_moveit_config/share/control_moveit_config/package.ps1'
[2.371s] INFO:colcon.colcon_core.shell:Creating package descriptor '/home/joas329/Desktop/rover_simulation/install/control_moveit_config/share/control_moveit_config/package.dsv'
[2.371s] INFO:colcon.colcon_core.shell:Creating package script '/home/joas329/Desktop/rover_simulation/install/control_moveit_config/share/control_moveit_config/package.sh'
[2.372s] INFO:colcon.colcon_core.shell:Creating package script '/home/joas329/Desktop/rover_simulation/install/control_moveit_config/share/control_moveit_config/package.bash'
[2.372s] INFO:colcon.colcon_core.shell:Creating package script '/home/joas329/Desktop/rover_simulation/install/control_moveit_config/share/control_moveit_config/package.zsh'
[2.372s] Level 1:colcon.colcon_core.environment:create_file_with_runtime_dependencies(/home/joas329/Desktop/rover_simulation/install/control_moveit_config/share/colcon-core/packages/control_moveit_config)
[2.373s] DEBUG:colcon.colcon_parallel_executor.executor.parallel:closing loop
[2.373s] DEBUG:colcon.colcon_parallel_executor.executor.parallel:loop closed
[2.373s] DEBUG:colcon.colcon_parallel_executor.executor.parallel:run_until_complete finished with '0'
[2.373s] DEBUG:colcon.colcon_core.event_reactor:joining thread
[2.379s] INFO:colcon.colcon_core.plugin_system:Skipping extension 'colcon_notification.desktop_notification.terminal_notifier': Not used on non-Darwin systems
[2.379s] INFO:colcon.colcon_core.plugin_system:Skipping extension 'colcon_notification.desktop_notification.win32': Not used on non-Windows systems
[2.379s] INFO:colcon.colcon_notification.desktop_notification:Sending desktop notification using 'notify2'
[2.394s] DEBUG:colcon.colcon_core.event_reactor:joined thread
[2.401s] INFO:colcon.colcon_core.shell:Creating prefix script '/home/joas329/Desktop/rover_simulation/install/local_setup.ps1'
[2.403s] INFO:colcon.colcon_core.shell:Creating prefix util module '/home/joas329/Desktop/rover_simulation/install/_local_setup_util_ps1.py'
[2.404s] INFO:colcon.colcon_core.shell:Creating prefix chain script '/home/joas329/Desktop/rover_simulation/install/setup.ps1'
[2.407s] INFO:colcon.colcon_core.shell:Creating prefix script '/home/joas329/Desktop/rover_simulation/install/local_setup.sh'
[2.408s] INFO:colcon.colcon_core.shell:Creating prefix util module '/home/joas329/Desktop/rover_simulation/install/_local_setup_util_sh.py'
[2.408s] INFO:colcon.colcon_core.shell:Creating prefix chain script '/home/joas329/Desktop/rover_simulation/install/setup.sh'
[2.412s] INFO:colcon.colcon_core.shell:Creating prefix script '/home/joas329/Desktop/rover_simulation/install/local_setup.bash'
[2.413s] INFO:colcon.colcon_core.shell:Creating prefix chain script '/home/joas329/Desktop/rover_simulation/install/setup.bash'
[2.416s] INFO:colcon.colcon_core.shell:Creating prefix script '/home/joas329/Desktop/rover_simulation/install/local_setup.zsh'
[2.417s] INFO:colcon.colcon_core.shell:Creating prefix chain script '/home/joas329/Desktop/rover_simulation/install/setup.zsh'
