[0.299s] Invoking command in '/home/joas329/Desktop/rover_simulation/build/arm_control_moveit_config': AMENT_PREFIX_PATH=/home/joas329/Desktop/rover_simulation/install/my_bot:/home/joas329/Desktop/rover_simulation/install/yurs_hardware:/home/joas329/Desktop/rover_simulation/install/pointcloud_to_laserscan:/home/joas329/Desktop/rover_simulation/install/control_moveit_config:/home/joas329/Desktop/rover_simulation/install/arm_moveit_config:/home/joas329/Desktop/rover_simulation/install/arm_control_moveit_config:/opt/ros/humble CMAKE_PREFIX_PATH=${CMAKE_PREFIX_PATH}:/home/joas329/Desktop/rover_simulation/install/my_bot:/opt/ros/humble /usr/bin/cmake --build /home/joas329/Desktop/rover_simulation/build/arm_control_moveit_config -- -j8 -l8
[0.605s] Invoked command in '/home/joas329/Desktop/rover_simulation/build/arm_control_moveit_config' returned '0': AMENT_PREFIX_PATH=/home/joas329/Desktop/rover_simulation/install/my_bot:/home/joas329/Desktop/rover_simulation/install/yurs_hardware:/home/joas329/Desktop/rover_simulation/install/pointcloud_to_laserscan:/home/joas329/Desktop/rover_simulation/install/control_moveit_config:/home/joas329/Desktop/rover_simulation/install/arm_moveit_config:/home/joas329/Desktop/rover_simulation/install/arm_control_moveit_config:/opt/ros/humble CMAKE_PREFIX_PATH=${CMAKE_PREFIX_PATH}:/home/joas329/Desktop/rover_simulation/install/my_bot:/opt/ros/humble /usr/bin/cmake --build /home/joas329/Desktop/rover_simulation/build/arm_control_moveit_config -- -j8 -l8
[0.846s] Invoking command in '/home/joas329/Desktop/rover_simulation/build/arm_control_moveit_config': AMENT_PREFIX_PATH=/home/joas329/Desktop/rover_simulation/install/my_bot:/home/joas329/Desktop/rover_simulation/install/yurs_hardware:/home/joas329/Desktop/rover_simulation/install/pointcloud_to_laserscan:/home/joas329/Desktop/rover_simulation/install/control_moveit_config:/home/joas329/Desktop/rover_simulation/install/arm_moveit_config:/home/joas329/Desktop/rover_simulation/install/arm_control_moveit_config:/opt/ros/humble CMAKE_PREFIX_PATH=${CMAKE_PREFIX_PATH}:/home/joas329/Desktop/rover_simulation/install/my_bot:/opt/ros/humble /usr/bin/cmake --install /home/joas329/Desktop/rover_simulation/build/arm_control_moveit_config
[0.951s] -- Install configuration: ""
[0.951s] -- Up-to-date: /home/joas329/Desktop/rover_simulation/install/arm_control_moveit_config/share/ament_index/resource_index/package_run_dependencies/arm_control_moveit_config
[0.952s] -- Up-to-date: /home/joas329/Desktop/rover_simulation/install/arm_control_moveit_config/share/ament_index/resource_index/parent_prefix_path/arm_control_moveit_config
[0.952s] -- Up-to-date: /home/joas329/Desktop/rover_simulation/install/arm_control_moveit_config/share/arm_control_moveit_config/environment/ament_prefix_path.sh
[0.952s] -- Up-to-date: /home/joas329/Desktop/rover_simulation/install/arm_control_moveit_config/share/arm_control_moveit_config/environment/ament_prefix_path.dsv
[0.953s] -- Up-to-date: /home/joas329/Desktop/rover_simulation/install/arm_control_moveit_config/share/arm_control_moveit_config/environment/path.sh
[0.955s] -- Up-to-date: /home/joas329/Desktop/rover_simulation/install/arm_control_moveit_config/share/arm_control_moveit_config/environment/path.dsv
[0.956s] -- Up-to-date: /home/joas329/Desktop/rover_simulation/install/arm_control_moveit_config/share/arm_control_moveit_config/local_setup.bash
[0.956s] -- Up-to-date: /home/joas329/Desktop/rover_simulation/install/arm_control_moveit_config/share/arm_control_moveit_config/local_setup.sh
[0.957s] -- Up-to-date: /home/joas329/Desktop/rover_simulation/install/arm_control_moveit_config/share/arm_control_moveit_config/local_setup.zsh
[0.957s] -- Up-to-date: /home/joas329/Desktop/rover_simulation/install/arm_control_moveit_config/share/arm_control_moveit_config/local_setup.dsv
[0.958s] -- Installing: /home/joas329/Desktop/rover_simulation/install/arm_control_moveit_config/share/arm_control_moveit_config/package.dsv
[0.970s] -- Up-to-date: /home/joas329/Desktop/rover_simulation/install/arm_control_moveit_config/share/ament_index/resource_index/packages/arm_control_moveit_config
[0.977s] -- Up-to-date: /home/joas329/Desktop/rover_simulation/install/arm_control_moveit_config/share/arm_control_moveit_config/cmake/arm_control_moveit_configConfig.cmake
[0.977s] -- Up-to-date: /home/joas329/Desktop/rover_simulation/install/arm_control_moveit_config/share/arm_control_moveit_config/cmake/arm_control_moveit_configConfig-version.cmake
[0.978s] -- Up-to-date: /home/joas329/Desktop/rover_simulation/install/arm_control_moveit_config/share/arm_control_moveit_config/package.xml
[0.979s] -- Up-to-date: /home/joas329/Desktop/rover_simulation/install/arm_control_moveit_config/share/arm_control_moveit_config/launch
[0.993s] -- Up-to-date: /home/joas329/Desktop/rover_simulation/install/arm_control_moveit_config/share/arm_control_moveit_config/launch/spawn_controllers.launch.py
[0.994s] -- Up-to-date: /home/joas329/Desktop/rover_simulation/install/arm_control_moveit_config/share/arm_control_moveit_config/launch/static_virtual_joint_tfs.launch.py
[0.995s] -- Up-to-date: /home/joas329/Desktop/rover_simulation/install/arm_control_moveit_config/share/arm_control_moveit_config/launch/arm.launch.py
[0.997s] -- Up-to-date: /home/joas329/Desktop/rover_simulation/install/arm_control_moveit_config/share/arm_control_moveit_config/launch/warehouse_db.launch.py
[1.003s] -- Up-to-date: /home/joas329/Desktop/rover_simulation/install/arm_control_moveit_config/share/arm_control_moveit_config/launch/final.launch.py
[1.003s] -- Up-to-date: /home/joas329/Desktop/rover_simulation/install/arm_control_moveit_config/share/arm_control_moveit_config/launch/setup_assistant.launch.py
[1.004s] -- Up-to-date: /home/joas329/Desktop/rover_simulation/install/arm_control_moveit_config/share/arm_control_moveit_config/launch/arm_moveit.launch.py
[1.005s] -- Up-to-date: /home/joas329/Desktop/rover_simulation/install/arm_control_moveit_config/share/arm_control_moveit_config/launch/demo.launch.py
[1.005s] -- Up-to-date: /home/joas329/Desktop/rover_simulation/install/arm_control_moveit_config/share/arm_control_moveit_config/launch/rsp.launch.py
[1.006s] -- Up-to-date: /home/joas329/Desktop/rover_simulation/install/arm_control_moveit_config/share/arm_control_moveit_config/launch/moveit_rviz.launch.py
[1.017s] -- Up-to-date: /home/joas329/Desktop/rover_simulation/install/arm_control_moveit_config/share/arm_control_moveit_config/launch/move_group.launch.py
[1.018s] -- Up-to-date: /home/joas329/Desktop/rover_simulation/install/arm_control_moveit_config/share/arm_control_moveit_config/config
[1.019s] -- Up-to-date: /home/joas329/Desktop/rover_simulation/install/arm_control_moveit_config/share/arm_control_moveit_config/config/chomp_planning.yaml
[1.019s] -- Up-to-date: /home/joas329/Desktop/rover_simulation/install/arm_control_moveit_config/share/arm_control_moveit_config/config/pilz_cartesian_limits.yaml
[1.030s] -- Up-to-date: /home/joas329/Desktop/rover_simulation/install/arm_control_moveit_config/share/arm_control_moveit_config/config/moveit_controllers.yaml
[1.031s] -- Up-to-date: /home/joas329/Desktop/rover_simulation/install/arm_control_moveit_config/share/arm_control_moveit_config/config/stomp_planning.yaml
[1.031s] -- Up-to-date: /home/joas329/Desktop/rover_simulation/install/arm_control_moveit_config/share/arm_control_moveit_config/config/ompl_planning.yaml
[1.032s] -- Up-to-date: /home/joas329/Desktop/rover_simulation/install/arm_control_moveit_config/share/arm_control_moveit_config/config/kinematics.yaml
[1.038s] -- Up-to-date: /home/joas329/Desktop/rover_simulation/install/arm_control_moveit_config/share/arm_control_moveit_config/config/robot_arm.urdf.xacro
[1.041s] -- Up-to-date: /home/joas329/Desktop/rover_simulation/install/arm_control_moveit_config/share/arm_control_moveit_config/config/ros2_controllers.yaml
[1.042s] -- Up-to-date: /home/joas329/Desktop/rover_simulation/install/arm_control_moveit_config/share/arm_control_moveit_config/config/robot_arm.srdf
[1.043s] -- Up-to-date: /home/joas329/Desktop/rover_simulation/install/arm_control_moveit_config/share/arm_control_moveit_config/config/robot_arm.ros2_control.xacro
[1.043s] -- Up-to-date: /home/joas329/Desktop/rover_simulation/install/arm_control_moveit_config/share/arm_control_moveit_config/config/initial_positions.yaml
[1.044s] -- Up-to-date: /home/joas329/Desktop/rover_simulation/install/arm_control_moveit_config/share/arm_control_moveit_config/config/joint_limits.yaml
[1.045s] -- Up-to-date: /home/joas329/Desktop/rover_simulation/install/arm_control_moveit_config/share/arm_control_moveit_config/config/moveit.rviz
[1.046s] -- Up-to-date: /home/joas329/Desktop/rover_simulation/install/arm_control_moveit_config/share/arm_control_moveit_config/.setup_assistant
[1.162s] Invoked command in '/home/joas329/Desktop/rover_simulation/build/arm_control_moveit_config' returned '0': AMENT_PREFIX_PATH=/home/joas329/Desktop/rover_simulation/install/my_bot:/home/joas329/Desktop/rover_simulation/install/yurs_hardware:/home/joas329/Desktop/rover_simulation/install/pointcloud_to_laserscan:/home/joas329/Desktop/rover_simulation/install/control_moveit_config:/home/joas329/Desktop/rover_simulation/install/arm_moveit_config:/home/joas329/Desktop/rover_simulation/install/arm_control_moveit_config:/opt/ros/humble CMAKE_PREFIX_PATH=${CMAKE_PREFIX_PATH}:/home/joas329/Desktop/rover_simulation/install/my_bot:/opt/ros/humble /usr/bin/cmake --install /home/joas329/Desktop/rover_simulation/build/arm_control_moveit_config
