[4.841s] Invoking command in '/home/joas329/Desktop/rover_simulation/src/my_bot': PYTHONPATH=/home/joas329/Desktop/rover_simulation/build/my_bot/prefix_override:/home/joas329/Desktop/rover_simulation/install/my_bot/lib/python3.10/site-packages:${PYTHONPATH} /usr/bin/python3 setup.py egg_info --egg-base ../../build/my_bot build --build-base /home/joas329/Desktop/rover_simulation/build/my_bot/build install --record /home/joas329/Desktop/rover_simulation/build/my_bot/install.log --single-version-externally-managed
[6.567s] running egg_info
[6.569s] writing ../../build/my_bot/my_bot.egg-info/PKG-INFO
[6.570s] writing dependency_links to ../../build/my_bot/my_bot.egg-info/dependency_links.txt
[6.571s] writing entry points to ../../build/my_bot/my_bot.egg-info/entry_points.txt
[6.573s] writing requirements to ../../build/my_bot/my_bot.egg-info/requires.txt
[6.574s] writing top-level names to ../../build/my_bot/my_bot.egg-info/top_level.txt
[6.587s] reading manifest file '../../build/my_bot/my_bot.egg-info/SOURCES.txt'
[6.595s] writing manifest file '../../build/my_bot/my_bot.egg-info/SOURCES.txt'
[6.596s] running build
[6.596s] running build_py
[6.598s] running install
[6.600s] running install_lib
[6.608s] running install_data
[6.616s] running install_egg_info
[6.625s] removing '/home/joas329/Desktop/rover_simulation/install/my_bot/lib/python3.10/site-packages/my_bot-0.0.0-py3.10.egg-info' (and everything under it)
[6.627s] Copying ../../build/my_bot/my_bot.egg-info to /home/joas329/Desktop/rover_simulation/install/my_bot/lib/python3.10/site-packages/my_bot-0.0.0-py3.10.egg-info
[6.633s] running install_scripts
[6.753s] Installing PID script to /home/joas329/Desktop/rover_simulation/install/my_bot/lib/my_bot
[6.753s] Installing udp_conv script to /home/joas329/Desktop/rover_simulation/install/my_bot/lib/my_bot
[6.756s] writing list of installed files to '/home/joas329/Desktop/rover_simulation/build/my_bot/install.log'
[6.905s] Invoked command in '/home/joas329/Desktop/rover_simulation/src/my_bot' returned '0': PYTHONPATH=/home/joas329/Desktop/rover_simulation/build/my_bot/prefix_override:/home/joas329/Desktop/rover_simulation/install/my_bot/lib/python3.10/site-packages:${PYTHONPATH} /usr/bin/python3 setup.py egg_info --egg-base ../../build/my_bot build --build-base /home/joas329/Desktop/rover_simulation/build/my_bot/build install --record /home/joas329/Desktop/rover_simulation/build/my_bot/install.log --single-version-externally-managed
