[0.856s] Invoking command in '/home/joas329/Desktop/rover_simulation/src/my_bot': PYTHONPATH=/home/joas329/Desktop/rover_simulation/build/my_bot/prefix_override:/home/joas329/Desktop/rover_simulation/install/my_bot/lib/python3.10/site-packages:${PYTHONPATH} /usr/bin/python3 setup.py egg_info --egg-base ../../build/my_bot build --build-base /home/joas329/Desktop/rover_simulation/build/my_bot/build install --record /home/joas329/Desktop/rover_simulation/build/my_bot/install.log --single-version-externally-managed
[1.202s] running egg_info
[1.203s] writing ../../build/my_bot/my_bot.egg-info/PKG-INFO
[1.203s] writing dependency_links to ../../build/my_bot/my_bot.egg-info/dependency_links.txt
[1.203s] writing entry points to ../../build/my_bot/my_bot.egg-info/entry_points.txt
[1.203s] writing requirements to ../../build/my_bot/my_bot.egg-info/requires.txt
[1.204s] writing top-level names to ../../build/my_bot/my_bot.egg-info/top_level.txt
[1.206s] reading manifest file '../../build/my_bot/my_bot.egg-info/SOURCES.txt'
[1.207s] writing manifest file '../../build/my_bot/my_bot.egg-info/SOURCES.txt'
[1.208s] running build
[1.208s] running build_py
[1.208s] running install
[1.208s] running install_lib
[1.210s] running install_data
[1.211s] running install_egg_info
[1.213s] removing '/home/joas329/Desktop/rover_simulation/install/my_bot/lib/python3.10/site-packages/my_bot-0.0.0-py3.10.egg-info' (and everything under it)
[1.213s] Copying ../../build/my_bot/my_bot.egg-info to /home/joas329/Desktop/rover_simulation/install/my_bot/lib/python3.10/site-packages/my_bot-0.0.0-py3.10.egg-info
[1.214s] running install_scripts
[1.236s] writing list of installed files to '/home/joas329/Desktop/rover_simulation/build/my_bot/install.log'
[1.268s] Invoked command in '/home/joas329/Desktop/rover_simulation/src/my_bot' returned '0': PYTHONPATH=/home/joas329/Desktop/rover_simulation/build/my_bot/prefix_override:/home/joas329/Desktop/rover_simulation/install/my_bot/lib/python3.10/site-packages:${PYTHONPATH} /usr/bin/python3 setup.py egg_info --egg-base ../../build/my_bot build --build-base /home/joas329/Desktop/rover_simulation/build/my_bot/build install --record /home/joas329/Desktop/rover_simulation/build/my_bot/install.log --single-version-externally-managed
