[4.784s] Invoking command in '/home/joas329/Desktop/rover_simulation/src/my_bot': PYTHONPATH=/home/joas329/Desktop/rover_simulation/build/my_bot/prefix_override:/home/joas329/Desktop/rover_simulation/install/my_bot/lib/python3.10/site-packages:${PYTHONPATH} /usr/bin/python3 setup.py egg_info --egg-base ../../build/my_bot build --build-base /home/joas329/Desktop/rover_simulation/build/my_bot/build install --record /home/joas329/Desktop/rover_simulation/build/my_bot/install.log --single-version-externally-managed
[6.497s] running egg_info
[6.501s] writing ../../build/my_bot/my_bot.egg-info/PKG-INFO
[6.502s] writing dependency_links to ../../build/my_bot/my_bot.egg-info/dependency_links.txt
[6.503s] writing entry points to ../../build/my_bot/my_bot.egg-info/entry_points.txt
[6.504s] writing requirements to ../../build/my_bot/my_bot.egg-info/requires.txt
[6.504s] writing top-level names to ../../build/my_bot/my_bot.egg-info/top_level.txt
[6.516s] reading manifest file '../../build/my_bot/my_bot.egg-info/SOURCES.txt'
[6.522s] writing manifest file '../../build/my_bot/my_bot.egg-info/SOURCES.txt'
[6.523s] running build
[6.524s] running build_py
[6.524s] copying my_bot/PID.py -> /home/joas329/Desktop/rover_simulation/build/my_bot/build/lib/my_bot
[6.527s] running install
[6.529s] running install_lib
[6.534s] copying /home/joas329/Desktop/rover_simulation/build/my_bot/build/lib/my_bot/PID.py -> /home/joas329/Desktop/rover_simulation/install/my_bot/lib/python3.10/site-packages/my_bot
[6.538s] byte-compiling /home/joas329/Desktop/rover_simulation/install/my_bot/lib/python3.10/site-packages/my_bot/PID.py to PID.cpython-310.pyc
[6.544s] running install_data
[6.555s] running install_egg_info
[6.566s] removing '/home/joas329/Desktop/rover_simulation/install/my_bot/lib/python3.10/site-packages/my_bot-0.0.0-py3.10.egg-info' (and everything under it)
[6.568s] Copying ../../build/my_bot/my_bot.egg-info to /home/joas329/Desktop/rover_simulation/install/my_bot/lib/python3.10/site-packages/my_bot-0.0.0-py3.10.egg-info
[6.573s] running install_scripts
[6.697s] Installing PID script to /home/joas329/Desktop/rover_simulation/install/my_bot/lib/my_bot
[6.698s] Installing udp_conv script to /home/joas329/Desktop/rover_simulation/install/my_bot/lib/my_bot
[6.701s] writing list of installed files to '/home/joas329/Desktop/rover_simulation/build/my_bot/install.log'
[6.840s] Invoked command in '/home/joas329/Desktop/rover_simulation/src/my_bot' returned '0': PYTHONPATH=/home/joas329/Desktop/rover_simulation/build/my_bot/prefix_override:/home/joas329/Desktop/rover_simulation/install/my_bot/lib/python3.10/site-packages:${PYTHONPATH} /usr/bin/python3 setup.py egg_info --egg-base ../../build/my_bot build --build-base /home/joas329/Desktop/rover_simulation/build/my_bot/build install --record /home/joas329/Desktop/rover_simulation/build/my_bot/install.log --single-version-externally-managed
