[2.857s] Invoking command in '/home/joas329/Desktop/rover_simulation/src/my_bot': PYTHONPATH=/home/joas329/Desktop/rover_simulation/build/my_bot/prefix_override:/home/joas329/Desktop/rover_simulation/install/my_bot/lib/python3.10/site-packages:${PYTHONPATH} /usr/bin/python3 setup.py egg_info --egg-base ../../build/my_bot build --build-base /home/joas329/Desktop/rover_simulation/build/my_bot/build install --record /home/joas329/Desktop/rover_simulation/build/my_bot/install.log --single-version-externally-managed
[4.032s] running egg_info
[4.034s] writing ../../build/my_bot/my_bot.egg-info/PKG-INFO
[4.035s] writing dependency_links to ../../build/my_bot/my_bot.egg-info/dependency_links.txt
[4.036s] writing entry points to ../../build/my_bot/my_bot.egg-info/entry_points.txt
[4.036s] writing requirements to ../../build/my_bot/my_bot.egg-info/requires.txt
[4.037s] writing top-level names to ../../build/my_bot/my_bot.egg-info/top_level.txt
[4.043s] reading manifest file '../../build/my_bot/my_bot.egg-info/SOURCES.txt'
[4.050s] writing manifest file '../../build/my_bot/my_bot.egg-info/SOURCES.txt'
[4.051s] running build
[4.051s] running build_py
[4.052s] running install
[4.053s] running install_lib
[4.059s] running install_data
[4.062s] copying description/arm_hardware.urdf.xacro -> /home/joas329/Desktop/rover_simulation/install/my_bot/share/my_bot/description
[4.066s] running install_egg_info
[4.073s] removing '/home/joas329/Desktop/rover_simulation/install/my_bot/lib/python3.10/site-packages/my_bot-0.0.0-py3.10.egg-info' (and everything under it)
[4.075s] Copying ../../build/my_bot/my_bot.egg-info to /home/joas329/Desktop/rover_simulation/install/my_bot/lib/python3.10/site-packages/my_bot-0.0.0-py3.10.egg-info
[4.079s] running install_scripts
[4.168s] Installing PID script to /home/joas329/Desktop/rover_simulation/install/my_bot/lib/my_bot
[4.169s] Installing udp_conv script to /home/joas329/Desktop/rover_simulation/install/my_bot/lib/my_bot
[4.170s] writing list of installed files to '/home/joas329/Desktop/rover_simulation/build/my_bot/install.log'
[4.278s] Invoked command in '/home/joas329/Desktop/rover_simulation/src/my_bot' returned '0': PYTHONPATH=/home/joas329/Desktop/rover_simulation/build/my_bot/prefix_override:/home/joas329/Desktop/rover_simulation/install/my_bot/lib/python3.10/site-packages:${PYTHONPATH} /usr/bin/python3 setup.py egg_info --egg-base ../../build/my_bot build --build-base /home/joas329/Desktop/rover_simulation/build/my_bot/build install --record /home/joas329/Desktop/rover_simulation/build/my_bot/install.log --single-version-externally-managed
