[1.825s] DEBUG:colcon:Command line arguments: ['/usr/bin/colcon', 'list', '-p', '--base-paths', '/home/joas329/Desktop/rover_simulation']
[1.825s] DEBUG:colcon:Parsed command line arguments: Namespace(log_base=None, log_level=None, verb_name='list', build_base='build', ignore_user_meta=False, metas=['./colcon.meta'], base_paths=['/home/joas329/Desktop/rover_simulation'], packages_ignore=None, packages_ignore_regex=None, paths=None, packages_up_to=None, packages_up_to_regex=None, packages_above=None, packages_above_and_dependencies=None, packages_above_depth=None, packages_select_by_dep=None, packages_skip_by_dep=None, packages_skip_up_to=None, packages_select_build_failed=False, packages_skip_build_finished=False, packages_select_test_failures=False, packages_skip_test_passed=False, packages_select=None, packages_skip=None, packages_select_regex=None, packages_skip_regex=None, packages_start=None, packages_end=None, allow_overriding=[], topological_order=False, names_only=False, paths_only=True, topological_graph=False, topological_graph_dot=False, topological_graph_density=False, topological_graph_legend=False, topological_graph_dot_cluster=False, topological_graph_dot_include_skipped=False, verb_parser=<colcon_defaults.argument_parser.defaults.DefaultArgumentsDecorator object at 0x7fdb5c9d8e20>, verb_extension=<colcon_package_information.verb.list.ListVerb object at 0x7fdb5caefac0>, main=<bound method ListVerb.main of <colcon_package_information.verb.list.ListVerb object at 0x7fdb5caefac0>>)
[2.031s] Level 1:colcon.colcon_core.package_discovery:discover_packages(colcon_meta) check parameters
[2.031s] Level 1:colcon.colcon_core.package_discovery:discover_packages(recursive) check parameters
[2.032s] Level 1:colcon.colcon_core.package_discovery:discover_packages(ignore) check parameters
[2.032s] Level 1:colcon.colcon_core.package_discovery:discover_packages(path) check parameters
[2.032s] Level 1:colcon.colcon_core.package_discovery:discover_packages(recursive) discover
[2.032s] INFO:colcon.colcon_core.package_discovery:Crawling recursively for packages in '/home/joas329/Desktop/rover_simulation'
[2.032s] Level 1:colcon.colcon_core.package_identification:_identify(/home/joas329/Desktop/rover_simulation) by extensions ['ignore', 'ignore_ament_install']
[2.032s] Level 1:colcon.colcon_core.package_identification:_identify(/home/joas329/Desktop/rover_simulation) by extension 'ignore'
[2.037s] Level 1:colcon.colcon_core.package_identification:_identify(/home/joas329/Desktop/rover_simulation) by extension 'ignore_ament_install'
[2.038s] Level 1:colcon.colcon_core.package_identification:_identify(/home/joas329/Desktop/rover_simulation) by extensions ['colcon_pkg']
[2.038s] Level 1:colcon.colcon_core.package_identification:_identify(/home/joas329/Desktop/rover_simulation) by extension 'colcon_pkg'
[2.038s] Level 1:colcon.colcon_core.package_identification:_identify(/home/joas329/Desktop/rover_simulation) by extensions ['colcon_meta']
[2.038s] Level 1:colcon.colcon_core.package_identification:_identify(/home/joas329/Desktop/rover_simulation) by extension 'colcon_meta'
[2.038s] Level 1:colcon.colcon_core.package_identification:_identify(/home/joas329/Desktop/rover_simulation) by extensions ['ros']
[2.038s] Level 1:colcon.colcon_core.package_identification:_identify(/home/joas329/Desktop/rover_simulation) by extension 'ros'
[2.128s] Level 1:colcon.colcon_core.package_identification:_identify(/home/joas329/Desktop/rover_simulation) by extensions ['cmake', 'python']
[2.128s] Level 1:colcon.colcon_core.package_identification:_identify(/home/joas329/Desktop/rover_simulation) by extension 'cmake'
[2.128s] Level 1:colcon.colcon_core.package_identification:_identify(/home/joas329/Desktop/rover_simulation) by extension 'python'
[2.128s] Level 1:colcon.colcon_core.package_identification:_identify(/home/joas329/Desktop/rover_simulation) by extensions ['python_setup_py']
[2.128s] Level 1:colcon.colcon_core.package_identification:_identify(/home/joas329/Desktop/rover_simulation) by extension 'python_setup_py'
[2.128s] Level 1:colcon.colcon_core.package_identification:_identify(/home/joas329/Desktop/rover_simulation/build) by extensions ['ignore', 'ignore_ament_install']
[2.129s] Level 1:colcon.colcon_core.package_identification:_identify(/home/joas329/Desktop/rover_simulation/build) by extension 'ignore'
[2.129s] Level 1:colcon.colcon_core.package_identification:_identify(/home/joas329/Desktop/rover_simulation/build) ignored
[2.129s] Level 1:colcon.colcon_core.package_identification:_identify(/home/joas329/Desktop/rover_simulation/install) by extensions ['ignore', 'ignore_ament_install']
[2.129s] Level 1:colcon.colcon_core.package_identification:_identify(/home/joas329/Desktop/rover_simulation/install) by extension 'ignore'
[2.129s] Level 1:colcon.colcon_core.package_identification:_identify(/home/joas329/Desktop/rover_simulation/install) ignored
[2.129s] Level 1:colcon.colcon_core.package_identification:_identify(/home/joas329/Desktop/rover_simulation/log) by extensions ['ignore', 'ignore_ament_install']
[2.135s] Level 1:colcon.colcon_core.package_identification:_identify(/home/joas329/Desktop/rover_simulation/log) by extension 'ignore'
[2.136s] Level 1:colcon.colcon_core.package_identification:_identify(/home/joas329/Desktop/rover_simulation/log) ignored
[2.136s] Level 1:colcon.colcon_core.package_identification:_identify(/home/joas329/Desktop/rover_simulation/src) by extensions ['ignore', 'ignore_ament_install']
[2.136s] Level 1:colcon.colcon_core.package_identification:_identify(/home/joas329/Desktop/rover_simulation/src) by extension 'ignore'
[2.137s] Level 1:colcon.colcon_core.package_identification:_identify(/home/joas329/Desktop/rover_simulation/src) by extension 'ignore_ament_install'
[2.137s] Level 1:colcon.colcon_core.package_identification:_identify(/home/joas329/Desktop/rover_simulation/src) by extensions ['colcon_pkg']
[2.137s] Level 1:colcon.colcon_core.package_identification:_identify(/home/joas329/Desktop/rover_simulation/src) by extension 'colcon_pkg'
[2.137s] Level 1:colcon.colcon_core.package_identification:_identify(/home/joas329/Desktop/rover_simulation/src) by extensions ['colcon_meta']
[2.140s] Level 1:colcon.colcon_core.package_identification:_identify(/home/joas329/Desktop/rover_simulation/src) by extension 'colcon_meta'
[2.141s] Level 1:colcon.colcon_core.package_identification:_identify(/home/joas329/Desktop/rover_simulation/src) by extensions ['ros']
[2.141s] Level 1:colcon.colcon_core.package_identification:_identify(/home/joas329/Desktop/rover_simulation/src) by extension 'ros'
[2.141s] Level 1:colcon.colcon_core.package_identification:_identify(/home/joas329/Desktop/rover_simulation/src) by extensions ['cmake', 'python']
[2.141s] Level 1:colcon.colcon_core.package_identification:_identify(/home/joas329/Desktop/rover_simulation/src) by extension 'cmake'
[2.141s] Level 1:colcon.colcon_core.package_identification:_identify(/home/joas329/Desktop/rover_simulation/src) by extension 'python'
[2.141s] Level 1:colcon.colcon_core.package_identification:_identify(/home/joas329/Desktop/rover_simulation/src) by extensions ['python_setup_py']
[2.141s] Level 1:colcon.colcon_core.package_identification:_identify(/home/joas329/Desktop/rover_simulation/src) by extension 'python_setup_py'
[2.180s] Level 1:colcon.colcon_core.package_identification:_identify(/home/joas329/Desktop/rover_simulation/src/build) by extensions ['ignore', 'ignore_ament_install']
[2.180s] Level 1:colcon.colcon_core.package_identification:_identify(/home/joas329/Desktop/rover_simulation/src/build) by extension 'ignore'
[2.180s] Level 1:colcon.colcon_core.package_identification:_identify(/home/joas329/Desktop/rover_simulation/src/build) ignored
[2.180s] Level 1:colcon.colcon_core.package_identification:_identify(/home/joas329/Desktop/rover_simulation/src/install) by extensions ['ignore', 'ignore_ament_install']
[2.180s] Level 1:colcon.colcon_core.package_identification:_identify(/home/joas329/Desktop/rover_simulation/src/install) by extension 'ignore'
[2.180s] Level 1:colcon.colcon_core.package_identification:_identify(/home/joas329/Desktop/rover_simulation/src/install) ignored
[2.181s] Level 1:colcon.colcon_core.package_identification:_identify(/home/joas329/Desktop/rover_simulation/src/log) by extensions ['ignore', 'ignore_ament_install']
[2.181s] Level 1:colcon.colcon_core.package_identification:_identify(/home/joas329/Desktop/rover_simulation/src/log) by extension 'ignore'
[2.181s] Level 1:colcon.colcon_core.package_identification:_identify(/home/joas329/Desktop/rover_simulation/src/log) ignored
[2.185s] Level 1:colcon.colcon_core.package_identification:_identify(/home/joas329/Desktop/rover_simulation/src/my_bot) by extensions ['ignore', 'ignore_ament_install']
[2.185s] Level 1:colcon.colcon_core.package_identification:_identify(/home/joas329/Desktop/rover_simulation/src/my_bot) by extension 'ignore'
[2.185s] Level 1:colcon.colcon_core.package_identification:_identify(/home/joas329/Desktop/rover_simulation/src/my_bot) by extension 'ignore_ament_install'
[2.185s] Level 1:colcon.colcon_core.package_identification:_identify(/home/joas329/Desktop/rover_simulation/src/my_bot) by extensions ['colcon_pkg']
[2.185s] Level 1:colcon.colcon_core.package_identification:_identify(/home/joas329/Desktop/rover_simulation/src/my_bot) by extension 'colcon_pkg'
[2.185s] Level 1:colcon.colcon_core.package_identification:_identify(/home/joas329/Desktop/rover_simulation/src/my_bot) by extensions ['colcon_meta']
[2.185s] Level 1:colcon.colcon_core.package_identification:_identify(/home/joas329/Desktop/rover_simulation/src/my_bot) by extension 'colcon_meta'
[2.185s] Level 1:colcon.colcon_core.package_identification:_identify(/home/joas329/Desktop/rover_simulation/src/my_bot) by extensions ['ros']
[2.185s] Level 1:colcon.colcon_core.package_identification:_identify(/home/joas329/Desktop/rover_simulation/src/my_bot) by extension 'ros'
[2.193s] DEBUG:colcon.colcon_core.package_identification:Package '/home/joas329/Desktop/rover_simulation/src/my_bot' with type 'ros.ament_python' and name 'my_bot'
[2.193s] Level 1:colcon.colcon_core.package_identification:_identify(/home/joas329/Desktop/rover_simulation/src/pointcloud_to_laserscan) by extensions ['ignore', 'ignore_ament_install']
[2.193s] Level 1:colcon.colcon_core.package_identification:_identify(/home/joas329/Desktop/rover_simulation/src/pointcloud_to_laserscan) by extension 'ignore'
[2.193s] Level 1:colcon.colcon_core.package_identification:_identify(/home/joas329/Desktop/rover_simulation/src/pointcloud_to_laserscan) by extension 'ignore_ament_install'
[2.193s] Level 1:colcon.colcon_core.package_identification:_identify(/home/joas329/Desktop/rover_simulation/src/pointcloud_to_laserscan) by extensions ['colcon_pkg']
[2.193s] Level 1:colcon.colcon_core.package_identification:_identify(/home/joas329/Desktop/rover_simulation/src/pointcloud_to_laserscan) by extension 'colcon_pkg'
[2.193s] Level 1:colcon.colcon_core.package_identification:_identify(/home/joas329/Desktop/rover_simulation/src/pointcloud_to_laserscan) by extensions ['colcon_meta']
[2.193s] Level 1:colcon.colcon_core.package_identification:_identify(/home/joas329/Desktop/rover_simulation/src/pointcloud_to_laserscan) by extension 'colcon_meta'
[2.193s] Level 1:colcon.colcon_core.package_identification:_identify(/home/joas329/Desktop/rover_simulation/src/pointcloud_to_laserscan) by extensions ['ros']
[2.193s] Level 1:colcon.colcon_core.package_identification:_identify(/home/joas329/Desktop/rover_simulation/src/pointcloud_to_laserscan) by extension 'ros'
[2.198s] DEBUG:colcon.colcon_core.package_identification:Package '/home/joas329/Desktop/rover_simulation/src/pointcloud_to_laserscan' with type 'ros.ament_cmake' and name 'pointcloud_to_laserscan'
[2.199s] Level 1:colcon.colcon_core.package_discovery:discover_packages(recursive) using defaults
