[0.637s] Invoking command in '/home/joas329/Desktop/rover_simulation/src/my_bot': PYTHONPATH=/home/joas329/Desktop/rover_simulation/build/my_bot/prefix_override:/home/joas329/Desktop/rover_simulation/install/my_bot/lib/python3.10/site-packages:${PYTHONPATH} /usr/bin/python3 setup.py egg_info --egg-base ../../build/my_bot build --build-base /home/joas329/Desktop/rover_simulation/build/my_bot/build install --record /home/joas329/Desktop/rover_simulation/build/my_bot/install.log --single-version-externally-managed
[0.890s] running egg_info
[0.890s] writing ../../build/my_bot/my_bot.egg-info/PKG-INFO
[0.890s] writing dependency_links to ../../build/my_bot/my_bot.egg-info/dependency_links.txt
[0.891s] writing entry points to ../../build/my_bot/my_bot.egg-info/entry_points.txt
[0.891s] writing requirements to ../../build/my_bot/my_bot.egg-info/requires.txt
[0.891s] writing top-level names to ../../build/my_bot/my_bot.egg-info/top_level.txt
[0.892s] reading manifest file '../../build/my_bot/my_bot.egg-info/SOURCES.txt'
[0.894s] writing manifest file '../../build/my_bot/my_bot.egg-info/SOURCES.txt'
[0.894s] running build
[0.894s] running build_py
[0.894s] running install
[0.894s] running install_lib
[0.895s] running install_data
[0.896s] running install_egg_info
[0.898s] removing '/home/joas329/Desktop/rover_simulation/install/my_bot/lib/python3.10/site-packages/my_bot-0.0.0-py3.10.egg-info' (and everything under it)
[0.898s] Copying ../../build/my_bot/my_bot.egg-info to /home/joas329/Desktop/rover_simulation/install/my_bot/lib/python3.10/site-packages/my_bot-0.0.0-py3.10.egg-info
[0.899s] running install_scripts
[0.917s] writing list of installed files to '/home/joas329/Desktop/rover_simulation/build/my_bot/install.log'
[0.943s] Invoked command in '/home/joas329/Desktop/rover_simulation/src/my_bot' returned '0': PYTHONPATH=/home/joas329/Desktop/rover_simulation/build/my_bot/prefix_override:/home/joas329/Desktop/rover_simulation/install/my_bot/lib/python3.10/site-packages:${PYTHONPATH} /usr/bin/python3 setup.py egg_info --egg-base ../../build/my_bot build --build-base /home/joas329/Desktop/rover_simulation/build/my_bot/build install --record /home/joas329/Desktop/rover_simulation/build/my_bot/install.log --single-version-externally-managed
