[0.160s] Invoking command in '/home/joas329/Desktop/rover_simulation/build/control_moveit_config': AMENT_PREFIX_PATH=/home/joas329/Desktop/rover_simulation/install/my_bot:/home/joas329/Desktop/rover_simulation/install/yurs_hardware:/home/joas329/Desktop/rover_simulation/install/pointcloud_to_laserscan:/home/joas329/Desktop/rover_simulation/install/control_moveit_config:/home/joas329/Desktop/rover_simulation/install/arm_moveit_config:/home/joas329/Desktop/rover_simulation/install/arm_control_moveit_config:/opt/ros/humble CMAKE_PREFIX_PATH=${CMAKE_PREFIX_PATH}:/home/joas329/Desktop/rover_simulation/install/my_bot:/opt/ros/humble /usr/bin/cmake --build /home/joas329/Desktop/rover_simulation/build/control_moveit_config -- -j8 -l8
[0.495s] Invoked command in '/home/joas329/Desktop/rover_simulation/build/control_moveit_config' returned '0': AMENT_PREFIX_PATH=/home/joas329/Desktop/rover_simulation/install/my_bot:/home/joas329/Desktop/rover_simulation/install/yurs_hardware:/home/joas329/Desktop/rover_simulation/install/pointcloud_to_laserscan:/home/joas329/Desktop/rover_simulation/install/control_moveit_config:/home/joas329/Desktop/rover_simulation/install/arm_moveit_config:/home/joas329/Desktop/rover_simulation/install/arm_control_moveit_config:/opt/ros/humble CMAKE_PREFIX_PATH=${CMAKE_PREFIX_PATH}:/home/joas329/Desktop/rover_simulation/install/my_bot:/opt/ros/humble /usr/bin/cmake --build /home/joas329/Desktop/rover_simulation/build/control_moveit_config -- -j8 -l8
[0.721s] Invoking command in '/home/joas329/Desktop/rover_simulation/build/control_moveit_config': AMENT_PREFIX_PATH=/home/joas329/Desktop/rover_simulation/install/my_bot:/home/joas329/Desktop/rover_simulation/install/yurs_hardware:/home/joas329/Desktop/rover_simulation/install/pointcloud_to_laserscan:/home/joas329/Desktop/rover_simulation/install/control_moveit_config:/home/joas329/Desktop/rover_simulation/install/arm_moveit_config:/home/joas329/Desktop/rover_simulation/install/arm_control_moveit_config:/opt/ros/humble CMAKE_PREFIX_PATH=${CMAKE_PREFIX_PATH}:/home/joas329/Desktop/rover_simulation/install/my_bot:/opt/ros/humble /usr/bin/cmake --install /home/joas329/Desktop/rover_simulation/build/control_moveit_config
[0.926s] -- Install configuration: ""
[0.927s] -- Up-to-date: /home/joas329/Desktop/rover_simulation/install/control_moveit_config/share/ament_index/resource_index/package_run_dependencies/control_moveit_config
[0.927s] -- Up-to-date: /home/joas329/Desktop/rover_simulation/install/control_moveit_config/share/ament_index/resource_index/parent_prefix_path/control_moveit_config
[0.928s] -- Up-to-date: /home/joas329/Desktop/rover_simulation/install/control_moveit_config/share/control_moveit_config/environment/ament_prefix_path.sh
[0.929s] -- Up-to-date: /home/joas329/Desktop/rover_simulation/install/control_moveit_config/share/control_moveit_config/environment/ament_prefix_path.dsv
[0.935s] -- Up-to-date: /home/joas329/Desktop/rover_simulation/install/control_moveit_config/share/control_moveit_config/environment/path.sh
[0.936s] -- Up-to-date: /home/joas329/Desktop/rover_simulation/install/control_moveit_config/share/control_moveit_config/environment/path.dsv
[0.938s] -- Up-to-date: /home/joas329/Desktop/rover_simulation/install/control_moveit_config/share/control_moveit_config/local_setup.bash
[0.944s] -- Up-to-date: /home/joas329/Desktop/rover_simulation/install/control_moveit_config/share/control_moveit_config/local_setup.sh
[0.946s] -- Up-to-date: /home/joas329/Desktop/rover_simulation/install/control_moveit_config/share/control_moveit_config/local_setup.zsh
[0.947s] -- Up-to-date: /home/joas329/Desktop/rover_simulation/install/control_moveit_config/share/control_moveit_config/local_setup.dsv
[0.948s] -- Installing: /home/joas329/Desktop/rover_simulation/install/control_moveit_config/share/control_moveit_config/package.dsv
[0.949s] -- Up-to-date: /home/joas329/Desktop/rover_simulation/install/control_moveit_config/share/ament_index/resource_index/packages/control_moveit_config
[0.960s] -- Up-to-date: /home/joas329/Desktop/rover_simulation/install/control_moveit_config/share/control_moveit_config/cmake/control_moveit_configConfig.cmake
[0.971s] -- Up-to-date: /home/joas329/Desktop/rover_simulation/install/control_moveit_config/share/control_moveit_config/cmake/control_moveit_configConfig-version.cmake
[0.972s] -- Up-to-date: /home/joas329/Desktop/rover_simulation/install/control_moveit_config/share/control_moveit_config/package.xml
[0.973s] -- Up-to-date: /home/joas329/Desktop/rover_simulation/install/control_moveit_config/share/control_moveit_config/launch
[0.974s] -- Up-to-date: /home/joas329/Desktop/rover_simulation/install/control_moveit_config/share/control_moveit_config/launch/spawn_controllers.launch.py
[0.975s] -- Up-to-date: /home/joas329/Desktop/rover_simulation/install/control_moveit_config/share/control_moveit_config/launch/static_virtual_joint_tfs.launch.py
[0.976s] -- Up-to-date: /home/joas329/Desktop/rover_simulation/install/control_moveit_config/share/control_moveit_config/launch/warehouse_db.launch.py
[0.977s] -- Up-to-date: /home/joas329/Desktop/rover_simulation/install/control_moveit_config/share/control_moveit_config/launch/setup_assistant.launch.py
[0.980s] -- Up-to-date: /home/joas329/Desktop/rover_simulation/install/control_moveit_config/share/control_moveit_config/launch/final2.launch.py
[0.982s] -- Up-to-date: /home/joas329/Desktop/rover_simulation/install/control_moveit_config/share/control_moveit_config/launch/demo.launch.py
[0.983s] -- Up-to-date: /home/joas329/Desktop/rover_simulation/install/control_moveit_config/share/control_moveit_config/launch/rsp.launch.py
[0.984s] -- Up-to-date: /home/joas329/Desktop/rover_simulation/install/control_moveit_config/share/control_moveit_config/launch/moveit_rviz.launch.py
[0.985s] -- Up-to-date: /home/joas329/Desktop/rover_simulation/install/control_moveit_config/share/control_moveit_config/launch/move_group.launch.py
[0.985s] -- Up-to-date: /home/joas329/Desktop/rover_simulation/install/control_moveit_config/share/control_moveit_config/config
[0.986s] -- Up-to-date: /home/joas329/Desktop/rover_simulation/install/control_moveit_config/share/control_moveit_config/config/chomp_planning.yaml
[0.986s] -- Up-to-date: /home/joas329/Desktop/rover_simulation/install/control_moveit_config/share/control_moveit_config/config/pilz_cartesian_limits.yaml
[0.987s] -- Up-to-date: /home/joas329/Desktop/rover_simulation/install/control_moveit_config/share/control_moveit_config/config/moveit_controllers.yaml
[0.988s] -- Up-to-date: /home/joas329/Desktop/rover_simulation/install/control_moveit_config/share/control_moveit_config/config/ompl_planning.yaml
[0.988s] -- Up-to-date: /home/joas329/Desktop/rover_simulation/install/control_moveit_config/share/control_moveit_config/config/kinematics.yaml
[0.989s] -- Up-to-date: /home/joas329/Desktop/rover_simulation/install/control_moveit_config/share/control_moveit_config/config/robot_arm.urdf.xacro
[0.989s] -- Up-to-date: /home/joas329/Desktop/rover_simulation/install/control_moveit_config/share/control_moveit_config/config/ros2_controllers.yaml
[0.990s] -- Up-to-date: /home/joas329/Desktop/rover_simulation/install/control_moveit_config/share/control_moveit_config/config/robot_arm.srdf
[0.995s] -- Up-to-date: /home/joas329/Desktop/rover_simulation/install/control_moveit_config/share/control_moveit_config/config/robot_arm.ros2_control.xacro
[0.996s] -- Up-to-date: /home/joas329/Desktop/rover_simulation/install/control_moveit_config/share/control_moveit_config/config/initial_positions.yaml
[0.998s] -- Up-to-date: /home/joas329/Desktop/rover_simulation/install/control_moveit_config/share/control_moveit_config/config/joint_limits.yaml
[1.000s] -- Up-to-date: /home/joas329/Desktop/rover_simulation/install/control_moveit_config/share/control_moveit_config/config/moveit.rviz
[1.002s] -- Up-to-date: /home/joas329/Desktop/rover_simulation/install/control_moveit_config/share/control_moveit_config/.setup_assistant
[1.270s] Invoked command in '/home/joas329/Desktop/rover_simulation/build/control_moveit_config' returned '0': AMENT_PREFIX_PATH=/home/joas329/Desktop/rover_simulation/install/my_bot:/home/joas329/Desktop/rover_simulation/install/yurs_hardware:/home/joas329/Desktop/rover_simulation/install/pointcloud_to_laserscan:/home/joas329/Desktop/rover_simulation/install/control_moveit_config:/home/joas329/Desktop/rover_simulation/install/arm_moveit_config:/home/joas329/Desktop/rover_simulation/install/arm_control_moveit_config:/opt/ros/humble CMAKE_PREFIX_PATH=${CMAKE_PREFIX_PATH}:/home/joas329/Desktop/rover_simulation/install/my_bot:/opt/ros/humble /usr/bin/cmake --install /home/joas329/Desktop/rover_simulation/build/control_moveit_config
