[2.197s] Invoking command in '/home/joas329/Desktop/rover_simulation/build/yurs_hardware': CMAKE_PREFIX_PATH=${CMAKE_PREFIX_PATH}:/home/joas329/Desktop/rover_simulation/install/my_bot:/opt/ros/humble /usr/bin/cmake --build /home/joas329/Desktop/rover_simulation/build/yurs_hardware -- -j8 -l8
[2.722s] [100%] Built target yurs_hardware
[2.813s] Invoked command in '/home/joas329/Desktop/rover_simulation/build/yurs_hardware' returned '0': CMAKE_PREFIX_PATH=${CMAKE_PREFIX_PATH}:/home/joas329/Desktop/rover_simulation/install/my_bot:/opt/ros/humble /usr/bin/cmake --build /home/joas329/Desktop/rover_simulation/build/yurs_hardware -- -j8 -l8
[3.073s] Invoking command in '/home/joas329/Desktop/rover_simulation/build/yurs_hardware': CMAKE_PREFIX_PATH=${CMAKE_PREFIX_PATH}:/home/joas329/Desktop/rover_simulation/install/my_bot:/opt/ros/humble /usr/bin/cmake --install /home/joas329/Desktop/rover_simulation/build/yurs_hardware
[3.128s] -- Install configuration: ""
[3.129s] -- Up-to-date: /home/joas329/Desktop/rover_simulation/install/yurs_hardware/share/yurs_hardware/yurs_hardware_plugin.xml
[3.130s] -- Up-to-date: /home/joas329/Desktop/rover_simulation/install/yurs_hardware/include
[3.131s] -- Up-to-date: /home/joas329/Desktop/rover_simulation/install/yurs_hardware/include/yurs_hardware
[3.132s] -- Up-to-date: /home/joas329/Desktop/rover_simulation/install/yurs_hardware/include/yurs_hardware/yurs_motor.hpp
[3.133s] -- Up-to-date: /home/joas329/Desktop/rover_simulation/install/yurs_hardware/lib/libyurs_hardware.so
[3.144s] -- Up-to-date: /home/joas329/Desktop/rover_simulation/install/yurs_hardware/share/ament_index/resource_index/package_run_dependencies/yurs_hardware
[3.145s] -- Up-to-date: /home/joas329/Desktop/rover_simulation/install/yurs_hardware/share/ament_index/resource_index/parent_prefix_path/yurs_hardware
[3.145s] -- Up-to-date: /home/joas329/Desktop/rover_simulation/install/yurs_hardware/share/yurs_hardware/environment/ament_prefix_path.sh
[3.146s] -- Up-to-date: /home/joas329/Desktop/rover_simulation/install/yurs_hardware/share/yurs_hardware/environment/ament_prefix_path.dsv
[3.147s] -- Up-to-date: /home/joas329/Desktop/rover_simulation/install/yurs_hardware/share/yurs_hardware/environment/path.sh
[3.149s] -- Up-to-date: /home/joas329/Desktop/rover_simulation/install/yurs_hardware/share/yurs_hardware/environment/path.dsv
[3.171s] -- Up-to-date: /home/joas329/Desktop/rover_simulation/install/yurs_hardware/share/yurs_hardware/local_setup.bash
[3.171s] -- Up-to-date: /home/joas329/Desktop/rover_simulation/install/yurs_hardware/share/yurs_hardware/local_setup.sh
[3.172s] -- Up-to-date: /home/joas329/Desktop/rover_simulation/install/yurs_hardware/share/yurs_hardware/local_setup.zsh
[3.173s] -- Up-to-date: /home/joas329/Desktop/rover_simulation/install/yurs_hardware/share/yurs_hardware/local_setup.dsv
[3.173s] -- Installing: /home/joas329/Desktop/rover_simulation/install/yurs_hardware/share/yurs_hardware/package.dsv
[3.175s] -- Up-to-date: /home/joas329/Desktop/rover_simulation/install/yurs_hardware/share/ament_index/resource_index/packages/yurs_hardware
[3.176s] -- Up-to-date: /home/joas329/Desktop/rover_simulation/install/yurs_hardware/share/ament_index/resource_index/hardware_interface__pluginlib__plugin/yurs_hardware
[3.177s] -- Up-to-date: /home/joas329/Desktop/rover_simulation/install/yurs_hardware/share/yurs_hardware/cmake/yurs_hardwareConfig.cmake
[3.178s] -- Up-to-date: /home/joas329/Desktop/rover_simulation/install/yurs_hardware/share/yurs_hardware/cmake/yurs_hardwareConfig-version.cmake
[3.179s] -- Up-to-date: /home/joas329/Desktop/rover_simulation/install/yurs_hardware/share/yurs_hardware/package.xml
[3.181s] Invoked command in '/home/joas329/Desktop/rover_simulation/build/yurs_hardware' returned '0': CMAKE_PREFIX_PATH=${CMAKE_PREFIX_PATH}:/home/joas329/Desktop/rover_simulation/install/my_bot:/opt/ros/humble /usr/bin/cmake --install /home/joas329/Desktop/rover_simulation/build/yurs_hardware
