[2.210s] Invoking command in '/home/joas329/Desktop/rover_simulation/build/pointcloud_to_laserscan': CMAKE_PREFIX_PATH=${CMAKE_PREFIX_PATH}:/home/joas329/Desktop/rover_simulation/install/my_bot:/opt/ros/humble /usr/bin/cmake --build /home/joas329/Desktop/rover_simulation/build/pointcloud_to_laserscan -- -j8 -l8
[2.675s] [ 30%] Built target pointcloud_to_laserscan_node
[2.679s] [ 40%] Built target laserscan_to_pointcloud
[2.717s] [ 60%] Built target laserscan_to_pointcloud_node
[2.919s] [ 80%] Built target pointcloud_to_laserscan
[3.122s] [100%] Built target dummy_pointcloud_publisher
[3.341s] Invoked command in '/home/joas329/Desktop/rover_simulation/build/pointcloud_to_laserscan' returned '0': CMAKE_PREFIX_PATH=${CMAKE_PREFIX_PATH}:/home/joas329/Desktop/rover_simulation/install/my_bot:/opt/ros/humble /usr/bin/cmake --build /home/joas329/Desktop/rover_simulation/build/pointcloud_to_laserscan -- -j8 -l8
[3.755s] Invoking command in '/home/joas329/Desktop/rover_simulation/build/pointcloud_to_laserscan': CMAKE_PREFIX_PATH=${CMAKE_PREFIX_PATH}:/home/joas329/Desktop/rover_simulation/install/my_bot:/opt/ros/humble /usr/bin/cmake --install /home/joas329/Desktop/rover_simulation/build/pointcloud_to_laserscan
[3.803s] -- Install configuration: ""
[3.804s] -- Up-to-date: /home/joas329/Desktop/rover_simulation/install/pointcloud_to_laserscan/lib/pointcloud_to_laserscan/laserscan_to_pointcloud_node
[3.807s] -- Up-to-date: /home/joas329/Desktop/rover_simulation/install/pointcloud_to_laserscan/lib/pointcloud_to_laserscan/pointcloud_to_laserscan_node
[3.810s] -- Up-to-date: /home/joas329/Desktop/rover_simulation/install/pointcloud_to_laserscan/include
[3.811s] -- Up-to-date: /home/joas329/Desktop/rover_simulation/install/pointcloud_to_laserscan/include/pointcloud_to_laserscan
[3.812s] -- Up-to-date: /home/joas329/Desktop/rover_simulation/install/pointcloud_to_laserscan/include/pointcloud_to_laserscan/pointcloud_to_laserscan_node.hpp
[3.813s] -- Up-to-date: /home/joas329/Desktop/rover_simulation/install/pointcloud_to_laserscan/include/pointcloud_to_laserscan/laserscan_to_pointcloud_node.hpp
[3.813s] -- Up-to-date: /home/joas329/Desktop/rover_simulation/install/pointcloud_to_laserscan/include/pointcloud_to_laserscan/visibility_control.h
[3.814s] -- Up-to-date: /home/joas329/Desktop/rover_simulation/install/pointcloud_to_laserscan/share/pointcloud_to_laserscan/environment/library_path.sh
[3.815s] -- Up-to-date: /home/joas329/Desktop/rover_simulation/install/pointcloud_to_laserscan/share/pointcloud_to_laserscan/environment/library_path.dsv
[3.815s] -- Up-to-date: /home/joas329/Desktop/rover_simulation/install/pointcloud_to_laserscan/lib/liblaserscan_to_pointcloud.so
[3.816s] -- Up-to-date: /home/joas329/Desktop/rover_simulation/install/pointcloud_to_laserscan/lib/libpointcloud_to_laserscan.so
[3.819s] -- Up-to-date: /home/joas329/Desktop/rover_simulation/install/pointcloud_to_laserscan/lib/pointcloud_to_laserscan/dummy_pointcloud_publisher
[3.821s] -- Up-to-date: /home/joas329/Desktop/rover_simulation/install/pointcloud_to_laserscan/share/pointcloud_to_laserscan/launch
[3.823s] -- Up-to-date: /home/joas329/Desktop/rover_simulation/install/pointcloud_to_laserscan/share/pointcloud_to_laserscan/launch/sample_pointcloud_to_laserscan_launch.py
[3.823s] -- Up-to-date: /home/joas329/Desktop/rover_simulation/install/pointcloud_to_laserscan/share/pointcloud_to_laserscan/launch/sample_laserscan_to_pointcloud_launch.py
[3.824s] -- Up-to-date: /home/joas329/Desktop/rover_simulation/install/pointcloud_to_laserscan/share/ament_index/resource_index/package_run_dependencies/pointcloud_to_laserscan
[3.825s] -- Up-to-date: /home/joas329/Desktop/rover_simulation/install/pointcloud_to_laserscan/share/ament_index/resource_index/parent_prefix_path/pointcloud_to_laserscan
[3.827s] -- Up-to-date: /home/joas329/Desktop/rover_simulation/install/pointcloud_to_laserscan/share/pointcloud_to_laserscan/environment/ament_prefix_path.sh
[3.830s] -- Up-to-date: /home/joas329/Desktop/rover_simulation/install/pointcloud_to_laserscan/share/pointcloud_to_laserscan/environment/ament_prefix_path.dsv
[3.831s] -- Up-to-date: /home/joas329/Desktop/rover_simulation/install/pointcloud_to_laserscan/share/pointcloud_to_laserscan/environment/path.sh
[3.832s] -- Up-to-date: /home/joas329/Desktop/rover_simulation/install/pointcloud_to_laserscan/share/pointcloud_to_laserscan/environment/path.dsv
[3.833s] -- Up-to-date: /home/joas329/Desktop/rover_simulation/install/pointcloud_to_laserscan/share/pointcloud_to_laserscan/local_setup.bash
[3.833s] -- Up-to-date: /home/joas329/Desktop/rover_simulation/install/pointcloud_to_laserscan/share/pointcloud_to_laserscan/local_setup.sh
[3.834s] -- Up-to-date: /home/joas329/Desktop/rover_simulation/install/pointcloud_to_laserscan/share/pointcloud_to_laserscan/local_setup.zsh
[3.835s] -- Up-to-date: /home/joas329/Desktop/rover_simulation/install/pointcloud_to_laserscan/share/pointcloud_to_laserscan/local_setup.dsv
[3.852s] -- Installing: /home/joas329/Desktop/rover_simulation/install/pointcloud_to_laserscan/share/pointcloud_to_laserscan/package.dsv
[3.852s] -- Up-to-date: /home/joas329/Desktop/rover_simulation/install/pointcloud_to_laserscan/share/ament_index/resource_index/packages/pointcloud_to_laserscan
[3.853s] -- Up-to-date: /home/joas329/Desktop/rover_simulation/install/pointcloud_to_laserscan/share/ament_index/resource_index/rclcpp_components/pointcloud_to_laserscan
[3.854s] -- Up-to-date: /home/joas329/Desktop/rover_simulation/install/pointcloud_to_laserscan/share/pointcloud_to_laserscan/cmake/ament_cmake_export_dependencies-extras.cmake
[3.865s] -- Up-to-date: /home/joas329/Desktop/rover_simulation/install/pointcloud_to_laserscan/share/pointcloud_to_laserscan/cmake/ament_cmake_export_include_directories-extras.cmake
[3.888s] -- Up-to-date: /home/joas329/Desktop/rover_simulation/install/pointcloud_to_laserscan/share/pointcloud_to_laserscan/cmake/ament_cmake_export_libraries-extras.cmake
[3.893s] -- Up-to-date: /home/joas329/Desktop/rover_simulation/install/pointcloud_to_laserscan/share/pointcloud_to_laserscan/cmake/pointcloud_to_laserscanConfig.cmake
[3.894s] -- Up-to-date: /home/joas329/Desktop/rover_simulation/install/pointcloud_to_laserscan/share/pointcloud_to_laserscan/cmake/pointcloud_to_laserscanConfig-version.cmake
[3.895s] -- Up-to-date: /home/joas329/Desktop/rover_simulation/install/pointcloud_to_laserscan/share/pointcloud_to_laserscan/package.xml
[3.896s] Invoked command in '/home/joas329/Desktop/rover_simulation/build/pointcloud_to_laserscan' returned '0': CMAKE_PREFIX_PATH=${CMAKE_PREFIX_PATH}:/home/joas329/Desktop/rover_simulation/install/my_bot:/opt/ros/humble /usr/bin/cmake --install /home/joas329/Desktop/rover_simulation/build/pointcloud_to_laserscan
