[2.138s] Invoking command in '/home/joas329/Desktop/rover_simulation/build/yurs_hardware': CMAKE_PREFIX_PATH=${CMAKE_PREFIX_PATH}:/home/joas329/Desktop/rover_simulation/install/my_bot:/opt/ros/humble /usr/bin/cmake --build /home/joas329/Desktop/rover_simulation/build/yurs_hardware -- -j8 -l8
[2.491s] [100%] Built target yurs_hardware
[2.565s] Invoked command in '/home/joas329/Desktop/rover_simulation/build/yurs_hardware' returned '0': CMAKE_PREFIX_PATH=${CMAKE_PREFIX_PATH}:/home/joas329/Desktop/rover_simulation/install/my_bot:/opt/ros/humble /usr/bin/cmake --build /home/joas329/Desktop/rover_simulation/build/yurs_hardware -- -j8 -l8
[2.768s] Invoking command in '/home/joas329/Desktop/rover_simulation/build/yurs_hardware': CMAKE_PREFIX_PATH=${CMAKE_PREFIX_PATH}:/home/joas329/Desktop/rover_simulation/install/my_bot:/opt/ros/humble /usr/bin/cmake --install /home/joas329/Desktop/rover_simulation/build/yurs_hardware
[2.812s] -- Install configuration: ""
[2.813s] -- Up-to-date: /home/joas329/Desktop/rover_simulation/install/yurs_hardware/share/yurs_hardware/yurs_hardware_plugin.xml
[2.814s] -- Up-to-date: /home/joas329/Desktop/rover_simulation/install/yurs_hardware/include
[2.815s] -- Up-to-date: /home/joas329/Desktop/rover_simulation/install/yurs_hardware/include/yurs_hardware
[2.816s] -- Up-to-date: /home/joas329/Desktop/rover_simulation/install/yurs_hardware/include/yurs_hardware/yurs_motor.hpp
[2.818s] -- Up-to-date: /home/joas329/Desktop/rover_simulation/install/yurs_hardware/lib/libyurs_hardware.so
[2.820s] -- Up-to-date: /home/joas329/Desktop/rover_simulation/install/yurs_hardware/share/ament_index/resource_index/package_run_dependencies/yurs_hardware
[2.821s] -- Up-to-date: /home/joas329/Desktop/rover_simulation/install/yurs_hardware/share/ament_index/resource_index/parent_prefix_path/yurs_hardware
[2.823s] -- Up-to-date: /home/joas329/Desktop/rover_simulation/install/yurs_hardware/share/yurs_hardware/environment/ament_prefix_path.sh
[2.823s] -- Up-to-date: /home/joas329/Desktop/rover_simulation/install/yurs_hardware/share/yurs_hardware/environment/ament_prefix_path.dsv
[2.824s] -- Up-to-date: /home/joas329/Desktop/rover_simulation/install/yurs_hardware/share/yurs_hardware/environment/path.sh
[2.825s] -- Up-to-date: /home/joas329/Desktop/rover_simulation/install/yurs_hardware/share/yurs_hardware/environment/path.dsv
[2.825s] -- Up-to-date: /home/joas329/Desktop/rover_simulation/install/yurs_hardware/share/yurs_hardware/local_setup.bash
[2.825s] -- Up-to-date: /home/joas329/Desktop/rover_simulation/install/yurs_hardware/share/yurs_hardware/local_setup.sh
[2.826s] -- Up-to-date: /home/joas329/Desktop/rover_simulation/install/yurs_hardware/share/yurs_hardware/local_setup.zsh
[2.827s] -- Up-to-date: /home/joas329/Desktop/rover_simulation/install/yurs_hardware/share/yurs_hardware/local_setup.dsv
[2.827s] -- Installing: /home/joas329/Desktop/rover_simulation/install/yurs_hardware/share/yurs_hardware/package.dsv
[2.828s] -- Up-to-date: /home/joas329/Desktop/rover_simulation/install/yurs_hardware/share/ament_index/resource_index/packages/yurs_hardware
[2.830s] -- Up-to-date: /home/joas329/Desktop/rover_simulation/install/yurs_hardware/share/ament_index/resource_index/hardware_interface__pluginlib__plugin/yurs_hardware
[2.836s] -- Up-to-date: /home/joas329/Desktop/rover_simulation/install/yurs_hardware/share/yurs_hardware/cmake/yurs_hardwareConfig.cmake
[2.847s] -- Up-to-date: /home/joas329/Desktop/rover_simulation/install/yurs_hardware/share/yurs_hardware/cmake/yurs_hardwareConfig-version.cmake
[2.848s] -- Up-to-date: /home/joas329/Desktop/rover_simulation/install/yurs_hardware/share/yurs_hardware/package.xml
[2.849s] Invoked command in '/home/joas329/Desktop/rover_simulation/build/yurs_hardware' returned '0': CMAKE_PREFIX_PATH=${CMAKE_PREFIX_PATH}:/home/joas329/Desktop/rover_simulation/install/my_bot:/opt/ros/humble /usr/bin/cmake --install /home/joas329/Desktop/rover_simulation/build/yurs_hardware
