[1.631s] Invoking command in '/home/joas329/Desktop/rover_simulation/build/pointcloud_to_laserscan': CMAKE_PREFIX_PATH=${CMAKE_PREFIX_PATH}:/home/joas329/Desktop/rover_simulation/install/my_bot:/opt/ros/humble /usr/bin/cmake --build /home/joas329/Desktop/rover_simulation/build/pointcloud_to_laserscan -- -j8 -l8
[1.965s] [ 20%] Built target laserscan_to_pointcloud_node
[2.001s] [ 40%] Built target pointcloud_to_laserscan_node
[2.024s] [ 60%] Built target laserscan_to_pointcloud
[2.201s] [ 80%] Built target pointcloud_to_laserscan
[2.368s] [100%] Built target dummy_pointcloud_publisher
[2.507s] Invoked command in '/home/joas329/Desktop/rover_simulation/build/pointcloud_to_laserscan' returned '0': CMAKE_PREFIX_PATH=${CMAKE_PREFIX_PATH}:/home/joas329/Desktop/rover_simulation/install/my_bot:/opt/ros/humble /usr/bin/cmake --build /home/joas329/Desktop/rover_simulation/build/pointcloud_to_laserscan -- -j8 -l8
[2.797s] Invoking command in '/home/joas329/Desktop/rover_simulation/build/pointcloud_to_laserscan': CMAKE_PREFIX_PATH=${CMAKE_PREFIX_PATH}:/home/joas329/Desktop/rover_simulation/install/my_bot:/opt/ros/humble /usr/bin/cmake --install /home/joas329/Desktop/rover_simulation/build/pointcloud_to_laserscan
[2.836s] -- Install configuration: ""
[2.838s] -- Up-to-date: /home/joas329/Desktop/rover_simulation/install/pointcloud_to_laserscan/lib/pointcloud_to_laserscan/laserscan_to_pointcloud_node
[2.840s] -- Up-to-date: /home/joas329/Desktop/rover_simulation/install/pointcloud_to_laserscan/lib/pointcloud_to_laserscan/pointcloud_to_laserscan_node
[2.841s] -- Up-to-date: /home/joas329/Desktop/rover_simulation/install/pointcloud_to_laserscan/include
[2.842s] -- Up-to-date: /home/joas329/Desktop/rover_simulation/install/pointcloud_to_laserscan/include/pointcloud_to_laserscan
[2.843s] -- Up-to-date: /home/joas329/Desktop/rover_simulation/install/pointcloud_to_laserscan/include/pointcloud_to_laserscan/pointcloud_to_laserscan_node.hpp
[2.843s] -- Up-to-date: /home/joas329/Desktop/rover_simulation/install/pointcloud_to_laserscan/include/pointcloud_to_laserscan/laserscan_to_pointcloud_node.hpp
[2.844s] -- Up-to-date: /home/joas329/Desktop/rover_simulation/install/pointcloud_to_laserscan/include/pointcloud_to_laserscan/visibility_control.h
[2.845s] -- Up-to-date: /home/joas329/Desktop/rover_simulation/install/pointcloud_to_laserscan/share/pointcloud_to_laserscan/environment/library_path.sh
[2.845s] -- Up-to-date: /home/joas329/Desktop/rover_simulation/install/pointcloud_to_laserscan/share/pointcloud_to_laserscan/environment/library_path.dsv
[2.846s] -- Up-to-date: /home/joas329/Desktop/rover_simulation/install/pointcloud_to_laserscan/lib/liblaserscan_to_pointcloud.so
[2.847s] -- Up-to-date: /home/joas329/Desktop/rover_simulation/install/pointcloud_to_laserscan/lib/libpointcloud_to_laserscan.so
[2.848s] -- Up-to-date: /home/joas329/Desktop/rover_simulation/install/pointcloud_to_laserscan/lib/pointcloud_to_laserscan/dummy_pointcloud_publisher
[2.850s] -- Up-to-date: /home/joas329/Desktop/rover_simulation/install/pointcloud_to_laserscan/share/pointcloud_to_laserscan/launch
[2.852s] -- Up-to-date: /home/joas329/Desktop/rover_simulation/install/pointcloud_to_laserscan/share/pointcloud_to_laserscan/launch/sample_pointcloud_to_laserscan_launch.py
[2.852s] -- Up-to-date: /home/joas329/Desktop/rover_simulation/install/pointcloud_to_laserscan/share/pointcloud_to_laserscan/launch/sample_laserscan_to_pointcloud_launch.py
[2.853s] -- Up-to-date: /home/joas329/Desktop/rover_simulation/install/pointcloud_to_laserscan/share/ament_index/resource_index/package_run_dependencies/pointcloud_to_laserscan
[2.854s] -- Up-to-date: /home/joas329/Desktop/rover_simulation/install/pointcloud_to_laserscan/share/ament_index/resource_index/parent_prefix_path/pointcloud_to_laserscan
[2.856s] -- Up-to-date: /home/joas329/Desktop/rover_simulation/install/pointcloud_to_laserscan/share/pointcloud_to_laserscan/environment/ament_prefix_path.sh
[2.857s] -- Up-to-date: /home/joas329/Desktop/rover_simulation/install/pointcloud_to_laserscan/share/pointcloud_to_laserscan/environment/ament_prefix_path.dsv
[2.858s] -- Up-to-date: /home/joas329/Desktop/rover_simulation/install/pointcloud_to_laserscan/share/pointcloud_to_laserscan/environment/path.sh
[2.858s] -- Up-to-date: /home/joas329/Desktop/rover_simulation/install/pointcloud_to_laserscan/share/pointcloud_to_laserscan/environment/path.dsv
[2.859s] -- Up-to-date: /home/joas329/Desktop/rover_simulation/install/pointcloud_to_laserscan/share/pointcloud_to_laserscan/local_setup.bash
[2.859s] -- Up-to-date: /home/joas329/Desktop/rover_simulation/install/pointcloud_to_laserscan/share/pointcloud_to_laserscan/local_setup.sh
[2.859s] -- Up-to-date: /home/joas329/Desktop/rover_simulation/install/pointcloud_to_laserscan/share/pointcloud_to_laserscan/local_setup.zsh
[2.860s] -- Up-to-date: /home/joas329/Desktop/rover_simulation/install/pointcloud_to_laserscan/share/pointcloud_to_laserscan/local_setup.dsv
[2.860s] -- Installing: /home/joas329/Desktop/rover_simulation/install/pointcloud_to_laserscan/share/pointcloud_to_laserscan/package.dsv
[2.861s] -- Up-to-date: /home/joas329/Desktop/rover_simulation/install/pointcloud_to_laserscan/share/ament_index/resource_index/packages/pointcloud_to_laserscan
[2.861s] -- Up-to-date: /home/joas329/Desktop/rover_simulation/install/pointcloud_to_laserscan/share/ament_index/resource_index/rclcpp_components/pointcloud_to_laserscan
[2.863s] -- Up-to-date: /home/joas329/Desktop/rover_simulation/install/pointcloud_to_laserscan/share/pointcloud_to_laserscan/cmake/ament_cmake_export_dependencies-extras.cmake
[2.865s] -- Up-to-date: /home/joas329/Desktop/rover_simulation/install/pointcloud_to_laserscan/share/pointcloud_to_laserscan/cmake/ament_cmake_export_include_directories-extras.cmake
[2.877s] -- Up-to-date: /home/joas329/Desktop/rover_simulation/install/pointcloud_to_laserscan/share/pointcloud_to_laserscan/cmake/ament_cmake_export_libraries-extras.cmake
[2.897s] -- Up-to-date: /home/joas329/Desktop/rover_simulation/install/pointcloud_to_laserscan/share/pointcloud_to_laserscan/cmake/pointcloud_to_laserscanConfig.cmake
[2.899s] -- Up-to-date: /home/joas329/Desktop/rover_simulation/install/pointcloud_to_laserscan/share/pointcloud_to_laserscan/cmake/pointcloud_to_laserscanConfig-version.cmake
[2.900s] -- Up-to-date: /home/joas329/Desktop/rover_simulation/install/pointcloud_to_laserscan/share/pointcloud_to_laserscan/package.xml
[2.901s] Invoked command in '/home/joas329/Desktop/rover_simulation/build/pointcloud_to_laserscan' returned '0': CMAKE_PREFIX_PATH=${CMAKE_PREFIX_PATH}:/home/joas329/Desktop/rover_simulation/install/my_bot:/opt/ros/humble /usr/bin/cmake --install /home/joas329/Desktop/rover_simulation/build/pointcloud_to_laserscan
