[0.706s] Invoking command in '/home/joas329/Desktop/rover_simulation/src/my_bot': PYTHONPATH=/home/joas329/Desktop/rover_simulation/build/my_bot/prefix_override:/home/joas329/Desktop/rover_simulation/install/my_bot/lib/python3.10/site-packages:${PYTHONPATH} /usr/bin/python3 setup.py egg_info --egg-base ../../build/my_bot build --build-base /home/joas329/Desktop/rover_simulation/build/my_bot/build install --record /home/joas329/Desktop/rover_simulation/build/my_bot/install.log --single-version-externally-managed
[0.967s] running egg_info
[0.968s] creating ../../build/my_bot/my_bot.egg-info
[0.968s] writing ../../build/my_bot/my_bot.egg-info/PKG-INFO
[0.968s] writing dependency_links to ../../build/my_bot/my_bot.egg-info/dependency_links.txt
[0.969s] writing entry points to ../../build/my_bot/my_bot.egg-info/entry_points.txt
[0.969s] writing requirements to ../../build/my_bot/my_bot.egg-info/requires.txt
[0.969s] writing top-level names to ../../build/my_bot/my_bot.egg-info/top_level.txt
[0.969s] writing manifest file '../../build/my_bot/my_bot.egg-info/SOURCES.txt'
[0.972s] reading manifest file '../../build/my_bot/my_bot.egg-info/SOURCES.txt'
[0.973s] writing manifest file '../../build/my_bot/my_bot.egg-info/SOURCES.txt'
[0.973s] running build
[0.973s] running build_py
[0.973s] creating /home/joas329/Desktop/rover_simulation/build/my_bot/build
[0.973s] creating /home/joas329/Desktop/rover_simulation/build/my_bot/build/lib
[0.973s] creating /home/joas329/Desktop/rover_simulation/build/my_bot/build/lib/my_bot
[0.974s] copying my_bot/__init__.py -> /home/joas329/Desktop/rover_simulation/build/my_bot/build/lib/my_bot
[0.974s] running install
[0.974s] running install_lib
[0.975s] creating /home/joas329/Desktop/rover_simulation/install/my_bot/lib/python3.10/site-packages/my_bot
[0.975s] copying /home/joas329/Desktop/rover_simulation/build/my_bot/build/lib/my_bot/__init__.py -> /home/joas329/Desktop/rover_simulation/install/my_bot/lib/python3.10/site-packages/my_bot
[0.976s] byte-compiling /home/joas329/Desktop/rover_simulation/install/my_bot/lib/python3.10/site-packages/my_bot/__init__.py to __init__.cpython-310.pyc
[0.976s] running install_data
[0.977s] creating /home/joas329/Desktop/rover_simulation/install/my_bot/share/ament_index
[0.977s] creating /home/joas329/Desktop/rover_simulation/install/my_bot/share/ament_index/resource_index
[0.977s] creating /home/joas329/Desktop/rover_simulation/install/my_bot/share/ament_index/resource_index/packages
[0.978s] copying resource/my_bot -> /home/joas329/Desktop/rover_simulation/install/my_bot/share/ament_index/resource_index/packages
[0.978s] copying package.xml -> /home/joas329/Desktop/rover_simulation/install/my_bot/share/my_bot
[0.978s] creating /home/joas329/Desktop/rover_simulation/install/my_bot/share/my_bot/launch
[0.978s] copying launch/arm_gazebo.launch.py -> /home/joas329/Desktop/rover_simulation/install/my_bot/share/my_bot/launch
[0.978s] copying launch/launch_sim.launch.py -> /home/joas329/Desktop/rover_simulation/install/my_bot/share/my_bot/launch
[0.978s] copying launch/rsp.launch.py -> /home/joas329/Desktop/rover_simulation/install/my_bot/share/my_bot/launch
[0.978s] copying launch/sim.launch.py -> /home/joas329/Desktop/rover_simulation/install/my_bot/share/my_bot/launch
[0.978s] creating /home/joas329/Desktop/rover_simulation/install/my_bot/share/my_bot/config
[0.979s] copying config/arm_controllers.yaml -> /home/joas329/Desktop/rover_simulation/install/my_bot/share/my_bot/config
[0.993s] copying config/empty.yaml -> /home/joas329/Desktop/rover_simulation/install/my_bot/share/my_bot/config
[1.002s] copying config/my_controllers.yaml -> /home/joas329/Desktop/rover_simulation/install/my_bot/share/my_bot/config
[1.002s] copying config/twist_mux.yaml -> /home/joas329/Desktop/rover_simulation/install/my_bot/share/my_bot/config
[1.002s] copying config/gazebo_params.yaml -> /home/joas329/Desktop/rover_simulation/install/my_bot/share/my_bot/config
[1.003s] creating /home/joas329/Desktop/rover_simulation/install/my_bot/share/my_bot/description
[1.003s] copying description/robot.urdf.xacro -> /home/joas329/Desktop/rover_simulation/install/my_bot/share/my_bot/description
[1.003s] copying description/depth_camera.xacro -> /home/joas329/Desktop/rover_simulation/install/my_bot/share/my_bot/description
[1.004s] copying description/camera.xacro -> /home/joas329/Desktop/rover_simulation/install/my_bot/share/my_bot/description
[1.004s] copying description/ros2_control.xacro -> /home/joas329/Desktop/rover_simulation/install/my_bot/share/my_bot/description
[1.005s] copying description/macros.xacro -> /home/joas329/Desktop/rover_simulation/install/my_bot/share/my_bot/description
[1.005s] copying description/arm.urdf.xacro -> /home/joas329/Desktop/rover_simulation/install/my_bot/share/my_bot/description
[1.018s] copying description/robot_core.xacro -> /home/joas329/Desktop/rover_simulation/install/my_bot/share/my_bot/description
[1.019s] copying description/robot_arm.srdf -> /home/joas329/Desktop/rover_simulation/install/my_bot/share/my_bot/description
[1.019s] copying description/arm.urdf -> /home/joas329/Desktop/rover_simulation/install/my_bot/share/my_bot/description
[1.061s] creating /home/joas329/Desktop/rover_simulation/install/my_bot/share/my_bot/description/mesh
[1.061s] copying description/mesh/ARM-A03.STL -> /home/joas329/Desktop/rover_simulation/install/my_bot/share/my_bot/description/mesh
[1.105s] copying description/mesh/ARM-A06.STL -> /home/joas329/Desktop/rover_simulation/install/my_bot/share/my_bot/description/mesh
[1.135s] copying description/mesh/ARM-A04.STL -> /home/joas329/Desktop/rover_simulation/install/my_bot/share/my_bot/description/mesh
[1.208s] copying description/mesh/ARM-A02.STL -> /home/joas329/Desktop/rover_simulation/install/my_bot/share/my_bot/description/mesh
[1.210s] copying description/mesh/ARM-A05.STL -> /home/joas329/Desktop/rover_simulation/install/my_bot/share/my_bot/description/mesh
[1.243s] copying description/mesh/ARM-A01.STL -> /home/joas329/Desktop/rover_simulation/install/my_bot/share/my_bot/description/mesh
[1.341s] running install_egg_info
[1.343s] Copying ../../build/my_bot/my_bot.egg-info to /home/joas329/Desktop/rover_simulation/install/my_bot/lib/python3.10/site-packages/my_bot-0.0.0-py3.10.egg-info
[1.344s] running install_scripts
[1.363s] writing list of installed files to '/home/joas329/Desktop/rover_simulation/build/my_bot/install.log'
[1.393s] Invoked command in '/home/joas329/Desktop/rover_simulation/src/my_bot' returned '0': PYTHONPATH=/home/joas329/Desktop/rover_simulation/build/my_bot/prefix_override:/home/joas329/Desktop/rover_simulation/install/my_bot/lib/python3.10/site-packages:${PYTHONPATH} /usr/bin/python3 setup.py egg_info --egg-base ../../build/my_bot build --build-base /home/joas329/Desktop/rover_simulation/build/my_bot/build install --record /home/joas329/Desktop/rover_simulation/build/my_bot/install.log --single-version-externally-managed
