[1.244s] Invoking command in '/home/joas329/Desktop/rover_simulation/build/yurs_hardware': CMAKE_PREFIX_PATH=${CMAKE_PREFIX_PATH}:/home/joas329/Desktop/rover_simulation/install/my_bot:/opt/ros/humble /usr/bin/cmake --build /home/joas329/Desktop/rover_simulation/build/yurs_hardware -- -j8 -l8
[1.473s] [100%] Built target yurs_hardware
[1.519s] Invoked command in '/home/joas329/Desktop/rover_simulation/build/yurs_hardware' returned '0': CMAKE_PREFIX_PATH=${CMAKE_PREFIX_PATH}:/home/joas329/Desktop/rover_simulation/install/my_bot:/opt/ros/humble /usr/bin/cmake --build /home/joas329/Desktop/rover_simulation/build/yurs_hardware -- -j8 -l8
[1.678s] Invoking command in '/home/joas329/Desktop/rover_simulation/build/yurs_hardware': CMAKE_PREFIX_PATH=${CMAKE_PREFIX_PATH}:/home/joas329/Desktop/rover_simulation/install/my_bot:/opt/ros/humble /usr/bin/cmake --install /home/joas329/Desktop/rover_simulation/build/yurs_hardware
[1.712s] -- Install configuration: ""
[1.713s] -- Up-to-date: /home/joas329/Desktop/rover_simulation/install/yurs_hardware/share/yurs_hardware/yurs_hardware_plugin.xml
[1.713s] -- Up-to-date: /home/joas329/Desktop/rover_simulation/install/yurs_hardware/include
[1.714s] -- Up-to-date: /home/joas329/Desktop/rover_simulation/install/yurs_hardware/include/yurs_hardware
[1.715s] -- Up-to-date: /home/joas329/Desktop/rover_simulation/install/yurs_hardware/include/yurs_hardware/yurs_motor.hpp
[1.716s] -- Up-to-date: /home/joas329/Desktop/rover_simulation/install/yurs_hardware/lib/libyurs_hardware.so
[1.718s] -- Up-to-date: /home/joas329/Desktop/rover_simulation/install/yurs_hardware/share/ament_index/resource_index/package_run_dependencies/yurs_hardware
[1.718s] -- Up-to-date: /home/joas329/Desktop/rover_simulation/install/yurs_hardware/share/ament_index/resource_index/parent_prefix_path/yurs_hardware
[1.719s] -- Up-to-date: /home/joas329/Desktop/rover_simulation/install/yurs_hardware/share/yurs_hardware/environment/ament_prefix_path.sh
[1.719s] -- Up-to-date: /home/joas329/Desktop/rover_simulation/install/yurs_hardware/share/yurs_hardware/environment/ament_prefix_path.dsv
[1.721s] -- Up-to-date: /home/joas329/Desktop/rover_simulation/install/yurs_hardware/share/yurs_hardware/environment/path.sh
[1.721s] -- Up-to-date: /home/joas329/Desktop/rover_simulation/install/yurs_hardware/share/yurs_hardware/environment/path.dsv
[1.722s] -- Up-to-date: /home/joas329/Desktop/rover_simulation/install/yurs_hardware/share/yurs_hardware/local_setup.bash
[1.722s] -- Up-to-date: /home/joas329/Desktop/rover_simulation/install/yurs_hardware/share/yurs_hardware/local_setup.sh
[1.723s] -- Up-to-date: /home/joas329/Desktop/rover_simulation/install/yurs_hardware/share/yurs_hardware/local_setup.zsh
[1.723s] -- Up-to-date: /home/joas329/Desktop/rover_simulation/install/yurs_hardware/share/yurs_hardware/local_setup.dsv
[1.724s] -- Installing: /home/joas329/Desktop/rover_simulation/install/yurs_hardware/share/yurs_hardware/package.dsv
[1.724s] -- Up-to-date: /home/joas329/Desktop/rover_simulation/install/yurs_hardware/share/ament_index/resource_index/packages/yurs_hardware
[1.726s] -- Up-to-date: /home/joas329/Desktop/rover_simulation/install/yurs_hardware/share/ament_index/resource_index/hardware_interface__pluginlib__plugin/yurs_hardware
[1.730s] -- Up-to-date: /home/joas329/Desktop/rover_simulation/install/yurs_hardware/share/yurs_hardware/cmake/yurs_hardwareConfig.cmake
[1.730s] -- Up-to-date: /home/joas329/Desktop/rover_simulation/install/yurs_hardware/share/yurs_hardware/cmake/yurs_hardwareConfig-version.cmake
[1.736s] -- Up-to-date: /home/joas329/Desktop/rover_simulation/install/yurs_hardware/share/yurs_hardware/package.xml
[1.737s] Invoked command in '/home/joas329/Desktop/rover_simulation/build/yurs_hardware' returned '0': CMAKE_PREFIX_PATH=${CMAKE_PREFIX_PATH}:/home/joas329/Desktop/rover_simulation/install/my_bot:/opt/ros/humble /usr/bin/cmake --install /home/joas329/Desktop/rover_simulation/build/yurs_hardware
