[0.761s] Invoking command in '/home/joas329/Desktop/rover_simulation/src/my_bot': PYTHONPATH=/home/joas329/Desktop/rover_simulation/build/my_bot/prefix_override:/home/joas329/Desktop/rover_simulation/install/my_bot/lib/python3.10/site-packages:${PYTHONPATH} /usr/bin/python3 setup.py egg_info --egg-base ../../build/my_bot build --build-base /home/joas329/Desktop/rover_simulation/build/my_bot/build install --record /home/joas329/Desktop/rover_simulation/build/my_bot/install.log --single-version-externally-managed
[1.040s] running egg_info
[1.040s] writing ../../build/my_bot/my_bot.egg-info/PKG-INFO
[1.041s] writing dependency_links to ../../build/my_bot/my_bot.egg-info/dependency_links.txt
[1.041s] writing entry points to ../../build/my_bot/my_bot.egg-info/entry_points.txt
[1.041s] writing requirements to ../../build/my_bot/my_bot.egg-info/requires.txt
[1.041s] writing top-level names to ../../build/my_bot/my_bot.egg-info/top_level.txt
[1.044s] reading manifest file '../../build/my_bot/my_bot.egg-info/SOURCES.txt'
[1.045s] writing manifest file '../../build/my_bot/my_bot.egg-info/SOURCES.txt'
[1.045s] running build
[1.045s] running build_py
[1.045s] copying my_bot/PID.py -> /home/joas329/Desktop/rover_simulation/build/my_bot/build/lib/my_bot
[1.046s] running install
[1.046s] running install_lib
[1.047s] copying /home/joas329/Desktop/rover_simulation/build/my_bot/build/lib/my_bot/PID.py -> /home/joas329/Desktop/rover_simulation/install/my_bot/lib/python3.10/site-packages/my_bot
[1.048s] byte-compiling /home/joas329/Desktop/rover_simulation/install/my_bot/lib/python3.10/site-packages/my_bot/PID.py to PID.cpython-310.pyc
[1.049s] running install_data
[1.051s] running install_egg_info
[1.053s] removing '/home/joas329/Desktop/rover_simulation/install/my_bot/lib/python3.10/site-packages/my_bot-0.0.0-py3.10.egg-info' (and everything under it)
[1.053s] Copying ../../build/my_bot/my_bot.egg-info to /home/joas329/Desktop/rover_simulation/install/my_bot/lib/python3.10/site-packages/my_bot-0.0.0-py3.10.egg-info
[1.054s] running install_scripts
[1.074s] Installing PID script to /home/joas329/Desktop/rover_simulation/install/my_bot/lib/my_bot
[1.074s] Installing udp_conv script to /home/joas329/Desktop/rover_simulation/install/my_bot/lib/my_bot
[1.075s] writing list of installed files to '/home/joas329/Desktop/rover_simulation/build/my_bot/install.log'
[1.106s] Invoked command in '/home/joas329/Desktop/rover_simulation/src/my_bot' returned '0': PYTHONPATH=/home/joas329/Desktop/rover_simulation/build/my_bot/prefix_override:/home/joas329/Desktop/rover_simulation/install/my_bot/lib/python3.10/site-packages:${PYTHONPATH} /usr/bin/python3 setup.py egg_info --egg-base ../../build/my_bot build --build-base /home/joas329/Desktop/rover_simulation/build/my_bot/build install --record /home/joas329/Desktop/rover_simulation/build/my_bot/install.log --single-version-externally-managed
