[0.818s] Invoking command in '/home/joas329/Desktop/rover_simulation/build/my_bot': PYTHONPATH=/home/joas329/Desktop/rover_simulation/build/my_bot/prefix_override:/home/joas329/Desktop/rover_simulation/install/my_bot/lib/python3.10/site-packages:${PYTHONPATH} /usr/bin/python3 setup.py develop --uninstall --editable --build-directory /home/joas329/Desktop/rover_simulation/build/my_bot/build
[1.100s] running develop
[1.257s] Invoked command in '/home/joas329/Desktop/rover_simulation/build/my_bot' returned '0': PYTHONPATH=/home/joas329/Desktop/rover_simulation/build/my_bot/prefix_override:/home/joas329/Desktop/rover_simulation/install/my_bot/lib/python3.10/site-packages:${PYTHONPATH} /usr/bin/python3 setup.py develop --uninstall --editable --build-directory /home/joas329/Desktop/rover_simulation/build/my_bot/build
[1.257s] Invoking command in '/home/joas329/Desktop/rover_simulation/src/my_bot': PYTHONPATH=/home/joas329/Desktop/rover_simulation/build/my_bot/prefix_override:/home/joas329/Desktop/rover_simulation/install/my_bot/lib/python3.10/site-packages:${PYTHONPATH} /usr/bin/python3 setup.py egg_info --egg-base ../../build/my_bot build --build-base /home/joas329/Desktop/rover_simulation/build/my_bot/build install --record /home/joas329/Desktop/rover_simulation/build/my_bot/install.log --single-version-externally-managed
[1.437s] running egg_info
[1.438s] writing ../../build/my_bot/my_bot.egg-info/PKG-INFO
[1.438s] writing dependency_links to ../../build/my_bot/my_bot.egg-info/dependency_links.txt
[1.439s] writing entry points to ../../build/my_bot/my_bot.egg-info/entry_points.txt
[1.439s] writing requirements to ../../build/my_bot/my_bot.egg-info/requires.txt
[1.439s] writing top-level names to ../../build/my_bot/my_bot.egg-info/top_level.txt
[1.441s] reading manifest file '../../build/my_bot/my_bot.egg-info/SOURCES.txt'
[1.442s] writing manifest file '../../build/my_bot/my_bot.egg-info/SOURCES.txt'
[1.443s] running build
[1.443s] running build_py
[1.443s] running install
[1.443s] running install_lib
[1.444s] running install_data
[1.445s] copying launch/arm_sim.launch.py -> /home/joas329/Desktop/rover_simulation/install/my_bot/share/my_bot/launch
[1.446s] running install_egg_info
[1.447s] removing '/home/joas329/Desktop/rover_simulation/install/my_bot/lib/python3.10/site-packages/my_bot-0.0.0-py3.10.egg-info' (and everything under it)
[1.448s] Copying ../../build/my_bot/my_bot.egg-info to /home/joas329/Desktop/rover_simulation/install/my_bot/lib/python3.10/site-packages/my_bot-0.0.0-py3.10.egg-info
[1.450s] running install_scripts
[1.473s] writing list of installed files to '/home/joas329/Desktop/rover_simulation/build/my_bot/install.log'
[1.504s] Invoked command in '/home/joas329/Desktop/rover_simulation/src/my_bot' returned '0': PYTHONPATH=/home/joas329/Desktop/rover_simulation/build/my_bot/prefix_override:/home/joas329/Desktop/rover_simulation/install/my_bot/lib/python3.10/site-packages:${PYTHONPATH} /usr/bin/python3 setup.py egg_info --egg-base ../../build/my_bot build --build-base /home/joas329/Desktop/rover_simulation/build/my_bot/build install --record /home/joas329/Desktop/rover_simulation/build/my_bot/install.log --single-version-externally-managed
