[0.412s] Invoking command in '/home/joas329/Desktop/rover_simulation/src/my_bot': PYTHONPATH=/home/joas329/Desktop/rover_simulation/build/my_bot/prefix_override:/home/joas329/Desktop/rover_simulation/install/my_bot/lib/python3.10/site-packages:${PYTHONPATH} /usr/bin/python3 setup.py egg_info --egg-base ../../build/my_bot build --build-base /home/joas329/Desktop/rover_simulation/build/my_bot/build install --record /home/joas329/Desktop/rover_simulation/build/my_bot/install.log --single-version-externally-managed
[0.583s] running egg_info
[0.583s] writing ../../build/my_bot/my_bot.egg-info/PKG-INFO
[0.583s] writing dependency_links to ../../build/my_bot/my_bot.egg-info/dependency_links.txt
[0.583s] writing entry points to ../../build/my_bot/my_bot.egg-info/entry_points.txt
[0.584s] writing requirements to ../../build/my_bot/my_bot.egg-info/requires.txt
[0.584s] writing top-level names to ../../build/my_bot/my_bot.egg-info/top_level.txt
[0.586s] reading manifest file '../../build/my_bot/my_bot.egg-info/SOURCES.txt'
[0.586s] writing manifest file '../../build/my_bot/my_bot.egg-info/SOURCES.txt'
[0.587s] running build
[0.587s] running build_py
[0.587s] running install
[0.587s] running install_lib
[0.588s] running install_data
[0.588s] copying description/depth_camera.xacro -> /home/joas329/Desktop/rover_simulation/install/my_bot/share/my_bot/description
[0.589s] running install_egg_info
[0.590s] removing '/home/joas329/Desktop/rover_simulation/install/my_bot/lib/python3.10/site-packages/my_bot-0.0.0-py3.10.egg-info' (and everything under it)
[0.590s] Copying ../../build/my_bot/my_bot.egg-info to /home/joas329/Desktop/rover_simulation/install/my_bot/lib/python3.10/site-packages/my_bot-0.0.0-py3.10.egg-info
[0.590s] running install_scripts
[0.608s] writing list of installed files to '/home/joas329/Desktop/rover_simulation/build/my_bot/install.log'
[0.638s] Invoked command in '/home/joas329/Desktop/rover_simulation/src/my_bot' returned '0': PYTHONPATH=/home/joas329/Desktop/rover_simulation/build/my_bot/prefix_override:/home/joas329/Desktop/rover_simulation/install/my_bot/lib/python3.10/site-packages:${PYTHONPATH} /usr/bin/python3 setup.py egg_info --egg-base ../../build/my_bot build --build-base /home/joas329/Desktop/rover_simulation/build/my_bot/build install --record /home/joas329/Desktop/rover_simulation/build/my_bot/install.log --single-version-externally-managed
