[0.212s] DEBUG:colcon:Command line arguments: ['/usr/bin/colcon', 'build']
[0.213s] DEBUG:colcon:Parsed command line arguments: Namespace(log_base=None, log_level=None, verb_name='build', build_base='build', install_base='install', merge_install=False, symlink_install=False, test_result_base=None, continue_on_error=False, executor='parallel', parallel_workers=12, event_handlers=None, ignore_user_meta=False, metas=['./colcon.meta'], base_paths=['.'], packages_ignore=None, packages_ignore_regex=None, paths=None, packages_up_to=None, packages_up_to_regex=None, packages_above=None, packages_above_and_dependencies=None, packages_above_depth=None, packages_select_by_dep=None, packages_skip_by_dep=None, packages_skip_up_to=None, packages_select_build_failed=False, packages_skip_build_finished=False, packages_select_test_failures=False, packages_skip_test_passed=False, packages_select=None, packages_skip=None, packages_select_regex=None, packages_skip_regex=None, packages_start=None, packages_end=None, allow_overriding=[], cmake_args=None, cmake_target=None, cmake_target_skip_unavailable=False, cmake_clean_cache=False, cmake_clean_first=False, cmake_force_configure=False, ament_cmake_args=None, catkin_cmake_args=None, catkin_skip_building_tests=False, verb_parser=<colcon_defaults.argument_parser.defaults.DefaultArgumentsDecorator object at 0x7f5614306260>, verb_extension=<colcon_core.verb.build.BuildVerb object at 0x7f5614305cf0>, main=<bound method BuildVerb.main of <colcon_core.verb.build.BuildVerb object at 0x7f5614305cf0>>)
[0.226s] Level 1:colcon.colcon_core.package_discovery:discover_packages(colcon_meta) check parameters
[0.226s] Level 1:colcon.colcon_core.package_discovery:discover_packages(recursive) check parameters
[0.226s] Level 1:colcon.colcon_core.package_discovery:discover_packages(ignore) check parameters
[0.226s] Level 1:colcon.colcon_core.package_discovery:discover_packages(path) check parameters
[0.226s] Level 1:colcon.colcon_core.package_discovery:discover_packages(colcon_meta) discover
[0.226s] Level 1:colcon.colcon_core.package_discovery:discover_packages(recursive) discover
[0.226s] INFO:colcon.colcon_core.package_discovery:Crawling recursively for packages in '/home/joas329/Desktop/rover_simulation'
[0.226s] Level 1:colcon.colcon_core.package_identification:_identify(.) by extensions ['ignore', 'ignore_ament_install']
[0.227s] Level 1:colcon.colcon_core.package_identification:_identify(.) by extension 'ignore'
[0.227s] Level 1:colcon.colcon_core.package_identification:_identify(.) by extension 'ignore_ament_install'
[0.227s] Level 1:colcon.colcon_core.package_identification:_identify(.) by extensions ['colcon_pkg']
[0.227s] Level 1:colcon.colcon_core.package_identification:_identify(.) by extension 'colcon_pkg'
[0.227s] Level 1:colcon.colcon_core.package_identification:_identify(.) by extensions ['colcon_meta']
[0.227s] Level 1:colcon.colcon_core.package_identification:_identify(.) by extension 'colcon_meta'
[0.227s] Level 1:colcon.colcon_core.package_identification:_identify(.) by extensions ['ros']
[0.227s] Level 1:colcon.colcon_core.package_identification:_identify(.) by extension 'ros'
[0.233s] Level 1:colcon.colcon_core.package_identification:_identify(.) by extensions ['cmake', 'python']
[0.233s] Level 1:colcon.colcon_core.package_identification:_identify(.) by extension 'cmake'
[0.233s] Level 1:colcon.colcon_core.package_identification:_identify(.) by extension 'python'
[0.233s] Level 1:colcon.colcon_core.package_identification:_identify(.) by extensions ['python_setup_py']
[0.233s] Level 1:colcon.colcon_core.package_identification:_identify(.) by extension 'python_setup_py'
[0.233s] Level 1:colcon.colcon_core.package_identification:_identify(build) by extensions ['ignore', 'ignore_ament_install']
[0.233s] Level 1:colcon.colcon_core.package_identification:_identify(build) by extension 'ignore'
[0.233s] Level 1:colcon.colcon_core.package_identification:_identify(build) ignored
[0.233s] Level 1:colcon.colcon_core.package_identification:_identify(install) by extensions ['ignore', 'ignore_ament_install']
[0.233s] Level 1:colcon.colcon_core.package_identification:_identify(install) by extension 'ignore'
[0.233s] Level 1:colcon.colcon_core.package_identification:_identify(install) ignored
[0.233s] Level 1:colcon.colcon_core.package_identification:_identify(log) by extensions ['ignore', 'ignore_ament_install']
[0.234s] Level 1:colcon.colcon_core.package_identification:_identify(log) by extension 'ignore'
[0.234s] Level 1:colcon.colcon_core.package_identification:_identify(log) ignored
[0.234s] Level 1:colcon.colcon_core.package_identification:_identify(src) by extensions ['ignore', 'ignore_ament_install']
[0.234s] Level 1:colcon.colcon_core.package_identification:_identify(src) by extension 'ignore'
[0.234s] Level 1:colcon.colcon_core.package_identification:_identify(src) by extension 'ignore_ament_install'
[0.234s] Level 1:colcon.colcon_core.package_identification:_identify(src) by extensions ['colcon_pkg']
[0.234s] Level 1:colcon.colcon_core.package_identification:_identify(src) by extension 'colcon_pkg'
[0.234s] Level 1:colcon.colcon_core.package_identification:_identify(src) by extensions ['colcon_meta']
[0.234s] Level 1:colcon.colcon_core.package_identification:_identify(src) by extension 'colcon_meta'
[0.234s] Level 1:colcon.colcon_core.package_identification:_identify(src) by extensions ['ros']
[0.234s] Level 1:colcon.colcon_core.package_identification:_identify(src) by extension 'ros'
[0.234s] Level 1:colcon.colcon_core.package_identification:_identify(src) by extensions ['cmake', 'python']
[0.234s] Level 1:colcon.colcon_core.package_identification:_identify(src) by extension 'cmake'
[0.234s] Level 1:colcon.colcon_core.package_identification:_identify(src) by extension 'python'
[0.234s] Level 1:colcon.colcon_core.package_identification:_identify(src) by extensions ['python_setup_py']
[0.234s] Level 1:colcon.colcon_core.package_identification:_identify(src) by extension 'python_setup_py'
[0.234s] Level 1:colcon.colcon_core.package_identification:_identify(src/arm_moveit_config) by extensions ['ignore', 'ignore_ament_install']
[0.234s] Level 1:colcon.colcon_core.package_identification:_identify(src/arm_moveit_config) by extension 'ignore'
[0.234s] Level 1:colcon.colcon_core.package_identification:_identify(src/arm_moveit_config) by extension 'ignore_ament_install'
[0.234s] Level 1:colcon.colcon_core.package_identification:_identify(src/arm_moveit_config) by extensions ['colcon_pkg']
[0.234s] Level 1:colcon.colcon_core.package_identification:_identify(src/arm_moveit_config) by extension 'colcon_pkg'
[0.234s] Level 1:colcon.colcon_core.package_identification:_identify(src/arm_moveit_config) by extensions ['colcon_meta']
[0.234s] Level 1:colcon.colcon_core.package_identification:_identify(src/arm_moveit_config) by extension 'colcon_meta'
[0.234s] Level 1:colcon.colcon_core.package_identification:_identify(src/arm_moveit_config) by extensions ['ros']
[0.234s] Level 1:colcon.colcon_core.package_identification:_identify(src/arm_moveit_config) by extension 'ros'
[0.235s] DEBUG:colcon.colcon_core.package_identification:Package 'src/arm_moveit_config' with type 'ros.ament_cmake' and name 'arm_moveit_config'
[0.235s] Level 1:colcon.colcon_core.package_identification:_identify(src/build) by extensions ['ignore', 'ignore_ament_install']
[0.235s] Level 1:colcon.colcon_core.package_identification:_identify(src/build) by extension 'ignore'
[0.235s] Level 1:colcon.colcon_core.package_identification:_identify(src/build) ignored
[0.236s] Level 1:colcon.colcon_core.package_identification:_identify(src/gazebo_ros2_control) by extensions ['ignore', 'ignore_ament_install']
[0.236s] Level 1:colcon.colcon_core.package_identification:_identify(src/gazebo_ros2_control) by extension 'ignore'
[0.236s] Level 1:colcon.colcon_core.package_identification:_identify(src/gazebo_ros2_control) by extension 'ignore_ament_install'
[0.236s] Level 1:colcon.colcon_core.package_identification:_identify(src/gazebo_ros2_control) by extensions ['colcon_pkg']
[0.236s] Level 1:colcon.colcon_core.package_identification:_identify(src/gazebo_ros2_control) by extension 'colcon_pkg'
[0.236s] Level 1:colcon.colcon_core.package_identification:_identify(src/gazebo_ros2_control) by extensions ['colcon_meta']
[0.236s] Level 1:colcon.colcon_core.package_identification:_identify(src/gazebo_ros2_control) by extension 'colcon_meta'
[0.236s] Level 1:colcon.colcon_core.package_identification:_identify(src/gazebo_ros2_control) by extensions ['ros']
[0.236s] Level 1:colcon.colcon_core.package_identification:_identify(src/gazebo_ros2_control) by extension 'ros'
[0.236s] Level 1:colcon.colcon_core.package_identification:_identify(src/gazebo_ros2_control) by extensions ['cmake', 'python']
[0.236s] Level 1:colcon.colcon_core.package_identification:_identify(src/gazebo_ros2_control) by extension 'cmake'
[0.236s] Level 1:colcon.colcon_core.package_identification:_identify(src/gazebo_ros2_control) by extension 'python'
[0.236s] Level 1:colcon.colcon_core.package_identification:_identify(src/gazebo_ros2_control) by extensions ['python_setup_py']
[0.236s] Level 1:colcon.colcon_core.package_identification:_identify(src/gazebo_ros2_control) by extension 'python_setup_py'
[0.236s] Level 1:colcon.colcon_core.package_identification:_identify(src/gazebo_ros2_control/Docker) by extensions ['ignore', 'ignore_ament_install']
[0.236s] Level 1:colcon.colcon_core.package_identification:_identify(src/gazebo_ros2_control/Docker) by extension 'ignore'
[0.236s] Level 1:colcon.colcon_core.package_identification:_identify(src/gazebo_ros2_control/Docker) by extension 'ignore_ament_install'
[0.236s] Level 1:colcon.colcon_core.package_identification:_identify(src/gazebo_ros2_control/Docker) by extensions ['colcon_pkg']
[0.236s] Level 1:colcon.colcon_core.package_identification:_identify(src/gazebo_ros2_control/Docker) by extension 'colcon_pkg'
[0.236s] Level 1:colcon.colcon_core.package_identification:_identify(src/gazebo_ros2_control/Docker) by extensions ['colcon_meta']
[0.236s] Level 1:colcon.colcon_core.package_identification:_identify(src/gazebo_ros2_control/Docker) by extension 'colcon_meta'
[0.236s] Level 1:colcon.colcon_core.package_identification:_identify(src/gazebo_ros2_control/Docker) by extensions ['ros']
[0.236s] Level 1:colcon.colcon_core.package_identification:_identify(src/gazebo_ros2_control/Docker) by extension 'ros'
[0.236s] Level 1:colcon.colcon_core.package_identification:_identify(src/gazebo_ros2_control/Docker) by extensions ['cmake', 'python']
[0.236s] Level 1:colcon.colcon_core.package_identification:_identify(src/gazebo_ros2_control/Docker) by extension 'cmake'
[0.236s] Level 1:colcon.colcon_core.package_identification:_identify(src/gazebo_ros2_control/Docker) by extension 'python'
[0.236s] Level 1:colcon.colcon_core.package_identification:_identify(src/gazebo_ros2_control/Docker) by extensions ['python_setup_py']
[0.236s] Level 1:colcon.colcon_core.package_identification:_identify(src/gazebo_ros2_control/Docker) by extension 'python_setup_py'
[0.236s] Level 1:colcon.colcon_core.package_identification:_identify(src/gazebo_ros2_control/doc) by extensions ['ignore', 'ignore_ament_install']
[0.236s] Level 1:colcon.colcon_core.package_identification:_identify(src/gazebo_ros2_control/doc) by extension 'ignore'
[0.236s] Level 1:colcon.colcon_core.package_identification:_identify(src/gazebo_ros2_control/doc) by extension 'ignore_ament_install'
[0.236s] Level 1:colcon.colcon_core.package_identification:_identify(src/gazebo_ros2_control/doc) by extensions ['colcon_pkg']
[0.236s] Level 1:colcon.colcon_core.package_identification:_identify(src/gazebo_ros2_control/doc) by extension 'colcon_pkg'
[0.236s] Level 1:colcon.colcon_core.package_identification:_identify(src/gazebo_ros2_control/doc) by extensions ['colcon_meta']
[0.236s] Level 1:colcon.colcon_core.package_identification:_identify(src/gazebo_ros2_control/doc) by extension 'colcon_meta'
[0.236s] Level 1:colcon.colcon_core.package_identification:_identify(src/gazebo_ros2_control/doc) by extensions ['ros']
[0.236s] Level 1:colcon.colcon_core.package_identification:_identify(src/gazebo_ros2_control/doc) by extension 'ros'
[0.236s] Level 1:colcon.colcon_core.package_identification:_identify(src/gazebo_ros2_control/doc) by extensions ['cmake', 'python']
[0.236s] Level 1:colcon.colcon_core.package_identification:_identify(src/gazebo_ros2_control/doc) by extension 'cmake'
[0.236s] Level 1:colcon.colcon_core.package_identification:_identify(src/gazebo_ros2_control/doc) by extension 'python'
[0.236s] Level 1:colcon.colcon_core.package_identification:_identify(src/gazebo_ros2_control/doc) by extensions ['python_setup_py']
[0.236s] Level 1:colcon.colcon_core.package_identification:_identify(src/gazebo_ros2_control/doc) by extension 'python_setup_py'
[0.236s] Level 1:colcon.colcon_core.package_identification:_identify(src/gazebo_ros2_control/doc/img) by extensions ['ignore', 'ignore_ament_install']
[0.236s] Level 1:colcon.colcon_core.package_identification:_identify(src/gazebo_ros2_control/doc/img) by extension 'ignore'
[0.236s] Level 1:colcon.colcon_core.package_identification:_identify(src/gazebo_ros2_control/doc/img) by extension 'ignore_ament_install'
[0.236s] Level 1:colcon.colcon_core.package_identification:_identify(src/gazebo_ros2_control/doc/img) by extensions ['colcon_pkg']
[0.237s] Level 1:colcon.colcon_core.package_identification:_identify(src/gazebo_ros2_control/doc/img) by extension 'colcon_pkg'
[0.237s] Level 1:colcon.colcon_core.package_identification:_identify(src/gazebo_ros2_control/doc/img) by extensions ['colcon_meta']
[0.237s] Level 1:colcon.colcon_core.package_identification:_identify(src/gazebo_ros2_control/doc/img) by extension 'colcon_meta'
[0.237s] Level 1:colcon.colcon_core.package_identification:_identify(src/gazebo_ros2_control/doc/img) by extensions ['ros']
[0.237s] Level 1:colcon.colcon_core.package_identification:_identify(src/gazebo_ros2_control/doc/img) by extension 'ros'
[0.237s] Level 1:colcon.colcon_core.package_identification:_identify(src/gazebo_ros2_control/doc/img) by extensions ['cmake', 'python']
[0.237s] Level 1:colcon.colcon_core.package_identification:_identify(src/gazebo_ros2_control/doc/img) by extension 'cmake'
[0.237s] Level 1:colcon.colcon_core.package_identification:_identify(src/gazebo_ros2_control/doc/img) by extension 'python'
[0.237s] Level 1:colcon.colcon_core.package_identification:_identify(src/gazebo_ros2_control/doc/img) by extensions ['python_setup_py']
[0.237s] Level 1:colcon.colcon_core.package_identification:_identify(src/gazebo_ros2_control/doc/img) by extension 'python_setup_py'
[0.237s] Level 1:colcon.colcon_core.package_identification:_identify(src/gazebo_ros2_control/gazebo_ros2_control) by extensions ['ignore', 'ignore_ament_install']
[0.237s] Level 1:colcon.colcon_core.package_identification:_identify(src/gazebo_ros2_control/gazebo_ros2_control) by extension 'ignore'
[0.237s] Level 1:colcon.colcon_core.package_identification:_identify(src/gazebo_ros2_control/gazebo_ros2_control) by extension 'ignore_ament_install'
[0.237s] Level 1:colcon.colcon_core.package_identification:_identify(src/gazebo_ros2_control/gazebo_ros2_control) by extensions ['colcon_pkg']
[0.237s] Level 1:colcon.colcon_core.package_identification:_identify(src/gazebo_ros2_control/gazebo_ros2_control) by extension 'colcon_pkg'
[0.237s] Level 1:colcon.colcon_core.package_identification:_identify(src/gazebo_ros2_control/gazebo_ros2_control) by extensions ['colcon_meta']
[0.237s] Level 1:colcon.colcon_core.package_identification:_identify(src/gazebo_ros2_control/gazebo_ros2_control) by extension 'colcon_meta'
[0.237s] Level 1:colcon.colcon_core.package_identification:_identify(src/gazebo_ros2_control/gazebo_ros2_control) by extensions ['ros']
[0.237s] Level 1:colcon.colcon_core.package_identification:_identify(src/gazebo_ros2_control/gazebo_ros2_control) by extension 'ros'
[0.237s] DEBUG:colcon.colcon_core.package_identification:Package 'src/gazebo_ros2_control/gazebo_ros2_control' with type 'ros.ament_cmake' and name 'gazebo_ros2_control'
[0.237s] Level 1:colcon.colcon_core.package_identification:_identify(src/gazebo_ros2_control/gazebo_ros2_control_demos) by extensions ['ignore', 'ignore_ament_install']
[0.238s] Level 1:colcon.colcon_core.package_identification:_identify(src/gazebo_ros2_control/gazebo_ros2_control_demos) by extension 'ignore'
[0.238s] Level 1:colcon.colcon_core.package_identification:_identify(src/gazebo_ros2_control/gazebo_ros2_control_demos) by extension 'ignore_ament_install'
[0.238s] Level 1:colcon.colcon_core.package_identification:_identify(src/gazebo_ros2_control/gazebo_ros2_control_demos) by extensions ['colcon_pkg']
[0.238s] Level 1:colcon.colcon_core.package_identification:_identify(src/gazebo_ros2_control/gazebo_ros2_control_demos) by extension 'colcon_pkg'
[0.238s] Level 1:colcon.colcon_core.package_identification:_identify(src/gazebo_ros2_control/gazebo_ros2_control_demos) by extensions ['colcon_meta']
[0.238s] Level 1:colcon.colcon_core.package_identification:_identify(src/gazebo_ros2_control/gazebo_ros2_control_demos) by extension 'colcon_meta'
[0.238s] Level 1:colcon.colcon_core.package_identification:_identify(src/gazebo_ros2_control/gazebo_ros2_control_demos) by extensions ['ros']
[0.238s] Level 1:colcon.colcon_core.package_identification:_identify(src/gazebo_ros2_control/gazebo_ros2_control_demos) by extension 'ros'
[0.238s] DEBUG:colcon.colcon_core.package_identification:Package 'src/gazebo_ros2_control/gazebo_ros2_control_demos' with type 'ros.ament_cmake' and name 'gazebo_ros2_control_demos'
[0.238s] Level 1:colcon.colcon_core.package_identification:_identify(src/install) by extensions ['ignore', 'ignore_ament_install']
[0.238s] Level 1:colcon.colcon_core.package_identification:_identify(src/install) by extension 'ignore'
[0.238s] Level 1:colcon.colcon_core.package_identification:_identify(src/install) ignored
[0.238s] Level 1:colcon.colcon_core.package_identification:_identify(src/log) by extensions ['ignore', 'ignore_ament_install']
[0.238s] Level 1:colcon.colcon_core.package_identification:_identify(src/log) by extension 'ignore'
[0.238s] Level 1:colcon.colcon_core.package_identification:_identify(src/log) ignored
[0.238s] Level 1:colcon.colcon_core.package_identification:_identify(src/moveit_config) by extensions ['ignore', 'ignore_ament_install']
[0.238s] Level 1:colcon.colcon_core.package_identification:_identify(src/moveit_config) by extension 'ignore'
[0.238s] Level 1:colcon.colcon_core.package_identification:_identify(src/moveit_config) by extension 'ignore_ament_install'
[0.238s] Level 1:colcon.colcon_core.package_identification:_identify(src/moveit_config) by extensions ['colcon_pkg']
[0.238s] Level 1:colcon.colcon_core.package_identification:_identify(src/moveit_config) by extension 'colcon_pkg'
[0.238s] Level 1:colcon.colcon_core.package_identification:_identify(src/moveit_config) by extensions ['colcon_meta']
[0.238s] Level 1:colcon.colcon_core.package_identification:_identify(src/moveit_config) by extension 'colcon_meta'
[0.238s] Level 1:colcon.colcon_core.package_identification:_identify(src/moveit_config) by extensions ['ros']
[0.238s] Level 1:colcon.colcon_core.package_identification:_identify(src/moveit_config) by extension 'ros'
[0.239s] DEBUG:colcon.colcon_core.package_identification:Package 'src/moveit_config' with type 'ros.ament_cmake' and name 'moveit'
[0.239s] Level 1:colcon.colcon_core.package_identification:_identify(src/my_bot) by extensions ['ignore', 'ignore_ament_install']
[0.239s] Level 1:colcon.colcon_core.package_identification:_identify(src/my_bot) by extension 'ignore'
[0.239s] Level 1:colcon.colcon_core.package_identification:_identify(src/my_bot) by extension 'ignore_ament_install'
[0.239s] Level 1:colcon.colcon_core.package_identification:_identify(src/my_bot) by extensions ['colcon_pkg']
[0.239s] Level 1:colcon.colcon_core.package_identification:_identify(src/my_bot) by extension 'colcon_pkg'
[0.239s] Level 1:colcon.colcon_core.package_identification:_identify(src/my_bot) by extensions ['colcon_meta']
[0.239s] Level 1:colcon.colcon_core.package_identification:_identify(src/my_bot) by extension 'colcon_meta'
[0.239s] Level 1:colcon.colcon_core.package_identification:_identify(src/my_bot) by extensions ['ros']
[0.239s] Level 1:colcon.colcon_core.package_identification:_identify(src/my_bot) by extension 'ros'
[0.239s] DEBUG:colcon.colcon_core.package_identification:Package 'src/my_bot' with type 'ros.ament_python' and name 'my_bot'
[0.239s] Level 1:colcon.colcon_core.package_discovery:discover_packages(recursive) using defaults
[0.239s] Level 1:colcon.colcon_core.package_discovery:discover_packages(ignore) discover
[0.239s] Level 1:colcon.colcon_core.package_discovery:discover_packages(ignore) using defaults
[0.239s] Level 1:colcon.colcon_core.package_discovery:discover_packages(path) discover
[0.239s] Level 1:colcon.colcon_core.package_discovery:discover_packages(path) using defaults
[0.254s] Level 1:colcon.colcon_core.package_discovery:discover_packages(prefix_path) check parameters
[0.254s] Level 1:colcon.colcon_core.package_discovery:discover_packages(prefix_path) discover
[0.256s] DEBUG:colcon.colcon_installed_package_information.package_discovery:Found 7 installed packages in /home/joas329/Desktop/rover_simulation/install
[0.257s] DEBUG:colcon.colcon_installed_package_information.package_discovery:Found 429 installed packages in /opt/ros/humble
[0.258s] Level 1:colcon.colcon_core.package_discovery:discover_packages(prefix_path) using defaults
[0.296s] Level 5:colcon.colcon_core.verb:set package 'gazebo_ros2_control' build argument 'cmake_args' from command line to 'None'
[0.296s] Level 5:colcon.colcon_core.verb:set package 'gazebo_ros2_control' build argument 'cmake_target' from command line to 'None'
[0.296s] Level 5:colcon.colcon_core.verb:set package 'gazebo_ros2_control' build argument 'cmake_target_skip_unavailable' from command line to 'False'
[0.296s] Level 5:colcon.colcon_core.verb:set package 'gazebo_ros2_control' build argument 'cmake_clean_cache' from command line to 'False'
[0.296s] Level 5:colcon.colcon_core.verb:set package 'gazebo_ros2_control' build argument 'cmake_clean_first' from command line to 'False'
[0.296s] Level 5:colcon.colcon_core.verb:set package 'gazebo_ros2_control' build argument 'cmake_force_configure' from command line to 'False'
[0.296s] Level 5:colcon.colcon_core.verb:set package 'gazebo_ros2_control' build argument 'ament_cmake_args' from command line to 'None'
[0.296s] Level 5:colcon.colcon_core.verb:set package 'gazebo_ros2_control' build argument 'catkin_cmake_args' from command line to 'None'
[0.296s] Level 5:colcon.colcon_core.verb:set package 'gazebo_ros2_control' build argument 'catkin_skip_building_tests' from command line to 'False'
[0.296s] DEBUG:colcon.colcon_core.verb:Building package 'gazebo_ros2_control' with the following arguments: {'ament_cmake_args': None, 'build_base': '/home/joas329/Desktop/rover_simulation/build/gazebo_ros2_control', 'catkin_cmake_args': None, 'catkin_skip_building_tests': False, 'cmake_args': None, 'cmake_clean_cache': False, 'cmake_clean_first': False, 'cmake_force_configure': False, 'cmake_target': None, 'cmake_target_skip_unavailable': False, 'install_base': '/home/joas329/Desktop/rover_simulation/install/gazebo_ros2_control', 'merge_install': False, 'path': '/home/joas329/Desktop/rover_simulation/src/gazebo_ros2_control/gazebo_ros2_control', 'symlink_install': False, 'test_result_base': None}
[0.297s] Level 5:colcon.colcon_core.verb:set package 'my_bot' build argument 'cmake_args' from command line to 'None'
[0.297s] Level 5:colcon.colcon_core.verb:set package 'my_bot' build argument 'cmake_target' from command line to 'None'
[0.297s] Level 5:colcon.colcon_core.verb:set package 'my_bot' build argument 'cmake_target_skip_unavailable' from command line to 'False'
[0.297s] Level 5:colcon.colcon_core.verb:set package 'my_bot' build argument 'cmake_clean_cache' from command line to 'False'
[0.297s] Level 5:colcon.colcon_core.verb:set package 'my_bot' build argument 'cmake_clean_first' from command line to 'False'
[0.297s] Level 5:colcon.colcon_core.verb:set package 'my_bot' build argument 'cmake_force_configure' from command line to 'False'
[0.297s] Level 5:colcon.colcon_core.verb:set package 'my_bot' build argument 'ament_cmake_args' from command line to 'None'
[0.297s] Level 5:colcon.colcon_core.verb:set package 'my_bot' build argument 'catkin_cmake_args' from command line to 'None'
[0.297s] Level 5:colcon.colcon_core.verb:set package 'my_bot' build argument 'catkin_skip_building_tests' from command line to 'False'
[0.297s] DEBUG:colcon.colcon_core.verb:Building package 'my_bot' with the following arguments: {'ament_cmake_args': None, 'build_base': '/home/joas329/Desktop/rover_simulation/build/my_bot', 'catkin_cmake_args': None, 'catkin_skip_building_tests': False, 'cmake_args': None, 'cmake_clean_cache': False, 'cmake_clean_first': False, 'cmake_force_configure': False, 'cmake_target': None, 'cmake_target_skip_unavailable': False, 'install_base': '/home/joas329/Desktop/rover_simulation/install/my_bot', 'merge_install': False, 'path': '/home/joas329/Desktop/rover_simulation/src/my_bot', 'symlink_install': False, 'test_result_base': None}
[0.298s] Level 5:colcon.colcon_core.verb:set package 'arm_moveit_config' build argument 'cmake_args' from command line to 'None'
[0.298s] Level 5:colcon.colcon_core.verb:set package 'arm_moveit_config' build argument 'cmake_target' from command line to 'None'
[0.298s] Level 5:colcon.colcon_core.verb:set package 'arm_moveit_config' build argument 'cmake_target_skip_unavailable' from command line to 'False'
[0.298s] Level 5:colcon.colcon_core.verb:set package 'arm_moveit_config' build argument 'cmake_clean_cache' from command line to 'False'
[0.298s] Level 5:colcon.colcon_core.verb:set package 'arm_moveit_config' build argument 'cmake_clean_first' from command line to 'False'
[0.298s] Level 5:colcon.colcon_core.verb:set package 'arm_moveit_config' build argument 'cmake_force_configure' from command line to 'False'
[0.298s] Level 5:colcon.colcon_core.verb:set package 'arm_moveit_config' build argument 'ament_cmake_args' from command line to 'None'
[0.298s] Level 5:colcon.colcon_core.verb:set package 'arm_moveit_config' build argument 'catkin_cmake_args' from command line to 'None'
[0.298s] Level 5:colcon.colcon_core.verb:set package 'arm_moveit_config' build argument 'catkin_skip_building_tests' from command line to 'False'
[0.298s] DEBUG:colcon.colcon_core.verb:Building package 'arm_moveit_config' with the following arguments: {'ament_cmake_args': None, 'build_base': '/home/joas329/Desktop/rover_simulation/build/arm_moveit_config', 'catkin_cmake_args': None, 'catkin_skip_building_tests': False, 'cmake_args': None, 'cmake_clean_cache': False, 'cmake_clean_first': False, 'cmake_force_configure': False, 'cmake_target': None, 'cmake_target_skip_unavailable': False, 'install_base': '/home/joas329/Desktop/rover_simulation/install/arm_moveit_config', 'merge_install': False, 'path': '/home/joas329/Desktop/rover_simulation/src/arm_moveit_config', 'symlink_install': False, 'test_result_base': None}
[0.299s] Level 5:colcon.colcon_core.verb:set package 'gazebo_ros2_control_demos' build argument 'cmake_args' from command line to 'None'
[0.299s] Level 5:colcon.colcon_core.verb:set package 'gazebo_ros2_control_demos' build argument 'cmake_target' from command line to 'None'
[0.299s] Level 5:colcon.colcon_core.verb:set package 'gazebo_ros2_control_demos' build argument 'cmake_target_skip_unavailable' from command line to 'False'
[0.299s] Level 5:colcon.colcon_core.verb:set package 'gazebo_ros2_control_demos' build argument 'cmake_clean_cache' from command line to 'False'
[0.299s] Level 5:colcon.colcon_core.verb:set package 'gazebo_ros2_control_demos' build argument 'cmake_clean_first' from command line to 'False'
[0.299s] Level 5:colcon.colcon_core.verb:set package 'gazebo_ros2_control_demos' build argument 'cmake_force_configure' from command line to 'False'
[0.299s] Level 5:colcon.colcon_core.verb:set package 'gazebo_ros2_control_demos' build argument 'ament_cmake_args' from command line to 'None'
[0.299s] Level 5:colcon.colcon_core.verb:set package 'gazebo_ros2_control_demos' build argument 'catkin_cmake_args' from command line to 'None'
[0.299s] Level 5:colcon.colcon_core.verb:set package 'gazebo_ros2_control_demos' build argument 'catkin_skip_building_tests' from command line to 'False'
[0.299s] DEBUG:colcon.colcon_core.verb:Building package 'gazebo_ros2_control_demos' with the following arguments: {'ament_cmake_args': None, 'build_base': '/home/joas329/Desktop/rover_simulation/build/gazebo_ros2_control_demos', 'catkin_cmake_args': None, 'catkin_skip_building_tests': False, 'cmake_args': None, 'cmake_clean_cache': False, 'cmake_clean_first': False, 'cmake_force_configure': False, 'cmake_target': None, 'cmake_target_skip_unavailable': False, 'install_base': '/home/joas329/Desktop/rover_simulation/install/gazebo_ros2_control_demos', 'merge_install': False, 'path': '/home/joas329/Desktop/rover_simulation/src/gazebo_ros2_control/gazebo_ros2_control_demos', 'symlink_install': False, 'test_result_base': None}
[0.300s] Level 5:colcon.colcon_core.verb:set package 'moveit' build argument 'cmake_args' from command line to 'None'
[0.300s] Level 5:colcon.colcon_core.verb:set package 'moveit' build argument 'cmake_target' from command line to 'None'
[0.300s] Level 5:colcon.colcon_core.verb:set package 'moveit' build argument 'cmake_target_skip_unavailable' from command line to 'False'
[0.300s] Level 5:colcon.colcon_core.verb:set package 'moveit' build argument 'cmake_clean_cache' from command line to 'False'
[0.300s] Level 5:colcon.colcon_core.verb:set package 'moveit' build argument 'cmake_clean_first' from command line to 'False'
[0.300s] Level 5:colcon.colcon_core.verb:set package 'moveit' build argument 'cmake_force_configure' from command line to 'False'
[0.300s] Level 5:colcon.colcon_core.verb:set package 'moveit' build argument 'ament_cmake_args' from command line to 'None'
[0.300s] Level 5:colcon.colcon_core.verb:set package 'moveit' build argument 'catkin_cmake_args' from command line to 'None'
[0.300s] Level 5:colcon.colcon_core.verb:set package 'moveit' build argument 'catkin_skip_building_tests' from command line to 'False'
[0.300s] DEBUG:colcon.colcon_core.verb:Building package 'moveit' with the following arguments: {'ament_cmake_args': None, 'build_base': '/home/joas329/Desktop/rover_simulation/build/moveit', 'catkin_cmake_args': None, 'catkin_skip_building_tests': False, 'cmake_args': None, 'cmake_clean_cache': False, 'cmake_clean_first': False, 'cmake_force_configure': False, 'cmake_target': None, 'cmake_target_skip_unavailable': False, 'install_base': '/home/joas329/Desktop/rover_simulation/install/moveit', 'merge_install': False, 'path': '/home/joas329/Desktop/rover_simulation/src/moveit_config', 'symlink_install': False, 'test_result_base': None}
[0.301s] INFO:colcon.colcon_core.executor:Executing jobs using 'parallel' executor
[0.305s] DEBUG:colcon.colcon_parallel_executor.executor.parallel:run_until_complete
[0.305s] INFO:colcon.colcon_ros.task.ament_python.build:Building ROS package in '/home/joas329/Desktop/rover_simulation/src/my_bot' with build type 'ament_python'
[0.305s] Level 1:colcon.colcon_core.shell:create_environment_hook('my_bot', 'ament_prefix_path')
[0.308s] INFO:colcon.colcon_core.plugin_system:Skipping extension 'colcon_core.shell.bat': Not used on non-Windows systems
[0.308s] INFO:colcon.colcon_core.shell:Creating environment hook '/home/joas329/Desktop/rover_simulation/install/my_bot/share/my_bot/hook/ament_prefix_path.ps1'
[0.309s] INFO:colcon.colcon_core.shell:Creating environment descriptor '/home/joas329/Desktop/rover_simulation/install/my_bot/share/my_bot/hook/ament_prefix_path.dsv'
[0.309s] INFO:colcon.colcon_core.shell:Creating environment hook '/home/joas329/Desktop/rover_simulation/install/my_bot/share/my_bot/hook/ament_prefix_path.sh'
[0.311s] INFO:colcon.colcon_core.shell:Skip shell extension 'powershell' for command environment: Not usable outside of PowerShell
[0.311s] DEBUG:colcon.colcon_core.shell:Skip shell extension 'dsv' for command environment
[0.315s] INFO:colcon.colcon_ros.task.ament_cmake.build:Building ROS package in '/home/joas329/Desktop/rover_simulation/src/gazebo_ros2_control/gazebo_ros2_control' with build type 'ament_cmake'
[0.315s] INFO:colcon.colcon_cmake.task.cmake.build:Building CMake package in '/home/joas329/Desktop/rover_simulation/src/gazebo_ros2_control/gazebo_ros2_control'
[0.317s] INFO:colcon.colcon_core.shell:Skip shell extension 'powershell' for command environment: Not usable outside of PowerShell
[0.317s] DEBUG:colcon.colcon_core.shell:Skip shell extension 'dsv' for command environment
[0.500s] INFO:colcon.colcon_core.task.python.build:Building Python package in '/home/joas329/Desktop/rover_simulation/src/my_bot'
[0.502s] INFO:colcon.colcon_core.shell:Skip shell extension 'powershell' for command environment: Not usable outside of PowerShell
[0.502s] DEBUG:colcon.colcon_core.shell:Skip shell extension 'dsv' for command environment
[0.516s] DEBUG:colcon.colcon_core.event_handler.log_command:Invoking command in '/home/joas329/Desktop/rover_simulation/build/gazebo_ros2_control': CMAKE_PREFIX_PATH=${CMAKE_PREFIX_PATH}:/home/joas329/Desktop/rover_simulation/install/my_bot:/opt/ros/humble /home/joas329/.local/bin/cmake --build /home/joas329/Desktop/rover_simulation/build/gazebo_ros2_control -- -j12 -l12
[0.759s] DEBUG:colcon.colcon_core.event_handler.log_command:Invoking command in '/home/joas329/Desktop/rover_simulation/build/my_bot': PYTHONPATH=/home/joas329/Desktop/rover_simulation/build/my_bot/prefix_override:/home/joas329/Desktop/rover_simulation/install/my_bot/lib/python3.10/site-packages:${PYTHONPATH} /usr/bin/python3 setup.py develop --uninstall --editable --build-directory /home/joas329/Desktop/rover_simulation/build/my_bot/build
[1.048s] DEBUG:colcon.colcon_core.event_handler.log_command:Invoked command in '/home/joas329/Desktop/rover_simulation/build/my_bot' returned '0': PYTHONPATH=/home/joas329/Desktop/rover_simulation/build/my_bot/prefix_override:/home/joas329/Desktop/rover_simulation/install/my_bot/lib/python3.10/site-packages:${PYTHONPATH} /usr/bin/python3 setup.py develop --uninstall --editable --build-directory /home/joas329/Desktop/rover_simulation/build/my_bot/build
[1.049s] DEBUG:colcon.colcon_core.event_handler.log_command:Invoking command in '/home/joas329/Desktop/rover_simulation/src/my_bot': PYTHONPATH=/home/joas329/Desktop/rover_simulation/build/my_bot/prefix_override:/home/joas329/Desktop/rover_simulation/install/my_bot/lib/python3.10/site-packages:${PYTHONPATH} /usr/bin/python3 setup.py egg_info --egg-base ../../build/my_bot build --build-base /home/joas329/Desktop/rover_simulation/build/my_bot/build install --record /home/joas329/Desktop/rover_simulation/build/my_bot/install.log --single-version-externally-managed
[1.263s] DEBUG:colcon.colcon_core.event_handler.log_command:Invoked command in '/home/joas329/Desktop/rover_simulation/src/my_bot' returned '0': PYTHONPATH=/home/joas329/Desktop/rover_simulation/build/my_bot/prefix_override:/home/joas329/Desktop/rover_simulation/install/my_bot/lib/python3.10/site-packages:${PYTHONPATH} /usr/bin/python3 setup.py egg_info --egg-base ../../build/my_bot build --build-base /home/joas329/Desktop/rover_simulation/build/my_bot/build install --record /home/joas329/Desktop/rover_simulation/build/my_bot/install.log --single-version-externally-managed
[1.266s] Level 1:colcon.colcon_core.environment:checking '/home/joas329/Desktop/rover_simulation/install/my_bot' for CMake module files
[1.266s] Level 1:colcon.colcon_core.environment:checking '/home/joas329/Desktop/rover_simulation/install/my_bot' for CMake config files
[1.267s] Level 1:colcon.colcon_core.environment:checking '/home/joas329/Desktop/rover_simulation/install/my_bot/lib'
[1.267s] Level 1:colcon.colcon_core.environment:checking '/home/joas329/Desktop/rover_simulation/install/my_bot/bin'
[1.267s] Level 1:colcon.colcon_core.environment:checking '/home/joas329/Desktop/rover_simulation/install/my_bot/lib/pkgconfig/my_bot.pc'
[1.267s] Level 1:colcon.colcon_core.environment:checking '/home/joas329/Desktop/rover_simulation/install/my_bot/lib/python3.10/site-packages'
[1.267s] Level 1:colcon.colcon_core.shell:create_environment_hook('my_bot', 'pythonpath')
[1.268s] INFO:colcon.colcon_core.shell:Creating environment hook '/home/joas329/Desktop/rover_simulation/install/my_bot/share/my_bot/hook/pythonpath.ps1'
[1.269s] INFO:colcon.colcon_core.shell:Creating environment descriptor '/home/joas329/Desktop/rover_simulation/install/my_bot/share/my_bot/hook/pythonpath.dsv'
[1.269s] INFO:colcon.colcon_core.shell:Creating environment hook '/home/joas329/Desktop/rover_simulation/install/my_bot/share/my_bot/hook/pythonpath.sh'
[1.270s] Level 1:colcon.colcon_core.environment:checking '/home/joas329/Desktop/rover_simulation/install/my_bot/bin'
[1.270s] Level 1:colcon.colcon_core.environment:create_environment_scripts_only(my_bot)
[1.271s] INFO:colcon.colcon_core.shell:Creating package script '/home/joas329/Desktop/rover_simulation/install/my_bot/share/my_bot/package.ps1'
[1.272s] INFO:colcon.colcon_core.shell:Creating package descriptor '/home/joas329/Desktop/rover_simulation/install/my_bot/share/my_bot/package.dsv'
[1.272s] INFO:colcon.colcon_core.shell:Creating package script '/home/joas329/Desktop/rover_simulation/install/my_bot/share/my_bot/package.sh'
[1.273s] INFO:colcon.colcon_core.shell:Creating package script '/home/joas329/Desktop/rover_simulation/install/my_bot/share/my_bot/package.bash'
[1.273s] INFO:colcon.colcon_core.shell:Creating package script '/home/joas329/Desktop/rover_simulation/install/my_bot/share/my_bot/package.zsh'
[1.274s] Level 1:colcon.colcon_core.environment:create_file_with_runtime_dependencies(/home/joas329/Desktop/rover_simulation/install/my_bot/share/colcon-core/packages/my_bot)
[1.274s] INFO:colcon.colcon_ros.task.ament_cmake.build:Building ROS package in '/home/joas329/Desktop/rover_simulation/src/arm_moveit_config' with build type 'ament_cmake'
[1.274s] INFO:colcon.colcon_cmake.task.cmake.build:Building CMake package in '/home/joas329/Desktop/rover_simulation/src/arm_moveit_config'
[1.276s] INFO:colcon.colcon_core.shell:Skip shell extension 'powershell' for command environment: Not usable outside of PowerShell
[1.276s] DEBUG:colcon.colcon_core.shell:Skip shell extension 'dsv' for command environment
[1.281s] INFO:colcon.colcon_ros.task.ament_cmake.build:Building ROS package in '/home/joas329/Desktop/rover_simulation/src/moveit_config' with build type 'ament_cmake'
[1.282s] INFO:colcon.colcon_cmake.task.cmake.build:Building CMake package in '/home/joas329/Desktop/rover_simulation/src/moveit_config'
[1.283s] INFO:colcon.colcon_core.shell:Skip shell extension 'powershell' for command environment: Not usable outside of PowerShell
[1.286s] DEBUG:colcon.colcon_core.shell:Skip shell extension 'dsv' for command environment
[1.370s] DEBUG:colcon.colcon_core.event_handler.log_command:Invoking command in '/home/joas329/Desktop/rover_simulation/build/arm_moveit_config': AMENT_PREFIX_PATH=/home/joas329/Desktop/rover_simulation/install/my_bot:/home/joas329/Desktop/rover_simulation/install/arm_moveit_config:/home/joas329/Desktop/rover_simulation/install/pointcloud_to_laserscan:/home/joas329/Desktop/rover_simulation/install/moveit:/home/joas329/Desktop/rover_simulation/install/gazebo_ros2_control_demos:/home/joas329/Desktop/rover_simulation/install/gazebo_ros2_control:/opt/ros/humble CMAKE_PREFIX_PATH=${CMAKE_PREFIX_PATH}:/home/joas329/Desktop/rover_simulation/install/my_bot:/opt/ros/humble /home/joas329/.local/bin/cmake --build /home/joas329/Desktop/rover_simulation/build/arm_moveit_config -- -j12 -l12
[1.443s] DEBUG:colcon.colcon_core.event_handler.log_command:Invoking command in '/home/joas329/Desktop/rover_simulation/build/moveit': AMENT_PREFIX_PATH=/home/joas329/Desktop/rover_simulation/install/my_bot:/home/joas329/Desktop/rover_simulation/install/arm_moveit_config:/home/joas329/Desktop/rover_simulation/install/pointcloud_to_laserscan:/home/joas329/Desktop/rover_simulation/install/moveit:/home/joas329/Desktop/rover_simulation/install/gazebo_ros2_control_demos:/home/joas329/Desktop/rover_simulation/install/gazebo_ros2_control:/opt/ros/humble CMAKE_PREFIX_PATH=${CMAKE_PREFIX_PATH}:/home/joas329/Desktop/rover_simulation/install/my_bot:/opt/ros/humble /home/joas329/.local/bin/cmake --build /home/joas329/Desktop/rover_simulation/build/moveit -- -j12 -l12
[1.507s] DEBUG:colcon.colcon_core.event_handler.log_command:Invoked command in '/home/joas329/Desktop/rover_simulation/build/arm_moveit_config' returned '0': AMENT_PREFIX_PATH=/home/joas329/Desktop/rover_simulation/install/my_bot:/home/joas329/Desktop/rover_simulation/install/arm_moveit_config:/home/joas329/Desktop/rover_simulation/install/pointcloud_to_laserscan:/home/joas329/Desktop/rover_simulation/install/moveit:/home/joas329/Desktop/rover_simulation/install/gazebo_ros2_control_demos:/home/joas329/Desktop/rover_simulation/install/gazebo_ros2_control:/opt/ros/humble CMAKE_PREFIX_PATH=${CMAKE_PREFIX_PATH}:/home/joas329/Desktop/rover_simulation/install/my_bot:/opt/ros/humble /home/joas329/.local/bin/cmake --build /home/joas329/Desktop/rover_simulation/build/arm_moveit_config -- -j12 -l12
[1.600s] DEBUG:colcon.colcon_core.event_handler.log_command:Invoked command in '/home/joas329/Desktop/rover_simulation/build/moveit' returned '0': AMENT_PREFIX_PATH=/home/joas329/Desktop/rover_simulation/install/my_bot:/home/joas329/Desktop/rover_simulation/install/arm_moveit_config:/home/joas329/Desktop/rover_simulation/install/pointcloud_to_laserscan:/home/joas329/Desktop/rover_simulation/install/moveit:/home/joas329/Desktop/rover_simulation/install/gazebo_ros2_control_demos:/home/joas329/Desktop/rover_simulation/install/gazebo_ros2_control:/opt/ros/humble CMAKE_PREFIX_PATH=${CMAKE_PREFIX_PATH}:/home/joas329/Desktop/rover_simulation/install/my_bot:/opt/ros/humble /home/joas329/.local/bin/cmake --build /home/joas329/Desktop/rover_simulation/build/moveit -- -j12 -l12
[1.759s] DEBUG:colcon.colcon_core.event_handler.log_command:Invoking command in '/home/joas329/Desktop/rover_simulation/build/arm_moveit_config': AMENT_PREFIX_PATH=/home/joas329/Desktop/rover_simulation/install/my_bot:/home/joas329/Desktop/rover_simulation/install/arm_moveit_config:/home/joas329/Desktop/rover_simulation/install/pointcloud_to_laserscan:/home/joas329/Desktop/rover_simulation/install/moveit:/home/joas329/Desktop/rover_simulation/install/gazebo_ros2_control_demos:/home/joas329/Desktop/rover_simulation/install/gazebo_ros2_control:/opt/ros/humble CMAKE_PREFIX_PATH=${CMAKE_PREFIX_PATH}:/home/joas329/Desktop/rover_simulation/install/my_bot:/opt/ros/humble /home/joas329/.local/bin/cmake --install /home/joas329/Desktop/rover_simulation/build/arm_moveit_config
[1.825s] Level 1:colcon.colcon_core.environment:create_environment_scripts_only(arm_moveit_config)
[1.827s] Level 1:colcon.colcon_core.environment:checking '/home/joas329/Desktop/rover_simulation/install/arm_moveit_config' for CMake module files
[1.832s] Level 1:colcon.colcon_core.environment:checking '/home/joas329/Desktop/rover_simulation/install/arm_moveit_config' for CMake config files
[1.832s] Level 1:colcon.colcon_core.shell:create_environment_hook('arm_moveit_config', 'cmake_prefix_path')
[1.840s] DEBUG:colcon.colcon_core.event_handler.log_command:Invoked command in '/home/joas329/Desktop/rover_simulation/build/arm_moveit_config' returned '0': AMENT_PREFIX_PATH=/home/joas329/Desktop/rover_simulation/install/my_bot:/home/joas329/Desktop/rover_simulation/install/arm_moveit_config:/home/joas329/Desktop/rover_simulation/install/pointcloud_to_laserscan:/home/joas329/Desktop/rover_simulation/install/moveit:/home/joas329/Desktop/rover_simulation/install/gazebo_ros2_control_demos:/home/joas329/Desktop/rover_simulation/install/gazebo_ros2_control:/opt/ros/humble CMAKE_PREFIX_PATH=${CMAKE_PREFIX_PATH}:/home/joas329/Desktop/rover_simulation/install/my_bot:/opt/ros/humble /home/joas329/.local/bin/cmake --install /home/joas329/Desktop/rover_simulation/build/arm_moveit_config
[1.844s] INFO:colcon.colcon_core.shell:Creating environment hook '/home/joas329/Desktop/rover_simulation/install/arm_moveit_config/share/arm_moveit_config/hook/cmake_prefix_path.ps1'
[1.895s] INFO:colcon.colcon_core.shell:Creating environment descriptor '/home/joas329/Desktop/rover_simulation/install/arm_moveit_config/share/arm_moveit_config/hook/cmake_prefix_path.dsv'
[1.903s] INFO:colcon.colcon_core.shell:Creating environment hook '/home/joas329/Desktop/rover_simulation/install/arm_moveit_config/share/arm_moveit_config/hook/cmake_prefix_path.sh'
[1.926s] Level 1:colcon.colcon_core.environment:checking '/home/joas329/Desktop/rover_simulation/install/arm_moveit_config/bin'
[1.926s] Level 1:colcon.colcon_core.environment:checking '/home/joas329/Desktop/rover_simulation/install/arm_moveit_config/lib/pkgconfig/arm_moveit_config.pc'
[1.926s] Level 1:colcon.colcon_core.environment:checking '/home/joas329/Desktop/rover_simulation/install/arm_moveit_config/lib/python3.10/site-packages'
[1.926s] Level 1:colcon.colcon_core.environment:checking '/home/joas329/Desktop/rover_simulation/install/arm_moveit_config/bin'
[1.928s] INFO:colcon.colcon_core.shell:Creating package script '/home/joas329/Desktop/rover_simulation/install/arm_moveit_config/share/arm_moveit_config/package.ps1'
[1.929s] INFO:colcon.colcon_core.shell:Creating package descriptor '/home/joas329/Desktop/rover_simulation/install/arm_moveit_config/share/arm_moveit_config/package.dsv'
[1.929s] INFO:colcon.colcon_core.shell:Creating package script '/home/joas329/Desktop/rover_simulation/install/arm_moveit_config/share/arm_moveit_config/package.sh'
[1.930s] INFO:colcon.colcon_core.shell:Creating package script '/home/joas329/Desktop/rover_simulation/install/arm_moveit_config/share/arm_moveit_config/package.bash'
[1.930s] INFO:colcon.colcon_core.shell:Creating package script '/home/joas329/Desktop/rover_simulation/install/arm_moveit_config/share/arm_moveit_config/package.zsh'
[1.930s] Level 1:colcon.colcon_core.environment:create_file_with_runtime_dependencies(/home/joas329/Desktop/rover_simulation/install/arm_moveit_config/share/colcon-core/packages/arm_moveit_config)
[1.933s] DEBUG:colcon.colcon_core.event_handler.log_command:Invoking command in '/home/joas329/Desktop/rover_simulation/build/moveit': AMENT_PREFIX_PATH=/home/joas329/Desktop/rover_simulation/install/my_bot:/home/joas329/Desktop/rover_simulation/install/arm_moveit_config:/home/joas329/Desktop/rover_simulation/install/pointcloud_to_laserscan:/home/joas329/Desktop/rover_simulation/install/moveit:/home/joas329/Desktop/rover_simulation/install/gazebo_ros2_control_demos:/home/joas329/Desktop/rover_simulation/install/gazebo_ros2_control:/opt/ros/humble CMAKE_PREFIX_PATH=${CMAKE_PREFIX_PATH}:/home/joas329/Desktop/rover_simulation/install/my_bot:/opt/ros/humble /home/joas329/.local/bin/cmake --install /home/joas329/Desktop/rover_simulation/build/moveit
[1.978s] Level 1:colcon.colcon_core.environment:create_environment_scripts_only(moveit)
[1.980s] Level 1:colcon.colcon_core.environment:checking '/home/joas329/Desktop/rover_simulation/install/moveit' for CMake module files
[1.990s] Level 1:colcon.colcon_core.environment:checking '/home/joas329/Desktop/rover_simulation/install/moveit' for CMake config files
[1.990s] Level 1:colcon.colcon_core.shell:create_environment_hook('moveit', 'cmake_prefix_path')
[1.994s] INFO:colcon.colcon_core.shell:Creating environment hook '/home/joas329/Desktop/rover_simulation/install/moveit/share/moveit/hook/cmake_prefix_path.ps1'
[2.004s] DEBUG:colcon.colcon_core.event_handler.log_command:Invoked command in '/home/joas329/Desktop/rover_simulation/build/moveit' returned '0': AMENT_PREFIX_PATH=/home/joas329/Desktop/rover_simulation/install/my_bot:/home/joas329/Desktop/rover_simulation/install/arm_moveit_config:/home/joas329/Desktop/rover_simulation/install/pointcloud_to_laserscan:/home/joas329/Desktop/rover_simulation/install/moveit:/home/joas329/Desktop/rover_simulation/install/gazebo_ros2_control_demos:/home/joas329/Desktop/rover_simulation/install/gazebo_ros2_control:/opt/ros/humble CMAKE_PREFIX_PATH=${CMAKE_PREFIX_PATH}:/home/joas329/Desktop/rover_simulation/install/my_bot:/opt/ros/humble /home/joas329/.local/bin/cmake --install /home/joas329/Desktop/rover_simulation/build/moveit
[2.007s] INFO:colcon.colcon_core.shell:Creating environment descriptor '/home/joas329/Desktop/rover_simulation/install/moveit/share/moveit/hook/cmake_prefix_path.dsv'
[2.007s] INFO:colcon.colcon_core.shell:Creating environment hook '/home/joas329/Desktop/rover_simulation/install/moveit/share/moveit/hook/cmake_prefix_path.sh'
[2.020s] Level 1:colcon.colcon_core.environment:checking '/home/joas329/Desktop/rover_simulation/install/moveit/bin'
[2.020s] Level 1:colcon.colcon_core.environment:checking '/home/joas329/Desktop/rover_simulation/install/moveit/lib/pkgconfig/moveit.pc'
[2.020s] Level 1:colcon.colcon_core.environment:checking '/home/joas329/Desktop/rover_simulation/install/moveit/lib/python3.10/site-packages'
[2.020s] Level 1:colcon.colcon_core.environment:checking '/home/joas329/Desktop/rover_simulation/install/moveit/bin'
[2.024s] INFO:colcon.colcon_core.shell:Creating package script '/home/joas329/Desktop/rover_simulation/install/moveit/share/moveit/package.ps1'
[2.025s] INFO:colcon.colcon_core.shell:Creating package descriptor '/home/joas329/Desktop/rover_simulation/install/moveit/share/moveit/package.dsv'
[2.026s] INFO:colcon.colcon_core.shell:Creating package script '/home/joas329/Desktop/rover_simulation/install/moveit/share/moveit/package.sh'
[2.034s] INFO:colcon.colcon_core.shell:Creating package script '/home/joas329/Desktop/rover_simulation/install/moveit/share/moveit/package.bash'
[2.034s] INFO:colcon.colcon_core.shell:Creating package script '/home/joas329/Desktop/rover_simulation/install/moveit/share/moveit/package.zsh'
[2.035s] Level 1:colcon.colcon_core.environment:create_file_with_runtime_dependencies(/home/joas329/Desktop/rover_simulation/install/moveit/share/colcon-core/packages/moveit)
[2.051s] Level 1:colcon.colcon_core.environment:create_environment_scripts_only(arm_moveit_config)
[2.054s] Level 1:colcon.colcon_core.environment:checking '/home/joas329/Desktop/rover_simulation/install/arm_moveit_config' for CMake module files
[2.055s] Level 1:colcon.colcon_core.environment:checking '/home/joas329/Desktop/rover_simulation/install/arm_moveit_config' for CMake config files
[2.055s] Level 1:colcon.colcon_core.shell:create_environment_hook('arm_moveit_config', 'cmake_prefix_path')
[2.058s] INFO:colcon.colcon_core.shell:Creating environment hook '/home/joas329/Desktop/rover_simulation/install/arm_moveit_config/share/arm_moveit_config/hook/cmake_prefix_path.ps1'
[2.058s] INFO:colcon.colcon_core.shell:Creating environment descriptor '/home/joas329/Desktop/rover_simulation/install/arm_moveit_config/share/arm_moveit_config/hook/cmake_prefix_path.dsv'
[2.058s] INFO:colcon.colcon_core.shell:Creating environment hook '/home/joas329/Desktop/rover_simulation/install/arm_moveit_config/share/arm_moveit_config/hook/cmake_prefix_path.sh'
[2.059s] Level 1:colcon.colcon_core.environment:checking '/home/joas329/Desktop/rover_simulation/install/arm_moveit_config/bin'
[2.059s] Level 1:colcon.colcon_core.environment:checking '/home/joas329/Desktop/rover_simulation/install/arm_moveit_config/lib/pkgconfig/arm_moveit_config.pc'
[2.059s] Level 1:colcon.colcon_core.environment:checking '/home/joas329/Desktop/rover_simulation/install/arm_moveit_config/lib/python3.10/site-packages'
[2.059s] Level 1:colcon.colcon_core.environment:checking '/home/joas329/Desktop/rover_simulation/install/arm_moveit_config/bin'
[2.061s] INFO:colcon.colcon_core.shell:Creating package script '/home/joas329/Desktop/rover_simulation/install/arm_moveit_config/share/arm_moveit_config/package.ps1'
[2.062s] INFO:colcon.colcon_core.shell:Creating package descriptor '/home/joas329/Desktop/rover_simulation/install/arm_moveit_config/share/arm_moveit_config/package.dsv'
[2.063s] INFO:colcon.colcon_core.shell:Creating package script '/home/joas329/Desktop/rover_simulation/install/arm_moveit_config/share/arm_moveit_config/package.sh'
[2.063s] INFO:colcon.colcon_core.shell:Creating package script '/home/joas329/Desktop/rover_simulation/install/arm_moveit_config/share/arm_moveit_config/package.bash'
[2.063s] INFO:colcon.colcon_core.shell:Creating package script '/home/joas329/Desktop/rover_simulation/install/arm_moveit_config/share/arm_moveit_config/package.zsh'
[2.064s] Level 1:colcon.colcon_core.environment:create_file_with_runtime_dependencies(/home/joas329/Desktop/rover_simulation/install/arm_moveit_config/share/colcon-core/packages/arm_moveit_config)
[2.217s] Level 1:colcon.colcon_core.environment:create_environment_scripts_only(moveit)
[2.225s] Level 1:colcon.colcon_core.environment:checking '/home/joas329/Desktop/rover_simulation/install/moveit' for CMake module files
[2.225s] Level 1:colcon.colcon_core.environment:checking '/home/joas329/Desktop/rover_simulation/install/moveit' for CMake config files
[2.225s] Level 1:colcon.colcon_core.shell:create_environment_hook('moveit', 'cmake_prefix_path')
[2.227s] INFO:colcon.colcon_core.shell:Creating environment hook '/home/joas329/Desktop/rover_simulation/install/moveit/share/moveit/hook/cmake_prefix_path.ps1'
[2.228s] INFO:colcon.colcon_core.shell:Creating environment descriptor '/home/joas329/Desktop/rover_simulation/install/moveit/share/moveit/hook/cmake_prefix_path.dsv'
[2.229s] INFO:colcon.colcon_core.shell:Creating environment hook '/home/joas329/Desktop/rover_simulation/install/moveit/share/moveit/hook/cmake_prefix_path.sh'
[2.230s] Level 1:colcon.colcon_core.environment:checking '/home/joas329/Desktop/rover_simulation/install/moveit/bin'
[2.230s] Level 1:colcon.colcon_core.environment:checking '/home/joas329/Desktop/rover_simulation/install/moveit/lib/pkgconfig/moveit.pc'
[2.230s] Level 1:colcon.colcon_core.environment:checking '/home/joas329/Desktop/rover_simulation/install/moveit/lib/python3.10/site-packages'
[2.230s] Level 1:colcon.colcon_core.environment:checking '/home/joas329/Desktop/rover_simulation/install/moveit/bin'
[2.232s] INFO:colcon.colcon_core.shell:Creating package script '/home/joas329/Desktop/rover_simulation/install/moveit/share/moveit/package.ps1'
[2.233s] INFO:colcon.colcon_core.shell:Creating package descriptor '/home/joas329/Desktop/rover_simulation/install/moveit/share/moveit/package.dsv'
[2.234s] INFO:colcon.colcon_core.shell:Creating package script '/home/joas329/Desktop/rover_simulation/install/moveit/share/moveit/package.sh'
[2.234s] INFO:colcon.colcon_core.shell:Creating package script '/home/joas329/Desktop/rover_simulation/install/moveit/share/moveit/package.bash'
[2.234s] INFO:colcon.colcon_core.shell:Creating package script '/home/joas329/Desktop/rover_simulation/install/moveit/share/moveit/package.zsh'
[2.235s] Level 1:colcon.colcon_core.environment:create_file_with_runtime_dependencies(/home/joas329/Desktop/rover_simulation/install/moveit/share/colcon-core/packages/moveit)
[15.611s] DEBUG:colcon.colcon_core.event_handler.log_command:Invoked command in '/home/joas329/Desktop/rover_simulation/build/gazebo_ros2_control' returned '0': CMAKE_PREFIX_PATH=${CMAKE_PREFIX_PATH}:/home/joas329/Desktop/rover_simulation/install/my_bot:/opt/ros/humble /home/joas329/.local/bin/cmake --build /home/joas329/Desktop/rover_simulation/build/gazebo_ros2_control -- -j12 -l12
[15.666s] DEBUG:colcon.colcon_core.event_handler.log_command:Invoking command in '/home/joas329/Desktop/rover_simulation/build/gazebo_ros2_control': CMAKE_PREFIX_PATH=${CMAKE_PREFIX_PATH}:/home/joas329/Desktop/rover_simulation/install/my_bot:/opt/ros/humble /home/joas329/.local/bin/cmake --install /home/joas329/Desktop/rover_simulation/build/gazebo_ros2_control
[15.713s] Level 1:colcon.colcon_core.environment:create_environment_scripts_only(gazebo_ros2_control)
[15.716s] Level 1:colcon.colcon_core.environment:checking '/home/joas329/Desktop/rover_simulation/install/gazebo_ros2_control' for CMake module files
[15.716s] DEBUG:colcon.colcon_core.event_handler.log_command:Invoked command in '/home/joas329/Desktop/rover_simulation/build/gazebo_ros2_control' returned '0': CMAKE_PREFIX_PATH=${CMAKE_PREFIX_PATH}:/home/joas329/Desktop/rover_simulation/install/my_bot:/opt/ros/humble /home/joas329/.local/bin/cmake --install /home/joas329/Desktop/rover_simulation/build/gazebo_ros2_control
[15.717s] Level 1:colcon.colcon_core.environment:checking '/home/joas329/Desktop/rover_simulation/install/gazebo_ros2_control' for CMake config files
[15.717s] Level 1:colcon.colcon_core.shell:create_environment_hook('gazebo_ros2_control', 'cmake_prefix_path')
[15.718s] INFO:colcon.colcon_core.shell:Creating environment hook '/home/joas329/Desktop/rover_simulation/install/gazebo_ros2_control/share/gazebo_ros2_control/hook/cmake_prefix_path.ps1'
[15.719s] INFO:colcon.colcon_core.shell:Creating environment descriptor '/home/joas329/Desktop/rover_simulation/install/gazebo_ros2_control/share/gazebo_ros2_control/hook/cmake_prefix_path.dsv'
[15.719s] INFO:colcon.colcon_core.shell:Creating environment hook '/home/joas329/Desktop/rover_simulation/install/gazebo_ros2_control/share/gazebo_ros2_control/hook/cmake_prefix_path.sh'
[15.723s] Level 1:colcon.colcon_core.environment:checking '/home/joas329/Desktop/rover_simulation/install/gazebo_ros2_control/lib'
[15.723s] Level 1:colcon.colcon_core.shell:create_environment_hook('gazebo_ros2_control', 'ld_library_path_lib')
[15.724s] INFO:colcon.colcon_core.shell:Creating environment hook '/home/joas329/Desktop/rover_simulation/install/gazebo_ros2_control/share/gazebo_ros2_control/hook/ld_library_path_lib.ps1'
[15.724s] INFO:colcon.colcon_core.shell:Creating environment descriptor '/home/joas329/Desktop/rover_simulation/install/gazebo_ros2_control/share/gazebo_ros2_control/hook/ld_library_path_lib.dsv'
[15.725s] INFO:colcon.colcon_core.shell:Creating environment hook '/home/joas329/Desktop/rover_simulation/install/gazebo_ros2_control/share/gazebo_ros2_control/hook/ld_library_path_lib.sh'
[15.725s] Level 1:colcon.colcon_core.environment:checking '/home/joas329/Desktop/rover_simulation/install/gazebo_ros2_control/bin'
[15.725s] Level 1:colcon.colcon_core.environment:checking '/home/joas329/Desktop/rover_simulation/install/gazebo_ros2_control/lib/pkgconfig/gazebo_ros2_control.pc'
[15.725s] Level 1:colcon.colcon_core.environment:checking '/home/joas329/Desktop/rover_simulation/install/gazebo_ros2_control/lib/python3.10/site-packages'
[15.725s] Level 1:colcon.colcon_core.environment:checking '/home/joas329/Desktop/rover_simulation/install/gazebo_ros2_control/bin'
[15.727s] INFO:colcon.colcon_core.shell:Creating package script '/home/joas329/Desktop/rover_simulation/install/gazebo_ros2_control/share/gazebo_ros2_control/package.ps1'
[15.727s] INFO:colcon.colcon_core.shell:Creating package descriptor '/home/joas329/Desktop/rover_simulation/install/gazebo_ros2_control/share/gazebo_ros2_control/package.dsv'
[15.727s] INFO:colcon.colcon_core.shell:Creating package script '/home/joas329/Desktop/rover_simulation/install/gazebo_ros2_control/share/gazebo_ros2_control/package.sh'
[15.728s] INFO:colcon.colcon_core.shell:Creating package script '/home/joas329/Desktop/rover_simulation/install/gazebo_ros2_control/share/gazebo_ros2_control/package.bash'
[15.728s] INFO:colcon.colcon_core.shell:Creating package script '/home/joas329/Desktop/rover_simulation/install/gazebo_ros2_control/share/gazebo_ros2_control/package.zsh'
[15.728s] Level 1:colcon.colcon_core.environment:create_file_with_runtime_dependencies(/home/joas329/Desktop/rover_simulation/install/gazebo_ros2_control/share/colcon-core/packages/gazebo_ros2_control)
[15.796s] Level 1:colcon.colcon_core.environment:create_environment_scripts_only(gazebo_ros2_control)
[15.798s] Level 1:colcon.colcon_core.environment:checking '/home/joas329/Desktop/rover_simulation/install/gazebo_ros2_control' for CMake module files
[15.798s] Level 1:colcon.colcon_core.environment:checking '/home/joas329/Desktop/rover_simulation/install/gazebo_ros2_control' for CMake config files
[15.798s] Level 1:colcon.colcon_core.shell:create_environment_hook('gazebo_ros2_control', 'cmake_prefix_path')
[15.799s] INFO:colcon.colcon_core.shell:Creating environment hook '/home/joas329/Desktop/rover_simulation/install/gazebo_ros2_control/share/gazebo_ros2_control/hook/cmake_prefix_path.ps1'
[15.800s] INFO:colcon.colcon_core.shell:Creating environment descriptor '/home/joas329/Desktop/rover_simulation/install/gazebo_ros2_control/share/gazebo_ros2_control/hook/cmake_prefix_path.dsv'
[15.801s] INFO:colcon.colcon_core.shell:Creating environment hook '/home/joas329/Desktop/rover_simulation/install/gazebo_ros2_control/share/gazebo_ros2_control/hook/cmake_prefix_path.sh'
[15.802s] Level 1:colcon.colcon_core.environment:checking '/home/joas329/Desktop/rover_simulation/install/gazebo_ros2_control/lib'
[15.802s] Level 1:colcon.colcon_core.shell:create_environment_hook('gazebo_ros2_control', 'ld_library_path_lib')
[15.803s] INFO:colcon.colcon_core.shell:Creating environment hook '/home/joas329/Desktop/rover_simulation/install/gazebo_ros2_control/share/gazebo_ros2_control/hook/ld_library_path_lib.ps1'
[15.803s] INFO:colcon.colcon_core.shell:Creating environment descriptor '/home/joas329/Desktop/rover_simulation/install/gazebo_ros2_control/share/gazebo_ros2_control/hook/ld_library_path_lib.dsv'
[15.805s] INFO:colcon.colcon_core.shell:Creating environment hook '/home/joas329/Desktop/rover_simulation/install/gazebo_ros2_control/share/gazebo_ros2_control/hook/ld_library_path_lib.sh'
[15.805s] Level 1:colcon.colcon_core.environment:checking '/home/joas329/Desktop/rover_simulation/install/gazebo_ros2_control/bin'
[15.805s] Level 1:colcon.colcon_core.environment:checking '/home/joas329/Desktop/rover_simulation/install/gazebo_ros2_control/lib/pkgconfig/gazebo_ros2_control.pc'
[15.806s] Level 1:colcon.colcon_core.environment:checking '/home/joas329/Desktop/rover_simulation/install/gazebo_ros2_control/lib/python3.10/site-packages'
[15.806s] Level 1:colcon.colcon_core.environment:checking '/home/joas329/Desktop/rover_simulation/install/gazebo_ros2_control/bin'
[15.807s] INFO:colcon.colcon_core.shell:Creating package script '/home/joas329/Desktop/rover_simulation/install/gazebo_ros2_control/share/gazebo_ros2_control/package.ps1'
[15.808s] INFO:colcon.colcon_core.shell:Creating package descriptor '/home/joas329/Desktop/rover_simulation/install/gazebo_ros2_control/share/gazebo_ros2_control/package.dsv'
[15.808s] INFO:colcon.colcon_core.shell:Creating package script '/home/joas329/Desktop/rover_simulation/install/gazebo_ros2_control/share/gazebo_ros2_control/package.sh'
[15.809s] INFO:colcon.colcon_core.shell:Creating package script '/home/joas329/Desktop/rover_simulation/install/gazebo_ros2_control/share/gazebo_ros2_control/package.bash'
[15.809s] INFO:colcon.colcon_core.shell:Creating package script '/home/joas329/Desktop/rover_simulation/install/gazebo_ros2_control/share/gazebo_ros2_control/package.zsh'
[15.811s] Level 1:colcon.colcon_core.environment:create_file_with_runtime_dependencies(/home/joas329/Desktop/rover_simulation/install/gazebo_ros2_control/share/colcon-core/packages/gazebo_ros2_control)
[15.813s] INFO:colcon.colcon_ros.task.ament_cmake.build:Building ROS package in '/home/joas329/Desktop/rover_simulation/src/gazebo_ros2_control/gazebo_ros2_control_demos' with build type 'ament_cmake'
[15.813s] INFO:colcon.colcon_cmake.task.cmake.build:Building CMake package in '/home/joas329/Desktop/rover_simulation/src/gazebo_ros2_control/gazebo_ros2_control_demos'
[15.815s] INFO:colcon.colcon_core.shell:Skip shell extension 'powershell' for command environment: Not usable outside of PowerShell
[15.815s] DEBUG:colcon.colcon_core.shell:Skip shell extension 'dsv' for command environment
[15.833s] DEBUG:colcon.colcon_core.event_handler.log_command:Invoking command in '/home/joas329/Desktop/rover_simulation/build/gazebo_ros2_control_demos': CMAKE_PREFIX_PATH=/home/joas329/Desktop/rover_simulation/install/gazebo_ros2_control:/home/joas329/Desktop/rover_simulation/install/arm_moveit_config:/home/joas329/Desktop/rover_simulation/install/pointcloud_to_laserscan:/home/joas329/Desktop/rover_simulation/install/moveit:/home/joas329/Desktop/rover_simulation/install/gazebo_ros2_control_demos:/home/joas329/Desktop/rover_simulation/install/my_bot:/opt/ros/humble LD_LIBRARY_PATH=/home/joas329/Desktop/rover_simulation/install/gazebo_ros2_control/lib:/home/joas329/Desktop/rover_simulation/install/pointcloud_to_laserscan/lib:/usr/lib/x86_64-linux-gnu/gazebo-11/plugins:/opt/ros/humble/opt/rviz_ogre_vendor/lib:/opt/ros/humble/lib/x86_64-linux-gnu:/opt/ros/humble/lib /home/joas329/.local/bin/cmake --build /home/joas329/Desktop/rover_simulation/build/gazebo_ros2_control_demos -- -j12 -l12
[21.280s] DEBUG:colcon.colcon_core.event_handler.log_command:Invoked command in '/home/joas329/Desktop/rover_simulation/build/gazebo_ros2_control_demos' returned '0': CMAKE_PREFIX_PATH=/home/joas329/Desktop/rover_simulation/install/gazebo_ros2_control:/home/joas329/Desktop/rover_simulation/install/arm_moveit_config:/home/joas329/Desktop/rover_simulation/install/pointcloud_to_laserscan:/home/joas329/Desktop/rover_simulation/install/moveit:/home/joas329/Desktop/rover_simulation/install/gazebo_ros2_control_demos:/home/joas329/Desktop/rover_simulation/install/my_bot:/opt/ros/humble LD_LIBRARY_PATH=/home/joas329/Desktop/rover_simulation/install/gazebo_ros2_control/lib:/home/joas329/Desktop/rover_simulation/install/pointcloud_to_laserscan/lib:/usr/lib/x86_64-linux-gnu/gazebo-11/plugins:/opt/ros/humble/opt/rviz_ogre_vendor/lib:/opt/ros/humble/lib/x86_64-linux-gnu:/opt/ros/humble/lib /home/joas329/.local/bin/cmake --build /home/joas329/Desktop/rover_simulation/build/gazebo_ros2_control_demos -- -j12 -l12
[21.380s] DEBUG:colcon.colcon_core.event_handler.log_command:Invoking command in '/home/joas329/Desktop/rover_simulation/build/gazebo_ros2_control_demos': CMAKE_PREFIX_PATH=/home/joas329/Desktop/rover_simulation/install/gazebo_ros2_control:/home/joas329/Desktop/rover_simulation/install/arm_moveit_config:/home/joas329/Desktop/rover_simulation/install/pointcloud_to_laserscan:/home/joas329/Desktop/rover_simulation/install/moveit:/home/joas329/Desktop/rover_simulation/install/gazebo_ros2_control_demos:/home/joas329/Desktop/rover_simulation/install/my_bot:/opt/ros/humble LD_LIBRARY_PATH=/home/joas329/Desktop/rover_simulation/install/gazebo_ros2_control/lib:/home/joas329/Desktop/rover_simulation/install/pointcloud_to_laserscan/lib:/usr/lib/x86_64-linux-gnu/gazebo-11/plugins:/opt/ros/humble/opt/rviz_ogre_vendor/lib:/opt/ros/humble/lib/x86_64-linux-gnu:/opt/ros/humble/lib /home/joas329/.local/bin/cmake --install /home/joas329/Desktop/rover_simulation/build/gazebo_ros2_control_demos
[21.450s] Level 1:colcon.colcon_core.environment:create_environment_scripts_only(gazebo_ros2_control_demos)
[21.452s] Level 1:colcon.colcon_core.environment:checking '/home/joas329/Desktop/rover_simulation/install/gazebo_ros2_control_demos' for CMake module files
[21.453s] Level 1:colcon.colcon_core.environment:checking '/home/joas329/Desktop/rover_simulation/install/gazebo_ros2_control_demos' for CMake config files
[21.454s] DEBUG:colcon.colcon_core.event_handler.log_command:Invoked command in '/home/joas329/Desktop/rover_simulation/build/gazebo_ros2_control_demos' returned '0': CMAKE_PREFIX_PATH=/home/joas329/Desktop/rover_simulation/install/gazebo_ros2_control:/home/joas329/Desktop/rover_simulation/install/arm_moveit_config:/home/joas329/Desktop/rover_simulation/install/pointcloud_to_laserscan:/home/joas329/Desktop/rover_simulation/install/moveit:/home/joas329/Desktop/rover_simulation/install/gazebo_ros2_control_demos:/home/joas329/Desktop/rover_simulation/install/my_bot:/opt/ros/humble LD_LIBRARY_PATH=/home/joas329/Desktop/rover_simulation/install/gazebo_ros2_control/lib:/home/joas329/Desktop/rover_simulation/install/pointcloud_to_laserscan/lib:/usr/lib/x86_64-linux-gnu/gazebo-11/plugins:/opt/ros/humble/opt/rviz_ogre_vendor/lib:/opt/ros/humble/lib/x86_64-linux-gnu:/opt/ros/humble/lib /home/joas329/.local/bin/cmake --install /home/joas329/Desktop/rover_simulation/build/gazebo_ros2_control_demos
[21.454s] Level 1:colcon.colcon_core.shell:create_environment_hook('gazebo_ros2_control_demos', 'cmake_prefix_path')
[21.456s] INFO:colcon.colcon_core.shell:Creating environment hook '/home/joas329/Desktop/rover_simulation/install/gazebo_ros2_control_demos/share/gazebo_ros2_control_demos/hook/cmake_prefix_path.ps1'
[21.456s] INFO:colcon.colcon_core.shell:Creating environment descriptor '/home/joas329/Desktop/rover_simulation/install/gazebo_ros2_control_demos/share/gazebo_ros2_control_demos/hook/cmake_prefix_path.dsv'
[21.456s] INFO:colcon.colcon_core.shell:Creating environment hook '/home/joas329/Desktop/rover_simulation/install/gazebo_ros2_control_demos/share/gazebo_ros2_control_demos/hook/cmake_prefix_path.sh'
[21.457s] Level 1:colcon.colcon_core.environment:checking '/home/joas329/Desktop/rover_simulation/install/gazebo_ros2_control_demos/lib'
[21.457s] Level 1:colcon.colcon_core.environment:checking '/home/joas329/Desktop/rover_simulation/install/gazebo_ros2_control_demos/bin'
[21.457s] Level 1:colcon.colcon_core.environment:checking '/home/joas329/Desktop/rover_simulation/install/gazebo_ros2_control_demos/lib/pkgconfig/gazebo_ros2_control_demos.pc'
[21.457s] Level 1:colcon.colcon_core.environment:checking '/home/joas329/Desktop/rover_simulation/install/gazebo_ros2_control_demos/lib/python3.10/site-packages'
[21.457s] Level 1:colcon.colcon_core.environment:checking '/home/joas329/Desktop/rover_simulation/install/gazebo_ros2_control_demos/bin'
[21.459s] INFO:colcon.colcon_core.shell:Creating package script '/home/joas329/Desktop/rover_simulation/install/gazebo_ros2_control_demos/share/gazebo_ros2_control_demos/package.ps1'
[21.459s] INFO:colcon.colcon_core.shell:Creating package descriptor '/home/joas329/Desktop/rover_simulation/install/gazebo_ros2_control_demos/share/gazebo_ros2_control_demos/package.dsv'
[21.459s] INFO:colcon.colcon_core.shell:Creating package script '/home/joas329/Desktop/rover_simulation/install/gazebo_ros2_control_demos/share/gazebo_ros2_control_demos/package.sh'
[21.460s] INFO:colcon.colcon_core.shell:Creating package script '/home/joas329/Desktop/rover_simulation/install/gazebo_ros2_control_demos/share/gazebo_ros2_control_demos/package.bash'
[21.460s] INFO:colcon.colcon_core.shell:Creating package script '/home/joas329/Desktop/rover_simulation/install/gazebo_ros2_control_demos/share/gazebo_ros2_control_demos/package.zsh'
[21.460s] Level 1:colcon.colcon_core.environment:create_file_with_runtime_dependencies(/home/joas329/Desktop/rover_simulation/install/gazebo_ros2_control_demos/share/colcon-core/packages/gazebo_ros2_control_demos)
[21.566s] Level 1:colcon.colcon_core.environment:create_environment_scripts_only(gazebo_ros2_control_demos)
[21.568s] Level 1:colcon.colcon_core.environment:checking '/home/joas329/Desktop/rover_simulation/install/gazebo_ros2_control_demos' for CMake module files
[21.568s] Level 1:colcon.colcon_core.environment:checking '/home/joas329/Desktop/rover_simulation/install/gazebo_ros2_control_demos' for CMake config files
[21.568s] Level 1:colcon.colcon_core.shell:create_environment_hook('gazebo_ros2_control_demos', 'cmake_prefix_path')
[21.569s] INFO:colcon.colcon_core.shell:Creating environment hook '/home/joas329/Desktop/rover_simulation/install/gazebo_ros2_control_demos/share/gazebo_ros2_control_demos/hook/cmake_prefix_path.ps1'
[21.570s] INFO:colcon.colcon_core.shell:Creating environment descriptor '/home/joas329/Desktop/rover_simulation/install/gazebo_ros2_control_demos/share/gazebo_ros2_control_demos/hook/cmake_prefix_path.dsv'
[21.570s] INFO:colcon.colcon_core.shell:Creating environment hook '/home/joas329/Desktop/rover_simulation/install/gazebo_ros2_control_demos/share/gazebo_ros2_control_demos/hook/cmake_prefix_path.sh'
[21.571s] Level 1:colcon.colcon_core.environment:checking '/home/joas329/Desktop/rover_simulation/install/gazebo_ros2_control_demos/lib'
[21.571s] Level 1:colcon.colcon_core.environment:checking '/home/joas329/Desktop/rover_simulation/install/gazebo_ros2_control_demos/bin'
[21.571s] Level 1:colcon.colcon_core.environment:checking '/home/joas329/Desktop/rover_simulation/install/gazebo_ros2_control_demos/lib/pkgconfig/gazebo_ros2_control_demos.pc'
[21.571s] Level 1:colcon.colcon_core.environment:checking '/home/joas329/Desktop/rover_simulation/install/gazebo_ros2_control_demos/lib/python3.10/site-packages'
[21.571s] Level 1:colcon.colcon_core.environment:checking '/home/joas329/Desktop/rover_simulation/install/gazebo_ros2_control_demos/bin'
[21.572s] INFO:colcon.colcon_core.shell:Creating package script '/home/joas329/Desktop/rover_simulation/install/gazebo_ros2_control_demos/share/gazebo_ros2_control_demos/package.ps1'
[21.573s] INFO:colcon.colcon_core.shell:Creating package descriptor '/home/joas329/Desktop/rover_simulation/install/gazebo_ros2_control_demos/share/gazebo_ros2_control_demos/package.dsv'
[21.573s] INFO:colcon.colcon_core.shell:Creating package script '/home/joas329/Desktop/rover_simulation/install/gazebo_ros2_control_demos/share/gazebo_ros2_control_demos/package.sh'
[21.574s] INFO:colcon.colcon_core.shell:Creating package script '/home/joas329/Desktop/rover_simulation/install/gazebo_ros2_control_demos/share/gazebo_ros2_control_demos/package.bash'
[21.574s] INFO:colcon.colcon_core.shell:Creating package script '/home/joas329/Desktop/rover_simulation/install/gazebo_ros2_control_demos/share/gazebo_ros2_control_demos/package.zsh'
[21.575s] Level 1:colcon.colcon_core.environment:create_file_with_runtime_dependencies(/home/joas329/Desktop/rover_simulation/install/gazebo_ros2_control_demos/share/colcon-core/packages/gazebo_ros2_control_demos)
[21.575s] DEBUG:colcon.colcon_parallel_executor.executor.parallel:closing loop
[21.576s] DEBUG:colcon.colcon_parallel_executor.executor.parallel:loop closed
[21.576s] DEBUG:colcon.colcon_parallel_executor.executor.parallel:run_until_complete finished with '0'
[21.576s] DEBUG:colcon.colcon_core.event_reactor:joining thread
[21.583s] INFO:colcon.colcon_core.plugin_system:Skipping extension 'colcon_notification.desktop_notification.terminal_notifier': Not used on non-Darwin systems
[21.583s] INFO:colcon.colcon_core.plugin_system:Skipping extension 'colcon_notification.desktop_notification.win32': Not used on non-Windows systems
[21.583s] INFO:colcon.colcon_notification.desktop_notification:Sending desktop notification using 'notify2'
[21.611s] DEBUG:colcon.colcon_core.event_reactor:joined thread
[21.615s] INFO:colcon.colcon_core.shell:Creating prefix script '/home/joas329/Desktop/rover_simulation/install/local_setup.ps1'
[21.616s] INFO:colcon.colcon_core.shell:Creating prefix util module '/home/joas329/Desktop/rover_simulation/install/_local_setup_util_ps1.py'
[21.618s] INFO:colcon.colcon_core.shell:Creating prefix chain script '/home/joas329/Desktop/rover_simulation/install/setup.ps1'
[21.620s] INFO:colcon.colcon_core.shell:Creating prefix script '/home/joas329/Desktop/rover_simulation/install/local_setup.sh'
[21.620s] INFO:colcon.colcon_core.shell:Creating prefix util module '/home/joas329/Desktop/rover_simulation/install/_local_setup_util_sh.py'
[21.621s] INFO:colcon.colcon_core.shell:Creating prefix chain script '/home/joas329/Desktop/rover_simulation/install/setup.sh'
[21.622s] INFO:colcon.colcon_core.shell:Creating prefix script '/home/joas329/Desktop/rover_simulation/install/local_setup.bash'
[21.623s] INFO:colcon.colcon_core.shell:Creating prefix chain script '/home/joas329/Desktop/rover_simulation/install/setup.bash'
[21.626s] INFO:colcon.colcon_core.shell:Creating prefix script '/home/joas329/Desktop/rover_simulation/install/local_setup.zsh'
[21.626s] INFO:colcon.colcon_core.shell:Creating prefix chain script '/home/joas329/Desktop/rover_simulation/install/setup.zsh'
