[0.123s] Invoking command in '/home/joas329/Desktop/rover_simulation/build/control_moveit_config': AMENT_PREFIX_PATH=/home/joas329/Desktop/rover_simulation/install/my_bot:/home/joas329/Desktop/rover_simulation/install/yurs_hardware:/home/joas329/Desktop/rover_simulation/install/pointcloud_to_laserscan:/home/joas329/Desktop/rover_simulation/install/control_moveit_config:/home/joas329/Desktop/rover_simulation/install/arm_moveit_config:/home/joas329/Desktop/rover_simulation/install/arm_control_moveit_config:/opt/ros/humble CMAKE_PREFIX_PATH=${CMAKE_PREFIX_PATH}:/home/joas329/Desktop/rover_simulation/install/my_bot:/opt/ros/humble /usr/bin/cmake --build /home/joas329/Desktop/rover_simulation/build/control_moveit_config -- -j8 -l8
[0.321s] Invoked command in '/home/joas329/Desktop/rover_simulation/build/control_moveit_config' returned '0': AMENT_PREFIX_PATH=/home/joas329/Desktop/rover_simulation/install/my_bot:/home/joas329/Desktop/rover_simulation/install/yurs_hardware:/home/joas329/Desktop/rover_simulation/install/pointcloud_to_laserscan:/home/joas329/Desktop/rover_simulation/install/control_moveit_config:/home/joas329/Desktop/rover_simulation/install/arm_moveit_config:/home/joas329/Desktop/rover_simulation/install/arm_control_moveit_config:/opt/ros/humble CMAKE_PREFIX_PATH=${CMAKE_PREFIX_PATH}:/home/joas329/Desktop/rover_simulation/install/my_bot:/opt/ros/humble /usr/bin/cmake --build /home/joas329/Desktop/rover_simulation/build/control_moveit_config -- -j8 -l8
[0.465s] Invoking command in '/home/joas329/Desktop/rover_simulation/build/control_moveit_config': AMENT_PREFIX_PATH=/home/joas329/Desktop/rover_simulation/install/my_bot:/home/joas329/Desktop/rover_simulation/install/yurs_hardware:/home/joas329/Desktop/rover_simulation/install/pointcloud_to_laserscan:/home/joas329/Desktop/rover_simulation/install/control_moveit_config:/home/joas329/Desktop/rover_simulation/install/arm_moveit_config:/home/joas329/Desktop/rover_simulation/install/arm_control_moveit_config:/opt/ros/humble CMAKE_PREFIX_PATH=${CMAKE_PREFIX_PATH}:/home/joas329/Desktop/rover_simulation/install/my_bot:/opt/ros/humble /usr/bin/cmake --install /home/joas329/Desktop/rover_simulation/build/control_moveit_config
[0.722s] -- Install configuration: ""
[0.724s] -- Up-to-date: /home/joas329/Desktop/rover_simulation/install/control_moveit_config/share/ament_index/resource_index/package_run_dependencies/control_moveit_config
[0.726s] -- Up-to-date: /home/joas329/Desktop/rover_simulation/install/control_moveit_config/share/ament_index/resource_index/parent_prefix_path/control_moveit_config
[0.730s] -- Up-to-date: /home/joas329/Desktop/rover_simulation/install/control_moveit_config/share/control_moveit_config/environment/ament_prefix_path.sh
[0.747s] -- Up-to-date: /home/joas329/Desktop/rover_simulation/install/control_moveit_config/share/control_moveit_config/environment/ament_prefix_path.dsv
[0.754s] -- Up-to-date: /home/joas329/Desktop/rover_simulation/install/control_moveit_config/share/control_moveit_config/environment/path.sh
[0.756s] -- Up-to-date: /home/joas329/Desktop/rover_simulation/install/control_moveit_config/share/control_moveit_config/environment/path.dsv
[0.757s] -- Up-to-date: /home/joas329/Desktop/rover_simulation/install/control_moveit_config/share/control_moveit_config/local_setup.bash
[0.759s] -- Up-to-date: /home/joas329/Desktop/rover_simulation/install/control_moveit_config/share/control_moveit_config/local_setup.sh
[0.760s] -- Up-to-date: /home/joas329/Desktop/rover_simulation/install/control_moveit_config/share/control_moveit_config/local_setup.zsh
[0.761s] -- Up-to-date: /home/joas329/Desktop/rover_simulation/install/control_moveit_config/share/control_moveit_config/local_setup.dsv
[0.762s] -- Installing: /home/joas329/Desktop/rover_simulation/install/control_moveit_config/share/control_moveit_config/package.dsv
[0.763s] -- Up-to-date: /home/joas329/Desktop/rover_simulation/install/control_moveit_config/share/ament_index/resource_index/packages/control_moveit_config
[0.764s] -- Up-to-date: /home/joas329/Desktop/rover_simulation/install/control_moveit_config/share/control_moveit_config/cmake/control_moveit_configConfig.cmake
[0.765s] -- Up-to-date: /home/joas329/Desktop/rover_simulation/install/control_moveit_config/share/control_moveit_config/cmake/control_moveit_configConfig-version.cmake
[0.766s] -- Up-to-date: /home/joas329/Desktop/rover_simulation/install/control_moveit_config/share/control_moveit_config/package.xml
[0.768s] -- Up-to-date: /home/joas329/Desktop/rover_simulation/install/control_moveit_config/share/control_moveit_config/launch
[0.770s] -- Up-to-date: /home/joas329/Desktop/rover_simulation/install/control_moveit_config/share/control_moveit_config/launch/spawn_controllers.launch.py
[0.771s] -- Up-to-date: /home/joas329/Desktop/rover_simulation/install/control_moveit_config/share/control_moveit_config/launch/static_virtual_joint_tfs.launch.py
[0.772s] -- Up-to-date: /home/joas329/Desktop/rover_simulation/install/control_moveit_config/share/control_moveit_config/launch/warehouse_db.launch.py
[0.774s] -- Up-to-date: /home/joas329/Desktop/rover_simulation/install/control_moveit_config/share/control_moveit_config/launch/setup_assistant.launch.py
[0.775s] -- Up-to-date: /home/joas329/Desktop/rover_simulation/install/control_moveit_config/share/control_moveit_config/launch/final2.launch.py
[0.777s] -- Up-to-date: /home/joas329/Desktop/rover_simulation/install/control_moveit_config/share/control_moveit_config/launch/demo.launch.py
[0.779s] -- Up-to-date: /home/joas329/Desktop/rover_simulation/install/control_moveit_config/share/control_moveit_config/launch/rsp.launch.py
[0.780s] -- Up-to-date: /home/joas329/Desktop/rover_simulation/install/control_moveit_config/share/control_moveit_config/launch/moveit_rviz.launch.py
[0.783s] -- Up-to-date: /home/joas329/Desktop/rover_simulation/install/control_moveit_config/share/control_moveit_config/launch/move_group.launch.py
[0.804s] -- Up-to-date: /home/joas329/Desktop/rover_simulation/install/control_moveit_config/share/control_moveit_config/config
[0.816s] -- Up-to-date: /home/joas329/Desktop/rover_simulation/install/control_moveit_config/share/control_moveit_config/config/chomp_planning.yaml
[0.817s] -- Up-to-date: /home/joas329/Desktop/rover_simulation/install/control_moveit_config/share/control_moveit_config/config/pilz_cartesian_limits.yaml
[0.818s] -- Up-to-date: /home/joas329/Desktop/rover_simulation/install/control_moveit_config/share/control_moveit_config/config/moveit_controllers.yaml
[0.819s] -- Up-to-date: /home/joas329/Desktop/rover_simulation/install/control_moveit_config/share/control_moveit_config/config/ompl_planning.yaml
[0.820s] -- Up-to-date: /home/joas329/Desktop/rover_simulation/install/control_moveit_config/share/control_moveit_config/config/kinematics.yaml
[0.821s] -- Up-to-date: /home/joas329/Desktop/rover_simulation/install/control_moveit_config/share/control_moveit_config/config/robot_arm.urdf.xacro
[0.822s] -- Up-to-date: /home/joas329/Desktop/rover_simulation/install/control_moveit_config/share/control_moveit_config/config/ros2_controllers.yaml
[0.822s] -- Up-to-date: /home/joas329/Desktop/rover_simulation/install/control_moveit_config/share/control_moveit_config/config/robot_arm.srdf
[0.823s] -- Up-to-date: /home/joas329/Desktop/rover_simulation/install/control_moveit_config/share/control_moveit_config/config/robot_arm.ros2_control.xacro
[0.823s] -- Up-to-date: /home/joas329/Desktop/rover_simulation/install/control_moveit_config/share/control_moveit_config/config/initial_positions.yaml
[0.824s] -- Up-to-date: /home/joas329/Desktop/rover_simulation/install/control_moveit_config/share/control_moveit_config/config/joint_limits.yaml
[0.825s] -- Up-to-date: /home/joas329/Desktop/rover_simulation/install/control_moveit_config/share/control_moveit_config/config/moveit.rviz
[0.825s] -- Up-to-date: /home/joas329/Desktop/rover_simulation/install/control_moveit_config/share/control_moveit_config/.setup_assistant
[0.828s] Invoked command in '/home/joas329/Desktop/rover_simulation/build/control_moveit_config' returned '0': AMENT_PREFIX_PATH=/home/joas329/Desktop/rover_simulation/install/my_bot:/home/joas329/Desktop/rover_simulation/install/yurs_hardware:/home/joas329/Desktop/rover_simulation/install/pointcloud_to_laserscan:/home/joas329/Desktop/rover_simulation/install/control_moveit_config:/home/joas329/Desktop/rover_simulation/install/arm_moveit_config:/home/joas329/Desktop/rover_simulation/install/arm_control_moveit_config:/opt/ros/humble CMAKE_PREFIX_PATH=${CMAKE_PREFIX_PATH}:/home/joas329/Desktop/rover_simulation/install/my_bot:/opt/ros/humble /usr/bin/cmake --install /home/joas329/Desktop/rover_simulation/build/control_moveit_config
