[1.157s] Invoking command in '/home/joas329/Desktop/rover_simulation/src/my_bot': PYTHONPATH=/home/joas329/Desktop/rover_simulation/build/my_bot/prefix_override:/home/joas329/Desktop/rover_simulation/install/my_bot/lib/python3.10/site-packages:${PYTHONPATH} /usr/bin/python3 setup.py egg_info --egg-base ../../build/my_bot build --build-base /home/joas329/Desktop/rover_simulation/build/my_bot/build install --record /home/joas329/Desktop/rover_simulation/build/my_bot/install.log --single-version-externally-managed
[1.772s] running egg_info
[1.775s] writing ../../build/my_bot/my_bot.egg-info/PKG-INFO
[1.776s] writing dependency_links to ../../build/my_bot/my_bot.egg-info/dependency_links.txt
[1.777s] writing entry points to ../../build/my_bot/my_bot.egg-info/entry_points.txt
[1.777s] writing requirements to ../../build/my_bot/my_bot.egg-info/requires.txt
[1.777s] writing top-level names to ../../build/my_bot/my_bot.egg-info/top_level.txt
[1.780s] reading manifest file '../../build/my_bot/my_bot.egg-info/SOURCES.txt'
[1.783s] writing manifest file '../../build/my_bot/my_bot.egg-info/SOURCES.txt'
[1.783s] running build
[1.783s] running build_py
[1.783s] running install
[1.784s] running install_lib
[1.787s] running install_data
[1.788s] copying description/arm.urdf -> /home/joas329/Desktop/rover_simulation/install/my_bot/share/my_bot/description
[1.788s] running install_egg_info
[1.791s] removing '/home/joas329/Desktop/rover_simulation/install/my_bot/lib/python3.10/site-packages/my_bot-0.0.0-py3.10.egg-info' (and everything under it)
[1.793s] Copying ../../build/my_bot/my_bot.egg-info to /home/joas329/Desktop/rover_simulation/install/my_bot/lib/python3.10/site-packages/my_bot-0.0.0-py3.10.egg-info
[1.796s] running install_scripts
[1.824s] writing list of installed files to '/home/joas329/Desktop/rover_simulation/build/my_bot/install.log'
[1.853s] Invoked command in '/home/joas329/Desktop/rover_simulation/src/my_bot' returned '0': PYTHONPATH=/home/joas329/Desktop/rover_simulation/build/my_bot/prefix_override:/home/joas329/Desktop/rover_simulation/install/my_bot/lib/python3.10/site-packages:${PYTHONPATH} /usr/bin/python3 setup.py egg_info --egg-base ../../build/my_bot build --build-base /home/joas329/Desktop/rover_simulation/build/my_bot/build install --record /home/joas329/Desktop/rover_simulation/build/my_bot/install.log --single-version-externally-managed
