[1.047s] Invoking command in '/home/joas329/Desktop/rover_simulation/build/realtime_tools': /usr/bin/cmake --build /home/joas329/Desktop/rover_simulation/build/realtime_tools -- -j8 -l8
[5.528s] [ 14%] Built target gmock
[5.529s] [ 23%] Built target gmock_main
[6.716s] [ 33%] Built target realtime_tools
[6.717s] [ 42%] Built target thread_priority
[6.843s] [ 52%] Built target realtime_buffer_tests
[6.845s] [ 61%] Built target realtime_box_tests
[6.928s] [ 71%] Built target realtime_clock_tests
[6.935s] [ 80%] Built target realtime_publisher_tests
[6.935s] [ 90%] Built target realtime_publisher_tests_non_polling
[6.944s] [100%] Built target realtime_server_goal_handle_tests
[6.955s] Invoked command in '/home/joas329/Desktop/rover_simulation/build/realtime_tools' returned '0': /usr/bin/cmake --build /home/joas329/Desktop/rover_simulation/build/realtime_tools -- -j8 -l8
[7.015s] Invoking command in '/home/joas329/Desktop/rover_simulation/build/realtime_tools': /usr/bin/cmake --install /home/joas329/Desktop/rover_simulation/build/realtime_tools
[7.051s] -- Install configuration: ""
[7.078s] -- Up-to-date: /home/joas329/Desktop/rover_simulation/install/realtime_tools/include/realtime_tools
[7.078s] -- Up-to-date: /home/joas329/Desktop/rover_simulation/install/realtime_tools/include/realtime_tools/realtime_tools
[7.080s] -- Up-to-date: /home/joas329/Desktop/rover_simulation/install/realtime_tools/include/realtime_tools/realtime_tools/thread_priority.hpp
[7.080s] -- Up-to-date: /home/joas329/Desktop/rover_simulation/install/realtime_tools/include/realtime_tools/realtime_tools/realtime_buffer.h
[7.080s] -- Up-to-date: /home/joas329/Desktop/rover_simulation/install/realtime_tools/include/realtime_tools/realtime_tools/realtime_box.h
[7.080s] -- Up-to-date: /home/joas329/Desktop/rover_simulation/install/realtime_tools/include/realtime_tools/realtime_tools/realtime_server_goal_handle.h
[7.080s] -- Up-to-date: /home/joas329/Desktop/rover_simulation/install/realtime_tools/include/realtime_tools/realtime_tools/realtime_publisher.h
[7.080s] -- Up-to-date: /home/joas329/Desktop/rover_simulation/install/realtime_tools/include/realtime_tools/realtime_tools/realtime_clock.h
[7.147s] -- Up-to-date: /home/joas329/Desktop/rover_simulation/install/realtime_tools/lib/librealtime_tools.so
[7.154s] -- Up-to-date: /home/joas329/Desktop/rover_simulation/install/realtime_tools/lib/libthread_priority.so
[7.155s] -- Up-to-date: /home/joas329/Desktop/rover_simulation/install/realtime_tools/share/realtime_tools/environment/library_path.sh
[7.156s] -- Up-to-date: /home/joas329/Desktop/rover_simulation/install/realtime_tools/share/realtime_tools/environment/library_path.dsv
[7.156s] -- Up-to-date: /home/joas329/Desktop/rover_simulation/install/realtime_tools/share/ament_index/resource_index/package_run_dependencies/realtime_tools
[7.156s] -- Up-to-date: /home/joas329/Desktop/rover_simulation/install/realtime_tools/share/ament_index/resource_index/parent_prefix_path/realtime_tools
[7.156s] -- Up-to-date: /home/joas329/Desktop/rover_simulation/install/realtime_tools/share/realtime_tools/environment/ament_prefix_path.sh
[7.156s] -- Up-to-date: /home/joas329/Desktop/rover_simulation/install/realtime_tools/share/realtime_tools/environment/ament_prefix_path.dsv
[7.157s] -- Up-to-date: /home/joas329/Desktop/rover_simulation/install/realtime_tools/share/realtime_tools/environment/path.sh
[7.157s] -- Up-to-date: /home/joas329/Desktop/rover_simulation/install/realtime_tools/share/realtime_tools/environment/path.dsv
[7.157s] -- Up-to-date: /home/joas329/Desktop/rover_simulation/install/realtime_tools/share/realtime_tools/local_setup.bash
[7.157s] -- Up-to-date: /home/joas329/Desktop/rover_simulation/install/realtime_tools/share/realtime_tools/local_setup.sh
[7.157s] -- Up-to-date: /home/joas329/Desktop/rover_simulation/install/realtime_tools/share/realtime_tools/local_setup.zsh
[7.158s] -- Up-to-date: /home/joas329/Desktop/rover_simulation/install/realtime_tools/share/realtime_tools/local_setup.dsv
[7.158s] -- Installing: /home/joas329/Desktop/rover_simulation/install/realtime_tools/share/realtime_tools/package.dsv
[7.250s] -- Up-to-date: /home/joas329/Desktop/rover_simulation/install/realtime_tools/share/ament_index/resource_index/packages/realtime_tools
[7.311s] -- Up-to-date: /home/joas329/Desktop/rover_simulation/install/realtime_tools/share/realtime_tools/cmake/export_realtime_toolsExport.cmake
[7.311s] -- Up-to-date: /home/joas329/Desktop/rover_simulation/install/realtime_tools/share/realtime_tools/cmake/export_realtime_toolsExport-noconfig.cmake
[7.312s] -- Up-to-date: /home/joas329/Desktop/rover_simulation/install/realtime_tools/share/realtime_tools/cmake/ament_cmake_export_targets-extras.cmake
[7.313s] -- Up-to-date: /home/joas329/Desktop/rover_simulation/install/realtime_tools/share/realtime_tools/cmake/ament_cmake_export_dependencies-extras.cmake
[7.313s] -- Up-to-date: /home/joas329/Desktop/rover_simulation/install/realtime_tools/share/realtime_tools/cmake/realtime_toolsConfig.cmake
[7.314s] -- Up-to-date: /home/joas329/Desktop/rover_simulation/install/realtime_tools/share/realtime_tools/cmake/realtime_toolsConfig-version.cmake
[7.314s] -- Up-to-date: /home/joas329/Desktop/rover_simulation/install/realtime_tools/share/realtime_tools/package.xml
[7.840s] Invoked command in '/home/joas329/Desktop/rover_simulation/build/realtime_tools' returned '0': /usr/bin/cmake --install /home/joas329/Desktop/rover_simulation/build/realtime_tools
