[3.093s] Invoking command in '/home/joas329/Desktop/rover_simulation/src/my_bot': PYTHONPATH=/home/joas329/Desktop/rover_simulation/build/my_bot/prefix_override:/home/joas329/Desktop/rover_simulation/install/my_bot/lib/python3.10/site-packages:${PYTHONPATH} /usr/bin/python3 setup.py egg_info --egg-base ../../build/my_bot build --build-base /home/joas329/Desktop/rover_simulation/build/my_bot/build install --record /home/joas329/Desktop/rover_simulation/build/my_bot/install.log --single-version-externally-managed
[4.326s] running egg_info
[4.330s] writing ../../build/my_bot/my_bot.egg-info/PKG-INFO
[4.331s] writing dependency_links to ../../build/my_bot/my_bot.egg-info/dependency_links.txt
[4.331s] writing entry points to ../../build/my_bot/my_bot.egg-info/entry_points.txt
[4.332s] writing requirements to ../../build/my_bot/my_bot.egg-info/requires.txt
[4.333s] writing top-level names to ../../build/my_bot/my_bot.egg-info/top_level.txt
[4.344s] reading manifest file '../../build/my_bot/my_bot.egg-info/SOURCES.txt'
[4.349s] writing manifest file '../../build/my_bot/my_bot.egg-info/SOURCES.txt'
[4.350s] running build
[4.351s] running build_py
[4.352s] running install
[4.354s] running install_lib
[4.361s] running install_data
[4.364s] copying launch/hardware.launch.py -> /home/joas329/Desktop/rover_simulation/install/my_bot/share/my_bot/launch
[4.370s] running install_egg_info
[4.377s] removing '/home/joas329/Desktop/rover_simulation/install/my_bot/lib/python3.10/site-packages/my_bot-0.0.0-py3.10.egg-info' (and everything under it)
[4.379s] Copying ../../build/my_bot/my_bot.egg-info to /home/joas329/Desktop/rover_simulation/install/my_bot/lib/python3.10/site-packages/my_bot-0.0.0-py3.10.egg-info
[4.384s] running install_scripts
[4.475s] Installing PID script to /home/joas329/Desktop/rover_simulation/install/my_bot/lib/my_bot
[4.475s] Installing udp_conv script to /home/joas329/Desktop/rover_simulation/install/my_bot/lib/my_bot
[4.477s] writing list of installed files to '/home/joas329/Desktop/rover_simulation/build/my_bot/install.log'
[4.573s] Invoked command in '/home/joas329/Desktop/rover_simulation/src/my_bot' returned '0': PYTHONPATH=/home/joas329/Desktop/rover_simulation/build/my_bot/prefix_override:/home/joas329/Desktop/rover_simulation/install/my_bot/lib/python3.10/site-packages:${PYTHONPATH} /usr/bin/python3 setup.py egg_info --egg-base ../../build/my_bot build --build-base /home/joas329/Desktop/rover_simulation/build/my_bot/build install --record /home/joas329/Desktop/rover_simulation/build/my_bot/install.log --single-version-externally-managed
