[0.110s] Invoking command in '/home/joas329/Desktop/rover_simulation/build/arm_control_moveit_config': AMENT_PREFIX_PATH=/home/joas329/Desktop/rover_simulation/install/my_bot:${AMENT_PREFIX_PATH} CMAKE_PREFIX_PATH=/opt/ros/humble PYTHONPATH=/home/joas329/Desktop/rover_simulation/install/my_bot/lib/python3.10/site-packages:${PYTHONPATH} /usr/bin/cmake --build /home/joas329/Desktop/rover_simulation/build/arm_control_moveit_config -- -j8 -l8
[0.288s] Invoked command in '/home/joas329/Desktop/rover_simulation/build/arm_control_moveit_config' returned '0': AMENT_PREFIX_PATH=/home/joas329/Desktop/rover_simulation/install/my_bot:${AMENT_PREFIX_PATH} CMAKE_PREFIX_PATH=/opt/ros/humble PYTHONPATH=/home/joas329/Desktop/rover_simulation/install/my_bot/lib/python3.10/site-packages:${PYTHONPATH} /usr/bin/cmake --build /home/joas329/Desktop/rover_simulation/build/arm_control_moveit_config -- -j8 -l8
[0.394s] Invoking command in '/home/joas329/Desktop/rover_simulation/build/arm_control_moveit_config': AMENT_PREFIX_PATH=/home/joas329/Desktop/rover_simulation/install/my_bot:${AMENT_PREFIX_PATH} CMAKE_PREFIX_PATH=/opt/ros/humble PYTHONPATH=/home/joas329/Desktop/rover_simulation/install/my_bot/lib/python3.10/site-packages:${PYTHONPATH} /usr/bin/cmake --install /home/joas329/Desktop/rover_simulation/build/arm_control_moveit_config
[0.429s] -- Install configuration: ""
[0.436s] -- Up-to-date: /home/joas329/Desktop/rover_simulation/install/arm_control_moveit_config/share/ament_index/resource_index/package_run_dependencies/arm_control_moveit_config
[0.440s] -- Up-to-date: /home/joas329/Desktop/rover_simulation/install/arm_control_moveit_config/share/ament_index/resource_index/parent_prefix_path/arm_control_moveit_config
[0.441s] -- Up-to-date: /home/joas329/Desktop/rover_simulation/install/arm_control_moveit_config/share/arm_control_moveit_config/environment/ament_prefix_path.sh
[0.442s] -- Up-to-date: /home/joas329/Desktop/rover_simulation/install/arm_control_moveit_config/share/arm_control_moveit_config/environment/ament_prefix_path.dsv
[0.456s] -- Up-to-date: /home/joas329/Desktop/rover_simulation/install/arm_control_moveit_config/share/arm_control_moveit_config/environment/path.sh
[0.468s] -- Up-to-date: /home/joas329/Desktop/rover_simulation/install/arm_control_moveit_config/share/arm_control_moveit_config/environment/path.dsv
[0.471s] -- Up-to-date: /home/joas329/Desktop/rover_simulation/install/arm_control_moveit_config/share/arm_control_moveit_config/local_setup.bash
[0.474s] -- Up-to-date: /home/joas329/Desktop/rover_simulation/install/arm_control_moveit_config/share/arm_control_moveit_config/local_setup.sh
[0.477s] -- Up-to-date: /home/joas329/Desktop/rover_simulation/install/arm_control_moveit_config/share/arm_control_moveit_config/local_setup.zsh
[0.479s] -- Up-to-date: /home/joas329/Desktop/rover_simulation/install/arm_control_moveit_config/share/arm_control_moveit_config/local_setup.dsv
[0.480s] -- Installing: /home/joas329/Desktop/rover_simulation/install/arm_control_moveit_config/share/arm_control_moveit_config/package.dsv
[0.482s] -- Up-to-date: /home/joas329/Desktop/rover_simulation/install/arm_control_moveit_config/share/ament_index/resource_index/packages/arm_control_moveit_config
[0.485s] -- Up-to-date: /home/joas329/Desktop/rover_simulation/install/arm_control_moveit_config/share/arm_control_moveit_config/cmake/arm_control_moveit_configConfig.cmake
[0.486s] -- Up-to-date: /home/joas329/Desktop/rover_simulation/install/arm_control_moveit_config/share/arm_control_moveit_config/cmake/arm_control_moveit_configConfig-version.cmake
[0.487s] -- Up-to-date: /home/joas329/Desktop/rover_simulation/install/arm_control_moveit_config/share/arm_control_moveit_config/package.xml
[0.487s] -- Up-to-date: /home/joas329/Desktop/rover_simulation/install/arm_control_moveit_config/share/arm_control_moveit_config/launch
[0.488s] -- Up-to-date: /home/joas329/Desktop/rover_simulation/install/arm_control_moveit_config/share/arm_control_moveit_config/launch/spawn_controllers.launch.py
[0.489s] -- Up-to-date: /home/joas329/Desktop/rover_simulation/install/arm_control_moveit_config/share/arm_control_moveit_config/launch/static_virtual_joint_tfs.launch.py
[0.490s] -- Up-to-date: /home/joas329/Desktop/rover_simulation/install/arm_control_moveit_config/share/arm_control_moveit_config/launch/arm.launch.py
[0.490s] -- Up-to-date: /home/joas329/Desktop/rover_simulation/install/arm_control_moveit_config/share/arm_control_moveit_config/launch/warehouse_db.launch.py
[0.491s] -- Up-to-date: /home/joas329/Desktop/rover_simulation/install/arm_control_moveit_config/share/arm_control_moveit_config/launch/final.launch.py
[0.492s] -- Up-to-date: /home/joas329/Desktop/rover_simulation/install/arm_control_moveit_config/share/arm_control_moveit_config/launch/setup_assistant.launch.py
[0.502s] -- Up-to-date: /home/joas329/Desktop/rover_simulation/install/arm_control_moveit_config/share/arm_control_moveit_config/launch/arm_moveit.launch.py
[0.505s] -- Up-to-date: /home/joas329/Desktop/rover_simulation/install/arm_control_moveit_config/share/arm_control_moveit_config/launch/demo.launch.py
[0.506s] -- Up-to-date: /home/joas329/Desktop/rover_simulation/install/arm_control_moveit_config/share/arm_control_moveit_config/launch/rsp.launch.py
[0.507s] -- Up-to-date: /home/joas329/Desktop/rover_simulation/install/arm_control_moveit_config/share/arm_control_moveit_config/launch/moveit_rviz.launch.py
[0.507s] -- Up-to-date: /home/joas329/Desktop/rover_simulation/install/arm_control_moveit_config/share/arm_control_moveit_config/launch/move_group.launch.py
[0.508s] -- Up-to-date: /home/joas329/Desktop/rover_simulation/install/arm_control_moveit_config/share/arm_control_moveit_config/config
[0.509s] -- Up-to-date: /home/joas329/Desktop/rover_simulation/install/arm_control_moveit_config/share/arm_control_moveit_config/config/chomp_planning.yaml
[0.511s] -- Up-to-date: /home/joas329/Desktop/rover_simulation/install/arm_control_moveit_config/share/arm_control_moveit_config/config/pilz_cartesian_limits.yaml
[0.512s] -- Up-to-date: /home/joas329/Desktop/rover_simulation/install/arm_control_moveit_config/share/arm_control_moveit_config/config/moveit_controllers.yaml
[0.513s] -- Up-to-date: /home/joas329/Desktop/rover_simulation/install/arm_control_moveit_config/share/arm_control_moveit_config/config/stomp_planning.yaml
[0.516s] -- Up-to-date: /home/joas329/Desktop/rover_simulation/install/arm_control_moveit_config/share/arm_control_moveit_config/config/ompl_planning.yaml
[0.531s] -- Up-to-date: /home/joas329/Desktop/rover_simulation/install/arm_control_moveit_config/share/arm_control_moveit_config/config/kinematics.yaml
[0.532s] -- Up-to-date: /home/joas329/Desktop/rover_simulation/install/arm_control_moveit_config/share/arm_control_moveit_config/config/robot_arm.urdf.xacro
[0.532s] -- Up-to-date: /home/joas329/Desktop/rover_simulation/install/arm_control_moveit_config/share/arm_control_moveit_config/config/ros2_controllers.yaml
[0.532s] -- Up-to-date: /home/joas329/Desktop/rover_simulation/install/arm_control_moveit_config/share/arm_control_moveit_config/config/robot_arm.srdf
[0.534s] -- Up-to-date: /home/joas329/Desktop/rover_simulation/install/arm_control_moveit_config/share/arm_control_moveit_config/config/robot_arm.ros2_control.xacro
[0.534s] -- Up-to-date: /home/joas329/Desktop/rover_simulation/install/arm_control_moveit_config/share/arm_control_moveit_config/config/initial_positions.yaml
[0.535s] -- Up-to-date: /home/joas329/Desktop/rover_simulation/install/arm_control_moveit_config/share/arm_control_moveit_config/config/joint_limits.yaml
[0.536s] -- Up-to-date: /home/joas329/Desktop/rover_simulation/install/arm_control_moveit_config/share/arm_control_moveit_config/config/moveit.rviz
[0.537s] -- Up-to-date: /home/joas329/Desktop/rover_simulation/install/arm_control_moveit_config/share/arm_control_moveit_config/.setup_assistant
[0.540s] Invoked command in '/home/joas329/Desktop/rover_simulation/build/arm_control_moveit_config' returned '0': AMENT_PREFIX_PATH=/home/joas329/Desktop/rover_simulation/install/my_bot:${AMENT_PREFIX_PATH} CMAKE_PREFIX_PATH=/opt/ros/humble PYTHONPATH=/home/joas329/Desktop/rover_simulation/install/my_bot/lib/python3.10/site-packages:${PYTHONPATH} /usr/bin/cmake --install /home/joas329/Desktop/rover_simulation/build/arm_control_moveit_config
