[0.150s] Invoking command in '/home/joas329/Desktop/rover_simulation/build/arm_control_moveit_config': AMENT_PREFIX_PATH=/home/joas329/Desktop/rover_simulation/install/my_bot:/home/joas329/Desktop/rover_simulation/install/yurs_hardware:/home/joas329/Desktop/rover_simulation/install/pointcloud_to_laserscan:/home/joas329/Desktop/rover_simulation/install/control_moveit_config:/home/joas329/Desktop/rover_simulation/install/arm_moveit_config:/home/joas329/Desktop/rover_simulation/install/arm_control_moveit_config:/opt/ros/humble CMAKE_PREFIX_PATH=${CMAKE_PREFIX_PATH}:/home/joas329/Desktop/rover_simulation/install/my_bot:/opt/ros/humble /usr/bin/cmake --build /home/joas329/Desktop/rover_simulation/build/arm_control_moveit_config -- -j8 -l8
[0.362s] Invoked command in '/home/joas329/Desktop/rover_simulation/build/arm_control_moveit_config' returned '0': AMENT_PREFIX_PATH=/home/joas329/Desktop/rover_simulation/install/my_bot:/home/joas329/Desktop/rover_simulation/install/yurs_hardware:/home/joas329/Desktop/rover_simulation/install/pointcloud_to_laserscan:/home/joas329/Desktop/rover_simulation/install/control_moveit_config:/home/joas329/Desktop/rover_simulation/install/arm_moveit_config:/home/joas329/Desktop/rover_simulation/install/arm_control_moveit_config:/opt/ros/humble CMAKE_PREFIX_PATH=${CMAKE_PREFIX_PATH}:/home/joas329/Desktop/rover_simulation/install/my_bot:/opt/ros/humble /usr/bin/cmake --build /home/joas329/Desktop/rover_simulation/build/arm_control_moveit_config -- -j8 -l8
[0.488s] Invoking command in '/home/joas329/Desktop/rover_simulation/build/arm_control_moveit_config': AMENT_PREFIX_PATH=/home/joas329/Desktop/rover_simulation/install/my_bot:/home/joas329/Desktop/rover_simulation/install/yurs_hardware:/home/joas329/Desktop/rover_simulation/install/pointcloud_to_laserscan:/home/joas329/Desktop/rover_simulation/install/control_moveit_config:/home/joas329/Desktop/rover_simulation/install/arm_moveit_config:/home/joas329/Desktop/rover_simulation/install/arm_control_moveit_config:/opt/ros/humble CMAKE_PREFIX_PATH=${CMAKE_PREFIX_PATH}:/home/joas329/Desktop/rover_simulation/install/my_bot:/opt/ros/humble /usr/bin/cmake --install /home/joas329/Desktop/rover_simulation/build/arm_control_moveit_config
[0.536s] -- Install configuration: ""
[0.537s] -- Up-to-date: /home/joas329/Desktop/rover_simulation/install/arm_control_moveit_config/share/ament_index/resource_index/package_run_dependencies/arm_control_moveit_config
[0.539s] -- Up-to-date: /home/joas329/Desktop/rover_simulation/install/arm_control_moveit_config/share/ament_index/resource_index/parent_prefix_path/arm_control_moveit_config
[0.540s] -- Up-to-date: /home/joas329/Desktop/rover_simulation/install/arm_control_moveit_config/share/arm_control_moveit_config/environment/ament_prefix_path.sh
[0.540s] -- Up-to-date: /home/joas329/Desktop/rover_simulation/install/arm_control_moveit_config/share/arm_control_moveit_config/environment/ament_prefix_path.dsv
[0.541s] -- Up-to-date: /home/joas329/Desktop/rover_simulation/install/arm_control_moveit_config/share/arm_control_moveit_config/environment/path.sh
[0.542s] -- Up-to-date: /home/joas329/Desktop/rover_simulation/install/arm_control_moveit_config/share/arm_control_moveit_config/environment/path.dsv
[0.543s] -- Up-to-date: /home/joas329/Desktop/rover_simulation/install/arm_control_moveit_config/share/arm_control_moveit_config/local_setup.bash
[0.544s] -- Up-to-date: /home/joas329/Desktop/rover_simulation/install/arm_control_moveit_config/share/arm_control_moveit_config/local_setup.sh
[0.545s] -- Up-to-date: /home/joas329/Desktop/rover_simulation/install/arm_control_moveit_config/share/arm_control_moveit_config/local_setup.zsh
[0.546s] -- Up-to-date: /home/joas329/Desktop/rover_simulation/install/arm_control_moveit_config/share/arm_control_moveit_config/local_setup.dsv
[0.547s] -- Installing: /home/joas329/Desktop/rover_simulation/install/arm_control_moveit_config/share/arm_control_moveit_config/package.dsv
[0.549s] -- Up-to-date: /home/joas329/Desktop/rover_simulation/install/arm_control_moveit_config/share/ament_index/resource_index/packages/arm_control_moveit_config
[0.550s] -- Up-to-date: /home/joas329/Desktop/rover_simulation/install/arm_control_moveit_config/share/arm_control_moveit_config/cmake/arm_control_moveit_configConfig.cmake
[0.551s] -- Up-to-date: /home/joas329/Desktop/rover_simulation/install/arm_control_moveit_config/share/arm_control_moveit_config/cmake/arm_control_moveit_configConfig-version.cmake
[0.559s] -- Up-to-date: /home/joas329/Desktop/rover_simulation/install/arm_control_moveit_config/share/arm_control_moveit_config/package.xml
[0.562s] -- Up-to-date: /home/joas329/Desktop/rover_simulation/install/arm_control_moveit_config/share/arm_control_moveit_config/launch
[0.564s] -- Up-to-date: /home/joas329/Desktop/rover_simulation/install/arm_control_moveit_config/share/arm_control_moveit_config/launch/spawn_controllers.launch.py
[0.565s] -- Up-to-date: /home/joas329/Desktop/rover_simulation/install/arm_control_moveit_config/share/arm_control_moveit_config/launch/static_virtual_joint_tfs.launch.py
[0.566s] -- Up-to-date: /home/joas329/Desktop/rover_simulation/install/arm_control_moveit_config/share/arm_control_moveit_config/launch/arm.launch.py
[0.567s] -- Up-to-date: /home/joas329/Desktop/rover_simulation/install/arm_control_moveit_config/share/arm_control_moveit_config/launch/warehouse_db.launch.py
[0.568s] -- Up-to-date: /home/joas329/Desktop/rover_simulation/install/arm_control_moveit_config/share/arm_control_moveit_config/launch/final.launch.py
[0.581s] -- Up-to-date: /home/joas329/Desktop/rover_simulation/install/arm_control_moveit_config/share/arm_control_moveit_config/launch/setup_assistant.launch.py
[0.609s] -- Up-to-date: /home/joas329/Desktop/rover_simulation/install/arm_control_moveit_config/share/arm_control_moveit_config/launch/arm_moveit.launch.py
[0.611s] -- Up-to-date: /home/joas329/Desktop/rover_simulation/install/arm_control_moveit_config/share/arm_control_moveit_config/launch/demo.launch.py
[0.612s] -- Up-to-date: /home/joas329/Desktop/rover_simulation/install/arm_control_moveit_config/share/arm_control_moveit_config/launch/rsp.launch.py
[0.614s] -- Up-to-date: /home/joas329/Desktop/rover_simulation/install/arm_control_moveit_config/share/arm_control_moveit_config/launch/moveit_rviz.launch.py
[0.616s] -- Up-to-date: /home/joas329/Desktop/rover_simulation/install/arm_control_moveit_config/share/arm_control_moveit_config/launch/move_group.launch.py
[0.617s] -- Up-to-date: /home/joas329/Desktop/rover_simulation/install/arm_control_moveit_config/share/arm_control_moveit_config/config
[0.617s] -- Up-to-date: /home/joas329/Desktop/rover_simulation/install/arm_control_moveit_config/share/arm_control_moveit_config/config/chomp_planning.yaml
[0.619s] -- Up-to-date: /home/joas329/Desktop/rover_simulation/install/arm_control_moveit_config/share/arm_control_moveit_config/config/pilz_cartesian_limits.yaml
[0.619s] -- Up-to-date: /home/joas329/Desktop/rover_simulation/install/arm_control_moveit_config/share/arm_control_moveit_config/config/moveit_controllers.yaml
[0.620s] -- Up-to-date: /home/joas329/Desktop/rover_simulation/install/arm_control_moveit_config/share/arm_control_moveit_config/config/stomp_planning.yaml
[0.621s] -- Up-to-date: /home/joas329/Desktop/rover_simulation/install/arm_control_moveit_config/share/arm_control_moveit_config/config/ompl_planning.yaml
[0.645s] -- Up-to-date: /home/joas329/Desktop/rover_simulation/install/arm_control_moveit_config/share/arm_control_moveit_config/config/kinematics.yaml
[0.647s] -- Up-to-date: /home/joas329/Desktop/rover_simulation/install/arm_control_moveit_config/share/arm_control_moveit_config/config/robot_arm.urdf.xacro
[0.648s] -- Up-to-date: /home/joas329/Desktop/rover_simulation/install/arm_control_moveit_config/share/arm_control_moveit_config/config/ros2_controllers.yaml
[0.650s] -- Up-to-date: /home/joas329/Desktop/rover_simulation/install/arm_control_moveit_config/share/arm_control_moveit_config/config/robot_arm.srdf
[0.650s] -- Up-to-date: /home/joas329/Desktop/rover_simulation/install/arm_control_moveit_config/share/arm_control_moveit_config/config/robot_arm.ros2_control.xacro
[0.652s] -- Up-to-date: /home/joas329/Desktop/rover_simulation/install/arm_control_moveit_config/share/arm_control_moveit_config/config/initial_positions.yaml
[0.653s] -- Up-to-date: /home/joas329/Desktop/rover_simulation/install/arm_control_moveit_config/share/arm_control_moveit_config/config/joint_limits.yaml
[0.655s] -- Up-to-date: /home/joas329/Desktop/rover_simulation/install/arm_control_moveit_config/share/arm_control_moveit_config/config/moveit.rviz
[0.656s] -- Up-to-date: /home/joas329/Desktop/rover_simulation/install/arm_control_moveit_config/share/arm_control_moveit_config/.setup_assistant
[0.700s] Invoked command in '/home/joas329/Desktop/rover_simulation/build/arm_control_moveit_config' returned '0': AMENT_PREFIX_PATH=/home/joas329/Desktop/rover_simulation/install/my_bot:/home/joas329/Desktop/rover_simulation/install/yurs_hardware:/home/joas329/Desktop/rover_simulation/install/pointcloud_to_laserscan:/home/joas329/Desktop/rover_simulation/install/control_moveit_config:/home/joas329/Desktop/rover_simulation/install/arm_moveit_config:/home/joas329/Desktop/rover_simulation/install/arm_control_moveit_config:/opt/ros/humble CMAKE_PREFIX_PATH=${CMAKE_PREFIX_PATH}:/home/joas329/Desktop/rover_simulation/install/my_bot:/opt/ros/humble /usr/bin/cmake --install /home/joas329/Desktop/rover_simulation/build/arm_control_moveit_config
