[0.150s] Invoking command in '/home/joas329/Desktop/rover_simulation/build/arm_moveit_config': AMENT_PREFIX_PATH=/home/joas329/Desktop/rover_simulation/install/my_bot:${AMENT_PREFIX_PATH} CMAKE_PREFIX_PATH=/opt/ros/humble PYTHONPATH=/home/joas329/Desktop/rover_simulation/install/my_bot/lib/python3.10/site-packages:${PYTHONPATH} /usr/bin/cmake --build /home/joas329/Desktop/rover_simulation/build/arm_moveit_config -- -j8 -l8
[0.357s] Invoked command in '/home/joas329/Desktop/rover_simulation/build/arm_moveit_config' returned '0': AMENT_PREFIX_PATH=/home/joas329/Desktop/rover_simulation/install/my_bot:${AMENT_PREFIX_PATH} CMAKE_PREFIX_PATH=/opt/ros/humble PYTHONPATH=/home/joas329/Desktop/rover_simulation/install/my_bot/lib/python3.10/site-packages:${PYTHONPATH} /usr/bin/cmake --build /home/joas329/Desktop/rover_simulation/build/arm_moveit_config -- -j8 -l8
[0.487s] Invoking command in '/home/joas329/Desktop/rover_simulation/build/arm_moveit_config': AMENT_PREFIX_PATH=/home/joas329/Desktop/rover_simulation/install/my_bot:${AMENT_PREFIX_PATH} CMAKE_PREFIX_PATH=/opt/ros/humble PYTHONPATH=/home/joas329/Desktop/rover_simulation/install/my_bot/lib/python3.10/site-packages:${PYTHONPATH} /usr/bin/cmake --install /home/joas329/Desktop/rover_simulation/build/arm_moveit_config
[0.535s] -- Install configuration: ""
[0.535s] -- Up-to-date: /home/joas329/Desktop/rover_simulation/install/arm_moveit_config/share/ament_index/resource_index/package_run_dependencies/arm_moveit_config
[0.536s] -- Up-to-date: /home/joas329/Desktop/rover_simulation/install/arm_moveit_config/share/ament_index/resource_index/parent_prefix_path/arm_moveit_config
[0.536s] -- Up-to-date: /home/joas329/Desktop/rover_simulation/install/arm_moveit_config/share/arm_moveit_config/environment/ament_prefix_path.sh
[0.537s] -- Up-to-date: /home/joas329/Desktop/rover_simulation/install/arm_moveit_config/share/arm_moveit_config/environment/ament_prefix_path.dsv
[0.537s] -- Up-to-date: /home/joas329/Desktop/rover_simulation/install/arm_moveit_config/share/arm_moveit_config/environment/path.sh
[0.537s] -- Up-to-date: /home/joas329/Desktop/rover_simulation/install/arm_moveit_config/share/arm_moveit_config/environment/path.dsv
[0.538s] -- Up-to-date: /home/joas329/Desktop/rover_simulation/install/arm_moveit_config/share/arm_moveit_config/local_setup.bash
[0.538s] -- Up-to-date: /home/joas329/Desktop/rover_simulation/install/arm_moveit_config/share/arm_moveit_config/local_setup.sh
[0.538s] -- Up-to-date: /home/joas329/Desktop/rover_simulation/install/arm_moveit_config/share/arm_moveit_config/local_setup.zsh
[0.539s] -- Up-to-date: /home/joas329/Desktop/rover_simulation/install/arm_moveit_config/share/arm_moveit_config/local_setup.dsv
[0.539s] -- Installing: /home/joas329/Desktop/rover_simulation/install/arm_moveit_config/share/arm_moveit_config/package.dsv
[0.541s] -- Up-to-date: /home/joas329/Desktop/rover_simulation/install/arm_moveit_config/share/ament_index/resource_index/packages/arm_moveit_config
[0.541s] -- Up-to-date: /home/joas329/Desktop/rover_simulation/install/arm_moveit_config/share/arm_moveit_config/cmake/arm_moveit_configConfig.cmake
[0.542s] -- Up-to-date: /home/joas329/Desktop/rover_simulation/install/arm_moveit_config/share/arm_moveit_config/cmake/arm_moveit_configConfig-version.cmake
[0.545s] -- Up-to-date: /home/joas329/Desktop/rover_simulation/install/arm_moveit_config/share/arm_moveit_config/package.xml
[0.547s] -- Up-to-date: /home/joas329/Desktop/rover_simulation/install/arm_moveit_config/share/arm_moveit_config/launch
[0.574s] -- Up-to-date: /home/joas329/Desktop/rover_simulation/install/arm_moveit_config/share/arm_moveit_config/launch/spawn_controllers.launch.py
[0.574s] -- Up-to-date: /home/joas329/Desktop/rover_simulation/install/arm_moveit_config/share/arm_moveit_config/launch/static_virtual_joint_tfs.launch.py
[0.575s] -- Up-to-date: /home/joas329/Desktop/rover_simulation/install/arm_moveit_config/share/arm_moveit_config/launch/warehouse_db.launch.py
[0.576s] -- Up-to-date: /home/joas329/Desktop/rover_simulation/install/arm_moveit_config/share/arm_moveit_config/launch/setup_assistant.launch.py
[0.576s] -- Up-to-date: /home/joas329/Desktop/rover_simulation/install/arm_moveit_config/share/arm_moveit_config/launch/demo.launch.py
[0.577s] -- Up-to-date: /home/joas329/Desktop/rover_simulation/install/arm_moveit_config/share/arm_moveit_config/launch/rsp.launch.py
[0.617s] -- Up-to-date: /home/joas329/Desktop/rover_simulation/install/arm_moveit_config/share/arm_moveit_config/launch/moveit_rviz.launch.py
[0.617s] -- Up-to-date: /home/joas329/Desktop/rover_simulation/install/arm_moveit_config/share/arm_moveit_config/launch/move_group.launch.py
[0.618s] -- Up-to-date: /home/joas329/Desktop/rover_simulation/install/arm_moveit_config/share/arm_moveit_config/config
[0.619s] -- Up-to-date: /home/joas329/Desktop/rover_simulation/install/arm_moveit_config/share/arm_moveit_config/config/pilz_cartesian_limits.yaml
[0.621s] -- Up-to-date: /home/joas329/Desktop/rover_simulation/install/arm_moveit_config/share/arm_moveit_config/config/moveit_controllers.yaml
[0.622s] -- Up-to-date: /home/joas329/Desktop/rover_simulation/install/arm_moveit_config/share/arm_moveit_config/config/kinematics.yaml
[0.623s] -- Up-to-date: /home/joas329/Desktop/rover_simulation/install/arm_moveit_config/share/arm_moveit_config/config/robot_arm.urdf.xacro
[0.624s] -- Up-to-date: /home/joas329/Desktop/rover_simulation/install/arm_moveit_config/share/arm_moveit_config/config/ros2_controllers.yaml
[0.625s] -- Up-to-date: /home/joas329/Desktop/rover_simulation/install/arm_moveit_config/share/arm_moveit_config/config/robot_arm.srdf
[0.626s] -- Up-to-date: /home/joas329/Desktop/rover_simulation/install/arm_moveit_config/share/arm_moveit_config/config/robot_arm.ros2_control.xacro
[0.627s] -- Up-to-date: /home/joas329/Desktop/rover_simulation/install/arm_moveit_config/share/arm_moveit_config/config/initial_positions.yaml
[0.628s] -- Up-to-date: /home/joas329/Desktop/rover_simulation/install/arm_moveit_config/share/arm_moveit_config/config/joint_limits.yaml
[0.629s] -- Up-to-date: /home/joas329/Desktop/rover_simulation/install/arm_moveit_config/share/arm_moveit_config/config/moveit.rviz
[0.630s] -- Up-to-date: /home/joas329/Desktop/rover_simulation/install/arm_moveit_config/share/arm_moveit_config/.setup_assistant
[0.749s] Invoked command in '/home/joas329/Desktop/rover_simulation/build/arm_moveit_config' returned '0': AMENT_PREFIX_PATH=/home/joas329/Desktop/rover_simulation/install/my_bot:${AMENT_PREFIX_PATH} CMAKE_PREFIX_PATH=/opt/ros/humble PYTHONPATH=/home/joas329/Desktop/rover_simulation/install/my_bot/lib/python3.10/site-packages:${PYTHONPATH} /usr/bin/cmake --install /home/joas329/Desktop/rover_simulation/build/arm_moveit_config
