[0.148s] Invoking command in '/home/joas329/Desktop/rover_simulation/build/control_moveit_config': AMENT_PREFIX_PATH=/home/joas329/Desktop/rover_simulation/install/my_bot:/home/joas329/Desktop/rover_simulation/install/yurs_hardware:/home/joas329/Desktop/rover_simulation/install/pointcloud_to_laserscan:/home/joas329/Desktop/rover_simulation/install/control_moveit_config:/home/joas329/Desktop/rover_simulation/install/arm_moveit_config:/home/joas329/Desktop/rover_simulation/install/arm_control_moveit_config:/opt/ros/humble CMAKE_PREFIX_PATH=${CMAKE_PREFIX_PATH}:/home/joas329/Desktop/rover_simulation/install/my_bot:/opt/ros/humble /usr/bin/cmake --build /home/joas329/Desktop/rover_simulation/build/control_moveit_config -- -j8 -l8
[0.405s] Invoked command in '/home/joas329/Desktop/rover_simulation/build/control_moveit_config' returned '0': AMENT_PREFIX_PATH=/home/joas329/Desktop/rover_simulation/install/my_bot:/home/joas329/Desktop/rover_simulation/install/yurs_hardware:/home/joas329/Desktop/rover_simulation/install/pointcloud_to_laserscan:/home/joas329/Desktop/rover_simulation/install/control_moveit_config:/home/joas329/Desktop/rover_simulation/install/arm_moveit_config:/home/joas329/Desktop/rover_simulation/install/arm_control_moveit_config:/opt/ros/humble CMAKE_PREFIX_PATH=${CMAKE_PREFIX_PATH}:/home/joas329/Desktop/rover_simulation/install/my_bot:/opt/ros/humble /usr/bin/cmake --build /home/joas329/Desktop/rover_simulation/build/control_moveit_config -- -j8 -l8
[0.681s] Invoking command in '/home/joas329/Desktop/rover_simulation/build/control_moveit_config': AMENT_PREFIX_PATH=/home/joas329/Desktop/rover_simulation/install/my_bot:/home/joas329/Desktop/rover_simulation/install/yurs_hardware:/home/joas329/Desktop/rover_simulation/install/pointcloud_to_laserscan:/home/joas329/Desktop/rover_simulation/install/control_moveit_config:/home/joas329/Desktop/rover_simulation/install/arm_moveit_config:/home/joas329/Desktop/rover_simulation/install/arm_control_moveit_config:/opt/ros/humble CMAKE_PREFIX_PATH=${CMAKE_PREFIX_PATH}:/home/joas329/Desktop/rover_simulation/install/my_bot:/opt/ros/humble /usr/bin/cmake --install /home/joas329/Desktop/rover_simulation/build/control_moveit_config
[0.725s] -- Install configuration: ""
[0.726s] -- Up-to-date: /home/joas329/Desktop/rover_simulation/install/control_moveit_config/share/ament_index/resource_index/package_run_dependencies/control_moveit_config
[0.727s] -- Up-to-date: /home/joas329/Desktop/rover_simulation/install/control_moveit_config/share/ament_index/resource_index/parent_prefix_path/control_moveit_config
[0.727s] -- Up-to-date: /home/joas329/Desktop/rover_simulation/install/control_moveit_config/share/control_moveit_config/environment/ament_prefix_path.sh
[0.728s] -- Up-to-date: /home/joas329/Desktop/rover_simulation/install/control_moveit_config/share/control_moveit_config/environment/ament_prefix_path.dsv
[0.729s] -- Up-to-date: /home/joas329/Desktop/rover_simulation/install/control_moveit_config/share/control_moveit_config/environment/path.sh
[0.731s] -- Up-to-date: /home/joas329/Desktop/rover_simulation/install/control_moveit_config/share/control_moveit_config/environment/path.dsv
[0.732s] -- Up-to-date: /home/joas329/Desktop/rover_simulation/install/control_moveit_config/share/control_moveit_config/local_setup.bash
[0.734s] -- Up-to-date: /home/joas329/Desktop/rover_simulation/install/control_moveit_config/share/control_moveit_config/local_setup.sh
[0.734s] -- Up-to-date: /home/joas329/Desktop/rover_simulation/install/control_moveit_config/share/control_moveit_config/local_setup.zsh
[0.735s] -- Up-to-date: /home/joas329/Desktop/rover_simulation/install/control_moveit_config/share/control_moveit_config/local_setup.dsv
[0.736s] -- Installing: /home/joas329/Desktop/rover_simulation/install/control_moveit_config/share/control_moveit_config/package.dsv
[0.737s] -- Up-to-date: /home/joas329/Desktop/rover_simulation/install/control_moveit_config/share/ament_index/resource_index/packages/control_moveit_config
[0.738s] -- Up-to-date: /home/joas329/Desktop/rover_simulation/install/control_moveit_config/share/control_moveit_config/cmake/control_moveit_configConfig.cmake
[0.739s] -- Up-to-date: /home/joas329/Desktop/rover_simulation/install/control_moveit_config/share/control_moveit_config/cmake/control_moveit_configConfig-version.cmake
[0.751s] -- Up-to-date: /home/joas329/Desktop/rover_simulation/install/control_moveit_config/share/control_moveit_config/package.xml
[0.751s] -- Up-to-date: /home/joas329/Desktop/rover_simulation/install/control_moveit_config/share/control_moveit_config/launch
[0.752s] -- Up-to-date: /home/joas329/Desktop/rover_simulation/install/control_moveit_config/share/control_moveit_config/launch/spawn_controllers.launch.py
[0.753s] -- Up-to-date: /home/joas329/Desktop/rover_simulation/install/control_moveit_config/share/control_moveit_config/launch/static_virtual_joint_tfs.launch.py
[0.759s] -- Up-to-date: /home/joas329/Desktop/rover_simulation/install/control_moveit_config/share/control_moveit_config/launch/warehouse_db.launch.py
[0.765s] -- Up-to-date: /home/joas329/Desktop/rover_simulation/install/control_moveit_config/share/control_moveit_config/launch/setup_assistant.launch.py
[0.766s] -- Up-to-date: /home/joas329/Desktop/rover_simulation/install/control_moveit_config/share/control_moveit_config/launch/final2.launch.py
[0.766s] -- Up-to-date: /home/joas329/Desktop/rover_simulation/install/control_moveit_config/share/control_moveit_config/launch/demo.launch.py
[0.767s] -- Up-to-date: /home/joas329/Desktop/rover_simulation/install/control_moveit_config/share/control_moveit_config/launch/rsp.launch.py
[0.767s] -- Up-to-date: /home/joas329/Desktop/rover_simulation/install/control_moveit_config/share/control_moveit_config/launch/moveit_rviz.launch.py
[0.768s] -- Up-to-date: /home/joas329/Desktop/rover_simulation/install/control_moveit_config/share/control_moveit_config/launch/move_group.launch.py
[0.768s] -- Up-to-date: /home/joas329/Desktop/rover_simulation/install/control_moveit_config/share/control_moveit_config/config
[0.769s] -- Up-to-date: /home/joas329/Desktop/rover_simulation/install/control_moveit_config/share/control_moveit_config/config/chomp_planning.yaml
[0.769s] -- Up-to-date: /home/joas329/Desktop/rover_simulation/install/control_moveit_config/share/control_moveit_config/config/pilz_cartesian_limits.yaml
[0.770s] -- Up-to-date: /home/joas329/Desktop/rover_simulation/install/control_moveit_config/share/control_moveit_config/config/moveit_controllers.yaml
[0.777s] -- Up-to-date: /home/joas329/Desktop/rover_simulation/install/control_moveit_config/share/control_moveit_config/config/ompl_planning.yaml
[0.778s] -- Up-to-date: /home/joas329/Desktop/rover_simulation/install/control_moveit_config/share/control_moveit_config/config/kinematics.yaml
[0.779s] -- Up-to-date: /home/joas329/Desktop/rover_simulation/install/control_moveit_config/share/control_moveit_config/config/robot_arm.urdf.xacro
[0.789s] -- Up-to-date: /home/joas329/Desktop/rover_simulation/install/control_moveit_config/share/control_moveit_config/config/ros2_controllers.yaml
[0.801s] -- Up-to-date: /home/joas329/Desktop/rover_simulation/install/control_moveit_config/share/control_moveit_config/config/robot_arm.srdf
[0.802s] -- Up-to-date: /home/joas329/Desktop/rover_simulation/install/control_moveit_config/share/control_moveit_config/config/robot_arm.ros2_control.xacro
[0.802s] -- Up-to-date: /home/joas329/Desktop/rover_simulation/install/control_moveit_config/share/control_moveit_config/config/initial_positions.yaml
[0.816s] -- Up-to-date: /home/joas329/Desktop/rover_simulation/install/control_moveit_config/share/control_moveit_config/config/joint_limits.yaml
[0.817s] -- Up-to-date: /home/joas329/Desktop/rover_simulation/install/control_moveit_config/share/control_moveit_config/config/moveit.rviz
[0.822s] -- Up-to-date: /home/joas329/Desktop/rover_simulation/install/control_moveit_config/share/control_moveit_config/.setup_assistant
[0.847s] Invoked command in '/home/joas329/Desktop/rover_simulation/build/control_moveit_config' returned '0': AMENT_PREFIX_PATH=/home/joas329/Desktop/rover_simulation/install/my_bot:/home/joas329/Desktop/rover_simulation/install/yurs_hardware:/home/joas329/Desktop/rover_simulation/install/pointcloud_to_laserscan:/home/joas329/Desktop/rover_simulation/install/control_moveit_config:/home/joas329/Desktop/rover_simulation/install/arm_moveit_config:/home/joas329/Desktop/rover_simulation/install/arm_control_moveit_config:/opt/ros/humble CMAKE_PREFIX_PATH=${CMAKE_PREFIX_PATH}:/home/joas329/Desktop/rover_simulation/install/my_bot:/opt/ros/humble /usr/bin/cmake --install /home/joas329/Desktop/rover_simulation/build/control_moveit_config
