[0.460s] Invoking command in '/home/joas329/Desktop/rover_simulation/build/pointcloud_to_laserscan': CMAKE_PREFIX_PATH=${CMAKE_PREFIX_PATH}:/home/joas329/Desktop/rover_simulation/install/my_bot:/opt/ros/humble /usr/bin/cmake --build /home/joas329/Desktop/rover_simulation/build/pointcloud_to_laserscan -- -j11 -l11
[0.655s] [ 20%] Built target laserscan_to_pointcloud_node
[0.661s] [ 50%] Built target laserscan_to_pointcloud
[0.662s] [ 60%] Built target pointcloud_to_laserscan_node
[0.759s] [ 80%] Built target pointcloud_to_laserscan
[0.817s] [100%] Built target dummy_pointcloud_publisher
[0.851s] Invoked command in '/home/joas329/Desktop/rover_simulation/build/pointcloud_to_laserscan' returned '0': CMAKE_PREFIX_PATH=${CMAKE_PREFIX_PATH}:/home/joas329/Desktop/rover_simulation/install/my_bot:/opt/ros/humble /usr/bin/cmake --build /home/joas329/Desktop/rover_simulation/build/pointcloud_to_laserscan -- -j11 -l11
[1.023s] Invoking command in '/home/joas329/Desktop/rover_simulation/build/pointcloud_to_laserscan': CMAKE_PREFIX_PATH=${CMAKE_PREFIX_PATH}:/home/joas329/Desktop/rover_simulation/install/my_bot:/opt/ros/humble /usr/bin/cmake --install /home/joas329/Desktop/rover_simulation/build/pointcloud_to_laserscan
[1.043s] -- Install configuration: ""
[1.043s] -- Up-to-date: /home/joas329/Desktop/rover_simulation/install/pointcloud_to_laserscan/lib/pointcloud_to_laserscan/laserscan_to_pointcloud_node
[1.043s] -- Up-to-date: /home/joas329/Desktop/rover_simulation/install/pointcloud_to_laserscan/lib/pointcloud_to_laserscan/pointcloud_to_laserscan_node
[1.043s] -- Up-to-date: /home/joas329/Desktop/rover_simulation/install/pointcloud_to_laserscan/include
[1.043s] -- Up-to-date: /home/joas329/Desktop/rover_simulation/install/pointcloud_to_laserscan/include/pointcloud_to_laserscan
[1.043s] -- Up-to-date: /home/joas329/Desktop/rover_simulation/install/pointcloud_to_laserscan/include/pointcloud_to_laserscan/laserscan_to_pointcloud_node.hpp
[1.043s] -- Up-to-date: /home/joas329/Desktop/rover_simulation/install/pointcloud_to_laserscan/include/pointcloud_to_laserscan/pointcloud_to_laserscan_node.hpp
[1.043s] -- Up-to-date: /home/joas329/Desktop/rover_simulation/install/pointcloud_to_laserscan/include/pointcloud_to_laserscan/visibility_control.h
[1.043s] -- Up-to-date: /home/joas329/Desktop/rover_simulation/install/pointcloud_to_laserscan/share/pointcloud_to_laserscan/environment/library_path.sh
[1.043s] -- Up-to-date: /home/joas329/Desktop/rover_simulation/install/pointcloud_to_laserscan/share/pointcloud_to_laserscan/environment/library_path.dsv
[1.043s] -- Up-to-date: /home/joas329/Desktop/rover_simulation/install/pointcloud_to_laserscan/lib/liblaserscan_to_pointcloud.so
[1.044s] -- Up-to-date: /home/joas329/Desktop/rover_simulation/install/pointcloud_to_laserscan/lib/libpointcloud_to_laserscan.so
[1.044s] -- Up-to-date: /home/joas329/Desktop/rover_simulation/install/pointcloud_to_laserscan/lib/pointcloud_to_laserscan/dummy_pointcloud_publisher
[1.044s] -- Up-to-date: /home/joas329/Desktop/rover_simulation/install/pointcloud_to_laserscan/share/pointcloud_to_laserscan/launch
[1.044s] -- Up-to-date: /home/joas329/Desktop/rover_simulation/install/pointcloud_to_laserscan/share/pointcloud_to_laserscan/launch/sample_laserscan_to_pointcloud_launch.py
[1.044s] -- Up-to-date: /home/joas329/Desktop/rover_simulation/install/pointcloud_to_laserscan/share/pointcloud_to_laserscan/launch/sample_pointcloud_to_laserscan_launch.py
[1.045s] -- Up-to-date: /home/joas329/Desktop/rover_simulation/install/pointcloud_to_laserscan/share/ament_index/resource_index/package_run_dependencies/pointcloud_to_laserscan
[1.046s] -- Up-to-date: /home/joas329/Desktop/rover_simulation/install/pointcloud_to_laserscan/share/ament_index/resource_index/parent_prefix_path/pointcloud_to_laserscan
[1.046s] -- Up-to-date: /home/joas329/Desktop/rover_simulation/install/pointcloud_to_laserscan/share/pointcloud_to_laserscan/environment/ament_prefix_path.sh
[1.046s] -- Up-to-date: /home/joas329/Desktop/rover_simulation/install/pointcloud_to_laserscan/share/pointcloud_to_laserscan/environment/ament_prefix_path.dsv
[1.046s] -- Up-to-date: /home/joas329/Desktop/rover_simulation/install/pointcloud_to_laserscan/share/pointcloud_to_laserscan/environment/path.sh
[1.046s] -- Up-to-date: /home/joas329/Desktop/rover_simulation/install/pointcloud_to_laserscan/share/pointcloud_to_laserscan/environment/path.dsv
[1.047s] -- Up-to-date: /home/joas329/Desktop/rover_simulation/install/pointcloud_to_laserscan/share/pointcloud_to_laserscan/local_setup.bash
[1.047s] -- Up-to-date: /home/joas329/Desktop/rover_simulation/install/pointcloud_to_laserscan/share/pointcloud_to_laserscan/local_setup.sh
[1.047s] -- Up-to-date: /home/joas329/Desktop/rover_simulation/install/pointcloud_to_laserscan/share/pointcloud_to_laserscan/local_setup.zsh
[1.047s] -- Up-to-date: /home/joas329/Desktop/rover_simulation/install/pointcloud_to_laserscan/share/pointcloud_to_laserscan/local_setup.dsv
[1.047s] -- Installing: /home/joas329/Desktop/rover_simulation/install/pointcloud_to_laserscan/share/pointcloud_to_laserscan/package.dsv
[1.047s] -- Up-to-date: /home/joas329/Desktop/rover_simulation/install/pointcloud_to_laserscan/share/ament_index/resource_index/packages/pointcloud_to_laserscan
[1.047s] -- Up-to-date: /home/joas329/Desktop/rover_simulation/install/pointcloud_to_laserscan/share/ament_index/resource_index/rclcpp_components/pointcloud_to_laserscan
[1.047s] -- Up-to-date: /home/joas329/Desktop/rover_simulation/install/pointcloud_to_laserscan/share/pointcloud_to_laserscan/cmake/ament_cmake_export_dependencies-extras.cmake
[1.047s] -- Up-to-date: /home/joas329/Desktop/rover_simulation/install/pointcloud_to_laserscan/share/pointcloud_to_laserscan/cmake/ament_cmake_export_include_directories-extras.cmake
[1.047s] -- Up-to-date: /home/joas329/Desktop/rover_simulation/install/pointcloud_to_laserscan/share/pointcloud_to_laserscan/cmake/ament_cmake_export_libraries-extras.cmake
[1.047s] -- Up-to-date: /home/joas329/Desktop/rover_simulation/install/pointcloud_to_laserscan/share/pointcloud_to_laserscan/cmake/pointcloud_to_laserscanConfig.cmake
[1.047s] -- Up-to-date: /home/joas329/Desktop/rover_simulation/install/pointcloud_to_laserscan/share/pointcloud_to_laserscan/cmake/pointcloud_to_laserscanConfig-version.cmake
[1.048s] -- Up-to-date: /home/joas329/Desktop/rover_simulation/install/pointcloud_to_laserscan/share/pointcloud_to_laserscan/package.xml
[1.053s] Invoked command in '/home/joas329/Desktop/rover_simulation/build/pointcloud_to_laserscan' returned '0': CMAKE_PREFIX_PATH=${CMAKE_PREFIX_PATH}:/home/joas329/Desktop/rover_simulation/install/my_bot:/opt/ros/humble /usr/bin/cmake --install /home/joas329/Desktop/rover_simulation/build/pointcloud_to_laserscan
