[0.665s] Invoking command in '/home/joas329/Desktop/rover_simulation/build/control_msgs': CMAKE_PREFIX_PATH=${CMAKE_PREFIX_PATH}:/home/joas329/Desktop/rover_simulation/install/my_bot:/opt/ros/humble /usr/bin/cmake --build /home/joas329/Desktop/rover_simulation/build/control_msgs -- -j8 -l8
[0.857s] [  5%] Built target control_msgs__cpp
[0.858s] [ 12%] Built target control_msgs__rosidl_generator_c
[0.948s] [ 12%] Built target ament_cmake_python_copy_control_msgs
[0.988s] [ 24%] Built target control_msgs__rosidl_typesupport_introspection_c
[1.026s] [ 36%] Built target control_msgs__rosidl_typesupport_fastrtps_c
[1.034s] [ 48%] Built target control_msgs__rosidl_typesupport_c
[1.070s] [ 60%] Built target control_msgs__rosidl_typesupport_introspection_cpp
[1.088s] [ 72%] Built target control_msgs__rosidl_typesupport_cpp
[1.096s] [ 84%] Built target control_msgs__rosidl_typesupport_fastrtps_cpp
[1.157s] [ 84%] Built target control_msgs
[1.202s] [ 85%] Built target control_msgs__py
[1.287s] [ 96%] Built target control_msgs__rosidl_generator_py
[1.390s] [ 97%] Built target control_msgs__rosidl_typesupport_fastrtps_c__pyext
[1.391s] [ 99%] Built target control_msgs__rosidl_typesupport_introspection_c__pyext
[1.404s] [100%] Built target control_msgs__rosidl_typesupport_c__pyext
[1.826s] running egg_info
[1.826s] writing control_msgs.egg-info/PKG-INFO
[1.826s] writing dependency_links to control_msgs.egg-info/dependency_links.txt
[1.826s] writing top-level names to control_msgs.egg-info/top_level.txt
[1.831s] reading manifest file 'control_msgs.egg-info/SOURCES.txt'
[1.834s] writing manifest file 'control_msgs.egg-info/SOURCES.txt'
[1.901s] [100%] Built target ament_cmake_python_build_control_msgs_egg
[1.926s] Invoked command in '/home/joas329/Desktop/rover_simulation/build/control_msgs' returned '0': CMAKE_PREFIX_PATH=${CMAKE_PREFIX_PATH}:/home/joas329/Desktop/rover_simulation/install/my_bot:/opt/ros/humble /usr/bin/cmake --build /home/joas329/Desktop/rover_simulation/build/control_msgs -- -j8 -l8
[2.806s] Invoking command in '/home/joas329/Desktop/rover_simulation/build/control_msgs': CMAKE_PREFIX_PATH=${CMAKE_PREFIX_PATH}:/home/joas329/Desktop/rover_simulation/install/my_bot:/opt/ros/humble /usr/bin/cmake --install /home/joas329/Desktop/rover_simulation/build/control_msgs
[2.819s] -- Install configuration: ""
[2.822s] -- Up-to-date: /home/joas329/Desktop/rover_simulation/install/control_msgs/share/ament_index/resource_index/rosidl_interfaces/control_msgs
[2.831s] -- Up-to-date: /home/joas329/Desktop/rover_simulation/install/control_msgs/include/control_msgs/control_msgs
[2.832s] -- Up-to-date: /home/joas329/Desktop/rover_simulation/install/control_msgs/include/control_msgs/control_msgs/action
[2.834s] -- Up-to-date: /home/joas329/Desktop/rover_simulation/install/control_msgs/include/control_msgs/control_msgs/action/follow_joint_trajectory.h
[2.835s] -- Up-to-date: /home/joas329/Desktop/rover_simulation/install/control_msgs/include/control_msgs/control_msgs/action/gripper_command.h
[2.835s] -- Up-to-date: /home/joas329/Desktop/rover_simulation/install/control_msgs/include/control_msgs/control_msgs/action/point_head.h
[2.835s] -- Up-to-date: /home/joas329/Desktop/rover_simulation/install/control_msgs/include/control_msgs/control_msgs/action/joint_trajectory.h
[2.836s] -- Up-to-date: /home/joas329/Desktop/rover_simulation/install/control_msgs/include/control_msgs/control_msgs/action/detail
[2.836s] -- Up-to-date: /home/joas329/Desktop/rover_simulation/install/control_msgs/include/control_msgs/control_msgs/action/detail/joint_trajectory__functions.c
[2.836s] -- Up-to-date: /home/joas329/Desktop/rover_simulation/install/control_msgs/include/control_msgs/control_msgs/action/detail/single_joint_position__struct.h
[2.836s] -- Up-to-date: /home/joas329/Desktop/rover_simulation/install/control_msgs/include/control_msgs/control_msgs/action/detail/follow_joint_trajectory__struct.h
[2.836s] -- Up-to-date: /home/joas329/Desktop/rover_simulation/install/control_msgs/include/control_msgs/control_msgs/action/detail/gripper_command__type_support.h
[2.837s] -- Up-to-date: /home/joas329/Desktop/rover_simulation/install/control_msgs/include/control_msgs/control_msgs/action/detail/gripper_command__functions.c
[2.837s] -- Up-to-date: /home/joas329/Desktop/rover_simulation/install/control_msgs/include/control_msgs/control_msgs/action/detail/single_joint_position__functions.h
[2.838s] -- Up-to-date: /home/joas329/Desktop/rover_simulation/install/control_msgs/include/control_msgs/control_msgs/action/detail/single_joint_position__type_support.h
[2.838s] -- Up-to-date: /home/joas329/Desktop/rover_simulation/install/control_msgs/include/control_msgs/control_msgs/action/detail/joint_trajectory__functions.h
[2.838s] -- Up-to-date: /home/joas329/Desktop/rover_simulation/install/control_msgs/include/control_msgs/control_msgs/action/detail/follow_joint_trajectory__functions.h
[2.839s] -- Up-to-date: /home/joas329/Desktop/rover_simulation/install/control_msgs/include/control_msgs/control_msgs/action/detail/single_joint_position__functions.c
[2.840s] -- Up-to-date: /home/joas329/Desktop/rover_simulation/install/control_msgs/include/control_msgs/control_msgs/action/detail/follow_joint_trajectory__type_support.h
[2.841s] -- Up-to-date: /home/joas329/Desktop/rover_simulation/install/control_msgs/include/control_msgs/control_msgs/action/detail/point_head__functions.h
[2.842s] -- Up-to-date: /home/joas329/Desktop/rover_simulation/install/control_msgs/include/control_msgs/control_msgs/action/detail/gripper_command__struct.h
[2.844s] -- Up-to-date: /home/joas329/Desktop/rover_simulation/install/control_msgs/include/control_msgs/control_msgs/action/detail/gripper_command__functions.h
[2.845s] -- Up-to-date: /home/joas329/Desktop/rover_simulation/install/control_msgs/include/control_msgs/control_msgs/action/detail/joint_trajectory__type_support.h
[2.845s] -- Up-to-date: /home/joas329/Desktop/rover_simulation/install/control_msgs/include/control_msgs/control_msgs/action/detail/point_head__struct.h
[2.845s] -- Up-to-date: /home/joas329/Desktop/rover_simulation/install/control_msgs/include/control_msgs/control_msgs/action/detail/follow_joint_trajectory__functions.c
[2.849s] -- Up-to-date: /home/joas329/Desktop/rover_simulation/install/control_msgs/include/control_msgs/control_msgs/action/detail/joint_trajectory__struct.h
[2.850s] -- Up-to-date: /home/joas329/Desktop/rover_simulation/install/control_msgs/include/control_msgs/control_msgs/action/detail/point_head__type_support.h
[2.851s] -- Up-to-date: /home/joas329/Desktop/rover_simulation/install/control_msgs/include/control_msgs/control_msgs/action/detail/point_head__functions.c
[2.851s] -- Up-to-date: /home/joas329/Desktop/rover_simulation/install/control_msgs/include/control_msgs/control_msgs/action/single_joint_position.h
[2.852s] -- Up-to-date: /home/joas329/Desktop/rover_simulation/install/control_msgs/include/control_msgs/control_msgs/msg
[2.853s] -- Up-to-date: /home/joas329/Desktop/rover_simulation/install/control_msgs/include/control_msgs/control_msgs/msg/dynamic_joint_state.h
[2.853s] -- Up-to-date: /home/joas329/Desktop/rover_simulation/install/control_msgs/include/control_msgs/control_msgs/msg/steering_controller_status.h
[2.854s] -- Up-to-date: /home/joas329/Desktop/rover_simulation/install/control_msgs/include/control_msgs/control_msgs/msg/rosidl_generator_c__visibility_control.h
[2.858s] -- Up-to-date: /home/joas329/Desktop/rover_simulation/install/control_msgs/include/control_msgs/control_msgs/msg/interface_value.h
[2.858s] -- Up-to-date: /home/joas329/Desktop/rover_simulation/install/control_msgs/include/control_msgs/control_msgs/msg/joint_jog.h
[2.859s] -- Up-to-date: /home/joas329/Desktop/rover_simulation/install/control_msgs/include/control_msgs/control_msgs/msg/joint_tolerance.h
[2.859s] -- Up-to-date: /home/joas329/Desktop/rover_simulation/install/control_msgs/include/control_msgs/control_msgs/msg/joint_component_tolerance.h
[2.860s] -- Up-to-date: /home/joas329/Desktop/rover_simulation/install/control_msgs/include/control_msgs/control_msgs/msg/gripper_command.h
[2.860s] -- Up-to-date: /home/joas329/Desktop/rover_simulation/install/control_msgs/include/control_msgs/control_msgs/msg/admittance_controller_state.h
[2.861s] -- Up-to-date: /home/joas329/Desktop/rover_simulation/install/control_msgs/include/control_msgs/control_msgs/msg/mecanum_drive_controller_state.h
[2.862s] -- Up-to-date: /home/joas329/Desktop/rover_simulation/install/control_msgs/include/control_msgs/control_msgs/msg/joint_controller_state.h
[2.862s] -- Up-to-date: /home/joas329/Desktop/rover_simulation/install/control_msgs/include/control_msgs/control_msgs/msg/joint_trajectory_controller_state.h
[2.863s] -- Up-to-date: /home/joas329/Desktop/rover_simulation/install/control_msgs/include/control_msgs/control_msgs/msg/pid_state.h
[2.863s] -- Up-to-date: /home/joas329/Desktop/rover_simulation/install/control_msgs/include/control_msgs/control_msgs/msg/detail
[2.864s] -- Up-to-date: /home/joas329/Desktop/rover_simulation/install/control_msgs/include/control_msgs/control_msgs/msg/detail/interface_value__functions.h
[2.864s] -- Up-to-date: /home/joas329/Desktop/rover_simulation/install/control_msgs/include/control_msgs/control_msgs/msg/detail/interface_value__type_support.h
[2.865s] -- Up-to-date: /home/joas329/Desktop/rover_simulation/install/control_msgs/include/control_msgs/control_msgs/msg/detail/pid_state__functions.c
[2.865s] -- Up-to-date: /home/joas329/Desktop/rover_simulation/install/control_msgs/include/control_msgs/control_msgs/msg/detail/dynamic_joint_state__functions.c
[2.866s] -- Up-to-date: /home/joas329/Desktop/rover_simulation/install/control_msgs/include/control_msgs/control_msgs/msg/detail/mecanum_drive_controller_state__type_support.h
[2.866s] -- Up-to-date: /home/joas329/Desktop/rover_simulation/install/control_msgs/include/control_msgs/control_msgs/msg/detail/joint_controller_state__type_support.h
[2.866s] -- Up-to-date: /home/joas329/Desktop/rover_simulation/install/control_msgs/include/control_msgs/control_msgs/msg/detail/mecanum_drive_controller_state__functions.h
[2.866s] -- Up-to-date: /home/joas329/Desktop/rover_simulation/install/control_msgs/include/control_msgs/control_msgs/msg/detail/dynamic_joint_state__functions.h
[2.867s] -- Up-to-date: /home/joas329/Desktop/rover_simulation/install/control_msgs/include/control_msgs/control_msgs/msg/detail/pid_state__struct.h
[2.867s] -- Up-to-date: /home/joas329/Desktop/rover_simulation/install/control_msgs/include/control_msgs/control_msgs/msg/detail/gripper_command__type_support.h
[2.867s] -- Up-to-date: /home/joas329/Desktop/rover_simulation/install/control_msgs/include/control_msgs/control_msgs/msg/detail/gripper_command__functions.c
[2.867s] -- Up-to-date: /home/joas329/Desktop/rover_simulation/install/control_msgs/include/control_msgs/control_msgs/msg/detail/mecanum_drive_controller_state__struct.h
[2.867s] -- Up-to-date: /home/joas329/Desktop/rover_simulation/install/control_msgs/include/control_msgs/control_msgs/msg/detail/mecanum_drive_controller_state__functions.c
[2.868s] -- Up-to-date: /home/joas329/Desktop/rover_simulation/install/control_msgs/include/control_msgs/control_msgs/msg/detail/joint_trajectory_controller_state__functions.h
[2.868s] -- Up-to-date: /home/joas329/Desktop/rover_simulation/install/control_msgs/include/control_msgs/control_msgs/msg/detail/joint_controller_state__struct.h
[2.868s] -- Up-to-date: /home/joas329/Desktop/rover_simulation/install/control_msgs/include/control_msgs/control_msgs/msg/detail/joint_jog__functions.c
[2.868s] -- Up-to-date: /home/joas329/Desktop/rover_simulation/install/control_msgs/include/control_msgs/control_msgs/msg/detail/interface_value__struct.h
[2.868s] -- Up-to-date: /home/joas329/Desktop/rover_simulation/install/control_msgs/include/control_msgs/control_msgs/msg/detail/joint_controller_state__functions.c
[2.868s] -- Up-to-date: /home/joas329/Desktop/rover_simulation/install/control_msgs/include/control_msgs/control_msgs/msg/detail/joint_jog__type_support.h
[2.869s] -- Up-to-date: /home/joas329/Desktop/rover_simulation/install/control_msgs/include/control_msgs/control_msgs/msg/detail/admittance_controller_state__struct.h
[2.869s] -- Up-to-date: /home/joas329/Desktop/rover_simulation/install/control_msgs/include/control_msgs/control_msgs/msg/detail/pid_state__functions.h
[2.869s] -- Up-to-date: /home/joas329/Desktop/rover_simulation/install/control_msgs/include/control_msgs/control_msgs/msg/detail/dynamic_joint_state__struct.h
[2.869s] -- Up-to-date: /home/joas329/Desktop/rover_simulation/install/control_msgs/include/control_msgs/control_msgs/msg/detail/joint_trajectory_controller_state__functions.c
[2.869s] -- Up-to-date: /home/joas329/Desktop/rover_simulation/install/control_msgs/include/control_msgs/control_msgs/msg/detail/joint_jog__struct.h
[2.869s] -- Up-to-date: /home/joas329/Desktop/rover_simulation/install/control_msgs/include/control_msgs/control_msgs/msg/detail/joint_component_tolerance__struct.h
[2.870s] -- Up-to-date: /home/joas329/Desktop/rover_simulation/install/control_msgs/include/control_msgs/control_msgs/msg/detail/joint_component_tolerance__type_support.h
[2.870s] -- Up-to-date: /home/joas329/Desktop/rover_simulation/install/control_msgs/include/control_msgs/control_msgs/msg/detail/joint_trajectory_controller_state__type_support.h
[2.870s] -- Up-to-date: /home/joas329/Desktop/rover_simulation/install/control_msgs/include/control_msgs/control_msgs/msg/detail/joint_tolerance__functions.h
[2.870s] -- Up-to-date: /home/joas329/Desktop/rover_simulation/install/control_msgs/include/control_msgs/control_msgs/msg/detail/admittance_controller_state__functions.h
[2.870s] -- Up-to-date: /home/joas329/Desktop/rover_simulation/install/control_msgs/include/control_msgs/control_msgs/msg/detail/joint_component_tolerance__functions.h
[2.870s] -- Up-to-date: /home/joas329/Desktop/rover_simulation/install/control_msgs/include/control_msgs/control_msgs/msg/detail/joint_tolerance__functions.c
[2.871s] -- Up-to-date: /home/joas329/Desktop/rover_simulation/install/control_msgs/include/control_msgs/control_msgs/msg/detail/joint_tolerance__struct.h
[2.871s] -- Up-to-date: /home/joas329/Desktop/rover_simulation/install/control_msgs/include/control_msgs/control_msgs/msg/detail/joint_jog__functions.h
[2.871s] -- Up-to-date: /home/joas329/Desktop/rover_simulation/install/control_msgs/include/control_msgs/control_msgs/msg/detail/admittance_controller_state__type_support.h
[2.871s] -- Up-to-date: /home/joas329/Desktop/rover_simulation/install/control_msgs/include/control_msgs/control_msgs/msg/detail/joint_trajectory_controller_state__struct.h
[2.871s] -- Up-to-date: /home/joas329/Desktop/rover_simulation/install/control_msgs/include/control_msgs/control_msgs/msg/detail/admittance_controller_state__functions.c
[2.871s] -- Up-to-date: /home/joas329/Desktop/rover_simulation/install/control_msgs/include/control_msgs/control_msgs/msg/detail/gripper_command__struct.h
[2.872s] -- Up-to-date: /home/joas329/Desktop/rover_simulation/install/control_msgs/include/control_msgs/control_msgs/msg/detail/joint_controller_state__functions.h
[2.872s] -- Up-to-date: /home/joas329/Desktop/rover_simulation/install/control_msgs/include/control_msgs/control_msgs/msg/detail/gripper_command__functions.h
[2.872s] -- Up-to-date: /home/joas329/Desktop/rover_simulation/install/control_msgs/include/control_msgs/control_msgs/msg/detail/interface_value__functions.c
[2.872s] -- Up-to-date: /home/joas329/Desktop/rover_simulation/install/control_msgs/include/control_msgs/control_msgs/msg/detail/steering_controller_status__functions.c
[2.872s] -- Up-to-date: /home/joas329/Desktop/rover_simulation/install/control_msgs/include/control_msgs/control_msgs/msg/detail/joint_component_tolerance__functions.c
[2.872s] -- Up-to-date: /home/joas329/Desktop/rover_simulation/install/control_msgs/include/control_msgs/control_msgs/msg/detail/steering_controller_status__type_support.h
[2.873s] -- Up-to-date: /home/joas329/Desktop/rover_simulation/install/control_msgs/include/control_msgs/control_msgs/msg/detail/joint_tolerance__type_support.h
[2.873s] -- Up-to-date: /home/joas329/Desktop/rover_simulation/install/control_msgs/include/control_msgs/control_msgs/msg/detail/dynamic_joint_state__type_support.h
[2.873s] -- Up-to-date: /home/joas329/Desktop/rover_simulation/install/control_msgs/include/control_msgs/control_msgs/msg/detail/steering_controller_status__functions.h
[2.873s] -- Up-to-date: /home/joas329/Desktop/rover_simulation/install/control_msgs/include/control_msgs/control_msgs/msg/detail/steering_controller_status__struct.h
[2.873s] -- Up-to-date: /home/joas329/Desktop/rover_simulation/install/control_msgs/include/control_msgs/control_msgs/msg/detail/pid_state__type_support.h
[2.873s] -- Up-to-date: /home/joas329/Desktop/rover_simulation/install/control_msgs/include/control_msgs/control_msgs/srv
[2.874s] -- Up-to-date: /home/joas329/Desktop/rover_simulation/install/control_msgs/include/control_msgs/control_msgs/srv/query_calibration_state.h
[2.874s] -- Up-to-date: /home/joas329/Desktop/rover_simulation/install/control_msgs/include/control_msgs/control_msgs/srv/query_trajectory_state.h
[2.874s] -- Up-to-date: /home/joas329/Desktop/rover_simulation/install/control_msgs/include/control_msgs/control_msgs/srv/detail
[2.874s] -- Up-to-date: /home/joas329/Desktop/rover_simulation/install/control_msgs/include/control_msgs/control_msgs/srv/detail/query_calibration_state__struct.h
[2.874s] -- Up-to-date: /home/joas329/Desktop/rover_simulation/install/control_msgs/include/control_msgs/control_msgs/srv/detail/query_calibration_state__type_support.h
[2.874s] -- Up-to-date: /home/joas329/Desktop/rover_simulation/install/control_msgs/include/control_msgs/control_msgs/srv/detail/query_trajectory_state__struct.h
[2.874s] -- Up-to-date: /home/joas329/Desktop/rover_simulation/install/control_msgs/include/control_msgs/control_msgs/srv/detail/query_calibration_state__functions.h
[2.875s] -- Up-to-date: /home/joas329/Desktop/rover_simulation/install/control_msgs/include/control_msgs/control_msgs/srv/detail/query_trajectory_state__type_support.h
[2.875s] -- Up-to-date: /home/joas329/Desktop/rover_simulation/install/control_msgs/include/control_msgs/control_msgs/srv/detail/query_trajectory_state__functions.c
[2.875s] -- Up-to-date: /home/joas329/Desktop/rover_simulation/install/control_msgs/include/control_msgs/control_msgs/srv/detail/query_calibration_state__functions.c
[2.875s] -- Up-to-date: /home/joas329/Desktop/rover_simulation/install/control_msgs/include/control_msgs/control_msgs/srv/detail/query_trajectory_state__functions.h
[2.875s] -- Up-to-date: /home/joas329/Desktop/rover_simulation/install/control_msgs/share/control_msgs/environment/library_path.sh
[2.875s] -- Up-to-date: /home/joas329/Desktop/rover_simulation/install/control_msgs/share/control_msgs/environment/library_path.dsv
[2.876s] -- Up-to-date: /home/joas329/Desktop/rover_simulation/install/control_msgs/lib/libcontrol_msgs__rosidl_generator_c.so
[2.876s] -- Up-to-date: /home/joas329/Desktop/rover_simulation/install/control_msgs/include/control_msgs/control_msgs
[2.876s] -- Up-to-date: /home/joas329/Desktop/rover_simulation/install/control_msgs/include/control_msgs/control_msgs/action
[2.876s] -- Up-to-date: /home/joas329/Desktop/rover_simulation/install/control_msgs/include/control_msgs/control_msgs/action/detail
[2.876s] -- Up-to-date: /home/joas329/Desktop/rover_simulation/install/control_msgs/include/control_msgs/control_msgs/action/detail/joint_trajectory__rosidl_typesupport_fastrtps_c.h
[2.876s] -- Up-to-date: /home/joas329/Desktop/rover_simulation/install/control_msgs/include/control_msgs/control_msgs/action/detail/gripper_command__rosidl_typesupport_fastrtps_c.h
[2.877s] -- Up-to-date: /home/joas329/Desktop/rover_simulation/install/control_msgs/include/control_msgs/control_msgs/action/detail/follow_joint_trajectory__rosidl_typesupport_fastrtps_c.h
[2.877s] -- Up-to-date: /home/joas329/Desktop/rover_simulation/install/control_msgs/include/control_msgs/control_msgs/action/detail/point_head__rosidl_typesupport_fastrtps_c.h
[2.877s] -- Up-to-date: /home/joas329/Desktop/rover_simulation/install/control_msgs/include/control_msgs/control_msgs/action/detail/single_joint_position__rosidl_typesupport_fastrtps_c.h
[2.877s] -- Up-to-date: /home/joas329/Desktop/rover_simulation/install/control_msgs/include/control_msgs/control_msgs/msg
[2.877s] -- Up-to-date: /home/joas329/Desktop/rover_simulation/install/control_msgs/include/control_msgs/control_msgs/msg/rosidl_typesupport_fastrtps_c__visibility_control.h
[2.877s] -- Up-to-date: /home/joas329/Desktop/rover_simulation/install/control_msgs/include/control_msgs/control_msgs/msg/detail
[2.878s] -- Up-to-date: /home/joas329/Desktop/rover_simulation/install/control_msgs/include/control_msgs/control_msgs/msg/detail/steering_controller_status__rosidl_typesupport_fastrtps_c.h
[2.878s] -- Up-to-date: /home/joas329/Desktop/rover_simulation/install/control_msgs/include/control_msgs/control_msgs/msg/detail/pid_state__rosidl_typesupport_fastrtps_c.h
[2.878s] -- Up-to-date: /home/joas329/Desktop/rover_simulation/install/control_msgs/include/control_msgs/control_msgs/msg/detail/joint_controller_state__rosidl_typesupport_fastrtps_c.h
[2.878s] -- Up-to-date: /home/joas329/Desktop/rover_simulation/install/control_msgs/include/control_msgs/control_msgs/msg/detail/joint_component_tolerance__rosidl_typesupport_fastrtps_c.h
[2.878s] -- Up-to-date: /home/joas329/Desktop/rover_simulation/install/control_msgs/include/control_msgs/control_msgs/msg/detail/joint_trajectory_controller_state__rosidl_typesupport_fastrtps_c.h
[2.878s] -- Up-to-date: /home/joas329/Desktop/rover_simulation/install/control_msgs/include/control_msgs/control_msgs/msg/detail/dynamic_joint_state__rosidl_typesupport_fastrtps_c.h
[2.878s] -- Up-to-date: /home/joas329/Desktop/rover_simulation/install/control_msgs/include/control_msgs/control_msgs/msg/detail/gripper_command__rosidl_typesupport_fastrtps_c.h
[2.879s] -- Up-to-date: /home/joas329/Desktop/rover_simulation/install/control_msgs/include/control_msgs/control_msgs/msg/detail/admittance_controller_state__rosidl_typesupport_fastrtps_c.h
[2.879s] -- Up-to-date: /home/joas329/Desktop/rover_simulation/install/control_msgs/include/control_msgs/control_msgs/msg/detail/joint_tolerance__rosidl_typesupport_fastrtps_c.h
[2.879s] -- Up-to-date: /home/joas329/Desktop/rover_simulation/install/control_msgs/include/control_msgs/control_msgs/msg/detail/interface_value__rosidl_typesupport_fastrtps_c.h
[2.879s] -- Up-to-date: /home/joas329/Desktop/rover_simulation/install/control_msgs/include/control_msgs/control_msgs/msg/detail/joint_jog__rosidl_typesupport_fastrtps_c.h
[2.879s] -- Up-to-date: /home/joas329/Desktop/rover_simulation/install/control_msgs/include/control_msgs/control_msgs/msg/detail/mecanum_drive_controller_state__rosidl_typesupport_fastrtps_c.h
[2.880s] -- Up-to-date: /home/joas329/Desktop/rover_simulation/install/control_msgs/include/control_msgs/control_msgs/srv
[2.880s] -- Up-to-date: /home/joas329/Desktop/rover_simulation/install/control_msgs/include/control_msgs/control_msgs/srv/detail
[2.880s] -- Up-to-date: /home/joas329/Desktop/rover_simulation/install/control_msgs/include/control_msgs/control_msgs/srv/detail/query_trajectory_state__rosidl_typesupport_fastrtps_c.h
[2.880s] -- Up-to-date: /home/joas329/Desktop/rover_simulation/install/control_msgs/include/control_msgs/control_msgs/srv/detail/query_calibration_state__rosidl_typesupport_fastrtps_c.h
[2.880s] -- Up-to-date: /home/joas329/Desktop/rover_simulation/install/control_msgs/lib/libcontrol_msgs__rosidl_typesupport_fastrtps_c.so
[2.881s] -- Up-to-date: /home/joas329/Desktop/rover_simulation/install/control_msgs/include/control_msgs/control_msgs
[2.881s] -- Up-to-date: /home/joas329/Desktop/rover_simulation/install/control_msgs/include/control_msgs/control_msgs/action
[2.881s] -- Up-to-date: /home/joas329/Desktop/rover_simulation/install/control_msgs/include/control_msgs/control_msgs/action/joint_trajectory.hpp
[2.881s] -- Up-to-date: /home/joas329/Desktop/rover_simulation/install/control_msgs/include/control_msgs/control_msgs/action/gripper_command.hpp
[2.881s] -- Up-to-date: /home/joas329/Desktop/rover_simulation/install/control_msgs/include/control_msgs/control_msgs/action/point_head.hpp
[2.881s] -- Up-to-date: /home/joas329/Desktop/rover_simulation/install/control_msgs/include/control_msgs/control_msgs/action/single_joint_position.hpp
[2.881s] -- Up-to-date: /home/joas329/Desktop/rover_simulation/install/control_msgs/include/control_msgs/control_msgs/action/detail
[2.882s] -- Up-to-date: /home/joas329/Desktop/rover_simulation/install/control_msgs/include/control_msgs/control_msgs/action/detail/point_head__struct.hpp
[2.882s] -- Up-to-date: /home/joas329/Desktop/rover_simulation/install/control_msgs/include/control_msgs/control_msgs/action/detail/gripper_command__traits.hpp
[2.882s] -- Up-to-date: /home/joas329/Desktop/rover_simulation/install/control_msgs/include/control_msgs/control_msgs/action/detail/follow_joint_trajectory__traits.hpp
[2.882s] -- Up-to-date: /home/joas329/Desktop/rover_simulation/install/control_msgs/include/control_msgs/control_msgs/action/detail/gripper_command__builder.hpp
[2.882s] -- Up-to-date: /home/joas329/Desktop/rover_simulation/install/control_msgs/include/control_msgs/control_msgs/action/detail/joint_trajectory__builder.hpp
[2.882s] -- Up-to-date: /home/joas329/Desktop/rover_simulation/install/control_msgs/include/control_msgs/control_msgs/action/detail/single_joint_position__builder.hpp
[2.882s] -- Up-to-date: /home/joas329/Desktop/rover_simulation/install/control_msgs/include/control_msgs/control_msgs/action/detail/follow_joint_trajectory__struct.hpp
[2.883s] -- Up-to-date: /home/joas329/Desktop/rover_simulation/install/control_msgs/include/control_msgs/control_msgs/action/detail/single_joint_position__traits.hpp
[2.883s] -- Up-to-date: /home/joas329/Desktop/rover_simulation/install/control_msgs/include/control_msgs/control_msgs/action/detail/point_head__builder.hpp
[2.883s] -- Up-to-date: /home/joas329/Desktop/rover_simulation/install/control_msgs/include/control_msgs/control_msgs/action/detail/follow_joint_trajectory__builder.hpp
[2.883s] -- Up-to-date: /home/joas329/Desktop/rover_simulation/install/control_msgs/include/control_msgs/control_msgs/action/detail/gripper_command__struct.hpp
[2.883s] -- Up-to-date: /home/joas329/Desktop/rover_simulation/install/control_msgs/include/control_msgs/control_msgs/action/detail/point_head__traits.hpp
[2.884s] -- Up-to-date: /home/joas329/Desktop/rover_simulation/install/control_msgs/include/control_msgs/control_msgs/action/detail/joint_trajectory__traits.hpp
[2.884s] -- Up-to-date: /home/joas329/Desktop/rover_simulation/install/control_msgs/include/control_msgs/control_msgs/action/detail/single_joint_position__struct.hpp
[2.884s] -- Up-to-date: /home/joas329/Desktop/rover_simulation/install/control_msgs/include/control_msgs/control_msgs/action/detail/joint_trajectory__struct.hpp
[2.884s] -- Up-to-date: /home/joas329/Desktop/rover_simulation/install/control_msgs/include/control_msgs/control_msgs/action/follow_joint_trajectory.hpp
[2.884s] -- Up-to-date: /home/joas329/Desktop/rover_simulation/install/control_msgs/include/control_msgs/control_msgs/msg
[2.885s] -- Up-to-date: /home/joas329/Desktop/rover_simulation/install/control_msgs/include/control_msgs/control_msgs/msg/admittance_controller_state.hpp
[2.885s] -- Up-to-date: /home/joas329/Desktop/rover_simulation/install/control_msgs/include/control_msgs/control_msgs/msg/joint_controller_state.hpp
[2.885s] -- Up-to-date: /home/joas329/Desktop/rover_simulation/install/control_msgs/include/control_msgs/control_msgs/msg/steering_controller_status.hpp
[2.885s] -- Up-to-date: /home/joas329/Desktop/rover_simulation/install/control_msgs/include/control_msgs/control_msgs/msg/mecanum_drive_controller_state.hpp
[2.886s] -- Up-to-date: /home/joas329/Desktop/rover_simulation/install/control_msgs/include/control_msgs/control_msgs/msg/interface_value.hpp
[2.886s] -- Up-to-date: /home/joas329/Desktop/rover_simulation/install/control_msgs/include/control_msgs/control_msgs/msg/dynamic_joint_state.hpp
[2.886s] -- Up-to-date: /home/joas329/Desktop/rover_simulation/install/control_msgs/include/control_msgs/control_msgs/msg/pid_state.hpp
[2.886s] -- Up-to-date: /home/joas329/Desktop/rover_simulation/install/control_msgs/include/control_msgs/control_msgs/msg/joint_component_tolerance.hpp
[2.887s] -- Up-to-date: /home/joas329/Desktop/rover_simulation/install/control_msgs/include/control_msgs/control_msgs/msg/joint_trajectory_controller_state.hpp
[2.887s] -- Up-to-date: /home/joas329/Desktop/rover_simulation/install/control_msgs/include/control_msgs/control_msgs/msg/joint_tolerance.hpp
[2.887s] -- Up-to-date: /home/joas329/Desktop/rover_simulation/install/control_msgs/include/control_msgs/control_msgs/msg/joint_jog.hpp
[2.888s] -- Up-to-date: /home/joas329/Desktop/rover_simulation/install/control_msgs/include/control_msgs/control_msgs/msg/gripper_command.hpp
[2.888s] -- Up-to-date: /home/joas329/Desktop/rover_simulation/install/control_msgs/include/control_msgs/control_msgs/msg/detail
[2.888s] -- Up-to-date: /home/joas329/Desktop/rover_simulation/install/control_msgs/include/control_msgs/control_msgs/msg/detail/pid_state__traits.hpp
[2.888s] -- Up-to-date: /home/joas329/Desktop/rover_simulation/install/control_msgs/include/control_msgs/control_msgs/msg/detail/joint_jog__struct.hpp
[2.889s] -- Up-to-date: /home/joas329/Desktop/rover_simulation/install/control_msgs/include/control_msgs/control_msgs/msg/detail/steering_controller_status__builder.hpp
[2.889s] -- Up-to-date: /home/joas329/Desktop/rover_simulation/install/control_msgs/include/control_msgs/control_msgs/msg/detail/gripper_command__traits.hpp
[2.889s] -- Up-to-date: /home/joas329/Desktop/rover_simulation/install/control_msgs/include/control_msgs/control_msgs/msg/detail/mecanum_drive_controller_state__traits.hpp
[2.889s] -- Up-to-date: /home/joas329/Desktop/rover_simulation/install/control_msgs/include/control_msgs/control_msgs/msg/detail/joint_controller_state__traits.hpp
[2.890s] -- Up-to-date: /home/joas329/Desktop/rover_simulation/install/control_msgs/include/control_msgs/control_msgs/msg/detail/gripper_command__builder.hpp
[2.890s] -- Up-to-date: /home/joas329/Desktop/rover_simulation/install/control_msgs/include/control_msgs/control_msgs/msg/detail/pid_state__builder.hpp
[2.890s] -- Up-to-date: /home/joas329/Desktop/rover_simulation/install/control_msgs/include/control_msgs/control_msgs/msg/detail/joint_controller_state__builder.hpp
[2.890s] -- Up-to-date: /home/joas329/Desktop/rover_simulation/install/control_msgs/include/control_msgs/control_msgs/msg/detail/joint_tolerance__traits.hpp
[2.891s] -- Up-to-date: /home/joas329/Desktop/rover_simulation/install/control_msgs/include/control_msgs/control_msgs/msg/detail/dynamic_joint_state__traits.hpp
[2.891s] -- Up-to-date: /home/joas329/Desktop/rover_simulation/install/control_msgs/include/control_msgs/control_msgs/msg/detail/dynamic_joint_state__builder.hpp
[2.891s] -- Up-to-date: /home/joas329/Desktop/rover_simulation/install/control_msgs/include/control_msgs/control_msgs/msg/detail/joint_component_tolerance__builder.hpp
[2.892s] -- Up-to-date: /home/joas329/Desktop/rover_simulation/install/control_msgs/include/control_msgs/control_msgs/msg/detail/interface_value__traits.hpp
[2.892s] -- Up-to-date: /home/joas329/Desktop/rover_simulation/install/control_msgs/include/control_msgs/control_msgs/msg/detail/steering_controller_status__traits.hpp
[2.892s] -- Up-to-date: /home/joas329/Desktop/rover_simulation/install/control_msgs/include/control_msgs/control_msgs/msg/detail/interface_value__builder.hpp
[2.892s] -- Up-to-date: /home/joas329/Desktop/rover_simulation/install/control_msgs/include/control_msgs/control_msgs/msg/detail/admittance_controller_state__builder.hpp
[2.892s] -- Up-to-date: /home/joas329/Desktop/rover_simulation/install/control_msgs/include/control_msgs/control_msgs/msg/detail/steering_controller_status__struct.hpp
[2.893s] -- Up-to-date: /home/joas329/Desktop/rover_simulation/install/control_msgs/include/control_msgs/control_msgs/msg/detail/mecanum_drive_controller_state__struct.hpp
[2.893s] -- Up-to-date: /home/joas329/Desktop/rover_simulation/install/control_msgs/include/control_msgs/control_msgs/msg/detail/pid_state__struct.hpp
[2.893s] -- Up-to-date: /home/joas329/Desktop/rover_simulation/install/control_msgs/include/control_msgs/control_msgs/msg/detail/admittance_controller_state__traits.hpp
[2.893s] -- Up-to-date: /home/joas329/Desktop/rover_simulation/install/control_msgs/include/control_msgs/control_msgs/msg/detail/joint_controller_state__struct.hpp
[2.893s] -- Up-to-date: /home/joas329/Desktop/rover_simulation/install/control_msgs/include/control_msgs/control_msgs/msg/detail/joint_trajectory_controller_state__traits.hpp
[2.894s] -- Up-to-date: /home/joas329/Desktop/rover_simulation/install/control_msgs/include/control_msgs/control_msgs/msg/detail/interface_value__struct.hpp
[2.894s] -- Up-to-date: /home/joas329/Desktop/rover_simulation/install/control_msgs/include/control_msgs/control_msgs/msg/detail/joint_component_tolerance__struct.hpp
[2.894s] -- Up-to-date: /home/joas329/Desktop/rover_simulation/install/control_msgs/include/control_msgs/control_msgs/msg/detail/gripper_command__struct.hpp
[2.894s] -- Up-to-date: /home/joas329/Desktop/rover_simulation/install/control_msgs/include/control_msgs/control_msgs/msg/detail/joint_jog__builder.hpp
[2.895s] -- Up-to-date: /home/joas329/Desktop/rover_simulation/install/control_msgs/include/control_msgs/control_msgs/msg/detail/joint_jog__traits.hpp
[2.897s] -- Up-to-date: /home/joas329/Desktop/rover_simulation/install/control_msgs/include/control_msgs/control_msgs/msg/detail/joint_trajectory_controller_state__struct.hpp
[2.897s] -- Up-to-date: /home/joas329/Desktop/rover_simulation/install/control_msgs/include/control_msgs/control_msgs/msg/detail/joint_component_tolerance__traits.hpp
[2.897s] -- Up-to-date: /home/joas329/Desktop/rover_simulation/install/control_msgs/include/control_msgs/control_msgs/msg/detail/joint_tolerance__struct.hpp
[2.898s] -- Up-to-date: /home/joas329/Desktop/rover_simulation/install/control_msgs/include/control_msgs/control_msgs/msg/detail/admittance_controller_state__struct.hpp
[2.898s] -- Up-to-date: /home/joas329/Desktop/rover_simulation/install/control_msgs/include/control_msgs/control_msgs/msg/detail/dynamic_joint_state__struct.hpp
[2.898s] -- Up-to-date: /home/joas329/Desktop/rover_simulation/install/control_msgs/include/control_msgs/control_msgs/msg/detail/joint_trajectory_controller_state__builder.hpp
[2.898s] -- Up-to-date: /home/joas329/Desktop/rover_simulation/install/control_msgs/include/control_msgs/control_msgs/msg/detail/mecanum_drive_controller_state__builder.hpp
[2.898s] -- Up-to-date: /home/joas329/Desktop/rover_simulation/install/control_msgs/include/control_msgs/control_msgs/msg/detail/joint_tolerance__builder.hpp
[2.898s] -- Up-to-date: /home/joas329/Desktop/rover_simulation/install/control_msgs/include/control_msgs/control_msgs/srv
[2.899s] -- Up-to-date: /home/joas329/Desktop/rover_simulation/install/control_msgs/include/control_msgs/control_msgs/srv/query_calibration_state.hpp
[2.899s] -- Up-to-date: /home/joas329/Desktop/rover_simulation/install/control_msgs/include/control_msgs/control_msgs/srv/detail
[2.899s] -- Up-to-date: /home/joas329/Desktop/rover_simulation/install/control_msgs/include/control_msgs/control_msgs/srv/detail/query_trajectory_state__builder.hpp
[2.899s] -- Up-to-date: /home/joas329/Desktop/rover_simulation/install/control_msgs/include/control_msgs/control_msgs/srv/detail/query_trajectory_state__struct.hpp
[2.899s] -- Up-to-date: /home/joas329/Desktop/rover_simulation/install/control_msgs/include/control_msgs/control_msgs/srv/detail/query_calibration_state__traits.hpp
[2.900s] -- Up-to-date: /home/joas329/Desktop/rover_simulation/install/control_msgs/include/control_msgs/control_msgs/srv/detail/query_trajectory_state__traits.hpp
[2.900s] -- Up-to-date: /home/joas329/Desktop/rover_simulation/install/control_msgs/include/control_msgs/control_msgs/srv/detail/query_calibration_state__builder.hpp
[2.900s] -- Up-to-date: /home/joas329/Desktop/rover_simulation/install/control_msgs/include/control_msgs/control_msgs/srv/detail/query_calibration_state__struct.hpp
[2.900s] -- Up-to-date: /home/joas329/Desktop/rover_simulation/install/control_msgs/include/control_msgs/control_msgs/srv/query_trajectory_state.hpp
[2.900s] -- Up-to-date: /home/joas329/Desktop/rover_simulation/install/control_msgs/include/control_msgs/control_msgs
[2.900s] -- Up-to-date: /home/joas329/Desktop/rover_simulation/install/control_msgs/include/control_msgs/control_msgs/action
[2.901s] -- Up-to-date: /home/joas329/Desktop/rover_simulation/install/control_msgs/include/control_msgs/control_msgs/action/detail
[2.901s] -- Up-to-date: /home/joas329/Desktop/rover_simulation/install/control_msgs/include/control_msgs/control_msgs/action/detail/dds_fastrtps
[2.901s] -- Up-to-date: /home/joas329/Desktop/rover_simulation/install/control_msgs/include/control_msgs/control_msgs/action/detail/point_head__rosidl_typesupport_fastrtps_cpp.hpp
[2.901s] -- Up-to-date: /home/joas329/Desktop/rover_simulation/install/control_msgs/include/control_msgs/control_msgs/action/detail/single_joint_position__rosidl_typesupport_fastrtps_cpp.hpp
[2.901s] -- Up-to-date: /home/joas329/Desktop/rover_simulation/install/control_msgs/include/control_msgs/control_msgs/action/detail/gripper_command__rosidl_typesupport_fastrtps_cpp.hpp
[2.901s] -- Up-to-date: /home/joas329/Desktop/rover_simulation/install/control_msgs/include/control_msgs/control_msgs/action/detail/joint_trajectory__rosidl_typesupport_fastrtps_cpp.hpp
[2.902s] -- Up-to-date: /home/joas329/Desktop/rover_simulation/install/control_msgs/include/control_msgs/control_msgs/action/detail/follow_joint_trajectory__rosidl_typesupport_fastrtps_cpp.hpp
[2.902s] -- Up-to-date: /home/joas329/Desktop/rover_simulation/install/control_msgs/include/control_msgs/control_msgs/msg
[2.902s] -- Up-to-date: /home/joas329/Desktop/rover_simulation/install/control_msgs/include/control_msgs/control_msgs/msg/rosidl_typesupport_fastrtps_cpp__visibility_control.h
[2.902s] -- Up-to-date: /home/joas329/Desktop/rover_simulation/install/control_msgs/include/control_msgs/control_msgs/msg/detail
[2.902s] -- Up-to-date: /home/joas329/Desktop/rover_simulation/install/control_msgs/include/control_msgs/control_msgs/msg/detail/interface_value__rosidl_typesupport_fastrtps_cpp.hpp
[2.902s] -- Up-to-date: /home/joas329/Desktop/rover_simulation/install/control_msgs/include/control_msgs/control_msgs/msg/detail/dds_fastrtps
[2.903s] -- Up-to-date: /home/joas329/Desktop/rover_simulation/install/control_msgs/include/control_msgs/control_msgs/msg/detail/joint_jog__rosidl_typesupport_fastrtps_cpp.hpp
[2.903s] -- Up-to-date: /home/joas329/Desktop/rover_simulation/install/control_msgs/include/control_msgs/control_msgs/msg/detail/joint_tolerance__rosidl_typesupport_fastrtps_cpp.hpp
[2.903s] -- Up-to-date: /home/joas329/Desktop/rover_simulation/install/control_msgs/include/control_msgs/control_msgs/msg/detail/joint_controller_state__rosidl_typesupport_fastrtps_cpp.hpp
[2.903s] -- Up-to-date: /home/joas329/Desktop/rover_simulation/install/control_msgs/include/control_msgs/control_msgs/msg/detail/steering_controller_status__rosidl_typesupport_fastrtps_cpp.hpp
[2.903s] -- Up-to-date: /home/joas329/Desktop/rover_simulation/install/control_msgs/include/control_msgs/control_msgs/msg/detail/dynamic_joint_state__rosidl_typesupport_fastrtps_cpp.hpp
[2.904s] -- Up-to-date: /home/joas329/Desktop/rover_simulation/install/control_msgs/include/control_msgs/control_msgs/msg/detail/joint_trajectory_controller_state__rosidl_typesupport_fastrtps_cpp.hpp
[2.904s] -- Up-to-date: /home/joas329/Desktop/rover_simulation/install/control_msgs/include/control_msgs/control_msgs/msg/detail/mecanum_drive_controller_state__rosidl_typesupport_fastrtps_cpp.hpp
[2.904s] -- Up-to-date: /home/joas329/Desktop/rover_simulation/install/control_msgs/include/control_msgs/control_msgs/msg/detail/gripper_command__rosidl_typesupport_fastrtps_cpp.hpp
[2.904s] -- Up-to-date: /home/joas329/Desktop/rover_simulation/install/control_msgs/include/control_msgs/control_msgs/msg/detail/joint_component_tolerance__rosidl_typesupport_fastrtps_cpp.hpp
[2.904s] -- Up-to-date: /home/joas329/Desktop/rover_simulation/install/control_msgs/include/control_msgs/control_msgs/msg/detail/pid_state__rosidl_typesupport_fastrtps_cpp.hpp
[2.904s] -- Up-to-date: /home/joas329/Desktop/rover_simulation/install/control_msgs/include/control_msgs/control_msgs/msg/detail/admittance_controller_state__rosidl_typesupport_fastrtps_cpp.hpp
[2.905s] -- Up-to-date: /home/joas329/Desktop/rover_simulation/install/control_msgs/include/control_msgs/control_msgs/srv
[2.905s] -- Up-to-date: /home/joas329/Desktop/rover_simulation/install/control_msgs/include/control_msgs/control_msgs/srv/detail
[2.905s] -- Up-to-date: /home/joas329/Desktop/rover_simulation/install/control_msgs/include/control_msgs/control_msgs/srv/detail/dds_fastrtps
[2.905s] -- Up-to-date: /home/joas329/Desktop/rover_simulation/install/control_msgs/include/control_msgs/control_msgs/srv/detail/query_trajectory_state__rosidl_typesupport_fastrtps_cpp.hpp
[2.905s] -- Up-to-date: /home/joas329/Desktop/rover_simulation/install/control_msgs/include/control_msgs/control_msgs/srv/detail/query_calibration_state__rosidl_typesupport_fastrtps_cpp.hpp
[2.905s] -- Up-to-date: /home/joas329/Desktop/rover_simulation/install/control_msgs/lib/libcontrol_msgs__rosidl_typesupport_fastrtps_cpp.so
[2.906s] -- Up-to-date: /home/joas329/Desktop/rover_simulation/install/control_msgs/include/control_msgs/control_msgs
[2.906s] -- Up-to-date: /home/joas329/Desktop/rover_simulation/install/control_msgs/include/control_msgs/control_msgs/action
[2.906s] -- Up-to-date: /home/joas329/Desktop/rover_simulation/install/control_msgs/include/control_msgs/control_msgs/action/detail
[2.906s] -- Up-to-date: /home/joas329/Desktop/rover_simulation/install/control_msgs/include/control_msgs/control_msgs/action/detail/gripper_command__type_support.c
[2.906s] -- Up-to-date: /home/joas329/Desktop/rover_simulation/install/control_msgs/include/control_msgs/control_msgs/action/detail/joint_trajectory__type_support.c
[2.906s] -- Up-to-date: /home/joas329/Desktop/rover_simulation/install/control_msgs/include/control_msgs/control_msgs/action/detail/point_head__type_support.c
[2.907s] -- Up-to-date: /home/joas329/Desktop/rover_simulation/install/control_msgs/include/control_msgs/control_msgs/action/detail/single_joint_position__type_support.c
[2.907s] -- Up-to-date: /home/joas329/Desktop/rover_simulation/install/control_msgs/include/control_msgs/control_msgs/action/detail/gripper_command__rosidl_typesupport_introspection_c.h
[2.907s] -- Up-to-date: /home/joas329/Desktop/rover_simulation/install/control_msgs/include/control_msgs/control_msgs/action/detail/joint_trajectory__rosidl_typesupport_introspection_c.h
[2.907s] -- Up-to-date: /home/joas329/Desktop/rover_simulation/install/control_msgs/include/control_msgs/control_msgs/action/detail/point_head__rosidl_typesupport_introspection_c.h
[2.907s] -- Up-to-date: /home/joas329/Desktop/rover_simulation/install/control_msgs/include/control_msgs/control_msgs/action/detail/follow_joint_trajectory__type_support.c
[2.908s] -- Up-to-date: /home/joas329/Desktop/rover_simulation/install/control_msgs/include/control_msgs/control_msgs/action/detail/single_joint_position__rosidl_typesupport_introspection_c.h
[2.908s] -- Up-to-date: /home/joas329/Desktop/rover_simulation/install/control_msgs/include/control_msgs/control_msgs/action/detail/follow_joint_trajectory__rosidl_typesupport_introspection_c.h
[2.908s] -- Up-to-date: /home/joas329/Desktop/rover_simulation/install/control_msgs/include/control_msgs/control_msgs/msg
[2.908s] -- Up-to-date: /home/joas329/Desktop/rover_simulation/install/control_msgs/include/control_msgs/control_msgs/msg/rosidl_typesupport_introspection_c__visibility_control.h
[2.908s] -- Up-to-date: /home/joas329/Desktop/rover_simulation/install/control_msgs/include/control_msgs/control_msgs/msg/detail
[2.908s] -- Up-to-date: /home/joas329/Desktop/rover_simulation/install/control_msgs/include/control_msgs/control_msgs/msg/detail/gripper_command__type_support.c
[2.909s] -- Up-to-date: /home/joas329/Desktop/rover_simulation/install/control_msgs/include/control_msgs/control_msgs/msg/detail/steering_controller_status__rosidl_typesupport_introspection_c.h
[2.909s] -- Up-to-date: /home/joas329/Desktop/rover_simulation/install/control_msgs/include/control_msgs/control_msgs/msg/detail/joint_controller_state__type_support.c
[2.909s] -- Up-to-date: /home/joas329/Desktop/rover_simulation/install/control_msgs/include/control_msgs/control_msgs/msg/detail/pid_state__type_support.c
[2.909s] -- Up-to-date: /home/joas329/Desktop/rover_simulation/install/control_msgs/include/control_msgs/control_msgs/msg/detail/steering_controller_status__type_support.c
[2.909s] -- Up-to-date: /home/joas329/Desktop/rover_simulation/install/control_msgs/include/control_msgs/control_msgs/msg/detail/joint_component_tolerance__type_support.c
[2.909s] -- Up-to-date: /home/joas329/Desktop/rover_simulation/install/control_msgs/include/control_msgs/control_msgs/msg/detail/joint_trajectory_controller_state__type_support.c
[2.909s] -- Up-to-date: /home/joas329/Desktop/rover_simulation/install/control_msgs/include/control_msgs/control_msgs/msg/detail/joint_tolerance__rosidl_typesupport_introspection_c.h
[2.910s] -- Up-to-date: /home/joas329/Desktop/rover_simulation/install/control_msgs/include/control_msgs/control_msgs/msg/detail/joint_tolerance__type_support.c
[2.910s] -- Up-to-date: /home/joas329/Desktop/rover_simulation/install/control_msgs/include/control_msgs/control_msgs/msg/detail/dynamic_joint_state__rosidl_typesupport_introspection_c.h
[2.910s] -- Up-to-date: /home/joas329/Desktop/rover_simulation/install/control_msgs/include/control_msgs/control_msgs/msg/detail/mecanum_drive_controller_state__type_support.c
[2.910s] -- Up-to-date: /home/joas329/Desktop/rover_simulation/install/control_msgs/include/control_msgs/control_msgs/msg/detail/dynamic_joint_state__type_support.c
[2.910s] -- Up-to-date: /home/joas329/Desktop/rover_simulation/install/control_msgs/include/control_msgs/control_msgs/msg/detail/joint_controller_state__rosidl_typesupport_introspection_c.h
[2.910s] -- Up-to-date: /home/joas329/Desktop/rover_simulation/install/control_msgs/include/control_msgs/control_msgs/msg/detail/mecanum_drive_controller_state__rosidl_typesupport_introspection_c.h
[2.910s] -- Up-to-date: /home/joas329/Desktop/rover_simulation/install/control_msgs/include/control_msgs/control_msgs/msg/detail/pid_state__rosidl_typesupport_introspection_c.h
[2.911s] -- Up-to-date: /home/joas329/Desktop/rover_simulation/install/control_msgs/include/control_msgs/control_msgs/msg/detail/gripper_command__rosidl_typesupport_introspection_c.h
[2.911s] -- Up-to-date: /home/joas329/Desktop/rover_simulation/install/control_msgs/include/control_msgs/control_msgs/msg/detail/interface_value__rosidl_typesupport_introspection_c.h
[2.911s] -- Up-to-date: /home/joas329/Desktop/rover_simulation/install/control_msgs/include/control_msgs/control_msgs/msg/detail/joint_component_tolerance__rosidl_typesupport_introspection_c.h
[2.911s] -- Up-to-date: /home/joas329/Desktop/rover_simulation/install/control_msgs/include/control_msgs/control_msgs/msg/detail/joint_jog__rosidl_typesupport_introspection_c.h
[2.911s] -- Up-to-date: /home/joas329/Desktop/rover_simulation/install/control_msgs/include/control_msgs/control_msgs/msg/detail/interface_value__type_support.c
[2.912s] -- Up-to-date: /home/joas329/Desktop/rover_simulation/install/control_msgs/include/control_msgs/control_msgs/msg/detail/admittance_controller_state__rosidl_typesupport_introspection_c.h
[2.912s] -- Up-to-date: /home/joas329/Desktop/rover_simulation/install/control_msgs/include/control_msgs/control_msgs/msg/detail/admittance_controller_state__type_support.c
[2.912s] -- Up-to-date: /home/joas329/Desktop/rover_simulation/install/control_msgs/include/control_msgs/control_msgs/msg/detail/joint_jog__type_support.c
[2.912s] -- Up-to-date: /home/joas329/Desktop/rover_simulation/install/control_msgs/include/control_msgs/control_msgs/msg/detail/joint_trajectory_controller_state__rosidl_typesupport_introspection_c.h
[2.912s] -- Up-to-date: /home/joas329/Desktop/rover_simulation/install/control_msgs/include/control_msgs/control_msgs/srv
[2.912s] -- Up-to-date: /home/joas329/Desktop/rover_simulation/install/control_msgs/include/control_msgs/control_msgs/srv/detail
[2.912s] -- Up-to-date: /home/joas329/Desktop/rover_simulation/install/control_msgs/include/control_msgs/control_msgs/srv/detail/query_calibration_state__type_support.c
[2.913s] -- Up-to-date: /home/joas329/Desktop/rover_simulation/install/control_msgs/include/control_msgs/control_msgs/srv/detail/query_calibration_state__rosidl_typesupport_introspection_c.h
[2.913s] -- Up-to-date: /home/joas329/Desktop/rover_simulation/install/control_msgs/include/control_msgs/control_msgs/srv/detail/query_trajectory_state__type_support.c
[2.913s] -- Up-to-date: /home/joas329/Desktop/rover_simulation/install/control_msgs/include/control_msgs/control_msgs/srv/detail/query_trajectory_state__rosidl_typesupport_introspection_c.h
[2.913s] -- Up-to-date: /home/joas329/Desktop/rover_simulation/install/control_msgs/lib/libcontrol_msgs__rosidl_typesupport_introspection_c.so
[2.913s] -- Up-to-date: /home/joas329/Desktop/rover_simulation/install/control_msgs/lib/libcontrol_msgs__rosidl_typesupport_c.so
[2.913s] -- Up-to-date: /home/joas329/Desktop/rover_simulation/install/control_msgs/include/control_msgs/control_msgs
[2.914s] -- Up-to-date: /home/joas329/Desktop/rover_simulation/install/control_msgs/include/control_msgs/control_msgs/action
[2.914s] -- Up-to-date: /home/joas329/Desktop/rover_simulation/install/control_msgs/include/control_msgs/control_msgs/action/detail
[2.914s] -- Up-to-date: /home/joas329/Desktop/rover_simulation/install/control_msgs/include/control_msgs/control_msgs/action/detail/single_joint_position__rosidl_typesupport_introspection_cpp.hpp
[2.914s] -- Up-to-date: /home/joas329/Desktop/rover_simulation/install/control_msgs/include/control_msgs/control_msgs/action/detail/gripper_command__rosidl_typesupport_introspection_cpp.hpp
[2.914s] -- Up-to-date: /home/joas329/Desktop/rover_simulation/install/control_msgs/include/control_msgs/control_msgs/action/detail/gripper_command__type_support.cpp
[2.914s] -- Up-to-date: /home/joas329/Desktop/rover_simulation/install/control_msgs/include/control_msgs/control_msgs/action/detail/point_head__rosidl_typesupport_introspection_cpp.hpp
[2.915s] -- Up-to-date: /home/joas329/Desktop/rover_simulation/install/control_msgs/include/control_msgs/control_msgs/action/detail/joint_trajectory__type_support.cpp
[2.915s] -- Up-to-date: /home/joas329/Desktop/rover_simulation/install/control_msgs/include/control_msgs/control_msgs/action/detail/single_joint_position__type_support.cpp
[2.915s] -- Up-to-date: /home/joas329/Desktop/rover_simulation/install/control_msgs/include/control_msgs/control_msgs/action/detail/point_head__type_support.cpp
[2.915s] -- Up-to-date: /home/joas329/Desktop/rover_simulation/install/control_msgs/include/control_msgs/control_msgs/action/detail/follow_joint_trajectory__type_support.cpp
[2.915s] -- Up-to-date: /home/joas329/Desktop/rover_simulation/install/control_msgs/include/control_msgs/control_msgs/action/detail/follow_joint_trajectory__rosidl_typesupport_introspection_cpp.hpp
[2.915s] -- Up-to-date: /home/joas329/Desktop/rover_simulation/install/control_msgs/include/control_msgs/control_msgs/action/detail/joint_trajectory__rosidl_typesupport_introspection_cpp.hpp
[2.916s] -- Up-to-date: /home/joas329/Desktop/rover_simulation/install/control_msgs/include/control_msgs/control_msgs/msg
[2.916s] -- Up-to-date: /home/joas329/Desktop/rover_simulation/install/control_msgs/include/control_msgs/control_msgs/msg/detail
[2.916s] -- Up-to-date: /home/joas329/Desktop/rover_simulation/install/control_msgs/include/control_msgs/control_msgs/msg/detail/interface_value__rosidl_typesupport_introspection_cpp.hpp
[2.916s] -- Up-to-date: /home/joas329/Desktop/rover_simulation/install/control_msgs/include/control_msgs/control_msgs/msg/detail/joint_component_tolerance__rosidl_typesupport_introspection_cpp.hpp
[2.916s] -- Up-to-date: /home/joas329/Desktop/rover_simulation/install/control_msgs/include/control_msgs/control_msgs/msg/detail/mecanum_drive_controller_state__type_support.cpp
[2.916s] -- Up-to-date: /home/joas329/Desktop/rover_simulation/install/control_msgs/include/control_msgs/control_msgs/msg/detail/gripper_command__rosidl_typesupport_introspection_cpp.hpp
[2.917s] -- Up-to-date: /home/joas329/Desktop/rover_simulation/install/control_msgs/include/control_msgs/control_msgs/msg/detail/joint_controller_state__type_support.cpp
[2.917s] -- Up-to-date: /home/joas329/Desktop/rover_simulation/install/control_msgs/include/control_msgs/control_msgs/msg/detail/joint_jog__rosidl_typesupport_introspection_cpp.hpp
[2.917s] -- Up-to-date: /home/joas329/Desktop/rover_simulation/install/control_msgs/include/control_msgs/control_msgs/msg/detail/gripper_command__type_support.cpp
[2.917s] -- Up-to-date: /home/joas329/Desktop/rover_simulation/install/control_msgs/include/control_msgs/control_msgs/msg/detail/joint_controller_state__rosidl_typesupport_introspection_cpp.hpp
[2.917s] -- Up-to-date: /home/joas329/Desktop/rover_simulation/install/control_msgs/include/control_msgs/control_msgs/msg/detail/joint_component_tolerance__type_support.cpp
[2.917s] -- Up-to-date: /home/joas329/Desktop/rover_simulation/install/control_msgs/include/control_msgs/control_msgs/msg/detail/pid_state__type_support.cpp
[2.918s] -- Up-to-date: /home/joas329/Desktop/rover_simulation/install/control_msgs/include/control_msgs/control_msgs/msg/detail/joint_tolerance__type_support.cpp
[2.918s] -- Up-to-date: /home/joas329/Desktop/rover_simulation/install/control_msgs/include/control_msgs/control_msgs/msg/detail/steering_controller_status__type_support.cpp
[2.918s] -- Up-to-date: /home/joas329/Desktop/rover_simulation/install/control_msgs/include/control_msgs/control_msgs/msg/detail/dynamic_joint_state__rosidl_typesupport_introspection_cpp.hpp
[2.918s] -- Up-to-date: /home/joas329/Desktop/rover_simulation/install/control_msgs/include/control_msgs/control_msgs/msg/detail/joint_jog__type_support.cpp
[2.918s] -- Up-to-date: /home/joas329/Desktop/rover_simulation/install/control_msgs/include/control_msgs/control_msgs/msg/detail/dynamic_joint_state__type_support.cpp
[2.918s] -- Up-to-date: /home/joas329/Desktop/rover_simulation/install/control_msgs/include/control_msgs/control_msgs/msg/detail/joint_tolerance__rosidl_typesupport_introspection_cpp.hpp
[2.918s] -- Up-to-date: /home/joas329/Desktop/rover_simulation/install/control_msgs/include/control_msgs/control_msgs/msg/detail/mecanum_drive_controller_state__rosidl_typesupport_introspection_cpp.hpp
[2.919s] -- Up-to-date: /home/joas329/Desktop/rover_simulation/install/control_msgs/include/control_msgs/control_msgs/msg/detail/admittance_controller_state__type_support.cpp
[2.919s] -- Up-to-date: /home/joas329/Desktop/rover_simulation/install/control_msgs/include/control_msgs/control_msgs/msg/detail/joint_trajectory_controller_state__type_support.cpp
[2.919s] -- Up-to-date: /home/joas329/Desktop/rover_simulation/install/control_msgs/include/control_msgs/control_msgs/msg/detail/interface_value__type_support.cpp
[2.919s] -- Up-to-date: /home/joas329/Desktop/rover_simulation/install/control_msgs/include/control_msgs/control_msgs/msg/detail/steering_controller_status__rosidl_typesupport_introspection_cpp.hpp
[2.919s] -- Up-to-date: /home/joas329/Desktop/rover_simulation/install/control_msgs/include/control_msgs/control_msgs/msg/detail/pid_state__rosidl_typesupport_introspection_cpp.hpp
[2.920s] -- Up-to-date: /home/joas329/Desktop/rover_simulation/install/control_msgs/include/control_msgs/control_msgs/msg/detail/joint_trajectory_controller_state__rosidl_typesupport_introspection_cpp.hpp
[2.920s] -- Up-to-date: /home/joas329/Desktop/rover_simulation/install/control_msgs/include/control_msgs/control_msgs/msg/detail/admittance_controller_state__rosidl_typesupport_introspection_cpp.hpp
[2.920s] -- Up-to-date: /home/joas329/Desktop/rover_simulation/install/control_msgs/include/control_msgs/control_msgs/srv
[2.920s] -- Up-to-date: /home/joas329/Desktop/rover_simulation/install/control_msgs/include/control_msgs/control_msgs/srv/detail
[2.920s] -- Up-to-date: /home/joas329/Desktop/rover_simulation/install/control_msgs/include/control_msgs/control_msgs/srv/detail/query_calibration_state__rosidl_typesupport_introspection_cpp.hpp
[2.920s] -- Up-to-date: /home/joas329/Desktop/rover_simulation/install/control_msgs/include/control_msgs/control_msgs/srv/detail/query_trajectory_state__type_support.cpp
[2.921s] -- Up-to-date: /home/joas329/Desktop/rover_simulation/install/control_msgs/include/control_msgs/control_msgs/srv/detail/query_calibration_state__type_support.cpp
[2.921s] -- Up-to-date: /home/joas329/Desktop/rover_simulation/install/control_msgs/include/control_msgs/control_msgs/srv/detail/query_trajectory_state__rosidl_typesupport_introspection_cpp.hpp
[2.921s] -- Up-to-date: /home/joas329/Desktop/rover_simulation/install/control_msgs/lib/libcontrol_msgs__rosidl_typesupport_introspection_cpp.so
[2.921s] -- Up-to-date: /home/joas329/Desktop/rover_simulation/install/control_msgs/lib/libcontrol_msgs__rosidl_typesupport_cpp.so
[2.921s] -- Up-to-date: /home/joas329/Desktop/rover_simulation/install/control_msgs/share/control_msgs/environment/pythonpath.sh
[2.921s] -- Up-to-date: /home/joas329/Desktop/rover_simulation/install/control_msgs/share/control_msgs/environment/pythonpath.dsv
[2.922s] -- Up-to-date: /home/joas329/Desktop/rover_simulation/install/control_msgs/local/lib/python3.10/dist-packages/control_msgs-4.4.0-py3.10.egg-info
[2.922s] -- Installing: /home/joas329/Desktop/rover_simulation/install/control_msgs/local/lib/python3.10/dist-packages/control_msgs-4.4.0-py3.10.egg-info/PKG-INFO
[2.922s] -- Installing: /home/joas329/Desktop/rover_simulation/install/control_msgs/local/lib/python3.10/dist-packages/control_msgs-4.4.0-py3.10.egg-info/SOURCES.txt
[2.922s] -- Installing: /home/joas329/Desktop/rover_simulation/install/control_msgs/local/lib/python3.10/dist-packages/control_msgs-4.4.0-py3.10.egg-info/top_level.txt
[2.922s] -- Installing: /home/joas329/Desktop/rover_simulation/install/control_msgs/local/lib/python3.10/dist-packages/control_msgs-4.4.0-py3.10.egg-info/dependency_links.txt
[2.922s] -- Up-to-date: /home/joas329/Desktop/rover_simulation/install/control_msgs/local/lib/python3.10/dist-packages/control_msgs
[2.922s] -- Up-to-date: /home/joas329/Desktop/rover_simulation/install/control_msgs/local/lib/python3.10/dist-packages/control_msgs/control_msgs_s__rosidl_typesupport_fastrtps_c.cpython-310-x86_64-linux-gnu.so
[2.923s] -- Up-to-date: /home/joas329/Desktop/rover_simulation/install/control_msgs/local/lib/python3.10/dist-packages/control_msgs/control_msgs_s__rosidl_typesupport_c.cpython-310-x86_64-linux-gnu.so
[2.923s] -- Up-to-date: /home/joas329/Desktop/rover_simulation/install/control_msgs/local/lib/python3.10/dist-packages/control_msgs/_control_msgs_s.ep.rosidl_typesupport_c.c
[2.923s] -- Up-to-date: /home/joas329/Desktop/rover_simulation/install/control_msgs/local/lib/python3.10/dist-packages/control_msgs/action
[2.923s] -- Up-to-date: /home/joas329/Desktop/rover_simulation/install/control_msgs/local/lib/python3.10/dist-packages/control_msgs/action/_follow_joint_trajectory_s.c
[2.924s] -- Up-to-date: /home/joas329/Desktop/rover_simulation/install/control_msgs/local/lib/python3.10/dist-packages/control_msgs/action/_gripper_command.py
[2.924s] -- Up-to-date: /home/joas329/Desktop/rover_simulation/install/control_msgs/local/lib/python3.10/dist-packages/control_msgs/action/_point_head.py
[2.924s] -- Up-to-date: /home/joas329/Desktop/rover_simulation/install/control_msgs/local/lib/python3.10/dist-packages/control_msgs/action/_gripper_command_s.c
[2.924s] -- Up-to-date: /home/joas329/Desktop/rover_simulation/install/control_msgs/local/lib/python3.10/dist-packages/control_msgs/action/_follow_joint_trajectory.py
[2.924s] -- Up-to-date: /home/joas329/Desktop/rover_simulation/install/control_msgs/local/lib/python3.10/dist-packages/control_msgs/action/__init__.py
[2.925s] -- Up-to-date: /home/joas329/Desktop/rover_simulation/install/control_msgs/local/lib/python3.10/dist-packages/control_msgs/action/_joint_trajectory_s.c
[2.925s] -- Up-to-date: /home/joas329/Desktop/rover_simulation/install/control_msgs/local/lib/python3.10/dist-packages/control_msgs/action/_point_head_s.c
[2.925s] -- Up-to-date: /home/joas329/Desktop/rover_simulation/install/control_msgs/local/lib/python3.10/dist-packages/control_msgs/action/_joint_trajectory.py
[2.925s] -- Up-to-date: /home/joas329/Desktop/rover_simulation/install/control_msgs/local/lib/python3.10/dist-packages/control_msgs/action/_single_joint_position.py
[2.925s] -- Up-to-date: /home/joas329/Desktop/rover_simulation/install/control_msgs/local/lib/python3.10/dist-packages/control_msgs/action/_single_joint_position_s.c
[2.926s] -- Up-to-date: /home/joas329/Desktop/rover_simulation/install/control_msgs/local/lib/python3.10/dist-packages/control_msgs/msg
[2.926s] -- Up-to-date: /home/joas329/Desktop/rover_simulation/install/control_msgs/local/lib/python3.10/dist-packages/control_msgs/msg/_joint_controller_state.py
[2.926s] -- Up-to-date: /home/joas329/Desktop/rover_simulation/install/control_msgs/local/lib/python3.10/dist-packages/control_msgs/msg/_dynamic_joint_state_s.c
[2.926s] -- Up-to-date: /home/joas329/Desktop/rover_simulation/install/control_msgs/local/lib/python3.10/dist-packages/control_msgs/msg/_joint_tolerance.py
[2.926s] -- Up-to-date: /home/joas329/Desktop/rover_simulation/install/control_msgs/local/lib/python3.10/dist-packages/control_msgs/msg/_joint_component_tolerance.py
[2.927s] -- Up-to-date: /home/joas329/Desktop/rover_simulation/install/control_msgs/local/lib/python3.10/dist-packages/control_msgs/msg/_steering_controller_status.py
[2.927s] -- Up-to-date: /home/joas329/Desktop/rover_simulation/install/control_msgs/local/lib/python3.10/dist-packages/control_msgs/msg/_pid_state.py
[2.927s] -- Up-to-date: /home/joas329/Desktop/rover_simulation/install/control_msgs/local/lib/python3.10/dist-packages/control_msgs/msg/_admittance_controller_state.py
[2.927s] -- Up-to-date: /home/joas329/Desktop/rover_simulation/install/control_msgs/local/lib/python3.10/dist-packages/control_msgs/msg/_mecanum_drive_controller_state_s.c
[2.928s] -- Up-to-date: /home/joas329/Desktop/rover_simulation/install/control_msgs/local/lib/python3.10/dist-packages/control_msgs/msg/_interface_value.py
[2.928s] -- Up-to-date: /home/joas329/Desktop/rover_simulation/install/control_msgs/local/lib/python3.10/dist-packages/control_msgs/msg/_interface_value_s.c
[2.928s] -- Up-to-date: /home/joas329/Desktop/rover_simulation/install/control_msgs/local/lib/python3.10/dist-packages/control_msgs/msg/_dynamic_joint_state.py
[2.928s] -- Up-to-date: /home/joas329/Desktop/rover_simulation/install/control_msgs/local/lib/python3.10/dist-packages/control_msgs/msg/_joint_controller_state_s.c
[2.928s] -- Up-to-date: /home/joas329/Desktop/rover_simulation/install/control_msgs/local/lib/python3.10/dist-packages/control_msgs/msg/_joint_tolerance_s.c
[2.928s] -- Up-to-date: /home/joas329/Desktop/rover_simulation/install/control_msgs/local/lib/python3.10/dist-packages/control_msgs/msg/_joint_component_tolerance_s.c
[2.929s] -- Up-to-date: /home/joas329/Desktop/rover_simulation/install/control_msgs/local/lib/python3.10/dist-packages/control_msgs/msg/_admittance_controller_state_s.c
[2.929s] -- Up-to-date: /home/joas329/Desktop/rover_simulation/install/control_msgs/local/lib/python3.10/dist-packages/control_msgs/msg/_gripper_command.py
[2.929s] -- Up-to-date: /home/joas329/Desktop/rover_simulation/install/control_msgs/local/lib/python3.10/dist-packages/control_msgs/msg/_joint_jog_s.c
[2.929s] -- Up-to-date: /home/joas329/Desktop/rover_simulation/install/control_msgs/local/lib/python3.10/dist-packages/control_msgs/msg/_gripper_command_s.c
[2.929s] -- Up-to-date: /home/joas329/Desktop/rover_simulation/install/control_msgs/local/lib/python3.10/dist-packages/control_msgs/msg/__init__.py
[2.929s] -- Up-to-date: /home/joas329/Desktop/rover_simulation/install/control_msgs/local/lib/python3.10/dist-packages/control_msgs/msg/_mecanum_drive_controller_state.py
[2.930s] -- Up-to-date: /home/joas329/Desktop/rover_simulation/install/control_msgs/local/lib/python3.10/dist-packages/control_msgs/msg/_joint_trajectory_controller_state_s.c
[2.930s] -- Up-to-date: /home/joas329/Desktop/rover_simulation/install/control_msgs/local/lib/python3.10/dist-packages/control_msgs/msg/_joint_jog.py
[2.930s] -- Up-to-date: /home/joas329/Desktop/rover_simulation/install/control_msgs/local/lib/python3.10/dist-packages/control_msgs/msg/_steering_controller_status_s.c
[2.930s] -- Up-to-date: /home/joas329/Desktop/rover_simulation/install/control_msgs/local/lib/python3.10/dist-packages/control_msgs/msg/_pid_state_s.c
[2.930s] -- Up-to-date: /home/joas329/Desktop/rover_simulation/install/control_msgs/local/lib/python3.10/dist-packages/control_msgs/msg/_joint_trajectory_controller_state.py
[2.930s] -- Up-to-date: /home/joas329/Desktop/rover_simulation/install/control_msgs/local/lib/python3.10/dist-packages/control_msgs/__init__.py
[2.931s] -- Up-to-date: /home/joas329/Desktop/rover_simulation/install/control_msgs/local/lib/python3.10/dist-packages/control_msgs/control_msgs_s__rosidl_typesupport_introspection_c.cpython-310-x86_64-linux-gnu.so
[2.931s] -- Up-to-date: /home/joas329/Desktop/rover_simulation/install/control_msgs/local/lib/python3.10/dist-packages/control_msgs/srv
[2.931s] -- Up-to-date: /home/joas329/Desktop/rover_simulation/install/control_msgs/local/lib/python3.10/dist-packages/control_msgs/srv/_query_trajectory_state.py
[2.931s] -- Up-to-date: /home/joas329/Desktop/rover_simulation/install/control_msgs/local/lib/python3.10/dist-packages/control_msgs/srv/_query_calibration_state.py
[2.932s] -- Up-to-date: /home/joas329/Desktop/rover_simulation/install/control_msgs/local/lib/python3.10/dist-packages/control_msgs/srv/__init__.py
[2.932s] -- Up-to-date: /home/joas329/Desktop/rover_simulation/install/control_msgs/local/lib/python3.10/dist-packages/control_msgs/srv/_query_trajectory_state_s.c
[2.932s] -- Up-to-date: /home/joas329/Desktop/rover_simulation/install/control_msgs/local/lib/python3.10/dist-packages/control_msgs/srv/_query_calibration_state_s.c
[2.932s] -- Up-to-date: /home/joas329/Desktop/rover_simulation/install/control_msgs/local/lib/python3.10/dist-packages/control_msgs/_control_msgs_s.ep.rosidl_typesupport_fastrtps_c.c
[2.932s] -- Up-to-date: /home/joas329/Desktop/rover_simulation/install/control_msgs/local/lib/python3.10/dist-packages/control_msgs/libcontrol_msgs__rosidl_generator_py.so
[2.933s] -- Up-to-date: /home/joas329/Desktop/rover_simulation/install/control_msgs/local/lib/python3.10/dist-packages/control_msgs/_control_msgs_s.ep.rosidl_typesupport_introspection_c.c
[2.935s] Listing '/home/joas329/Desktop/rover_simulation/install/control_msgs/local/lib/python3.10/dist-packages/control_msgs'...
[2.935s] Listing '/home/joas329/Desktop/rover_simulation/install/control_msgs/local/lib/python3.10/dist-packages/control_msgs/action'...
[2.935s] Listing '/home/joas329/Desktop/rover_simulation/install/control_msgs/local/lib/python3.10/dist-packages/control_msgs/msg'...
[2.935s] Listing '/home/joas329/Desktop/rover_simulation/install/control_msgs/local/lib/python3.10/dist-packages/control_msgs/srv'...
[2.953s] -- Up-to-date: /home/joas329/Desktop/rover_simulation/install/control_msgs/local/lib/python3.10/dist-packages/control_msgs/control_msgs_s__rosidl_typesupport_fastrtps_c.cpython-310-x86_64-linux-gnu.so
[2.953s] -- Up-to-date: /home/joas329/Desktop/rover_simulation/install/control_msgs/local/lib/python3.10/dist-packages/control_msgs/control_msgs_s__rosidl_typesupport_introspection_c.cpython-310-x86_64-linux-gnu.so
[2.954s] -- Up-to-date: /home/joas329/Desktop/rover_simulation/install/control_msgs/local/lib/python3.10/dist-packages/control_msgs/control_msgs_s__rosidl_typesupport_c.cpython-310-x86_64-linux-gnu.so
[2.955s] -- Up-to-date: /home/joas329/Desktop/rover_simulation/install/control_msgs/lib/libcontrol_msgs__rosidl_generator_py.so
[2.956s] -- Up-to-date: /home/joas329/Desktop/rover_simulation/install/control_msgs/share/control_msgs/action/FollowJointTrajectory.idl
[2.956s] -- Up-to-date: /home/joas329/Desktop/rover_simulation/install/control_msgs/share/control_msgs/action/GripperCommand.idl
[2.956s] -- Up-to-date: /home/joas329/Desktop/rover_simulation/install/control_msgs/share/control_msgs/action/JointTrajectory.idl
[2.957s] -- Up-to-date: /home/joas329/Desktop/rover_simulation/install/control_msgs/share/control_msgs/action/PointHead.idl
[2.957s] -- Up-to-date: /home/joas329/Desktop/rover_simulation/install/control_msgs/share/control_msgs/action/SingleJointPosition.idl
[2.958s] -- Up-to-date: /home/joas329/Desktop/rover_simulation/install/control_msgs/share/control_msgs/msg/AdmittanceControllerState.idl
[2.958s] -- Up-to-date: /home/joas329/Desktop/rover_simulation/install/control_msgs/share/control_msgs/msg/DynamicJointState.idl
[2.958s] -- Up-to-date: /home/joas329/Desktop/rover_simulation/install/control_msgs/share/control_msgs/msg/GripperCommand.idl
[2.959s] -- Up-to-date: /home/joas329/Desktop/rover_simulation/install/control_msgs/share/control_msgs/msg/InterfaceValue.idl
[2.959s] -- Up-to-date: /home/joas329/Desktop/rover_simulation/install/control_msgs/share/control_msgs/msg/JointComponentTolerance.idl
[2.959s] -- Up-to-date: /home/joas329/Desktop/rover_simulation/install/control_msgs/share/control_msgs/msg/JointControllerState.idl
[2.959s] -- Up-to-date: /home/joas329/Desktop/rover_simulation/install/control_msgs/share/control_msgs/msg/JointJog.idl
[2.960s] -- Up-to-date: /home/joas329/Desktop/rover_simulation/install/control_msgs/share/control_msgs/msg/JointTolerance.idl
[2.960s] -- Up-to-date: /home/joas329/Desktop/rover_simulation/install/control_msgs/share/control_msgs/msg/JointTrajectoryControllerState.idl
[2.960s] -- Up-to-date: /home/joas329/Desktop/rover_simulation/install/control_msgs/share/control_msgs/msg/MecanumDriveControllerState.idl
[2.960s] -- Up-to-date: /home/joas329/Desktop/rover_simulation/install/control_msgs/share/control_msgs/msg/PidState.idl
[2.960s] -- Up-to-date: /home/joas329/Desktop/rover_simulation/install/control_msgs/share/control_msgs/msg/SteeringControllerStatus.idl
[2.960s] -- Up-to-date: /home/joas329/Desktop/rover_simulation/install/control_msgs/share/control_msgs/srv/QueryCalibrationState.idl
[2.961s] -- Up-to-date: /home/joas329/Desktop/rover_simulation/install/control_msgs/share/control_msgs/srv/QueryTrajectoryState.idl
[2.961s] -- Up-to-date: /home/joas329/Desktop/rover_simulation/install/control_msgs/share/control_msgs/action/FollowJointTrajectory.action
[2.961s] -- Up-to-date: /home/joas329/Desktop/rover_simulation/install/control_msgs/share/control_msgs/action/GripperCommand.action
[2.961s] -- Up-to-date: /home/joas329/Desktop/rover_simulation/install/control_msgs/share/control_msgs/action/JointTrajectory.action
[2.961s] -- Up-to-date: /home/joas329/Desktop/rover_simulation/install/control_msgs/share/control_msgs/action/PointHead.action
[2.962s] -- Up-to-date: /home/joas329/Desktop/rover_simulation/install/control_msgs/share/control_msgs/action/SingleJointPosition.action
[2.962s] -- Up-to-date: /home/joas329/Desktop/rover_simulation/install/control_msgs/share/control_msgs/msg/AdmittanceControllerState.msg
[2.962s] -- Up-to-date: /home/joas329/Desktop/rover_simulation/install/control_msgs/share/control_msgs/msg/DynamicJointState.msg
[2.962s] -- Up-to-date: /home/joas329/Desktop/rover_simulation/install/control_msgs/share/control_msgs/msg/GripperCommand.msg
[2.962s] -- Up-to-date: /home/joas329/Desktop/rover_simulation/install/control_msgs/share/control_msgs/msg/InterfaceValue.msg
[2.962s] -- Up-to-date: /home/joas329/Desktop/rover_simulation/install/control_msgs/share/control_msgs/msg/JointComponentTolerance.msg
[2.962s] -- Up-to-date: /home/joas329/Desktop/rover_simulation/install/control_msgs/share/control_msgs/msg/JointControllerState.msg
[2.963s] -- Up-to-date: /home/joas329/Desktop/rover_simulation/install/control_msgs/share/control_msgs/msg/JointJog.msg
[2.963s] -- Up-to-date: /home/joas329/Desktop/rover_simulation/install/control_msgs/share/control_msgs/msg/JointTolerance.msg
[2.963s] -- Up-to-date: /home/joas329/Desktop/rover_simulation/install/control_msgs/share/control_msgs/msg/JointTrajectoryControllerState.msg
[2.963s] -- Up-to-date: /home/joas329/Desktop/rover_simulation/install/control_msgs/share/control_msgs/msg/MecanumDriveControllerState.msg
[2.964s] -- Up-to-date: /home/joas329/Desktop/rover_simulation/install/control_msgs/share/control_msgs/msg/PidState.msg
[2.964s] -- Up-to-date: /home/joas329/Desktop/rover_simulation/install/control_msgs/share/control_msgs/msg/SteeringControllerStatus.msg
[2.964s] -- Up-to-date: /home/joas329/Desktop/rover_simulation/install/control_msgs/share/control_msgs/srv/QueryCalibrationState.srv
[2.964s] -- Up-to-date: /home/joas329/Desktop/rover_simulation/install/control_msgs/share/control_msgs/srv/QueryCalibrationState_Request.msg
[2.965s] -- Up-to-date: /home/joas329/Desktop/rover_simulation/install/control_msgs/share/control_msgs/srv/QueryCalibrationState_Response.msg
[2.965s] -- Up-to-date: /home/joas329/Desktop/rover_simulation/install/control_msgs/share/control_msgs/srv/QueryTrajectoryState.srv
[2.965s] -- Up-to-date: /home/joas329/Desktop/rover_simulation/install/control_msgs/share/control_msgs/srv/QueryTrajectoryState_Request.msg
[2.965s] -- Up-to-date: /home/joas329/Desktop/rover_simulation/install/control_msgs/share/control_msgs/srv/QueryTrajectoryState_Response.msg
[2.965s] -- Up-to-date: /home/joas329/Desktop/rover_simulation/install/control_msgs/share/ament_index/resource_index/package_run_dependencies/control_msgs
[2.966s] -- Up-to-date: /home/joas329/Desktop/rover_simulation/install/control_msgs/share/ament_index/resource_index/parent_prefix_path/control_msgs
[2.966s] -- Up-to-date: /home/joas329/Desktop/rover_simulation/install/control_msgs/share/control_msgs/environment/ament_prefix_path.sh
[2.966s] -- Up-to-date: /home/joas329/Desktop/rover_simulation/install/control_msgs/share/control_msgs/environment/ament_prefix_path.dsv
[2.966s] -- Up-to-date: /home/joas329/Desktop/rover_simulation/install/control_msgs/share/control_msgs/environment/path.sh
[2.966s] -- Up-to-date: /home/joas329/Desktop/rover_simulation/install/control_msgs/share/control_msgs/environment/path.dsv
[2.966s] -- Up-to-date: /home/joas329/Desktop/rover_simulation/install/control_msgs/share/control_msgs/local_setup.bash
[2.967s] -- Up-to-date: /home/joas329/Desktop/rover_simulation/install/control_msgs/share/control_msgs/local_setup.sh
[2.967s] -- Up-to-date: /home/joas329/Desktop/rover_simulation/install/control_msgs/share/control_msgs/local_setup.zsh
[2.967s] -- Up-to-date: /home/joas329/Desktop/rover_simulation/install/control_msgs/share/control_msgs/local_setup.dsv
[2.968s] -- Installing: /home/joas329/Desktop/rover_simulation/install/control_msgs/share/control_msgs/package.dsv
[2.968s] -- Up-to-date: /home/joas329/Desktop/rover_simulation/install/control_msgs/share/ament_index/resource_index/packages/control_msgs
[2.968s] -- Up-to-date: /home/joas329/Desktop/rover_simulation/install/control_msgs/share/control_msgs/cmake/export_control_msgs__rosidl_generator_cExport.cmake
[2.969s] -- Up-to-date: /home/joas329/Desktop/rover_simulation/install/control_msgs/share/control_msgs/cmake/export_control_msgs__rosidl_generator_cExport-noconfig.cmake
[2.969s] -- Up-to-date: /home/joas329/Desktop/rover_simulation/install/control_msgs/share/control_msgs/cmake/export_control_msgs__rosidl_typesupport_fastrtps_cExport.cmake
[2.969s] -- Up-to-date: /home/joas329/Desktop/rover_simulation/install/control_msgs/share/control_msgs/cmake/export_control_msgs__rosidl_typesupport_fastrtps_cExport-noconfig.cmake
[2.969s] -- Up-to-date: /home/joas329/Desktop/rover_simulation/install/control_msgs/share/control_msgs/cmake/export_control_msgs__rosidl_generator_cppExport.cmake
[2.970s] -- Up-to-date: /home/joas329/Desktop/rover_simulation/install/control_msgs/share/control_msgs/cmake/export_control_msgs__rosidl_typesupport_fastrtps_cppExport.cmake
[2.970s] -- Up-to-date: /home/joas329/Desktop/rover_simulation/install/control_msgs/share/control_msgs/cmake/export_control_msgs__rosidl_typesupport_fastrtps_cppExport-noconfig.cmake
[2.970s] -- Up-to-date: /home/joas329/Desktop/rover_simulation/install/control_msgs/share/control_msgs/cmake/control_msgs__rosidl_typesupport_introspection_cExport.cmake
[2.970s] -- Up-to-date: /home/joas329/Desktop/rover_simulation/install/control_msgs/share/control_msgs/cmake/control_msgs__rosidl_typesupport_introspection_cExport-noconfig.cmake
[2.970s] -- Up-to-date: /home/joas329/Desktop/rover_simulation/install/control_msgs/share/control_msgs/cmake/control_msgs__rosidl_typesupport_cExport.cmake
[2.971s] -- Up-to-date: /home/joas329/Desktop/rover_simulation/install/control_msgs/share/control_msgs/cmake/control_msgs__rosidl_typesupport_cExport-noconfig.cmake
[2.971s] -- Up-to-date: /home/joas329/Desktop/rover_simulation/install/control_msgs/share/control_msgs/cmake/control_msgs__rosidl_typesupport_introspection_cppExport.cmake
[2.971s] -- Up-to-date: /home/joas329/Desktop/rover_simulation/install/control_msgs/share/control_msgs/cmake/control_msgs__rosidl_typesupport_introspection_cppExport-noconfig.cmake
[2.971s] -- Up-to-date: /home/joas329/Desktop/rover_simulation/install/control_msgs/share/control_msgs/cmake/control_msgs__rosidl_typesupport_cppExport.cmake
[2.972s] -- Up-to-date: /home/joas329/Desktop/rover_simulation/install/control_msgs/share/control_msgs/cmake/control_msgs__rosidl_typesupport_cppExport-noconfig.cmake
[2.972s] -- Up-to-date: /home/joas329/Desktop/rover_simulation/install/control_msgs/share/control_msgs/cmake/export_control_msgs__rosidl_generator_pyExport.cmake
[2.972s] -- Up-to-date: /home/joas329/Desktop/rover_simulation/install/control_msgs/share/control_msgs/cmake/export_control_msgs__rosidl_generator_pyExport-noconfig.cmake
[2.972s] -- Up-to-date: /home/joas329/Desktop/rover_simulation/install/control_msgs/share/control_msgs/cmake/rosidl_cmake-extras.cmake
[2.972s] -- Up-to-date: /home/joas329/Desktop/rover_simulation/install/control_msgs/share/control_msgs/cmake/ament_cmake_export_dependencies-extras.cmake
[2.973s] -- Up-to-date: /home/joas329/Desktop/rover_simulation/install/control_msgs/share/control_msgs/cmake/ament_cmake_export_include_directories-extras.cmake
[2.973s] -- Up-to-date: /home/joas329/Desktop/rover_simulation/install/control_msgs/share/control_msgs/cmake/ament_cmake_export_libraries-extras.cmake
[2.973s] -- Up-to-date: /home/joas329/Desktop/rover_simulation/install/control_msgs/share/control_msgs/cmake/ament_cmake_export_targets-extras.cmake
[2.973s] -- Up-to-date: /home/joas329/Desktop/rover_simulation/install/control_msgs/share/control_msgs/cmake/rosidl_cmake_export_typesupport_targets-extras.cmake
[2.973s] -- Up-to-date: /home/joas329/Desktop/rover_simulation/install/control_msgs/share/control_msgs/cmake/rosidl_cmake_export_typesupport_libraries-extras.cmake
[2.973s] -- Up-to-date: /home/joas329/Desktop/rover_simulation/install/control_msgs/share/control_msgs/cmake/control_msgsConfig.cmake
[2.974s] -- Up-to-date: /home/joas329/Desktop/rover_simulation/install/control_msgs/share/control_msgs/cmake/control_msgsConfig-version.cmake
[2.974s] -- Up-to-date: /home/joas329/Desktop/rover_simulation/install/control_msgs/share/control_msgs/package.xml
[2.978s] Invoked command in '/home/joas329/Desktop/rover_simulation/build/control_msgs' returned '0': CMAKE_PREFIX_PATH=${CMAKE_PREFIX_PATH}:/home/joas329/Desktop/rover_simulation/install/my_bot:/opt/ros/humble /usr/bin/cmake --install /home/joas329/Desktop/rover_simulation/build/control_msgs
