[0.020s] Invoking command in '/home/joas329/Desktop/rover_simulation/build/arm_control_moveit_config': AMENT_PREFIX_PATH=/home/joas329/Desktop/rover_simulation/install/my_bot:/home/joas329/Desktop/rover_simulation/install/yurs_hardware:/home/joas329/Desktop/rover_simulation/install/pointcloud_to_laserscan:/home/joas329/Desktop/rover_simulation/install/arm_moveit_config:/home/joas329/Desktop/rover_simulation/install/arm_control_moveit_config:/opt/ros/humble CMAKE_PREFIX_PATH=${CMAKE_PREFIX_PATH}:/home/joas329/Desktop/rover_simulation/install/my_bot:/opt/ros/humble /usr/bin/cmake /home/joas329/Desktop/rover_simulation/src/arm_control_moveit_config -DCMAKE_INSTALL_PREFIX=/home/joas329/Desktop/rover_simulation/install/arm_control_moveit_config
[0.104s] -- The C compiler identification is GNU 11.4.0
[0.350s] -- The CXX compiler identification is GNU 11.4.0
[0.388s] -- Detecting C compiler ABI info
[0.627s] -- Detecting C compiler ABI info - done
[0.641s] -- Check for working C compiler: /usr/bin/cc - skipped
[0.641s] -- Detecting C compile features
[0.661s] -- Detecting C compile features - done
[0.666s] -- Detecting CXX compiler ABI info
[0.833s] -- Detecting CXX compiler ABI info - done
[0.849s] -- Check for working CXX compiler: /usr/bin/c++ - skipped
[0.849s] -- Detecting CXX compile features
[0.850s] -- Detecting CXX compile features - done
[0.863s] -- Found ament_cmake: 1.3.5 (/opt/ros/humble/share/ament_cmake/cmake)
[1.273s] -- Found Python3: /usr/bin/python3.10 (found version "3.10.12") found components: Interpreter 
[1.621s] -- Configuring done
[1.626s] -- Generating done
[1.627s] -- Build files have been written to: /home/joas329/Desktop/rover_simulation/build/arm_control_moveit_config
[1.635s] Invoked command in '/home/joas329/Desktop/rover_simulation/build/arm_control_moveit_config' returned '0': AMENT_PREFIX_PATH=/home/joas329/Desktop/rover_simulation/install/my_bot:/home/joas329/Desktop/rover_simulation/install/yurs_hardware:/home/joas329/Desktop/rover_simulation/install/pointcloud_to_laserscan:/home/joas329/Desktop/rover_simulation/install/arm_moveit_config:/home/joas329/Desktop/rover_simulation/install/arm_control_moveit_config:/opt/ros/humble CMAKE_PREFIX_PATH=${CMAKE_PREFIX_PATH}:/home/joas329/Desktop/rover_simulation/install/my_bot:/opt/ros/humble /usr/bin/cmake /home/joas329/Desktop/rover_simulation/src/arm_control_moveit_config -DCMAKE_INSTALL_PREFIX=/home/joas329/Desktop/rover_simulation/install/arm_control_moveit_config
[1.639s] Invoking command in '/home/joas329/Desktop/rover_simulation/build/arm_control_moveit_config': AMENT_PREFIX_PATH=/home/joas329/Desktop/rover_simulation/install/my_bot:/home/joas329/Desktop/rover_simulation/install/yurs_hardware:/home/joas329/Desktop/rover_simulation/install/pointcloud_to_laserscan:/home/joas329/Desktop/rover_simulation/install/arm_moveit_config:/home/joas329/Desktop/rover_simulation/install/arm_control_moveit_config:/opt/ros/humble CMAKE_PREFIX_PATH=${CMAKE_PREFIX_PATH}:/home/joas329/Desktop/rover_simulation/install/my_bot:/opt/ros/humble /usr/bin/cmake --build /home/joas329/Desktop/rover_simulation/build/arm_control_moveit_config -- -j8 -l8
[1.682s] Invoked command in '/home/joas329/Desktop/rover_simulation/build/arm_control_moveit_config' returned '0': AMENT_PREFIX_PATH=/home/joas329/Desktop/rover_simulation/install/my_bot:/home/joas329/Desktop/rover_simulation/install/yurs_hardware:/home/joas329/Desktop/rover_simulation/install/pointcloud_to_laserscan:/home/joas329/Desktop/rover_simulation/install/arm_moveit_config:/home/joas329/Desktop/rover_simulation/install/arm_control_moveit_config:/opt/ros/humble CMAKE_PREFIX_PATH=${CMAKE_PREFIX_PATH}:/home/joas329/Desktop/rover_simulation/install/my_bot:/opt/ros/humble /usr/bin/cmake --build /home/joas329/Desktop/rover_simulation/build/arm_control_moveit_config -- -j8 -l8
[1.714s] Invoking command in '/home/joas329/Desktop/rover_simulation/build/arm_control_moveit_config': AMENT_PREFIX_PATH=/home/joas329/Desktop/rover_simulation/install/my_bot:/home/joas329/Desktop/rover_simulation/install/yurs_hardware:/home/joas329/Desktop/rover_simulation/install/pointcloud_to_laserscan:/home/joas329/Desktop/rover_simulation/install/arm_moveit_config:/home/joas329/Desktop/rover_simulation/install/arm_control_moveit_config:/opt/ros/humble CMAKE_PREFIX_PATH=${CMAKE_PREFIX_PATH}:/home/joas329/Desktop/rover_simulation/install/my_bot:/opt/ros/humble /usr/bin/cmake --install /home/joas329/Desktop/rover_simulation/build/arm_control_moveit_config
[1.724s] -- Install configuration: ""
[1.724s] -- Installing: /home/joas329/Desktop/rover_simulation/install/arm_control_moveit_config/share/ament_index/resource_index/package_run_dependencies/arm_control_moveit_config
[1.724s] -- Installing: /home/joas329/Desktop/rover_simulation/install/arm_control_moveit_config/share/ament_index/resource_index/parent_prefix_path/arm_control_moveit_config
[1.725s] -- Installing: /home/joas329/Desktop/rover_simulation/install/arm_control_moveit_config/share/arm_control_moveit_config/environment/ament_prefix_path.sh
[1.725s] -- Installing: /home/joas329/Desktop/rover_simulation/install/arm_control_moveit_config/share/arm_control_moveit_config/environment/ament_prefix_path.dsv
[1.725s] -- Installing: /home/joas329/Desktop/rover_simulation/install/arm_control_moveit_config/share/arm_control_moveit_config/environment/path.sh
[1.725s] -- Installing: /home/joas329/Desktop/rover_simulation/install/arm_control_moveit_config/share/arm_control_moveit_config/environment/path.dsv
[1.725s] -- Installing: /home/joas329/Desktop/rover_simulation/install/arm_control_moveit_config/share/arm_control_moveit_config/local_setup.bash
[1.725s] -- Installing: /home/joas329/Desktop/rover_simulation/install/arm_control_moveit_config/share/arm_control_moveit_config/local_setup.sh
[1.726s] -- Installing: /home/joas329/Desktop/rover_simulation/install/arm_control_moveit_config/share/arm_control_moveit_config/local_setup.zsh
[1.726s] -- Installing: /home/joas329/Desktop/rover_simulation/install/arm_control_moveit_config/share/arm_control_moveit_config/local_setup.dsv
[1.726s] -- Installing: /home/joas329/Desktop/rover_simulation/install/arm_control_moveit_config/share/arm_control_moveit_config/package.dsv
[1.726s] -- Installing: /home/joas329/Desktop/rover_simulation/install/arm_control_moveit_config/share/ament_index/resource_index/packages/arm_control_moveit_config
[1.727s] -- Installing: /home/joas329/Desktop/rover_simulation/install/arm_control_moveit_config/share/arm_control_moveit_config/cmake/arm_control_moveit_configConfig.cmake
[1.727s] -- Installing: /home/joas329/Desktop/rover_simulation/install/arm_control_moveit_config/share/arm_control_moveit_config/cmake/arm_control_moveit_configConfig-version.cmake
[1.727s] -- Installing: /home/joas329/Desktop/rover_simulation/install/arm_control_moveit_config/share/arm_control_moveit_config/package.xml
[1.727s] -- Installing: /home/joas329/Desktop/rover_simulation/install/arm_control_moveit_config/share/arm_control_moveit_config/launch
[1.727s] -- Installing: /home/joas329/Desktop/rover_simulation/install/arm_control_moveit_config/share/arm_control_moveit_config/launch/spawn_controllers.launch.py
[1.727s] -- Installing: /home/joas329/Desktop/rover_simulation/install/arm_control_moveit_config/share/arm_control_moveit_config/launch/static_virtual_joint_tfs.launch.py
[1.728s] -- Installing: /home/joas329/Desktop/rover_simulation/install/arm_control_moveit_config/share/arm_control_moveit_config/launch/arm.launch.py
[1.728s] -- Installing: /home/joas329/Desktop/rover_simulation/install/arm_control_moveit_config/share/arm_control_moveit_config/launch/warehouse_db.launch.py
[1.728s] -- Installing: /home/joas329/Desktop/rover_simulation/install/arm_control_moveit_config/share/arm_control_moveit_config/launch/final.launch.py
[1.728s] -- Installing: /home/joas329/Desktop/rover_simulation/install/arm_control_moveit_config/share/arm_control_moveit_config/launch/setup_assistant.launch.py
[1.728s] -- Installing: /home/joas329/Desktop/rover_simulation/install/arm_control_moveit_config/share/arm_control_moveit_config/launch/arm_moveit.launch.py
[1.728s] -- Installing: /home/joas329/Desktop/rover_simulation/install/arm_control_moveit_config/share/arm_control_moveit_config/launch/demo.launch.py
[1.729s] -- Installing: /home/joas329/Desktop/rover_simulation/install/arm_control_moveit_config/share/arm_control_moveit_config/launch/rsp.launch.py
[1.729s] -- Installing: /home/joas329/Desktop/rover_simulation/install/arm_control_moveit_config/share/arm_control_moveit_config/launch/moveit_rviz.launch.py
[1.729s] -- Installing: /home/joas329/Desktop/rover_simulation/install/arm_control_moveit_config/share/arm_control_moveit_config/launch/move_group.launch.py
[1.729s] -- Installing: /home/joas329/Desktop/rover_simulation/install/arm_control_moveit_config/share/arm_control_moveit_config/config
[1.730s] -- Installing: /home/joas329/Desktop/rover_simulation/install/arm_control_moveit_config/share/arm_control_moveit_config/config/chomp_planning.yaml
[1.746s] -- Installing: /home/joas329/Desktop/rover_simulation/install/arm_control_moveit_config/share/arm_control_moveit_config/config/pilz_cartesian_limits.yaml
[1.747s] -- Installing: /home/joas329/Desktop/rover_simulation/install/arm_control_moveit_config/share/arm_control_moveit_config/config/moveit_controllers.yaml
[1.759s] -- Installing: /home/joas329/Desktop/rover_simulation/install/arm_control_moveit_config/share/arm_control_moveit_config/config/stomp_planning.yaml
[1.832s] -- Installing: /home/joas329/Desktop/rover_simulation/install/arm_control_moveit_config/share/arm_control_moveit_config/config/ompl_planning.yaml
[1.870s] -- Installing: /home/joas329/Desktop/rover_simulation/install/arm_control_moveit_config/share/arm_control_moveit_config/config/kinematics.yaml
[1.885s] -- Installing: /home/joas329/Desktop/rover_simulation/install/arm_control_moveit_config/share/arm_control_moveit_config/config/robot_arm.urdf.xacro
[1.886s] -- Installing: /home/joas329/Desktop/rover_simulation/install/arm_control_moveit_config/share/arm_control_moveit_config/config/ros2_controllers.yaml
[1.886s] -- Installing: /home/joas329/Desktop/rover_simulation/install/arm_control_moveit_config/share/arm_control_moveit_config/config/robot_arm.srdf
[1.887s] -- Installing: /home/joas329/Desktop/rover_simulation/install/arm_control_moveit_config/share/arm_control_moveit_config/config/robot_arm.ros2_control.xacro
[1.887s] -- Installing: /home/joas329/Desktop/rover_simulation/install/arm_control_moveit_config/share/arm_control_moveit_config/config/initial_positions.yaml
[1.888s] -- Installing: /home/joas329/Desktop/rover_simulation/install/arm_control_moveit_config/share/arm_control_moveit_config/config/joint_limits.yaml
[1.888s] -- Installing: /home/joas329/Desktop/rover_simulation/install/arm_control_moveit_config/share/arm_control_moveit_config/config/moveit.rviz
[1.940s] -- Installing: /home/joas329/Desktop/rover_simulation/install/arm_control_moveit_config/share/arm_control_moveit_config/.setup_assistant
[1.947s] Invoked command in '/home/joas329/Desktop/rover_simulation/build/arm_control_moveit_config' returned '0': AMENT_PREFIX_PATH=/home/joas329/Desktop/rover_simulation/install/my_bot:/home/joas329/Desktop/rover_simulation/install/yurs_hardware:/home/joas329/Desktop/rover_simulation/install/pointcloud_to_laserscan:/home/joas329/Desktop/rover_simulation/install/arm_moveit_config:/home/joas329/Desktop/rover_simulation/install/arm_control_moveit_config:/opt/ros/humble CMAKE_PREFIX_PATH=${CMAKE_PREFIX_PATH}:/home/joas329/Desktop/rover_simulation/install/my_bot:/opt/ros/humble /usr/bin/cmake --install /home/joas329/Desktop/rover_simulation/build/arm_control_moveit_config
