[2.025s] Invoking command in '/home/joas329/Desktop/rover_simulation/build/pointcloud_to_laserscan': CMAKE_PREFIX_PATH=${CMAKE_PREFIX_PATH}:/home/joas329/Desktop/rover_simulation/install/my_bot:/opt/ros/humble /usr/bin/cmake --build /home/joas329/Desktop/rover_simulation/build/pointcloud_to_laserscan -- -j8 -l8
[2.443s] [ 20%] Built target pointcloud_to_laserscan_node
[2.462s] [ 40%] Built target laserscan_to_pointcloud_node
[2.496s] [ 60%] Built target laserscan_to_pointcloud
[2.705s] [ 80%] Built target pointcloud_to_laserscan
[2.898s] [100%] Built target dummy_pointcloud_publisher
[3.170s] Invoked command in '/home/joas329/Desktop/rover_simulation/build/pointcloud_to_laserscan' returned '0': CMAKE_PREFIX_PATH=${CMAKE_PREFIX_PATH}:/home/joas329/Desktop/rover_simulation/install/my_bot:/opt/ros/humble /usr/bin/cmake --build /home/joas329/Desktop/rover_simulation/build/pointcloud_to_laserscan -- -j8 -l8
[3.505s] Invoking command in '/home/joas329/Desktop/rover_simulation/build/pointcloud_to_laserscan': CMAKE_PREFIX_PATH=${CMAKE_PREFIX_PATH}:/home/joas329/Desktop/rover_simulation/install/my_bot:/opt/ros/humble /usr/bin/cmake --install /home/joas329/Desktop/rover_simulation/build/pointcloud_to_laserscan
[3.547s] -- Install configuration: ""
[3.549s] -- Up-to-date: /home/joas329/Desktop/rover_simulation/install/pointcloud_to_laserscan/lib/pointcloud_to_laserscan/laserscan_to_pointcloud_node
[3.551s] -- Up-to-date: /home/joas329/Desktop/rover_simulation/install/pointcloud_to_laserscan/lib/pointcloud_to_laserscan/pointcloud_to_laserscan_node
[3.554s] -- Up-to-date: /home/joas329/Desktop/rover_simulation/install/pointcloud_to_laserscan/include
[3.555s] -- Up-to-date: /home/joas329/Desktop/rover_simulation/install/pointcloud_to_laserscan/include/pointcloud_to_laserscan
[3.555s] -- Up-to-date: /home/joas329/Desktop/rover_simulation/install/pointcloud_to_laserscan/include/pointcloud_to_laserscan/pointcloud_to_laserscan_node.hpp
[3.556s] -- Up-to-date: /home/joas329/Desktop/rover_simulation/install/pointcloud_to_laserscan/include/pointcloud_to_laserscan/laserscan_to_pointcloud_node.hpp
[3.556s] -- Up-to-date: /home/joas329/Desktop/rover_simulation/install/pointcloud_to_laserscan/include/pointcloud_to_laserscan/visibility_control.h
[3.557s] -- Up-to-date: /home/joas329/Desktop/rover_simulation/install/pointcloud_to_laserscan/share/pointcloud_to_laserscan/environment/library_path.sh
[3.558s] -- Up-to-date: /home/joas329/Desktop/rover_simulation/install/pointcloud_to_laserscan/share/pointcloud_to_laserscan/environment/library_path.dsv
[3.559s] -- Up-to-date: /home/joas329/Desktop/rover_simulation/install/pointcloud_to_laserscan/lib/liblaserscan_to_pointcloud.so
[3.560s] -- Up-to-date: /home/joas329/Desktop/rover_simulation/install/pointcloud_to_laserscan/lib/libpointcloud_to_laserscan.so
[3.561s] -- Up-to-date: /home/joas329/Desktop/rover_simulation/install/pointcloud_to_laserscan/lib/pointcloud_to_laserscan/dummy_pointcloud_publisher
[3.566s] -- Up-to-date: /home/joas329/Desktop/rover_simulation/install/pointcloud_to_laserscan/share/pointcloud_to_laserscan/launch
[3.567s] -- Up-to-date: /home/joas329/Desktop/rover_simulation/install/pointcloud_to_laserscan/share/pointcloud_to_laserscan/launch/sample_pointcloud_to_laserscan_launch.py
[3.568s] -- Up-to-date: /home/joas329/Desktop/rover_simulation/install/pointcloud_to_laserscan/share/pointcloud_to_laserscan/launch/sample_laserscan_to_pointcloud_launch.py
[3.569s] -- Up-to-date: /home/joas329/Desktop/rover_simulation/install/pointcloud_to_laserscan/share/ament_index/resource_index/package_run_dependencies/pointcloud_to_laserscan
[3.571s] -- Up-to-date: /home/joas329/Desktop/rover_simulation/install/pointcloud_to_laserscan/share/ament_index/resource_index/parent_prefix_path/pointcloud_to_laserscan
[3.572s] -- Up-to-date: /home/joas329/Desktop/rover_simulation/install/pointcloud_to_laserscan/share/pointcloud_to_laserscan/environment/ament_prefix_path.sh
[3.572s] -- Up-to-date: /home/joas329/Desktop/rover_simulation/install/pointcloud_to_laserscan/share/pointcloud_to_laserscan/environment/ament_prefix_path.dsv
[3.576s] -- Up-to-date: /home/joas329/Desktop/rover_simulation/install/pointcloud_to_laserscan/share/pointcloud_to_laserscan/environment/path.sh
[3.577s] -- Up-to-date: /home/joas329/Desktop/rover_simulation/install/pointcloud_to_laserscan/share/pointcloud_to_laserscan/environment/path.dsv
[3.577s] -- Up-to-date: /home/joas329/Desktop/rover_simulation/install/pointcloud_to_laserscan/share/pointcloud_to_laserscan/local_setup.bash
[3.578s] -- Up-to-date: /home/joas329/Desktop/rover_simulation/install/pointcloud_to_laserscan/share/pointcloud_to_laserscan/local_setup.sh
[3.598s] -- Up-to-date: /home/joas329/Desktop/rover_simulation/install/pointcloud_to_laserscan/share/pointcloud_to_laserscan/local_setup.zsh
[3.600s] -- Up-to-date: /home/joas329/Desktop/rover_simulation/install/pointcloud_to_laserscan/share/pointcloud_to_laserscan/local_setup.dsv
[3.600s] -- Installing: /home/joas329/Desktop/rover_simulation/install/pointcloud_to_laserscan/share/pointcloud_to_laserscan/package.dsv
[3.601s] -- Up-to-date: /home/joas329/Desktop/rover_simulation/install/pointcloud_to_laserscan/share/ament_index/resource_index/packages/pointcloud_to_laserscan
[3.602s] -- Up-to-date: /home/joas329/Desktop/rover_simulation/install/pointcloud_to_laserscan/share/ament_index/resource_index/rclcpp_components/pointcloud_to_laserscan
[3.602s] -- Up-to-date: /home/joas329/Desktop/rover_simulation/install/pointcloud_to_laserscan/share/pointcloud_to_laserscan/cmake/ament_cmake_export_dependencies-extras.cmake
[3.603s] -- Up-to-date: /home/joas329/Desktop/rover_simulation/install/pointcloud_to_laserscan/share/pointcloud_to_laserscan/cmake/ament_cmake_export_include_directories-extras.cmake
[3.612s] -- Up-to-date: /home/joas329/Desktop/rover_simulation/install/pointcloud_to_laserscan/share/pointcloud_to_laserscan/cmake/ament_cmake_export_libraries-extras.cmake
[3.613s] -- Up-to-date: /home/joas329/Desktop/rover_simulation/install/pointcloud_to_laserscan/share/pointcloud_to_laserscan/cmake/pointcloud_to_laserscanConfig.cmake
[3.613s] -- Up-to-date: /home/joas329/Desktop/rover_simulation/install/pointcloud_to_laserscan/share/pointcloud_to_laserscan/cmake/pointcloud_to_laserscanConfig-version.cmake
[3.614s] -- Up-to-date: /home/joas329/Desktop/rover_simulation/install/pointcloud_to_laserscan/share/pointcloud_to_laserscan/package.xml
[3.615s] Invoked command in '/home/joas329/Desktop/rover_simulation/build/pointcloud_to_laserscan' returned '0': CMAKE_PREFIX_PATH=${CMAKE_PREFIX_PATH}:/home/joas329/Desktop/rover_simulation/install/my_bot:/opt/ros/humble /usr/bin/cmake --install /home/joas329/Desktop/rover_simulation/build/pointcloud_to_laserscan
