[0.178s] Invoking command in '/home/joas329/Desktop/rover_simulation/build/arm_control_moveit_config': AMENT_PREFIX_PATH=/home/joas329/Desktop/rover_simulation/install/my_bot:/home/joas329/Desktop/rover_simulation/install/yurs_hardware:/home/joas329/Desktop/rover_simulation/install/pointcloud_to_laserscan:/home/joas329/Desktop/rover_simulation/install/control_moveit_config:/home/joas329/Desktop/rover_simulation/install/arm_moveit_config:/home/joas329/Desktop/rover_simulation/install/arm_control_moveit_config:/opt/ros/humble CMAKE_PREFIX_PATH=${CMAKE_PREFIX_PATH}:/home/joas329/Desktop/rover_simulation/install/my_bot:/opt/ros/humble /usr/bin/cmake --build /home/joas329/Desktop/rover_simulation/build/arm_control_moveit_config -- -j8 -l8
[0.380s] Invoked command in '/home/joas329/Desktop/rover_simulation/build/arm_control_moveit_config' returned '0': AMENT_PREFIX_PATH=/home/joas329/Desktop/rover_simulation/install/my_bot:/home/joas329/Desktop/rover_simulation/install/yurs_hardware:/home/joas329/Desktop/rover_simulation/install/pointcloud_to_laserscan:/home/joas329/Desktop/rover_simulation/install/control_moveit_config:/home/joas329/Desktop/rover_simulation/install/arm_moveit_config:/home/joas329/Desktop/rover_simulation/install/arm_control_moveit_config:/opt/ros/humble CMAKE_PREFIX_PATH=${CMAKE_PREFIX_PATH}:/home/joas329/Desktop/rover_simulation/install/my_bot:/opt/ros/humble /usr/bin/cmake --build /home/joas329/Desktop/rover_simulation/build/arm_control_moveit_config -- -j8 -l8
[0.503s] Invoking command in '/home/joas329/Desktop/rover_simulation/build/arm_control_moveit_config': AMENT_PREFIX_PATH=/home/joas329/Desktop/rover_simulation/install/my_bot:/home/joas329/Desktop/rover_simulation/install/yurs_hardware:/home/joas329/Desktop/rover_simulation/install/pointcloud_to_laserscan:/home/joas329/Desktop/rover_simulation/install/control_moveit_config:/home/joas329/Desktop/rover_simulation/install/arm_moveit_config:/home/joas329/Desktop/rover_simulation/install/arm_control_moveit_config:/opt/ros/humble CMAKE_PREFIX_PATH=${CMAKE_PREFIX_PATH}:/home/joas329/Desktop/rover_simulation/install/my_bot:/opt/ros/humble /usr/bin/cmake --install /home/joas329/Desktop/rover_simulation/build/arm_control_moveit_config
[0.590s] -- Install configuration: ""
[0.590s] -- Up-to-date: /home/joas329/Desktop/rover_simulation/install/arm_control_moveit_config/share/ament_index/resource_index/package_run_dependencies/arm_control_moveit_config
[0.596s] -- Up-to-date: /home/joas329/Desktop/rover_simulation/install/arm_control_moveit_config/share/ament_index/resource_index/parent_prefix_path/arm_control_moveit_config
[0.605s] -- Up-to-date: /home/joas329/Desktop/rover_simulation/install/arm_control_moveit_config/share/arm_control_moveit_config/environment/ament_prefix_path.sh
[0.607s] -- Up-to-date: /home/joas329/Desktop/rover_simulation/install/arm_control_moveit_config/share/arm_control_moveit_config/environment/ament_prefix_path.dsv
[0.608s] -- Up-to-date: /home/joas329/Desktop/rover_simulation/install/arm_control_moveit_config/share/arm_control_moveit_config/environment/path.sh
[0.608s] -- Up-to-date: /home/joas329/Desktop/rover_simulation/install/arm_control_moveit_config/share/arm_control_moveit_config/environment/path.dsv
[0.609s] -- Up-to-date: /home/joas329/Desktop/rover_simulation/install/arm_control_moveit_config/share/arm_control_moveit_config/local_setup.bash
[0.611s] -- Up-to-date: /home/joas329/Desktop/rover_simulation/install/arm_control_moveit_config/share/arm_control_moveit_config/local_setup.sh
[0.612s] -- Up-to-date: /home/joas329/Desktop/rover_simulation/install/arm_control_moveit_config/share/arm_control_moveit_config/local_setup.zsh
[0.614s] -- Up-to-date: /home/joas329/Desktop/rover_simulation/install/arm_control_moveit_config/share/arm_control_moveit_config/local_setup.dsv
[0.614s] -- Installing: /home/joas329/Desktop/rover_simulation/install/arm_control_moveit_config/share/arm_control_moveit_config/package.dsv
[0.615s] -- Up-to-date: /home/joas329/Desktop/rover_simulation/install/arm_control_moveit_config/share/ament_index/resource_index/packages/arm_control_moveit_config
[0.624s] -- Up-to-date: /home/joas329/Desktop/rover_simulation/install/arm_control_moveit_config/share/arm_control_moveit_config/cmake/arm_control_moveit_configConfig.cmake
[0.626s] -- Up-to-date: /home/joas329/Desktop/rover_simulation/install/arm_control_moveit_config/share/arm_control_moveit_config/cmake/arm_control_moveit_configConfig-version.cmake
[0.631s] -- Up-to-date: /home/joas329/Desktop/rover_simulation/install/arm_control_moveit_config/share/arm_control_moveit_config/package.xml
[0.636s] -- Up-to-date: /home/joas329/Desktop/rover_simulation/install/arm_control_moveit_config/share/arm_control_moveit_config/launch
[0.637s] -- Up-to-date: /home/joas329/Desktop/rover_simulation/install/arm_control_moveit_config/share/arm_control_moveit_config/launch/spawn_controllers.launch.py
[0.638s] -- Up-to-date: /home/joas329/Desktop/rover_simulation/install/arm_control_moveit_config/share/arm_control_moveit_config/launch/static_virtual_joint_tfs.launch.py
[0.639s] -- Up-to-date: /home/joas329/Desktop/rover_simulation/install/arm_control_moveit_config/share/arm_control_moveit_config/launch/arm.launch.py
[0.641s] -- Up-to-date: /home/joas329/Desktop/rover_simulation/install/arm_control_moveit_config/share/arm_control_moveit_config/launch/warehouse_db.launch.py
[0.642s] -- Up-to-date: /home/joas329/Desktop/rover_simulation/install/arm_control_moveit_config/share/arm_control_moveit_config/launch/final.launch.py
[0.644s] -- Up-to-date: /home/joas329/Desktop/rover_simulation/install/arm_control_moveit_config/share/arm_control_moveit_config/launch/setup_assistant.launch.py
[0.645s] -- Up-to-date: /home/joas329/Desktop/rover_simulation/install/arm_control_moveit_config/share/arm_control_moveit_config/launch/arm_moveit.launch.py
[0.646s] -- Up-to-date: /home/joas329/Desktop/rover_simulation/install/arm_control_moveit_config/share/arm_control_moveit_config/launch/demo.launch.py
[0.647s] -- Up-to-date: /home/joas329/Desktop/rover_simulation/install/arm_control_moveit_config/share/arm_control_moveit_config/launch/rsp.launch.py
[0.648s] -- Up-to-date: /home/joas329/Desktop/rover_simulation/install/arm_control_moveit_config/share/arm_control_moveit_config/launch/moveit_rviz.launch.py
[0.718s] -- Up-to-date: /home/joas329/Desktop/rover_simulation/install/arm_control_moveit_config/share/arm_control_moveit_config/launch/move_group.launch.py
[0.724s] -- Up-to-date: /home/joas329/Desktop/rover_simulation/install/arm_control_moveit_config/share/arm_control_moveit_config/config
[0.737s] -- Up-to-date: /home/joas329/Desktop/rover_simulation/install/arm_control_moveit_config/share/arm_control_moveit_config/config/pilz_cartesian_limits.yaml
[0.739s] -- Up-to-date: /home/joas329/Desktop/rover_simulation/install/arm_control_moveit_config/share/arm_control_moveit_config/config/moveit_controllers.yaml
[0.740s] -- Up-to-date: /home/joas329/Desktop/rover_simulation/install/arm_control_moveit_config/share/arm_control_moveit_config/config/stomp_planning.yaml
[0.741s] -- Up-to-date: /home/joas329/Desktop/rover_simulation/install/arm_control_moveit_config/share/arm_control_moveit_config/config/kinematics.yaml
[0.743s] -- Up-to-date: /home/joas329/Desktop/rover_simulation/install/arm_control_moveit_config/share/arm_control_moveit_config/config/robot_arm.urdf.xacro
[0.744s] -- Up-to-date: /home/joas329/Desktop/rover_simulation/install/arm_control_moveit_config/share/arm_control_moveit_config/config/ros2_controllers.yaml
[0.745s] -- Up-to-date: /home/joas329/Desktop/rover_simulation/install/arm_control_moveit_config/share/arm_control_moveit_config/config/robot_arm.srdf
[0.746s] -- Up-to-date: /home/joas329/Desktop/rover_simulation/install/arm_control_moveit_config/share/arm_control_moveit_config/config/robot_arm.ros2_control.xacro
[0.748s] -- Up-to-date: /home/joas329/Desktop/rover_simulation/install/arm_control_moveit_config/share/arm_control_moveit_config/config/initial_positions.yaml
[0.750s] -- Up-to-date: /home/joas329/Desktop/rover_simulation/install/arm_control_moveit_config/share/arm_control_moveit_config/config/joint_limits.yaml
[0.753s] -- Up-to-date: /home/joas329/Desktop/rover_simulation/install/arm_control_moveit_config/share/arm_control_moveit_config/config/moveit.rviz
[0.770s] -- Up-to-date: /home/joas329/Desktop/rover_simulation/install/arm_control_moveit_config/share/arm_control_moveit_config/.setup_assistant
[0.771s] Invoked command in '/home/joas329/Desktop/rover_simulation/build/arm_control_moveit_config' returned '0': AMENT_PREFIX_PATH=/home/joas329/Desktop/rover_simulation/install/my_bot:/home/joas329/Desktop/rover_simulation/install/yurs_hardware:/home/joas329/Desktop/rover_simulation/install/pointcloud_to_laserscan:/home/joas329/Desktop/rover_simulation/install/control_moveit_config:/home/joas329/Desktop/rover_simulation/install/arm_moveit_config:/home/joas329/Desktop/rover_simulation/install/arm_control_moveit_config:/opt/ros/humble CMAKE_PREFIX_PATH=${CMAKE_PREFIX_PATH}:/home/joas329/Desktop/rover_simulation/install/my_bot:/opt/ros/humble /usr/bin/cmake --install /home/joas329/Desktop/rover_simulation/build/arm_control_moveit_config
