[0.195s] Invoking command in '/home/joas329/Desktop/rover_simulation/build/arm_moveit_config': AMENT_PREFIX_PATH=/home/joas329/Desktop/rover_simulation/install/my_bot:/home/joas329/Desktop/rover_simulation/install/yurs_hardware:/home/joas329/Desktop/rover_simulation/install/pointcloud_to_laserscan:/home/joas329/Desktop/rover_simulation/install/control_moveit_config:/home/joas329/Desktop/rover_simulation/install/arm_moveit_config:/home/joas329/Desktop/rover_simulation/install/arm_control_moveit_config:/opt/ros/humble CMAKE_PREFIX_PATH=${CMAKE_PREFIX_PATH}:/home/joas329/Desktop/rover_simulation/install/my_bot:/opt/ros/humble /usr/bin/cmake --build /home/joas329/Desktop/rover_simulation/build/arm_moveit_config -- -j8 -l8
[0.497s] Invoked command in '/home/joas329/Desktop/rover_simulation/build/arm_moveit_config' returned '0': AMENT_PREFIX_PATH=/home/joas329/Desktop/rover_simulation/install/my_bot:/home/joas329/Desktop/rover_simulation/install/yurs_hardware:/home/joas329/Desktop/rover_simulation/install/pointcloud_to_laserscan:/home/joas329/Desktop/rover_simulation/install/control_moveit_config:/home/joas329/Desktop/rover_simulation/install/arm_moveit_config:/home/joas329/Desktop/rover_simulation/install/arm_control_moveit_config:/opt/ros/humble CMAKE_PREFIX_PATH=${CMAKE_PREFIX_PATH}:/home/joas329/Desktop/rover_simulation/install/my_bot:/opt/ros/humble /usr/bin/cmake --build /home/joas329/Desktop/rover_simulation/build/arm_moveit_config -- -j8 -l8
[0.709s] Invoking command in '/home/joas329/Desktop/rover_simulation/build/arm_moveit_config': AMENT_PREFIX_PATH=/home/joas329/Desktop/rover_simulation/install/my_bot:/home/joas329/Desktop/rover_simulation/install/yurs_hardware:/home/joas329/Desktop/rover_simulation/install/pointcloud_to_laserscan:/home/joas329/Desktop/rover_simulation/install/control_moveit_config:/home/joas329/Desktop/rover_simulation/install/arm_moveit_config:/home/joas329/Desktop/rover_simulation/install/arm_control_moveit_config:/opt/ros/humble CMAKE_PREFIX_PATH=${CMAKE_PREFIX_PATH}:/home/joas329/Desktop/rover_simulation/install/my_bot:/opt/ros/humble /usr/bin/cmake --install /home/joas329/Desktop/rover_simulation/build/arm_moveit_config
[0.754s] -- Install configuration: ""
[0.766s] -- Up-to-date: /home/joas329/Desktop/rover_simulation/install/arm_moveit_config/share/ament_index/resource_index/package_run_dependencies/arm_moveit_config
[0.783s] -- Up-to-date: /home/joas329/Desktop/rover_simulation/install/arm_moveit_config/share/ament_index/resource_index/parent_prefix_path/arm_moveit_config
[0.784s] -- Up-to-date: /home/joas329/Desktop/rover_simulation/install/arm_moveit_config/share/arm_moveit_config/environment/ament_prefix_path.sh
[0.784s] -- Up-to-date: /home/joas329/Desktop/rover_simulation/install/arm_moveit_config/share/arm_moveit_config/environment/ament_prefix_path.dsv
[0.784s] -- Up-to-date: /home/joas329/Desktop/rover_simulation/install/arm_moveit_config/share/arm_moveit_config/environment/path.sh
[0.785s] -- Up-to-date: /home/joas329/Desktop/rover_simulation/install/arm_moveit_config/share/arm_moveit_config/environment/path.dsv
[0.785s] -- Up-to-date: /home/joas329/Desktop/rover_simulation/install/arm_moveit_config/share/arm_moveit_config/local_setup.bash
[0.786s] -- Up-to-date: /home/joas329/Desktop/rover_simulation/install/arm_moveit_config/share/arm_moveit_config/local_setup.sh
[0.786s] -- Up-to-date: /home/joas329/Desktop/rover_simulation/install/arm_moveit_config/share/arm_moveit_config/local_setup.zsh
[0.787s] -- Up-to-date: /home/joas329/Desktop/rover_simulation/install/arm_moveit_config/share/arm_moveit_config/local_setup.dsv
[0.790s] -- Installing: /home/joas329/Desktop/rover_simulation/install/arm_moveit_config/share/arm_moveit_config/package.dsv
[0.791s] -- Up-to-date: /home/joas329/Desktop/rover_simulation/install/arm_moveit_config/share/ament_index/resource_index/packages/arm_moveit_config
[0.792s] -- Up-to-date: /home/joas329/Desktop/rover_simulation/install/arm_moveit_config/share/arm_moveit_config/cmake/arm_moveit_configConfig.cmake
[0.792s] -- Up-to-date: /home/joas329/Desktop/rover_simulation/install/arm_moveit_config/share/arm_moveit_config/cmake/arm_moveit_configConfig-version.cmake
[0.793s] -- Up-to-date: /home/joas329/Desktop/rover_simulation/install/arm_moveit_config/share/arm_moveit_config/package.xml
[0.794s] -- Up-to-date: /home/joas329/Desktop/rover_simulation/install/arm_moveit_config/share/arm_moveit_config/launch
[0.794s] -- Up-to-date: /home/joas329/Desktop/rover_simulation/install/arm_moveit_config/share/arm_moveit_config/launch/spawn_controllers.launch.py
[0.795s] -- Up-to-date: /home/joas329/Desktop/rover_simulation/install/arm_moveit_config/share/arm_moveit_config/launch/static_virtual_joint_tfs.launch.py
[0.796s] -- Up-to-date: /home/joas329/Desktop/rover_simulation/install/arm_moveit_config/share/arm_moveit_config/launch/warehouse_db.launch.py
[0.797s] -- Up-to-date: /home/joas329/Desktop/rover_simulation/install/arm_moveit_config/share/arm_moveit_config/launch/setup_assistant.launch.py
[0.797s] -- Up-to-date: /home/joas329/Desktop/rover_simulation/install/arm_moveit_config/share/arm_moveit_config/launch/demo.launch.py
[0.798s] -- Up-to-date: /home/joas329/Desktop/rover_simulation/install/arm_moveit_config/share/arm_moveit_config/launch/rsp.launch.py
[0.799s] -- Up-to-date: /home/joas329/Desktop/rover_simulation/install/arm_moveit_config/share/arm_moveit_config/launch/moveit_rviz.launch.py
[0.799s] -- Up-to-date: /home/joas329/Desktop/rover_simulation/install/arm_moveit_config/share/arm_moveit_config/launch/move_group.launch.py
[0.825s] -- Up-to-date: /home/joas329/Desktop/rover_simulation/install/arm_moveit_config/share/arm_moveit_config/config
[0.838s] -- Up-to-date: /home/joas329/Desktop/rover_simulation/install/arm_moveit_config/share/arm_moveit_config/config/pilz_cartesian_limits.yaml
[0.839s] -- Up-to-date: /home/joas329/Desktop/rover_simulation/install/arm_moveit_config/share/arm_moveit_config/config/moveit_controllers.yaml
[0.839s] -- Up-to-date: /home/joas329/Desktop/rover_simulation/install/arm_moveit_config/share/arm_moveit_config/config/kinematics.yaml
[0.840s] -- Up-to-date: /home/joas329/Desktop/rover_simulation/install/arm_moveit_config/share/arm_moveit_config/config/robot_arm.urdf.xacro
[0.840s] -- Up-to-date: /home/joas329/Desktop/rover_simulation/install/arm_moveit_config/share/arm_moveit_config/config/ros2_controllers.yaml
[0.840s] -- Up-to-date: /home/joas329/Desktop/rover_simulation/install/arm_moveit_config/share/arm_moveit_config/config/robot_arm.srdf
[0.841s] -- Up-to-date: /home/joas329/Desktop/rover_simulation/install/arm_moveit_config/share/arm_moveit_config/config/robot_arm.ros2_control.xacro
[0.842s] -- Up-to-date: /home/joas329/Desktop/rover_simulation/install/arm_moveit_config/share/arm_moveit_config/config/initial_positions.yaml
[0.842s] -- Up-to-date: /home/joas329/Desktop/rover_simulation/install/arm_moveit_config/share/arm_moveit_config/config/joint_limits.yaml
[0.842s] -- Up-to-date: /home/joas329/Desktop/rover_simulation/install/arm_moveit_config/share/arm_moveit_config/config/moveit.rviz
[0.843s] -- Up-to-date: /home/joas329/Desktop/rover_simulation/install/arm_moveit_config/share/arm_moveit_config/.setup_assistant
[1.004s] Invoked command in '/home/joas329/Desktop/rover_simulation/build/arm_moveit_config' returned '0': AMENT_PREFIX_PATH=/home/joas329/Desktop/rover_simulation/install/my_bot:/home/joas329/Desktop/rover_simulation/install/yurs_hardware:/home/joas329/Desktop/rover_simulation/install/pointcloud_to_laserscan:/home/joas329/Desktop/rover_simulation/install/control_moveit_config:/home/joas329/Desktop/rover_simulation/install/arm_moveit_config:/home/joas329/Desktop/rover_simulation/install/arm_control_moveit_config:/opt/ros/humble CMAKE_PREFIX_PATH=${CMAKE_PREFIX_PATH}:/home/joas329/Desktop/rover_simulation/install/my_bot:/opt/ros/humble /usr/bin/cmake --install /home/joas329/Desktop/rover_simulation/build/arm_moveit_config
