running egg_info
writing ../../build/my_bot/my_bot.egg-info/PKG-INFO
writing dependency_links to ../../build/my_bot/my_bot.egg-info/dependency_links.txt
writing entry points to ../../build/my_bot/my_bot.egg-info/entry_points.txt
writing requirements to ../../build/my_bot/my_bot.egg-info/requires.txt
writing top-level names to ../../build/my_bot/my_bot.egg-info/top_level.txt
reading manifest file '../../build/my_bot/my_bot.egg-info/SOURCES.txt'
writing manifest file '../../build/my_bot/my_bot.egg-info/SOURCES.txt'
running build
running build_py
copying my_bot/PID.py -> /home/joas329/Desktop/rover_simulation/build/my_bot/build/lib/my_bot
running install
running install_lib
copying /home/joas329/Desktop/rover_simulation/build/my_bot/build/lib/my_bot/PID.py -> /home/joas329/Desktop/rover_simulation/install/my_bot/lib/python3.10/site-packages/my_bot
byte-compiling /home/joas329/Desktop/rover_simulation/install/my_bot/lib/python3.10/site-packages/my_bot/PID.py to PID.cpython-310.pyc
Sorry: IndentationError: expected an indented block after 'else' statement on line 128 (PID.py, line 133)
running install_data
running install_egg_info
removing '/home/joas329/Desktop/rover_simulation/install/my_bot/lib/python3.10/site-packages/my_bot-0.0.0-py3.10.egg-info' (and everything under it)
Copying ../../build/my_bot/my_bot.egg-info to /home/joas329/Desktop/rover_simulation/install/my_bot/lib/python3.10/site-packages/my_bot-0.0.0-py3.10.egg-info
running install_scripts
Installing PID script to /home/joas329/Desktop/rover_simulation/install/my_bot/lib/my_bot
writing list of installed files to '/home/joas329/Desktop/rover_simulation/build/my_bot/install.log'
