[2.138s] Invoking command in '/home/joas329/Desktop/rover_simulation/build/yurs_hardware': CMAKE_PREFIX_PATH=/opt/ros/humble /usr/bin/cmake --build /home/joas329/Desktop/rover_simulation/build/yurs_hardware -- -j8 -l8
[2.650s] [100%] Built target yurs_hardware
[2.727s] Invoked command in '/home/joas329/Desktop/rover_simulation/build/yurs_hardware' returned '0': CMAKE_PREFIX_PATH=/opt/ros/humble /usr/bin/cmake --build /home/joas329/Desktop/rover_simulation/build/yurs_hardware -- -j8 -l8
[2.957s] Invoking command in '/home/joas329/Desktop/rover_simulation/build/yurs_hardware': CMAKE_PREFIX_PATH=/opt/ros/humble /usr/bin/cmake --install /home/joas329/Desktop/rover_simulation/build/yurs_hardware
[3.014s] -- Install configuration: ""
[3.015s] -- Up-to-date: /home/joas329/Desktop/rover_simulation/install/yurs_hardware/share/yurs_hardware/yurs_hardware_plugin.xml
[3.016s] -- Up-to-date: /home/joas329/Desktop/rover_simulation/install/yurs_hardware/include
[3.016s] -- Up-to-date: /home/joas329/Desktop/rover_simulation/install/yurs_hardware/include/yurs_hardware
[3.017s] -- Up-to-date: /home/joas329/Desktop/rover_simulation/install/yurs_hardware/include/yurs_hardware/yurs_motor.hpp
[3.018s] -- Up-to-date: /home/joas329/Desktop/rover_simulation/install/yurs_hardware/lib/libyurs_hardware.so
[3.019s] -- Up-to-date: /home/joas329/Desktop/rover_simulation/install/yurs_hardware/share/ament_index/resource_index/package_run_dependencies/yurs_hardware
[3.020s] -- Up-to-date: /home/joas329/Desktop/rover_simulation/install/yurs_hardware/share/ament_index/resource_index/parent_prefix_path/yurs_hardware
[3.020s] -- Up-to-date: /home/joas329/Desktop/rover_simulation/install/yurs_hardware/share/yurs_hardware/environment/ament_prefix_path.sh
[3.021s] -- Up-to-date: /home/joas329/Desktop/rover_simulation/install/yurs_hardware/share/yurs_hardware/environment/ament_prefix_path.dsv
[3.022s] -- Up-to-date: /home/joas329/Desktop/rover_simulation/install/yurs_hardware/share/yurs_hardware/environment/path.sh
[3.022s] -- Up-to-date: /home/joas329/Desktop/rover_simulation/install/yurs_hardware/share/yurs_hardware/environment/path.dsv
[3.023s] -- Up-to-date: /home/joas329/Desktop/rover_simulation/install/yurs_hardware/share/yurs_hardware/local_setup.bash
[3.024s] -- Up-to-date: /home/joas329/Desktop/rover_simulation/install/yurs_hardware/share/yurs_hardware/local_setup.sh
[3.024s] -- Up-to-date: /home/joas329/Desktop/rover_simulation/install/yurs_hardware/share/yurs_hardware/local_setup.zsh
[3.024s] -- Up-to-date: /home/joas329/Desktop/rover_simulation/install/yurs_hardware/share/yurs_hardware/local_setup.dsv
[3.025s] -- Installing: /home/joas329/Desktop/rover_simulation/install/yurs_hardware/share/yurs_hardware/package.dsv
[3.030s] -- Up-to-date: /home/joas329/Desktop/rover_simulation/install/yurs_hardware/share/ament_index/resource_index/packages/yurs_hardware
[3.031s] -- Up-to-date: /home/joas329/Desktop/rover_simulation/install/yurs_hardware/share/ament_index/resource_index/hardware_interface__pluginlib__plugin/yurs_hardware
[3.031s] -- Up-to-date: /home/joas329/Desktop/rover_simulation/install/yurs_hardware/share/yurs_hardware/cmake/yurs_hardwareConfig.cmake
[3.032s] -- Up-to-date: /home/joas329/Desktop/rover_simulation/install/yurs_hardware/share/yurs_hardware/cmake/yurs_hardwareConfig-version.cmake
[3.033s] -- Up-to-date: /home/joas329/Desktop/rover_simulation/install/yurs_hardware/share/yurs_hardware/package.xml
[3.065s] Invoked command in '/home/joas329/Desktop/rover_simulation/build/yurs_hardware' returned '0': CMAKE_PREFIX_PATH=/opt/ros/humble /usr/bin/cmake --install /home/joas329/Desktop/rover_simulation/build/yurs_hardware
