[5.548s] Invoking command in '/home/joas329/Desktop/rover_simulation/src/my_bot': PYTHONPATH=/home/joas329/Desktop/rover_simulation/build/my_bot/prefix_override:/home/joas329/Desktop/rover_simulation/install/my_bot/lib/python3.10/site-packages:${PYTHONPATH} /usr/bin/python3 setup.py egg_info --egg-base ../../build/my_bot build --build-base /home/joas329/Desktop/rover_simulation/build/my_bot/build install --record /home/joas329/Desktop/rover_simulation/build/my_bot/install.log --single-version-externally-managed
[7.448s] running egg_info
[7.453s] writing ../../build/my_bot/my_bot.egg-info/PKG-INFO
[7.456s] writing dependency_links to ../../build/my_bot/my_bot.egg-info/dependency_links.txt
[7.457s] writing entry points to ../../build/my_bot/my_bot.egg-info/entry_points.txt
[7.458s] writing requirements to ../../build/my_bot/my_bot.egg-info/requires.txt
[7.459s] writing top-level names to ../../build/my_bot/my_bot.egg-info/top_level.txt
[7.471s] reading manifest file '../../build/my_bot/my_bot.egg-info/SOURCES.txt'
[7.480s] writing manifest file '../../build/my_bot/my_bot.egg-info/SOURCES.txt'
[7.481s] running build
[7.482s] running build_py
[7.484s] copying my_bot/PID.py -> /home/joas329/Desktop/rover_simulation/build/my_bot/build/lib/my_bot
[7.484s] running install
[7.486s] running install_lib
[7.491s] copying /home/joas329/Desktop/rover_simulation/build/my_bot/build/lib/my_bot/PID.py -> /home/joas329/Desktop/rover_simulation/install/my_bot/lib/python3.10/site-packages/my_bot
[7.493s] byte-compiling /home/joas329/Desktop/rover_simulation/install/my_bot/lib/python3.10/site-packages/my_bot/PID.py to PID.cpython-310.pyc
[7.501s] running install_data
[7.509s] running install_egg_info
[7.521s] removing '/home/joas329/Desktop/rover_simulation/install/my_bot/lib/python3.10/site-packages/my_bot-0.0.0-py3.10.egg-info' (and everything under it)
[7.523s] Copying ../../build/my_bot/my_bot.egg-info to /home/joas329/Desktop/rover_simulation/install/my_bot/lib/python3.10/site-packages/my_bot-0.0.0-py3.10.egg-info
[7.529s] running install_scripts
[7.663s] Installing PID script to /home/joas329/Desktop/rover_simulation/install/my_bot/lib/my_bot
[7.665s] writing list of installed files to '/home/joas329/Desktop/rover_simulation/build/my_bot/install.log'
[7.818s] Invoked command in '/home/joas329/Desktop/rover_simulation/src/my_bot' returned '0': PYTHONPATH=/home/joas329/Desktop/rover_simulation/build/my_bot/prefix_override:/home/joas329/Desktop/rover_simulation/install/my_bot/lib/python3.10/site-packages:${PYTHONPATH} /usr/bin/python3 setup.py egg_info --egg-base ../../build/my_bot build --build-base /home/joas329/Desktop/rover_simulation/build/my_bot/build install --record /home/joas329/Desktop/rover_simulation/build/my_bot/install.log --single-version-externally-managed
