[0.295s] Invoking command in '/home/joas329/Desktop/rover_simulation/build/realtime_tools': CMAKE_PREFIX_PATH=${CMAKE_PREFIX_PATH}:/home/joas329/Desktop/rover_simulation/install/my_bot:/opt/ros/humble /usr/bin/cmake --build /home/joas329/Desktop/rover_simulation/build/realtime_tools -- -j8 -l8
[0.356s] [  9%] Built target thread_priority
[0.358s] [ 19%] Built target gmock_main
[0.359s] [ 28%] Built target realtime_tools
[0.363s] [ 42%] Built target gmock
[0.418s] [ 52%] Built target realtime_buffer_tests
[0.421s] [ 61%] Built target realtime_publisher_tests_non_polling
[0.424s] [ 71%] Built target realtime_clock_tests
[0.427s] [ 80%] Built target realtime_box_tests
[0.427s] [ 90%] Built target realtime_server_goal_handle_tests
[0.433s] [100%] Built target realtime_publisher_tests
[0.455s] Invoked command in '/home/joas329/Desktop/rover_simulation/build/realtime_tools' returned '0': CMAKE_PREFIX_PATH=${CMAKE_PREFIX_PATH}:/home/joas329/Desktop/rover_simulation/install/my_bot:/opt/ros/humble /usr/bin/cmake --build /home/joas329/Desktop/rover_simulation/build/realtime_tools -- -j8 -l8
[0.529s] Invoking command in '/home/joas329/Desktop/rover_simulation/build/realtime_tools': CMAKE_PREFIX_PATH=${CMAKE_PREFIX_PATH}:/home/joas329/Desktop/rover_simulation/install/my_bot:/opt/ros/humble /usr/bin/cmake --install /home/joas329/Desktop/rover_simulation/build/realtime_tools
[0.539s] -- Install configuration: ""
[0.540s] -- Up-to-date: /home/joas329/Desktop/rover_simulation/install/realtime_tools/include/realtime_tools
[0.540s] -- Up-to-date: /home/joas329/Desktop/rover_simulation/install/realtime_tools/include/realtime_tools/realtime_tools
[0.540s] -- Up-to-date: /home/joas329/Desktop/rover_simulation/install/realtime_tools/include/realtime_tools/realtime_tools/thread_priority.hpp
[0.540s] -- Up-to-date: /home/joas329/Desktop/rover_simulation/install/realtime_tools/include/realtime_tools/realtime_tools/realtime_buffer.h
[0.541s] -- Up-to-date: /home/joas329/Desktop/rover_simulation/install/realtime_tools/include/realtime_tools/realtime_tools/realtime_box.h
[0.541s] -- Up-to-date: /home/joas329/Desktop/rover_simulation/install/realtime_tools/include/realtime_tools/realtime_tools/realtime_server_goal_handle.h
[0.541s] -- Up-to-date: /home/joas329/Desktop/rover_simulation/install/realtime_tools/include/realtime_tools/realtime_tools/realtime_publisher.h
[0.541s] -- Up-to-date: /home/joas329/Desktop/rover_simulation/install/realtime_tools/include/realtime_tools/realtime_tools/realtime_clock.h
[0.541s] -- Up-to-date: /home/joas329/Desktop/rover_simulation/install/realtime_tools/lib/librealtime_tools.so
[0.541s] -- Up-to-date: /home/joas329/Desktop/rover_simulation/install/realtime_tools/lib/libthread_priority.so
[0.541s] -- Up-to-date: /home/joas329/Desktop/rover_simulation/install/realtime_tools/share/realtime_tools/environment/library_path.sh
[0.542s] -- Up-to-date: /home/joas329/Desktop/rover_simulation/install/realtime_tools/share/realtime_tools/environment/library_path.dsv
[0.542s] -- Up-to-date: /home/joas329/Desktop/rover_simulation/install/realtime_tools/share/ament_index/resource_index/package_run_dependencies/realtime_tools
[0.542s] -- Up-to-date: /home/joas329/Desktop/rover_simulation/install/realtime_tools/share/ament_index/resource_index/parent_prefix_path/realtime_tools
[0.542s] -- Up-to-date: /home/joas329/Desktop/rover_simulation/install/realtime_tools/share/realtime_tools/environment/ament_prefix_path.sh
[0.542s] -- Up-to-date: /home/joas329/Desktop/rover_simulation/install/realtime_tools/share/realtime_tools/environment/ament_prefix_path.dsv
[0.542s] -- Up-to-date: /home/joas329/Desktop/rover_simulation/install/realtime_tools/share/realtime_tools/environment/path.sh
[0.542s] -- Up-to-date: /home/joas329/Desktop/rover_simulation/install/realtime_tools/share/realtime_tools/environment/path.dsv
[0.542s] -- Up-to-date: /home/joas329/Desktop/rover_simulation/install/realtime_tools/share/realtime_tools/local_setup.bash
[0.543s] -- Up-to-date: /home/joas329/Desktop/rover_simulation/install/realtime_tools/share/realtime_tools/local_setup.sh
[0.543s] -- Up-to-date: /home/joas329/Desktop/rover_simulation/install/realtime_tools/share/realtime_tools/local_setup.zsh
[0.543s] -- Up-to-date: /home/joas329/Desktop/rover_simulation/install/realtime_tools/share/realtime_tools/local_setup.dsv
[0.544s] -- Installing: /home/joas329/Desktop/rover_simulation/install/realtime_tools/share/realtime_tools/package.dsv
[0.544s] -- Up-to-date: /home/joas329/Desktop/rover_simulation/install/realtime_tools/share/ament_index/resource_index/packages/realtime_tools
[0.544s] -- Up-to-date: /home/joas329/Desktop/rover_simulation/install/realtime_tools/share/realtime_tools/cmake/export_realtime_toolsExport.cmake
[0.545s] -- Up-to-date: /home/joas329/Desktop/rover_simulation/install/realtime_tools/share/realtime_tools/cmake/export_realtime_toolsExport-noconfig.cmake
[0.546s] -- Up-to-date: /home/joas329/Desktop/rover_simulation/install/realtime_tools/share/realtime_tools/cmake/ament_cmake_export_targets-extras.cmake
[0.546s] -- Up-to-date: /home/joas329/Desktop/rover_simulation/install/realtime_tools/share/realtime_tools/cmake/ament_cmake_export_dependencies-extras.cmake
[0.546s] -- Up-to-date: /home/joas329/Desktop/rover_simulation/install/realtime_tools/share/realtime_tools/cmake/realtime_toolsConfig.cmake
[0.546s] -- Up-to-date: /home/joas329/Desktop/rover_simulation/install/realtime_tools/share/realtime_tools/cmake/realtime_toolsConfig-version.cmake
[0.546s] -- Up-to-date: /home/joas329/Desktop/rover_simulation/install/realtime_tools/share/realtime_tools/package.xml
[0.547s] Invoked command in '/home/joas329/Desktop/rover_simulation/build/realtime_tools' returned '0': CMAKE_PREFIX_PATH=${CMAKE_PREFIX_PATH}:/home/joas329/Desktop/rover_simulation/install/my_bot:/opt/ros/humble /usr/bin/cmake --install /home/joas329/Desktop/rover_simulation/build/realtime_tools
