[0.297s] Invoking command in '/home/joas329/Desktop/rover_simulation/build/hello_moveit': CMAKE_PREFIX_PATH=${CMAKE_PREFIX_PATH}:/home/joas329/Desktop/rover_simulation/install/my_bot:/opt/ros/humble /usr/bin/cmake /home/joas329/Desktop/rover_simulation/src/hello_moveit -DCMAKE_INSTALL_PREFIX=/home/joas329/Desktop/rover_simulation/install/hello_moveit
[1.026s] -- The C compiler identification is GNU 11.4.0
[1.664s] -- The CXX compiler identification is GNU 11.4.0
[1.676s] -- Detecting C compiler ABI info
[1.883s] -- Detecting C compiler ABI info - done
[1.891s] -- Check for working C compiler: /usr/bin/cc - skipped
[1.892s] -- Detecting C compile features
[1.914s] -- Detecting C compile features - done
[1.918s] -- Detecting CXX compiler ABI info
[2.095s] -- Detecting CXX compiler ABI info - done
[2.109s] -- Check for working CXX compiler: /usr/bin/c++ - skipped
[2.109s] -- Detecting CXX compile features
[2.109s] -- Detecting CXX compile features - done
[2.168s] -- Found ament_cmake: 1.3.5 (/opt/ros/humble/share/ament_cmake/cmake)
[2.505s] -- Found Python3: /usr/bin/python3.10 (found version "3.10.12") found components: Interpreter 
[2.824s] -- Found moveit_ros_planning_interface: 2.5.4 (/opt/ros/humble/share/moveit_ros_planning_interface/cmake)
[3.364s] -- Found Boost: /usr/lib/x86_64-linux-gnu/cmake/Boost-1.74.0/BoostConfig.cmake (found version "1.74.0") found components: date_time filesystem program_options system thread 
[3.593s] -- Found rosidl_generator_c: 3.1.5 (/opt/ros/humble/share/rosidl_generator_c/cmake)
[3.602s] -- Found rosidl_adapter: 3.1.5 (/opt/ros/humble/share/rosidl_adapter/cmake)
[3.631s] -- Found rosidl_generator_cpp: 3.1.5 (/opt/ros/humble/share/rosidl_generator_cpp/cmake)
[3.667s] -- Using all available rosidl_typesupport_c: rosidl_typesupport_fastrtps_c;rosidl_typesupport_introspection_c
[3.702s] -- Using all available rosidl_typesupport_cpp: rosidl_typesupport_fastrtps_cpp;rosidl_typesupport_introspection_cpp
[5.157s] -- Found Boost: /usr/lib/x86_64-linux-gnu/cmake/Boost-1.74.0/BoostConfig.cmake (found version "1.74.0") found components: chrono date_time filesystem iostreams program_options regex serialization system thread 
[5.420s] -- Found Boost: /usr/lib/x86_64-linux-gnu/cmake/Boost-1.74.0/BoostConfig.cmake (found version "1.74.0") found components: filesystem 
[6.201s] -- Found rmw_implementation_cmake: 6.1.1 (/opt/ros/humble/share/rmw_implementation_cmake/cmake)
[6.231s] -- Found rmw_cyclonedds_cpp: 1.3.4 (/opt/ros/humble/share/rmw_cyclonedds_cpp/cmake)
[6.468s] -- Using RMW implementation 'rmw_cyclonedds_cpp' as default
[6.497s] -- Found Threads: TRUE  
[7.059s] -- library: /usr/lib/x86_64-linux-gnu/libcurl.so
[7.353s] -- Found Eigen3: TRUE (found version "3.4.0") 
[7.354s] -- Ensuring Eigen3 include directory is part of orocos-kdl CMake target
[8.268s] -- Found Boost: /usr/lib/x86_64-linux-gnu/cmake/Boost-1.74.0/BoostConfig.cmake (found version "1.74.0") found components: system filesystem date_time program_options thread chrono 
[8.855s] -- Found Boost: /usr/lib/x86_64-linux-gnu/cmake/Boost-1.74.0/BoostConfig.cmake (found version "1.74.0") found components: thread system filesystem regex date_time program_options 
[9.361s] -- Found Boost: /usr/lib/x86_64-linux-gnu/cmake/Boost-1.74.0/BoostConfig.cmake (found version "1.74.0") found components: system filesystem date_time program_options thread 
[10.016s] -- Found ament_lint_auto: 0.12.7 (/opt/ros/humble/share/ament_lint_auto/cmake)
[10.259s] -- Added test 'cppcheck' to perform static code analysis on C / C++ code
[10.260s] -- Configured cppcheck include dirs: $<BUILD_INTERFACE:/home/joas329/Desktop/rover_simulation/src/hello_moveit/include>
[10.260s] -- Configured cppcheck exclude dirs and/or files: 
[10.265s] -- Added test 'lint_cmake' to check CMake code style
[10.271s] -- Added test 'uncrustify' to check C / C++ code style
[10.272s] -- Configured uncrustify additional arguments: 
[10.274s] -- Added test 'xmllint' to check XML markup files
[10.280s] -- Configuring done
[10.420s] -- Generating done
[10.426s] -- Build files have been written to: /home/joas329/Desktop/rover_simulation/build/hello_moveit
[10.444s] Invoked command in '/home/joas329/Desktop/rover_simulation/build/hello_moveit' returned '0': CMAKE_PREFIX_PATH=${CMAKE_PREFIX_PATH}:/home/joas329/Desktop/rover_simulation/install/my_bot:/opt/ros/humble /usr/bin/cmake /home/joas329/Desktop/rover_simulation/src/hello_moveit -DCMAKE_INSTALL_PREFIX=/home/joas329/Desktop/rover_simulation/install/hello_moveit
[10.446s] Invoking command in '/home/joas329/Desktop/rover_simulation/build/hello_moveit': CMAKE_PREFIX_PATH=${CMAKE_PREFIX_PATH}:/home/joas329/Desktop/rover_simulation/install/my_bot:/opt/ros/humble /usr/bin/cmake --build /home/joas329/Desktop/rover_simulation/build/hello_moveit -- -j8 -l8
[10.504s] [ 50%] [32mBuilding CXX object CMakeFiles/hello_moveit.dir/src/hello_moveit.cpp.o[0m
[19.734s] [100%] [32m[1mLinking CXX executable hello_moveit[0m
[20.878s] [100%] Built target hello_moveit
[20.893s] Invoked command in '/home/joas329/Desktop/rover_simulation/build/hello_moveit' returned '0': CMAKE_PREFIX_PATH=${CMAKE_PREFIX_PATH}:/home/joas329/Desktop/rover_simulation/install/my_bot:/opt/ros/humble /usr/bin/cmake --build /home/joas329/Desktop/rover_simulation/build/hello_moveit -- -j8 -l8
[20.926s] Invoking command in '/home/joas329/Desktop/rover_simulation/build/hello_moveit': CMAKE_PREFIX_PATH=${CMAKE_PREFIX_PATH}:/home/joas329/Desktop/rover_simulation/install/my_bot:/opt/ros/humble /usr/bin/cmake --install /home/joas329/Desktop/rover_simulation/build/hello_moveit
[20.934s] -- Install configuration: ""
[20.935s] -- Installing: /home/joas329/Desktop/rover_simulation/install/hello_moveit/lib/hello_moveit/hello_moveit
[20.936s] -- Set runtime path of "/home/joas329/Desktop/rover_simulation/install/hello_moveit/lib/hello_moveit/hello_moveit" to ""
[20.936s] -- Installing: /home/joas329/Desktop/rover_simulation/install/hello_moveit/share/ament_index/resource_index/package_run_dependencies/hello_moveit
[20.936s] -- Installing: /home/joas329/Desktop/rover_simulation/install/hello_moveit/share/ament_index/resource_index/parent_prefix_path/hello_moveit
[20.936s] -- Installing: /home/joas329/Desktop/rover_simulation/install/hello_moveit/share/hello_moveit/environment/ament_prefix_path.sh
[20.937s] -- Installing: /home/joas329/Desktop/rover_simulation/install/hello_moveit/share/hello_moveit/environment/ament_prefix_path.dsv
[20.937s] -- Installing: /home/joas329/Desktop/rover_simulation/install/hello_moveit/share/hello_moveit/environment/path.sh
[20.937s] -- Installing: /home/joas329/Desktop/rover_simulation/install/hello_moveit/share/hello_moveit/environment/path.dsv
[20.937s] -- Installing: /home/joas329/Desktop/rover_simulation/install/hello_moveit/share/hello_moveit/local_setup.bash
[20.938s] -- Installing: /home/joas329/Desktop/rover_simulation/install/hello_moveit/share/hello_moveit/local_setup.sh
[20.938s] -- Installing: /home/joas329/Desktop/rover_simulation/install/hello_moveit/share/hello_moveit/local_setup.zsh
[20.938s] -- Installing: /home/joas329/Desktop/rover_simulation/install/hello_moveit/share/hello_moveit/local_setup.dsv
[20.938s] -- Installing: /home/joas329/Desktop/rover_simulation/install/hello_moveit/share/hello_moveit/package.dsv
[20.938s] -- Installing: /home/joas329/Desktop/rover_simulation/install/hello_moveit/share/ament_index/resource_index/packages/hello_moveit
[20.938s] -- Installing: /home/joas329/Desktop/rover_simulation/install/hello_moveit/share/hello_moveit/cmake/hello_moveitConfig.cmake
[20.938s] -- Installing: /home/joas329/Desktop/rover_simulation/install/hello_moveit/share/hello_moveit/cmake/hello_moveitConfig-version.cmake
[20.938s] -- Installing: /home/joas329/Desktop/rover_simulation/install/hello_moveit/share/hello_moveit/package.xml
[20.945s] Invoked command in '/home/joas329/Desktop/rover_simulation/build/hello_moveit' returned '0': CMAKE_PREFIX_PATH=${CMAKE_PREFIX_PATH}:/home/joas329/Desktop/rover_simulation/install/my_bot:/opt/ros/humble /usr/bin/cmake --install /home/joas329/Desktop/rover_simulation/build/hello_moveit
