[5.392s] Invoking command in '/home/joas329/Desktop/rover_simulation/src/my_bot': PYTHONPATH=/home/joas329/Desktop/rover_simulation/build/my_bot/prefix_override:/home/joas329/Desktop/rover_simulation/install/my_bot/lib/python3.10/site-packages:${PYTHONPATH} /usr/bin/python3 setup.py egg_info --egg-base ../../build/my_bot build --build-base /home/joas329/Desktop/rover_simulation/build/my_bot/build install --record /home/joas329/Desktop/rover_simulation/build/my_bot/install.log --single-version-externally-managed
[6.697s] running egg_info
[6.700s] writing ../../build/my_bot/my_bot.egg-info/PKG-INFO
[6.701s] writing dependency_links to ../../build/my_bot/my_bot.egg-info/dependency_links.txt
[6.702s] writing entry points to ../../build/my_bot/my_bot.egg-info/entry_points.txt
[6.703s] writing requirements to ../../build/my_bot/my_bot.egg-info/requires.txt
[6.703s] writing top-level names to ../../build/my_bot/my_bot.egg-info/top_level.txt
[6.714s] reading manifest file '../../build/my_bot/my_bot.egg-info/SOURCES.txt'
[6.725s] writing manifest file '../../build/my_bot/my_bot.egg-info/SOURCES.txt'
[6.725s] running build
[6.726s] running build_py
[6.726s] copying my_bot/PID.py -> /home/joas329/Desktop/rover_simulation/build/my_bot/build/lib/my_bot
[6.727s] running install
[6.729s] running install_lib
[6.732s] copying /home/joas329/Desktop/rover_simulation/build/my_bot/build/lib/my_bot/PID.py -> /home/joas329/Desktop/rover_simulation/install/my_bot/lib/python3.10/site-packages/my_bot
[6.735s] byte-compiling /home/joas329/Desktop/rover_simulation/install/my_bot/lib/python3.10/site-packages/my_bot/PID.py to PID.cpython-310.pyc
[6.739s] running install_data
[6.745s] running install_egg_info
[6.753s] removing '/home/joas329/Desktop/rover_simulation/install/my_bot/lib/python3.10/site-packages/my_bot-0.0.0-py3.10.egg-info' (and everything under it)
[6.754s] Copying ../../build/my_bot/my_bot.egg-info to /home/joas329/Desktop/rover_simulation/install/my_bot/lib/python3.10/site-packages/my_bot-0.0.0-py3.10.egg-info
[6.783s] running install_scripts
[6.875s] Installing PID script to /home/joas329/Desktop/rover_simulation/install/my_bot/lib/my_bot
[6.877s] writing list of installed files to '/home/joas329/Desktop/rover_simulation/build/my_bot/install.log'
[7.005s] Invoked command in '/home/joas329/Desktop/rover_simulation/src/my_bot' returned '0': PYTHONPATH=/home/joas329/Desktop/rover_simulation/build/my_bot/prefix_override:/home/joas329/Desktop/rover_simulation/install/my_bot/lib/python3.10/site-packages:${PYTHONPATH} /usr/bin/python3 setup.py egg_info --egg-base ../../build/my_bot build --build-base /home/joas329/Desktop/rover_simulation/build/my_bot/build install --record /home/joas329/Desktop/rover_simulation/build/my_bot/install.log --single-version-externally-managed
