[4.741s] Invoking command in '/home/joas329/Desktop/rover_simulation/src/my_bot': PYTHONPATH=/home/joas329/Desktop/rover_simulation/build/my_bot/prefix_override:/home/joas329/Desktop/rover_simulation/install/my_bot/lib/python3.10/site-packages:${PYTHONPATH} /usr/bin/python3 setup.py egg_info --egg-base ../../build/my_bot build --build-base /home/joas329/Desktop/rover_simulation/build/my_bot/build install --record /home/joas329/Desktop/rover_simulation/build/my_bot/install.log --single-version-externally-managed
[6.547s] running egg_info
[6.551s] writing ../../build/my_bot/my_bot.egg-info/PKG-INFO
[6.552s] writing dependency_links to ../../build/my_bot/my_bot.egg-info/dependency_links.txt
[6.552s] writing entry points to ../../build/my_bot/my_bot.egg-info/entry_points.txt
[6.553s] writing requirements to ../../build/my_bot/my_bot.egg-info/requires.txt
[6.554s] writing top-level names to ../../build/my_bot/my_bot.egg-info/top_level.txt
[6.564s] reading manifest file '../../build/my_bot/my_bot.egg-info/SOURCES.txt'
[6.571s] writing manifest file '../../build/my_bot/my_bot.egg-info/SOURCES.txt'
[6.572s] running build
[6.572s] running build_py
[6.573s] copying my_bot/PID.py -> /home/joas329/Desktop/rover_simulation/build/my_bot/build/lib/my_bot
[6.574s] running install
[6.576s] running install_lib
[6.582s] copying /home/joas329/Desktop/rover_simulation/build/my_bot/build/lib/my_bot/PID.py -> /home/joas329/Desktop/rover_simulation/install/my_bot/lib/python3.10/site-packages/my_bot
[6.585s] byte-compiling /home/joas329/Desktop/rover_simulation/install/my_bot/lib/python3.10/site-packages/my_bot/PID.py to PID.cpython-310.pyc
[6.591s] running install_data
[6.601s] running install_egg_info
[6.611s] removing '/home/joas329/Desktop/rover_simulation/install/my_bot/lib/python3.10/site-packages/my_bot-0.0.0-py3.10.egg-info' (and everything under it)
[6.613s] Copying ../../build/my_bot/my_bot.egg-info to /home/joas329/Desktop/rover_simulation/install/my_bot/lib/python3.10/site-packages/my_bot-0.0.0-py3.10.egg-info
[6.618s] running install_scripts
[6.724s] Installing PID script to /home/joas329/Desktop/rover_simulation/install/my_bot/lib/my_bot
[6.725s] Installing udp_conv script to /home/joas329/Desktop/rover_simulation/install/my_bot/lib/my_bot
[6.728s] writing list of installed files to '/home/joas329/Desktop/rover_simulation/build/my_bot/install.log'
[6.871s] Invoked command in '/home/joas329/Desktop/rover_simulation/src/my_bot' returned '0': PYTHONPATH=/home/joas329/Desktop/rover_simulation/build/my_bot/prefix_override:/home/joas329/Desktop/rover_simulation/install/my_bot/lib/python3.10/site-packages:${PYTHONPATH} /usr/bin/python3 setup.py egg_info --egg-base ../../build/my_bot build --build-base /home/joas329/Desktop/rover_simulation/build/my_bot/build install --record /home/joas329/Desktop/rover_simulation/build/my_bot/install.log --single-version-externally-managed
