[0.691s] Invoking command in '/home/joas329/Desktop/rover_simulation/src/my_bot': PYTHONPATH=/home/joas329/Desktop/rover_simulation/build/my_bot/prefix_override:/home/joas329/Desktop/rover_simulation/install/my_bot/lib/python3.10/site-packages:${PYTHONPATH} /usr/bin/python3 setup.py egg_info --egg-base ../../build/my_bot build --build-base /home/joas329/Desktop/rover_simulation/build/my_bot/build install --record /home/joas329/Desktop/rover_simulation/build/my_bot/install.log --single-version-externally-managed
[0.929s] running egg_info
[0.930s] writing ../../build/my_bot/my_bot.egg-info/PKG-INFO
[0.930s] writing dependency_links to ../../build/my_bot/my_bot.egg-info/dependency_links.txt
[0.930s] writing entry points to ../../build/my_bot/my_bot.egg-info/entry_points.txt
[0.931s] writing requirements to ../../build/my_bot/my_bot.egg-info/requires.txt
[0.931s] writing top-level names to ../../build/my_bot/my_bot.egg-info/top_level.txt
[0.933s] reading manifest file '../../build/my_bot/my_bot.egg-info/SOURCES.txt'
[0.934s] writing manifest file '../../build/my_bot/my_bot.egg-info/SOURCES.txt'
[0.934s] running build
[0.934s] running build_py
[0.935s] running install
[0.935s] running install_lib
[0.936s] running install_data
[0.937s] running install_egg_info
[0.938s] removing '/home/joas329/Desktop/rover_simulation/install/my_bot/lib/python3.10/site-packages/my_bot-0.0.0-py3.10.egg-info' (and everything under it)
[0.939s] Copying ../../build/my_bot/my_bot.egg-info to /home/joas329/Desktop/rover_simulation/install/my_bot/lib/python3.10/site-packages/my_bot-0.0.0-py3.10.egg-info
[0.939s] running install_scripts
[0.958s] writing list of installed files to '/home/joas329/Desktop/rover_simulation/build/my_bot/install.log'
[0.981s] Invoked command in '/home/joas329/Desktop/rover_simulation/src/my_bot' returned '0': PYTHONPATH=/home/joas329/Desktop/rover_simulation/build/my_bot/prefix_override:/home/joas329/Desktop/rover_simulation/install/my_bot/lib/python3.10/site-packages:${PYTHONPATH} /usr/bin/python3 setup.py egg_info --egg-base ../../build/my_bot build --build-base /home/joas329/Desktop/rover_simulation/build/my_bot/build install --record /home/joas329/Desktop/rover_simulation/build/my_bot/install.log --single-version-externally-managed
