[3.698s] Invoking command in '/home/joas329/Desktop/rover_simulation/src/my_bot': PYTHONPATH=/home/joas329/Desktop/rover_simulation/build/my_bot/prefix_override:/home/joas329/Desktop/rover_simulation/install/my_bot/lib/python3.10/site-packages:${PYTHONPATH} /usr/bin/python3 setup.py egg_info --egg-base ../../build/my_bot build --build-base /home/joas329/Desktop/rover_simulation/build/my_bot/build install --record /home/joas329/Desktop/rover_simulation/build/my_bot/install.log --single-version-externally-managed
[5.144s] running egg_info
[5.146s] writing ../../build/my_bot/my_bot.egg-info/PKG-INFO
[5.147s] writing dependency_links to ../../build/my_bot/my_bot.egg-info/dependency_links.txt
[5.148s] writing entry points to ../../build/my_bot/my_bot.egg-info/entry_points.txt
[5.149s] writing requirements to ../../build/my_bot/my_bot.egg-info/requires.txt
[5.149s] writing top-level names to ../../build/my_bot/my_bot.egg-info/top_level.txt
[5.159s] reading manifest file '../../build/my_bot/my_bot.egg-info/SOURCES.txt'
[5.167s] writing manifest file '../../build/my_bot/my_bot.egg-info/SOURCES.txt'
[5.167s] running build
[5.168s] running build_py
[5.168s] copying my_bot/PID.py -> /home/joas329/Desktop/rover_simulation/build/my_bot/build/lib/my_bot
[5.171s] running install
[5.174s] running install_lib
[5.177s] copying /home/joas329/Desktop/rover_simulation/build/my_bot/build/lib/my_bot/PID.py -> /home/joas329/Desktop/rover_simulation/install/my_bot/lib/python3.10/site-packages/my_bot
[5.180s] byte-compiling /home/joas329/Desktop/rover_simulation/install/my_bot/lib/python3.10/site-packages/my_bot/PID.py to PID.cpython-310.pyc
[5.185s] running install_data
[5.192s] running install_egg_info
[5.200s] removing '/home/joas329/Desktop/rover_simulation/install/my_bot/lib/python3.10/site-packages/my_bot-0.0.0-py3.10.egg-info' (and everything under it)
[5.202s] Copying ../../build/my_bot/my_bot.egg-info to /home/joas329/Desktop/rover_simulation/install/my_bot/lib/python3.10/site-packages/my_bot-0.0.0-py3.10.egg-info
[5.207s] running install_scripts
[5.295s] Installing PID script to /home/joas329/Desktop/rover_simulation/install/my_bot/lib/my_bot
[5.296s] Installing udp_conv script to /home/joas329/Desktop/rover_simulation/install/my_bot/lib/my_bot
[5.298s] writing list of installed files to '/home/joas329/Desktop/rover_simulation/build/my_bot/install.log'
[5.407s] Invoked command in '/home/joas329/Desktop/rover_simulation/src/my_bot' returned '0': PYTHONPATH=/home/joas329/Desktop/rover_simulation/build/my_bot/prefix_override:/home/joas329/Desktop/rover_simulation/install/my_bot/lib/python3.10/site-packages:${PYTHONPATH} /usr/bin/python3 setup.py egg_info --egg-base ../../build/my_bot build --build-base /home/joas329/Desktop/rover_simulation/build/my_bot/build install --record /home/joas329/Desktop/rover_simulation/build/my_bot/install.log --single-version-externally-managed
