[3.628s] Invoking command in '/home/joas329/Desktop/rover_simulation/src/my_bot': PYTHONPATH=/home/joas329/Desktop/rover_simulation/build/my_bot/prefix_override:/home/joas329/Desktop/rover_simulation/install/my_bot/lib/python3.10/site-packages:${PYTHONPATH} /usr/bin/python3 setup.py egg_info --egg-base ../../build/my_bot build --build-base /home/joas329/Desktop/rover_simulation/build/my_bot/build install --record /home/joas329/Desktop/rover_simulation/build/my_bot/install.log --single-version-externally-managed
[5.086s] running egg_info
[5.089s] writing ../../build/my_bot/my_bot.egg-info/PKG-INFO
[5.090s] writing dependency_links to ../../build/my_bot/my_bot.egg-info/dependency_links.txt
[5.091s] writing entry points to ../../build/my_bot/my_bot.egg-info/entry_points.txt
[5.092s] writing requirements to ../../build/my_bot/my_bot.egg-info/requires.txt
[5.093s] writing top-level names to ../../build/my_bot/my_bot.egg-info/top_level.txt
[5.104s] reading manifest file '../../build/my_bot/my_bot.egg-info/SOURCES.txt'
[5.110s] writing manifest file '../../build/my_bot/my_bot.egg-info/SOURCES.txt'
[5.110s] running build
[5.111s] running build_py
[5.111s] copying my_bot/PID.py -> /home/joas329/Desktop/rover_simulation/build/my_bot/build/lib/my_bot
[5.113s] running install
[5.115s] running install_lib
[5.120s] copying /home/joas329/Desktop/rover_simulation/build/my_bot/build/lib/my_bot/PID.py -> /home/joas329/Desktop/rover_simulation/install/my_bot/lib/python3.10/site-packages/my_bot
[5.123s] byte-compiling /home/joas329/Desktop/rover_simulation/install/my_bot/lib/python3.10/site-packages/my_bot/PID.py to PID.cpython-310.pyc
[5.131s] running install_data
[5.139s] running install_egg_info
[5.146s] removing '/home/joas329/Desktop/rover_simulation/install/my_bot/lib/python3.10/site-packages/my_bot-0.0.0-py3.10.egg-info' (and everything under it)
[5.148s] Copying ../../build/my_bot/my_bot.egg-info to /home/joas329/Desktop/rover_simulation/install/my_bot/lib/python3.10/site-packages/my_bot-0.0.0-py3.10.egg-info
[5.153s] running install_scripts
[5.250s] Installing PID script to /home/joas329/Desktop/rover_simulation/install/my_bot/lib/my_bot
[5.251s] Installing udp_conv script to /home/joas329/Desktop/rover_simulation/install/my_bot/lib/my_bot
[5.252s] writing list of installed files to '/home/joas329/Desktop/rover_simulation/build/my_bot/install.log'
[5.355s] Invoked command in '/home/joas329/Desktop/rover_simulation/src/my_bot' returned '0': PYTHONPATH=/home/joas329/Desktop/rover_simulation/build/my_bot/prefix_override:/home/joas329/Desktop/rover_simulation/install/my_bot/lib/python3.10/site-packages:${PYTHONPATH} /usr/bin/python3 setup.py egg_info --egg-base ../../build/my_bot build --build-base /home/joas329/Desktop/rover_simulation/build/my_bot/build install --record /home/joas329/Desktop/rover_simulation/build/my_bot/install.log --single-version-externally-managed
