[0.293s] Invoking command in '/home/joas329/Desktop/rover_simulation/build/realtime_tools': CMAKE_PREFIX_PATH=${CMAKE_PREFIX_PATH}:/home/joas329/Desktop/rover_simulation/install/my_bot:/opt/ros/humble /usr/bin/cmake /home/joas329/Desktop/rover_simulation/src/ros-controls/realtime_tools -DCMAKE_INSTALL_PREFIX=/home/joas329/Desktop/rover_simulation/install/realtime_tools
[0.303s] -- Found ament_cmake: 1.3.5 (/opt/ros/humble/share/ament_cmake/cmake)
[0.544s] -- Found rclcpp: 16.0.5 (/opt/ros/humble/share/rclcpp/cmake)
[0.603s] -- Found rosidl_generator_c: 3.1.5 (/opt/ros/humble/share/rosidl_generator_c/cmake)
[0.608s] -- Found rosidl_adapter: 3.1.5 (/opt/ros/humble/share/rosidl_adapter/cmake)
[0.620s] -- Found rosidl_generator_cpp: 3.1.5 (/opt/ros/humble/share/rosidl_generator_cpp/cmake)
[0.645s] -- Using all available rosidl_typesupport_c: rosidl_typesupport_fastrtps_c;rosidl_typesupport_introspection_c
[0.680s] -- Using all available rosidl_typesupport_cpp: rosidl_typesupport_fastrtps_cpp;rosidl_typesupport_introspection_cpp
[0.789s] -- Found rmw_implementation_cmake: 6.1.1 (/opt/ros/humble/share/rmw_implementation_cmake/cmake)
[0.791s] -- Found rmw_cyclonedds_cpp: 1.3.4 (/opt/ros/humble/share/rmw_cyclonedds_cpp/cmake)
[0.828s] -- Using RMW implementation 'rmw_cyclonedds_cpp' as default
[1.031s] -- Found rclcpp_action: 16.0.5 (/opt/ros/humble/share/rclcpp_action/cmake)
[1.146s] -- Found ament_cmake_gmock: 1.3.5 (/opt/ros/humble/share/ament_cmake_gmock/cmake)
[1.149s] -- Found test_msgs: 1.2.1 (/opt/ros/humble/share/test_msgs/cmake)
[1.294s] -- Found gmock sources under '/opt/ros/humble/src/gmock_vendor': C++ tests using 'Google Mock' will be built
[1.353s] -- The C compiler identification is GNU 11.4.0
[1.354s] -- Detecting C compiler ABI info
[1.427s] -- Detecting C compiler ABI info - done
[1.435s] -- Check for working C compiler: /usr/bin/cc - skipped
[1.435s] -- Detecting C compile features
[1.435s] -- Detecting C compile features - done
[1.469s] -- Found ament_cmake_gtest: 1.3.5 (/opt/ros/humble/share/ament_cmake_gtest/cmake)
[1.472s] -- Found gtest sources under '/opt/ros/humble/src/gtest_vendor': C++ tests using 'Google Test' will be built
[1.564s] -- Configuring done
[1.619s] -- Generating done
[1.623s] -- Build files have been written to: /home/joas329/Desktop/rover_simulation/build/realtime_tools
[1.633s] Invoked command in '/home/joas329/Desktop/rover_simulation/build/realtime_tools' returned '0': CMAKE_PREFIX_PATH=${CMAKE_PREFIX_PATH}:/home/joas329/Desktop/rover_simulation/install/my_bot:/opt/ros/humble /usr/bin/cmake /home/joas329/Desktop/rover_simulation/src/ros-controls/realtime_tools -DCMAKE_INSTALL_PREFIX=/home/joas329/Desktop/rover_simulation/install/realtime_tools
[1.635s] Invoking command in '/home/joas329/Desktop/rover_simulation/build/realtime_tools': CMAKE_PREFIX_PATH=${CMAKE_PREFIX_PATH}:/home/joas329/Desktop/rover_simulation/install/my_bot:/opt/ros/humble /usr/bin/cmake --build /home/joas329/Desktop/rover_simulation/build/realtime_tools -- -j8 -l8
[1.690s] [  4%] [32mBuilding CXX object CMakeFiles/thread_priority.dir/src/thread_priority.cpp.o[0m
[1.692s] [  9%] [32mBuilding CXX object gmock/CMakeFiles/gmock.dir/opt/ros/humble/src/gtest_vendor/src/gtest-all.cc.o[0m
[1.693s] [ 14%] [32mBuilding CXX object CMakeFiles/realtime_tools.dir/src/realtime_clock.cpp.o[0m
[1.693s] [ 19%] [32mBuilding CXX object gmock/CMakeFiles/gmock.dir/src/gmock-all.cc.o[0m
[1.694s] [ 23%] [32mBuilding CXX object gmock/CMakeFiles/gmock_main.dir/src/gmock_main.cc.o[0m
[2.209s] [ 28%] [32m[1mLinking CXX shared library libthread_priority.so[0m
[2.428s] [ 28%] Built target thread_priority
[3.239s] [ 33%] [32m[1mLinking CXX shared library librealtime_tools.so[0m
[3.267s] [ 38%] [32m[1mLinking CXX static library libgmock_main.a[0m
[3.364s] [ 38%] Built target gmock_main
[3.368s] [ 38%] Built target realtime_tools
[5.695s] [ 42%] [32m[1mLinking CXX static library libgmock.a[0m
[5.778s] [ 42%] Built target gmock
[5.801s] [ 47%] [32mBuilding CXX object CMakeFiles/realtime_buffer_tests.dir/test/realtime_buffer_tests.cpp.o[0m
[5.804s] [ 52%] [32mBuilding CXX object CMakeFiles/realtime_publisher_tests_non_polling.dir/test/realtime_publisher_tests_non_polling.cpp.o[0m
[5.804s] [ 57%] [32mBuilding CXX object CMakeFiles/realtime_clock_tests.dir/test/realtime_clock_tests.cpp.o[0m
[5.805s] [ 61%] [32mBuilding CXX object CMakeFiles/realtime_box_tests.dir/test/realtime_box_tests.cpp.o[0m
[5.807s] [ 71%] [32mBuilding CXX object CMakeFiles/realtime_server_goal_handle_tests.dir/test/realtime_server_goal_handle_tests.cpp.o[0m
[5.807s] [ 71%] [32mBuilding CXX object CMakeFiles/realtime_publisher_tests.dir/test/realtime_publisher_tests.cpp.o[0m
[7.511s] [ 76%] [32m[1mLinking CXX executable realtime_box_tests[0m
[7.642s] [ 80%] [32m[1mLinking CXX executable realtime_buffer_tests[0m
[7.813s] [ 80%] Built target realtime_box_tests
[7.912s] [ 80%] Built target realtime_buffer_tests
[8.550s] [ 85%] [32m[1mLinking CXX executable realtime_clock_tests[0m
[8.824s] [ 85%] Built target realtime_clock_tests
[9.631s] [01m[K/home/joas329/Desktop/rover_simulation/src/ros-controls/realtime_tools/test/realtime_server_goal_handle_tests.cpp:[m[K In function ‘[01m[Kstd::shared_ptr<rclcpp_action::ClientGoalHandle<test_msgs::action::Fibonacci> > send_goal(rclcpp::Node::SharedPtr, std::shared_ptr<rclcpp_action::Client<test_msgs::action::Fibonacci> >, const string&, ActionClientCallbacks&)[m[K’:
[9.631s] [01m[K/home/joas329/Desktop/rover_simulation/src/ros-controls/realtime_tools/test/realtime_server_goal_handle_tests.cpp:127:23:[m[K [01;35m[Kwarning: [m[Kunused parameter ‘[01m[Kserver_name[m[K’ [[01;35m[K]8;;https://gcc.gnu.org/onlinedocs/gcc/Warning-Options.html#index-Wunused-parameter-Wunused-parameter]8;;[m[K]
[9.631s]   127 |   [01;35m[Kconst std::string & server_name[m[K, ActionClientCallbacks & client_callbacks)
[9.631s]       |   [01;35m[K~~~~~~~~~~~~~~~~~~~~^~~~~~~~~~~[m[K
[10.042s] In file included from [01m[K/opt/ros/humble/src/gmock_vendor/include/gmock/internal/gmock-internal-utils.h:47[m[K,
[10.043s]                  from [01m[K/opt/ros/humble/src/gmock_vendor/include/gmock/gmock-actions.h:51[m[K,
[10.043s]                  from [01m[K/opt/ros/humble/src/gmock_vendor/include/gmock/gmock.h:59[m[K,
[10.043s]                  from [01m[K/home/joas329/Desktop/rover_simulation/src/ros-controls/realtime_tools/test/realtime_server_goal_handle_tests.cpp:29[m[K:
[10.043s] /opt/ros/humble/src/gtest_vendor/include/gtest/gtest.h: In instantiation of ‘[01m[Ktesting::AssertionResult testing::internal::CmpHelperEQ(const char*, const char*, const T1&, const T2&) [with T1 = int; T2 = long unsigned int][m[K’:
[10.043s] [01m[K/opt/ros/humble/src/gtest_vendor/include/gtest/gtest.h:1554:23:[m[K   required from ‘[01m[Kstatic testing::AssertionResult testing::internal::EqHelper::Compare(const char*, const char*, const T1&, const T2&) [with T1 = int; T2 = long unsigned int; typename std::enable_if<((! std::is_integral<_Tp>::value) || (! std::is_pointer<_Dp>::value))>::type* <anonymous> = 0][m[K’
[10.043s] [01m[K/home/joas329/Desktop/rover_simulation/src/ros-controls/realtime_tools/test/realtime_server_goal_handle_tests.cpp:203:3:[m[K   required from here
[10.043s] [01m[K/opt/ros/humble/src/gtest_vendor/include/gtest/gtest.h:1527:11:[m[K [01;35m[Kwarning: [m[Kcomparison of integer expressions of different signedness: ‘[01m[Kconst int[m[K’ and ‘[01m[Kconst long unsigned int[m[K’ [[01;35m[K]8;;https://gcc.gnu.org/onlinedocs/gcc/Warning-Options.html#index-Wsign-compare-Wsign-compare]8;;[m[K]
[10.043s]  1527 |   if ([01;35m[Klhs == rhs[m[K) {
[10.043s]       |       [01;35m[K~~~~^~~~~~[m[K
[12.674s] [ 90%] [32m[1mLinking CXX executable realtime_server_goal_handle_tests[0m
[13.057s] [ 90%] Built target realtime_server_goal_handle_tests
[16.104s] [ 95%] [32m[1mLinking CXX executable realtime_publisher_tests_non_polling[0m
[16.123s] [100%] [32m[1mLinking CXX executable realtime_publisher_tests[0m
[16.771s] [100%] Built target realtime_publisher_tests_non_polling
[16.788s] [100%] Built target realtime_publisher_tests
[16.800s] Invoked command in '/home/joas329/Desktop/rover_simulation/build/realtime_tools' returned '0': CMAKE_PREFIX_PATH=${CMAKE_PREFIX_PATH}:/home/joas329/Desktop/rover_simulation/install/my_bot:/opt/ros/humble /usr/bin/cmake --build /home/joas329/Desktop/rover_simulation/build/realtime_tools -- -j8 -l8
[16.850s] Invoking command in '/home/joas329/Desktop/rover_simulation/build/realtime_tools': CMAKE_PREFIX_PATH=${CMAKE_PREFIX_PATH}:/home/joas329/Desktop/rover_simulation/install/my_bot:/opt/ros/humble /usr/bin/cmake --install /home/joas329/Desktop/rover_simulation/build/realtime_tools
[16.858s] -- Install configuration: ""
[16.858s] -- Installing: /home/joas329/Desktop/rover_simulation/install/realtime_tools/include/realtime_tools
[16.858s] -- Installing: /home/joas329/Desktop/rover_simulation/install/realtime_tools/include/realtime_tools/realtime_tools
[16.858s] -- Installing: /home/joas329/Desktop/rover_simulation/install/realtime_tools/include/realtime_tools/realtime_tools/thread_priority.hpp
[16.858s] -- Installing: /home/joas329/Desktop/rover_simulation/install/realtime_tools/include/realtime_tools/realtime_tools/realtime_buffer.h
[16.858s] -- Installing: /home/joas329/Desktop/rover_simulation/install/realtime_tools/include/realtime_tools/realtime_tools/realtime_box.h
[16.859s] -- Installing: /home/joas329/Desktop/rover_simulation/install/realtime_tools/include/realtime_tools/realtime_tools/realtime_server_goal_handle.h
[16.859s] -- Installing: /home/joas329/Desktop/rover_simulation/install/realtime_tools/include/realtime_tools/realtime_tools/realtime_publisher.h
[16.859s] -- Installing: /home/joas329/Desktop/rover_simulation/install/realtime_tools/include/realtime_tools/realtime_tools/realtime_clock.h
[16.859s] -- Installing: /home/joas329/Desktop/rover_simulation/install/realtime_tools/lib/librealtime_tools.so
[16.860s] -- Set runtime path of "/home/joas329/Desktop/rover_simulation/install/realtime_tools/lib/librealtime_tools.so" to ""
[16.860s] -- Installing: /home/joas329/Desktop/rover_simulation/install/realtime_tools/lib/libthread_priority.so
[16.860s] -- Set runtime path of "/home/joas329/Desktop/rover_simulation/install/realtime_tools/lib/libthread_priority.so" to ""
[16.861s] -- Installing: /home/joas329/Desktop/rover_simulation/install/realtime_tools/share/realtime_tools/environment/library_path.sh
[16.861s] -- Installing: /home/joas329/Desktop/rover_simulation/install/realtime_tools/share/realtime_tools/environment/library_path.dsv
[16.861s] -- Installing: /home/joas329/Desktop/rover_simulation/install/realtime_tools/share/ament_index/resource_index/package_run_dependencies/realtime_tools
[16.862s] -- Installing: /home/joas329/Desktop/rover_simulation/install/realtime_tools/share/ament_index/resource_index/parent_prefix_path/realtime_tools
[16.862s] -- Installing: /home/joas329/Desktop/rover_simulation/install/realtime_tools/share/realtime_tools/environment/ament_prefix_path.sh
[16.862s] -- Installing: /home/joas329/Desktop/rover_simulation/install/realtime_tools/share/realtime_tools/environment/ament_prefix_path.dsv
[16.862s] -- Installing: /home/joas329/Desktop/rover_simulation/install/realtime_tools/share/realtime_tools/environment/path.sh
[16.862s] -- Installing: /home/joas329/Desktop/rover_simulation/install/realtime_tools/share/realtime_tools/environment/path.dsv
[16.863s] -- Installing: /home/joas329/Desktop/rover_simulation/install/realtime_tools/share/realtime_tools/local_setup.bash
[16.863s] -- Installing: /home/joas329/Desktop/rover_simulation/install/realtime_tools/share/realtime_tools/local_setup.sh
[16.863s] -- Installing: /home/joas329/Desktop/rover_simulation/install/realtime_tools/share/realtime_tools/local_setup.zsh
[16.863s] -- Installing: /home/joas329/Desktop/rover_simulation/install/realtime_tools/share/realtime_tools/local_setup.dsv
[16.863s] -- Installing: /home/joas329/Desktop/rover_simulation/install/realtime_tools/share/realtime_tools/package.dsv
[16.864s] -- Installing: /home/joas329/Desktop/rover_simulation/install/realtime_tools/share/ament_index/resource_index/packages/realtime_tools
[16.864s] -- Installing: /home/joas329/Desktop/rover_simulation/install/realtime_tools/share/realtime_tools/cmake/export_realtime_toolsExport.cmake
[16.864s] -- Installing: /home/joas329/Desktop/rover_simulation/install/realtime_tools/share/realtime_tools/cmake/export_realtime_toolsExport-noconfig.cmake
[16.865s] -- Installing: /home/joas329/Desktop/rover_simulation/install/realtime_tools/share/realtime_tools/cmake/ament_cmake_export_targets-extras.cmake
[16.865s] -- Installing: /home/joas329/Desktop/rover_simulation/install/realtime_tools/share/realtime_tools/cmake/ament_cmake_export_dependencies-extras.cmake
[16.865s] -- Installing: /home/joas329/Desktop/rover_simulation/install/realtime_tools/share/realtime_tools/cmake/realtime_toolsConfig.cmake
[16.865s] -- Installing: /home/joas329/Desktop/rover_simulation/install/realtime_tools/share/realtime_tools/cmake/realtime_toolsConfig-version.cmake
[16.866s] -- Installing: /home/joas329/Desktop/rover_simulation/install/realtime_tools/share/realtime_tools/package.xml
[16.868s] Invoked command in '/home/joas329/Desktop/rover_simulation/build/realtime_tools' returned '0': CMAKE_PREFIX_PATH=${CMAKE_PREFIX_PATH}:/home/joas329/Desktop/rover_simulation/install/my_bot:/opt/ros/humble /usr/bin/cmake --install /home/joas329/Desktop/rover_simulation/build/realtime_tools
