[3.836s] Invoking command in '/home/joas329/Desktop/rover_simulation/src/my_bot': PYTHONPATH=/home/joas329/Desktop/rover_simulation/build/my_bot/prefix_override:/home/joas329/Desktop/rover_simulation/install/my_bot/lib/python3.10/site-packages:${PYTHONPATH} /usr/bin/python3 setup.py egg_info --egg-base ../../build/my_bot build --build-base /home/joas329/Desktop/rover_simulation/build/my_bot/build install --record /home/joas329/Desktop/rover_simulation/build/my_bot/install.log --single-version-externally-managed
[5.226s] running egg_info
[5.229s] writing ../../build/my_bot/my_bot.egg-info/PKG-INFO
[5.230s] writing dependency_links to ../../build/my_bot/my_bot.egg-info/dependency_links.txt
[5.231s] writing entry points to ../../build/my_bot/my_bot.egg-info/entry_points.txt
[5.231s] writing requirements to ../../build/my_bot/my_bot.egg-info/requires.txt
[5.232s] writing top-level names to ../../build/my_bot/my_bot.egg-info/top_level.txt
[5.243s] reading manifest file '../../build/my_bot/my_bot.egg-info/SOURCES.txt'
[5.251s] writing manifest file '../../build/my_bot/my_bot.egg-info/SOURCES.txt'
[5.252s] running build
[5.252s] running build_py
[5.253s] copying my_bot/PID.py -> /home/joas329/Desktop/rover_simulation/build/my_bot/build/lib/my_bot
[5.254s] running install
[5.255s] running install_lib
[5.260s] copying /home/joas329/Desktop/rover_simulation/build/my_bot/build/lib/my_bot/PID.py -> /home/joas329/Desktop/rover_simulation/install/my_bot/lib/python3.10/site-packages/my_bot
[5.263s] byte-compiling /home/joas329/Desktop/rover_simulation/install/my_bot/lib/python3.10/site-packages/my_bot/PID.py to PID.cpython-310.pyc
[5.269s] running install_data
[5.273s] copying config/arm_controllers.yaml -> /home/joas329/Desktop/rover_simulation/install/my_bot/share/my_bot/config
[5.278s] running install_egg_info
[5.287s] removing '/home/joas329/Desktop/rover_simulation/install/my_bot/lib/python3.10/site-packages/my_bot-0.0.0-py3.10.egg-info' (and everything under it)
[5.288s] Copying ../../build/my_bot/my_bot.egg-info to /home/joas329/Desktop/rover_simulation/install/my_bot/lib/python3.10/site-packages/my_bot-0.0.0-py3.10.egg-info
[5.294s] running install_scripts
[5.392s] Installing PID script to /home/joas329/Desktop/rover_simulation/install/my_bot/lib/my_bot
[5.394s] writing list of installed files to '/home/joas329/Desktop/rover_simulation/build/my_bot/install.log'
[5.514s] Invoked command in '/home/joas329/Desktop/rover_simulation/src/my_bot' returned '0': PYTHONPATH=/home/joas329/Desktop/rover_simulation/build/my_bot/prefix_override:/home/joas329/Desktop/rover_simulation/install/my_bot/lib/python3.10/site-packages:${PYTHONPATH} /usr/bin/python3 setup.py egg_info --egg-base ../../build/my_bot build --build-base /home/joas329/Desktop/rover_simulation/build/my_bot/build install --record /home/joas329/Desktop/rover_simulation/build/my_bot/install.log --single-version-externally-managed
