[1.312s] Invoking command in '/home/joas329/Desktop/rover_simulation/build/pointcloud_to_laserscan': CMAKE_PREFIX_PATH=${CMAKE_PREFIX_PATH}:/home/joas329/Desktop/rover_simulation/install/my_bot:/opt/ros/humble /usr/bin/cmake --build /home/joas329/Desktop/rover_simulation/build/pointcloud_to_laserscan -- -j8 -l8
[1.594s] [ 20%] Built target pointcloud_to_laserscan_node
[1.595s] [ 40%] Built target laserscan_to_pointcloud_node
[1.612s] [ 60%] Built target laserscan_to_pointcloud
[1.750s] [ 80%] Built target pointcloud_to_laserscan
[1.871s] [100%] Built target dummy_pointcloud_publisher
[1.925s] Invoked command in '/home/joas329/Desktop/rover_simulation/build/pointcloud_to_laserscan' returned '0': CMAKE_PREFIX_PATH=${CMAKE_PREFIX_PATH}:/home/joas329/Desktop/rover_simulation/install/my_bot:/opt/ros/humble /usr/bin/cmake --build /home/joas329/Desktop/rover_simulation/build/pointcloud_to_laserscan -- -j8 -l8
[2.114s] Invoking command in '/home/joas329/Desktop/rover_simulation/build/pointcloud_to_laserscan': CMAKE_PREFIX_PATH=${CMAKE_PREFIX_PATH}:/home/joas329/Desktop/rover_simulation/install/my_bot:/opt/ros/humble /usr/bin/cmake --install /home/joas329/Desktop/rover_simulation/build/pointcloud_to_laserscan
[2.149s] -- Install configuration: ""
[2.150s] -- Up-to-date: /home/joas329/Desktop/rover_simulation/install/pointcloud_to_laserscan/lib/pointcloud_to_laserscan/laserscan_to_pointcloud_node
[2.152s] -- Up-to-date: /home/joas329/Desktop/rover_simulation/install/pointcloud_to_laserscan/lib/pointcloud_to_laserscan/pointcloud_to_laserscan_node
[2.154s] -- Up-to-date: /home/joas329/Desktop/rover_simulation/install/pointcloud_to_laserscan/include
[2.155s] -- Up-to-date: /home/joas329/Desktop/rover_simulation/install/pointcloud_to_laserscan/include/pointcloud_to_laserscan
[2.156s] -- Up-to-date: /home/joas329/Desktop/rover_simulation/install/pointcloud_to_laserscan/include/pointcloud_to_laserscan/pointcloud_to_laserscan_node.hpp
[2.158s] -- Up-to-date: /home/joas329/Desktop/rover_simulation/install/pointcloud_to_laserscan/include/pointcloud_to_laserscan/laserscan_to_pointcloud_node.hpp
[2.158s] -- Up-to-date: /home/joas329/Desktop/rover_simulation/install/pointcloud_to_laserscan/include/pointcloud_to_laserscan/visibility_control.h
[2.158s] -- Up-to-date: /home/joas329/Desktop/rover_simulation/install/pointcloud_to_laserscan/share/pointcloud_to_laserscan/environment/library_path.sh
[2.159s] -- Up-to-date: /home/joas329/Desktop/rover_simulation/install/pointcloud_to_laserscan/share/pointcloud_to_laserscan/environment/library_path.dsv
[2.159s] -- Up-to-date: /home/joas329/Desktop/rover_simulation/install/pointcloud_to_laserscan/lib/liblaserscan_to_pointcloud.so
[2.160s] -- Up-to-date: /home/joas329/Desktop/rover_simulation/install/pointcloud_to_laserscan/lib/libpointcloud_to_laserscan.so
[2.162s] -- Up-to-date: /home/joas329/Desktop/rover_simulation/install/pointcloud_to_laserscan/lib/pointcloud_to_laserscan/dummy_pointcloud_publisher
[2.164s] -- Up-to-date: /home/joas329/Desktop/rover_simulation/install/pointcloud_to_laserscan/share/pointcloud_to_laserscan/launch
[2.165s] -- Up-to-date: /home/joas329/Desktop/rover_simulation/install/pointcloud_to_laserscan/share/pointcloud_to_laserscan/launch/sample_pointcloud_to_laserscan_launch.py
[2.166s] -- Up-to-date: /home/joas329/Desktop/rover_simulation/install/pointcloud_to_laserscan/share/pointcloud_to_laserscan/launch/sample_laserscan_to_pointcloud_launch.py
[2.167s] -- Up-to-date: /home/joas329/Desktop/rover_simulation/install/pointcloud_to_laserscan/share/ament_index/resource_index/package_run_dependencies/pointcloud_to_laserscan
[2.168s] -- Up-to-date: /home/joas329/Desktop/rover_simulation/install/pointcloud_to_laserscan/share/ament_index/resource_index/parent_prefix_path/pointcloud_to_laserscan
[2.169s] -- Up-to-date: /home/joas329/Desktop/rover_simulation/install/pointcloud_to_laserscan/share/pointcloud_to_laserscan/environment/ament_prefix_path.sh
[2.171s] -- Up-to-date: /home/joas329/Desktop/rover_simulation/install/pointcloud_to_laserscan/share/pointcloud_to_laserscan/environment/ament_prefix_path.dsv
[2.172s] -- Up-to-date: /home/joas329/Desktop/rover_simulation/install/pointcloud_to_laserscan/share/pointcloud_to_laserscan/environment/path.sh
[2.173s] -- Up-to-date: /home/joas329/Desktop/rover_simulation/install/pointcloud_to_laserscan/share/pointcloud_to_laserscan/environment/path.dsv
[2.173s] -- Up-to-date: /home/joas329/Desktop/rover_simulation/install/pointcloud_to_laserscan/share/pointcloud_to_laserscan/local_setup.bash
[2.174s] -- Up-to-date: /home/joas329/Desktop/rover_simulation/install/pointcloud_to_laserscan/share/pointcloud_to_laserscan/local_setup.sh
[2.176s] -- Up-to-date: /home/joas329/Desktop/rover_simulation/install/pointcloud_to_laserscan/share/pointcloud_to_laserscan/local_setup.zsh
[2.178s] -- Up-to-date: /home/joas329/Desktop/rover_simulation/install/pointcloud_to_laserscan/share/pointcloud_to_laserscan/local_setup.dsv
[2.179s] -- Installing: /home/joas329/Desktop/rover_simulation/install/pointcloud_to_laserscan/share/pointcloud_to_laserscan/package.dsv
[2.180s] -- Up-to-date: /home/joas329/Desktop/rover_simulation/install/pointcloud_to_laserscan/share/ament_index/resource_index/packages/pointcloud_to_laserscan
[2.192s] -- Up-to-date: /home/joas329/Desktop/rover_simulation/install/pointcloud_to_laserscan/share/ament_index/resource_index/rclcpp_components/pointcloud_to_laserscan
[2.202s] -- Up-to-date: /home/joas329/Desktop/rover_simulation/install/pointcloud_to_laserscan/share/pointcloud_to_laserscan/cmake/ament_cmake_export_dependencies-extras.cmake
[2.202s] -- Up-to-date: /home/joas329/Desktop/rover_simulation/install/pointcloud_to_laserscan/share/pointcloud_to_laserscan/cmake/ament_cmake_export_include_directories-extras.cmake
[2.204s] -- Up-to-date: /home/joas329/Desktop/rover_simulation/install/pointcloud_to_laserscan/share/pointcloud_to_laserscan/cmake/ament_cmake_export_libraries-extras.cmake
[2.204s] -- Up-to-date: /home/joas329/Desktop/rover_simulation/install/pointcloud_to_laserscan/share/pointcloud_to_laserscan/cmake/pointcloud_to_laserscanConfig.cmake
[2.204s] -- Up-to-date: /home/joas329/Desktop/rover_simulation/install/pointcloud_to_laserscan/share/pointcloud_to_laserscan/cmake/pointcloud_to_laserscanConfig-version.cmake
[2.205s] -- Up-to-date: /home/joas329/Desktop/rover_simulation/install/pointcloud_to_laserscan/share/pointcloud_to_laserscan/package.xml
[2.205s] Invoked command in '/home/joas329/Desktop/rover_simulation/build/pointcloud_to_laserscan' returned '0': CMAKE_PREFIX_PATH=${CMAKE_PREFIX_PATH}:/home/joas329/Desktop/rover_simulation/install/my_bot:/opt/ros/humble /usr/bin/cmake --install /home/joas329/Desktop/rover_simulation/build/pointcloud_to_laserscan
