[3.855s] Invoking command in '/home/joas329/Desktop/rover_simulation/src/my_bot': PYTHONPATH=/home/joas329/Desktop/rover_simulation/build/my_bot/prefix_override:/home/joas329/Desktop/rover_simulation/install/my_bot/lib/python3.10/site-packages:${PYTHONPATH} /usr/bin/python3 setup.py egg_info --egg-base ../../build/my_bot build --build-base /home/joas329/Desktop/rover_simulation/build/my_bot/build install --record /home/joas329/Desktop/rover_simulation/build/my_bot/install.log --single-version-externally-managed
[5.290s] running egg_info
[5.292s] writing ../../build/my_bot/my_bot.egg-info/PKG-INFO
[5.293s] writing dependency_links to ../../build/my_bot/my_bot.egg-info/dependency_links.txt
[5.294s] writing entry points to ../../build/my_bot/my_bot.egg-info/entry_points.txt
[5.295s] writing requirements to ../../build/my_bot/my_bot.egg-info/requires.txt
[5.295s] writing top-level names to ../../build/my_bot/my_bot.egg-info/top_level.txt
[5.304s] reading manifest file '../../build/my_bot/my_bot.egg-info/SOURCES.txt'
[5.310s] writing manifest file '../../build/my_bot/my_bot.egg-info/SOURCES.txt'
[5.311s] running build
[5.311s] running build_py
[5.312s] copying my_bot/PID.py -> /home/joas329/Desktop/rover_simulation/build/my_bot/build/lib/my_bot
[5.313s] running install
[5.314s] running install_lib
[5.317s] copying /home/joas329/Desktop/rover_simulation/build/my_bot/build/lib/my_bot/PID.py -> /home/joas329/Desktop/rover_simulation/install/my_bot/lib/python3.10/site-packages/my_bot
[5.320s] byte-compiling /home/joas329/Desktop/rover_simulation/install/my_bot/lib/python3.10/site-packages/my_bot/PID.py to PID.cpython-310.pyc
[5.326s] running install_data
[5.335s] running install_egg_info
[5.343s] removing '/home/joas329/Desktop/rover_simulation/install/my_bot/lib/python3.10/site-packages/my_bot-0.0.0-py3.10.egg-info' (and everything under it)
[5.344s] Copying ../../build/my_bot/my_bot.egg-info to /home/joas329/Desktop/rover_simulation/install/my_bot/lib/python3.10/site-packages/my_bot-0.0.0-py3.10.egg-info
[5.348s] running install_scripts
[5.438s] Installing PID script to /home/joas329/Desktop/rover_simulation/install/my_bot/lib/my_bot
[5.439s] Installing udp_conv script to /home/joas329/Desktop/rover_simulation/install/my_bot/lib/my_bot
[5.441s] writing list of installed files to '/home/joas329/Desktop/rover_simulation/build/my_bot/install.log'
[5.560s] Invoked command in '/home/joas329/Desktop/rover_simulation/src/my_bot' returned '0': PYTHONPATH=/home/joas329/Desktop/rover_simulation/build/my_bot/prefix_override:/home/joas329/Desktop/rover_simulation/install/my_bot/lib/python3.10/site-packages:${PYTHONPATH} /usr/bin/python3 setup.py egg_info --egg-base ../../build/my_bot build --build-base /home/joas329/Desktop/rover_simulation/build/my_bot/build install --record /home/joas329/Desktop/rover_simulation/build/my_bot/install.log --single-version-externally-managed
