[0.149s] Invoking command in '/home/joas329/Desktop/rover_simulation/build/arm_moveit_config': AMENT_PREFIX_PATH=/home/joas329/Desktop/rover_simulation/install/my_bot:/home/joas329/Desktop/rover_simulation/install/yurs_hardware:/home/joas329/Desktop/rover_simulation/install/pointcloud_to_laserscan:/home/joas329/Desktop/rover_simulation/install/control_moveit_config:/home/joas329/Desktop/rover_simulation/install/arm_moveit_config:/home/joas329/Desktop/rover_simulation/install/arm_control_moveit_config:/opt/ros/humble CMAKE_PREFIX_PATH=${CMAKE_PREFIX_PATH}:/home/joas329/Desktop/rover_simulation/install/my_bot:/opt/ros/humble /usr/bin/cmake --build /home/joas329/Desktop/rover_simulation/build/arm_moveit_config -- -j8 -l8
[0.388s] Invoked command in '/home/joas329/Desktop/rover_simulation/build/arm_moveit_config' returned '0': AMENT_PREFIX_PATH=/home/joas329/Desktop/rover_simulation/install/my_bot:/home/joas329/Desktop/rover_simulation/install/yurs_hardware:/home/joas329/Desktop/rover_simulation/install/pointcloud_to_laserscan:/home/joas329/Desktop/rover_simulation/install/control_moveit_config:/home/joas329/Desktop/rover_simulation/install/arm_moveit_config:/home/joas329/Desktop/rover_simulation/install/arm_control_moveit_config:/opt/ros/humble CMAKE_PREFIX_PATH=${CMAKE_PREFIX_PATH}:/home/joas329/Desktop/rover_simulation/install/my_bot:/opt/ros/humble /usr/bin/cmake --build /home/joas329/Desktop/rover_simulation/build/arm_moveit_config -- -j8 -l8
[0.542s] Invoking command in '/home/joas329/Desktop/rover_simulation/build/arm_moveit_config': AMENT_PREFIX_PATH=/home/joas329/Desktop/rover_simulation/install/my_bot:/home/joas329/Desktop/rover_simulation/install/yurs_hardware:/home/joas329/Desktop/rover_simulation/install/pointcloud_to_laserscan:/home/joas329/Desktop/rover_simulation/install/control_moveit_config:/home/joas329/Desktop/rover_simulation/install/arm_moveit_config:/home/joas329/Desktop/rover_simulation/install/arm_control_moveit_config:/opt/ros/humble CMAKE_PREFIX_PATH=${CMAKE_PREFIX_PATH}:/home/joas329/Desktop/rover_simulation/install/my_bot:/opt/ros/humble /usr/bin/cmake --install /home/joas329/Desktop/rover_simulation/build/arm_moveit_config
[0.721s] -- Install configuration: ""
[0.722s] -- Up-to-date: /home/joas329/Desktop/rover_simulation/install/arm_moveit_config/share/ament_index/resource_index/package_run_dependencies/arm_moveit_config
[0.723s] -- Up-to-date: /home/joas329/Desktop/rover_simulation/install/arm_moveit_config/share/ament_index/resource_index/parent_prefix_path/arm_moveit_config
[0.724s] -- Up-to-date: /home/joas329/Desktop/rover_simulation/install/arm_moveit_config/share/arm_moveit_config/environment/ament_prefix_path.sh
[0.725s] -- Up-to-date: /home/joas329/Desktop/rover_simulation/install/arm_moveit_config/share/arm_moveit_config/environment/ament_prefix_path.dsv
[0.726s] -- Up-to-date: /home/joas329/Desktop/rover_simulation/install/arm_moveit_config/share/arm_moveit_config/environment/path.sh
[0.727s] -- Up-to-date: /home/joas329/Desktop/rover_simulation/install/arm_moveit_config/share/arm_moveit_config/environment/path.dsv
[0.728s] -- Up-to-date: /home/joas329/Desktop/rover_simulation/install/arm_moveit_config/share/arm_moveit_config/local_setup.bash
[0.731s] -- Up-to-date: /home/joas329/Desktop/rover_simulation/install/arm_moveit_config/share/arm_moveit_config/local_setup.sh
[0.734s] -- Up-to-date: /home/joas329/Desktop/rover_simulation/install/arm_moveit_config/share/arm_moveit_config/local_setup.zsh
[0.736s] -- Up-to-date: /home/joas329/Desktop/rover_simulation/install/arm_moveit_config/share/arm_moveit_config/local_setup.dsv
[0.744s] -- Installing: /home/joas329/Desktop/rover_simulation/install/arm_moveit_config/share/arm_moveit_config/package.dsv
[0.756s] -- Up-to-date: /home/joas329/Desktop/rover_simulation/install/arm_moveit_config/share/ament_index/resource_index/packages/arm_moveit_config
[0.774s] -- Up-to-date: /home/joas329/Desktop/rover_simulation/install/arm_moveit_config/share/arm_moveit_config/cmake/arm_moveit_configConfig.cmake
[0.777s] -- Up-to-date: /home/joas329/Desktop/rover_simulation/install/arm_moveit_config/share/arm_moveit_config/cmake/arm_moveit_configConfig-version.cmake
[0.778s] -- Up-to-date: /home/joas329/Desktop/rover_simulation/install/arm_moveit_config/share/arm_moveit_config/package.xml
[0.779s] -- Up-to-date: /home/joas329/Desktop/rover_simulation/install/arm_moveit_config/share/arm_moveit_config/launch
[0.780s] -- Up-to-date: /home/joas329/Desktop/rover_simulation/install/arm_moveit_config/share/arm_moveit_config/launch/spawn_controllers.launch.py
[0.781s] -- Up-to-date: /home/joas329/Desktop/rover_simulation/install/arm_moveit_config/share/arm_moveit_config/launch/static_virtual_joint_tfs.launch.py
[0.782s] -- Up-to-date: /home/joas329/Desktop/rover_simulation/install/arm_moveit_config/share/arm_moveit_config/launch/warehouse_db.launch.py
[0.783s] -- Up-to-date: /home/joas329/Desktop/rover_simulation/install/arm_moveit_config/share/arm_moveit_config/launch/setup_assistant.launch.py
[0.784s] -- Up-to-date: /home/joas329/Desktop/rover_simulation/install/arm_moveit_config/share/arm_moveit_config/launch/demo.launch.py
[0.785s] -- Up-to-date: /home/joas329/Desktop/rover_simulation/install/arm_moveit_config/share/arm_moveit_config/launch/rsp.launch.py
[0.786s] -- Up-to-date: /home/joas329/Desktop/rover_simulation/install/arm_moveit_config/share/arm_moveit_config/launch/moveit_rviz.launch.py
[0.786s] -- Up-to-date: /home/joas329/Desktop/rover_simulation/install/arm_moveit_config/share/arm_moveit_config/launch/move_group.launch.py
[0.803s] -- Up-to-date: /home/joas329/Desktop/rover_simulation/install/arm_moveit_config/share/arm_moveit_config/config
[0.819s] -- Up-to-date: /home/joas329/Desktop/rover_simulation/install/arm_moveit_config/share/arm_moveit_config/config/pilz_cartesian_limits.yaml
[0.820s] -- Up-to-date: /home/joas329/Desktop/rover_simulation/install/arm_moveit_config/share/arm_moveit_config/config/moveit_controllers.yaml
[0.821s] -- Up-to-date: /home/joas329/Desktop/rover_simulation/install/arm_moveit_config/share/arm_moveit_config/config/kinematics.yaml
[0.822s] -- Up-to-date: /home/joas329/Desktop/rover_simulation/install/arm_moveit_config/share/arm_moveit_config/config/robot_arm.urdf.xacro
[0.824s] -- Up-to-date: /home/joas329/Desktop/rover_simulation/install/arm_moveit_config/share/arm_moveit_config/config/ros2_controllers.yaml
[0.825s] -- Up-to-date: /home/joas329/Desktop/rover_simulation/install/arm_moveit_config/share/arm_moveit_config/config/robot_arm.srdf
[0.830s] -- Up-to-date: /home/joas329/Desktop/rover_simulation/install/arm_moveit_config/share/arm_moveit_config/config/robot_arm.ros2_control.xacro
[0.852s] -- Up-to-date: /home/joas329/Desktop/rover_simulation/install/arm_moveit_config/share/arm_moveit_config/config/initial_positions.yaml
[0.854s] -- Up-to-date: /home/joas329/Desktop/rover_simulation/install/arm_moveit_config/share/arm_moveit_config/config/joint_limits.yaml
[0.856s] -- Up-to-date: /home/joas329/Desktop/rover_simulation/install/arm_moveit_config/share/arm_moveit_config/config/moveit.rviz
[0.857s] -- Up-to-date: /home/joas329/Desktop/rover_simulation/install/arm_moveit_config/share/arm_moveit_config/.setup_assistant
[0.972s] Invoked command in '/home/joas329/Desktop/rover_simulation/build/arm_moveit_config' returned '0': AMENT_PREFIX_PATH=/home/joas329/Desktop/rover_simulation/install/my_bot:/home/joas329/Desktop/rover_simulation/install/yurs_hardware:/home/joas329/Desktop/rover_simulation/install/pointcloud_to_laserscan:/home/joas329/Desktop/rover_simulation/install/control_moveit_config:/home/joas329/Desktop/rover_simulation/install/arm_moveit_config:/home/joas329/Desktop/rover_simulation/install/arm_control_moveit_config:/opt/ros/humble CMAKE_PREFIX_PATH=${CMAKE_PREFIX_PATH}:/home/joas329/Desktop/rover_simulation/install/my_bot:/opt/ros/humble /usr/bin/cmake --install /home/joas329/Desktop/rover_simulation/build/arm_moveit_config
