[0.725s] Invoking command in '/home/joas329/Desktop/rover_simulation/build/my_bot': PYTHONPATH=/home/joas329/Desktop/rover_simulation/build/my_bot/prefix_override:/home/joas329/Desktop/rover_simulation/install/my_bot/lib/python3.10/site-packages:${PYTHONPATH} /usr/bin/python3 setup.py develop --uninstall --editable --build-directory /home/joas329/Desktop/rover_simulation/build/my_bot/build
[0.939s] running develop
[1.126s] Invoked command in '/home/joas329/Desktop/rover_simulation/build/my_bot' returned '0': PYTHONPATH=/home/joas329/Desktop/rover_simulation/build/my_bot/prefix_override:/home/joas329/Desktop/rover_simulation/install/my_bot/lib/python3.10/site-packages:${PYTHONPATH} /usr/bin/python3 setup.py develop --uninstall --editable --build-directory /home/joas329/Desktop/rover_simulation/build/my_bot/build
[1.126s] Invoking command in '/home/joas329/Desktop/rover_simulation/src/my_bot': PYTHONPATH=/home/joas329/Desktop/rover_simulation/build/my_bot/prefix_override:/home/joas329/Desktop/rover_simulation/install/my_bot/lib/python3.10/site-packages:${PYTHONPATH} /usr/bin/python3 setup.py egg_info --egg-base ../../build/my_bot build --build-base /home/joas329/Desktop/rover_simulation/build/my_bot/build install --record /home/joas329/Desktop/rover_simulation/build/my_bot/install.log --single-version-externally-managed
[1.305s] running egg_info
[1.305s] writing ../../build/my_bot/my_bot.egg-info/PKG-INFO
[1.305s] writing dependency_links to ../../build/my_bot/my_bot.egg-info/dependency_links.txt
[1.305s] writing entry points to ../../build/my_bot/my_bot.egg-info/entry_points.txt
[1.305s] writing requirements to ../../build/my_bot/my_bot.egg-info/requires.txt
[1.306s] writing top-level names to ../../build/my_bot/my_bot.egg-info/top_level.txt
[1.307s] reading manifest file '../../build/my_bot/my_bot.egg-info/SOURCES.txt'
[1.308s] writing manifest file '../../build/my_bot/my_bot.egg-info/SOURCES.txt'
[1.308s] running build
[1.308s] running build_py
[1.308s] running install
[1.309s] running install_lib
[1.310s] running install_data
[1.311s] copying description/robot_core.xacro -> /home/joas329/Desktop/rover_simulation/install/my_bot/share/my_bot/description
[1.312s] running install_egg_info
[1.315s] removing '/home/joas329/Desktop/rover_simulation/install/my_bot/lib/python3.10/site-packages/my_bot-0.0.0-py3.10.egg-info' (and everything under it)
[1.316s] Copying ../../build/my_bot/my_bot.egg-info to /home/joas329/Desktop/rover_simulation/install/my_bot/lib/python3.10/site-packages/my_bot-0.0.0-py3.10.egg-info
[1.316s] running install_scripts
[1.328s] writing list of installed files to '/home/joas329/Desktop/rover_simulation/build/my_bot/install.log'
[1.349s] Invoked command in '/home/joas329/Desktop/rover_simulation/src/my_bot' returned '0': PYTHONPATH=/home/joas329/Desktop/rover_simulation/build/my_bot/prefix_override:/home/joas329/Desktop/rover_simulation/install/my_bot/lib/python3.10/site-packages:${PYTHONPATH} /usr/bin/python3 setup.py egg_info --egg-base ../../build/my_bot build --build-base /home/joas329/Desktop/rover_simulation/build/my_bot/build install --record /home/joas329/Desktop/rover_simulation/build/my_bot/install.log --single-version-externally-managed
