[5.541s] Invoking command in '/home/joas329/Desktop/rover_simulation/src/my_bot': PYTHONPATH=/home/joas329/Desktop/rover_simulation/build/my_bot/prefix_override:/home/joas329/Desktop/rover_simulation/install/my_bot/lib/python3.10/site-packages:${PYTHONPATH} /usr/bin/python3 setup.py egg_info --egg-base ../../build/my_bot build --build-base /home/joas329/Desktop/rover_simulation/build/my_bot/build install --record /home/joas329/Desktop/rover_simulation/build/my_bot/install.log --single-version-externally-managed
[7.651s] running egg_info
[7.656s] writing ../../build/my_bot/my_bot.egg-info/PKG-INFO
[7.657s] writing dependency_links to ../../build/my_bot/my_bot.egg-info/dependency_links.txt
[7.658s] writing entry points to ../../build/my_bot/my_bot.egg-info/entry_points.txt
[7.659s] writing requirements to ../../build/my_bot/my_bot.egg-info/requires.txt
[7.660s] writing top-level names to ../../build/my_bot/my_bot.egg-info/top_level.txt
[7.672s] reading manifest file '../../build/my_bot/my_bot.egg-info/SOURCES.txt'
[7.681s] writing manifest file '../../build/my_bot/my_bot.egg-info/SOURCES.txt'
[7.682s] running build
[7.683s] running build_py
[7.684s] copying my_bot/PID.py -> /home/joas329/Desktop/rover_simulation/build/my_bot/build/lib/my_bot
[7.684s] running install
[7.686s] running install_lib
[7.691s] copying /home/joas329/Desktop/rover_simulation/build/my_bot/build/lib/my_bot/PID.py -> /home/joas329/Desktop/rover_simulation/install/my_bot/lib/python3.10/site-packages/my_bot
[7.695s] byte-compiling /home/joas329/Desktop/rover_simulation/install/my_bot/lib/python3.10/site-packages/my_bot/PID.py to PID.cpython-310.pyc
[7.696s]   File "/home/joas329/Desktop/rover_simulation/install/my_bot/lib/python3.10/site-packages/my_bot/PID.py", line 21
[7.697s]     self.stack[] = RobotTrajectory()
[7.698s]                ^
[7.698s] SyntaxError: invalid syntax
[7.699s] 
[7.700s] running install_data
[7.706s] running install_egg_info
[7.717s] removing '/home/joas329/Desktop/rover_simulation/install/my_bot/lib/python3.10/site-packages/my_bot-0.0.0-py3.10.egg-info' (and everything under it)
[7.719s] Copying ../../build/my_bot/my_bot.egg-info to /home/joas329/Desktop/rover_simulation/install/my_bot/lib/python3.10/site-packages/my_bot-0.0.0-py3.10.egg-info
[7.725s] running install_scripts
[7.865s] Installing PID script to /home/joas329/Desktop/rover_simulation/install/my_bot/lib/my_bot
[7.868s] writing list of installed files to '/home/joas329/Desktop/rover_simulation/build/my_bot/install.log'
[8.029s] Invoked command in '/home/joas329/Desktop/rover_simulation/src/my_bot' returned '0': PYTHONPATH=/home/joas329/Desktop/rover_simulation/build/my_bot/prefix_override:/home/joas329/Desktop/rover_simulation/install/my_bot/lib/python3.10/site-packages:${PYTHONPATH} /usr/bin/python3 setup.py egg_info --egg-base ../../build/my_bot build --build-base /home/joas329/Desktop/rover_simulation/build/my_bot/build install --record /home/joas329/Desktop/rover_simulation/build/my_bot/install.log --single-version-externally-managed
