[1.648s] DEBUG:colcon:Command line arguments: ['/usr/bin/colcon', 'build']
[1.649s] DEBUG:colcon:Parsed command line arguments: Namespace(log_base=None, log_level=None, verb_name='build', build_base='build', install_base='install', merge_install=False, symlink_install=False, test_result_base=None, continue_on_error=False, executor='parallel', parallel_workers=8, event_handlers=None, ignore_user_meta=False, metas=['./colcon.meta'], base_paths=['.'], packages_ignore=None, packages_ignore_regex=None, paths=None, packages_up_to=None, packages_up_to_regex=None, packages_above=None, packages_above_and_dependencies=None, packages_above_depth=None, packages_select_by_dep=None, packages_skip_by_dep=None, packages_skip_up_to=None, packages_select_build_failed=False, packages_skip_build_finished=False, packages_select_test_failures=False, packages_skip_test_passed=False, packages_select=None, packages_skip=None, packages_select_regex=None, packages_skip_regex=None, packages_start=None, packages_end=None, allow_overriding=[], cmake_args=None, cmake_target=None, cmake_target_skip_unavailable=False, cmake_clean_cache=False, cmake_clean_first=False, cmake_force_configure=False, ament_cmake_args=None, catkin_cmake_args=None, catkin_skip_building_tests=False, mixin_files=None, mixin=None, verb_parser=<colcon_mixin.mixin.mixin_argument.MixinArgumentDecorator object at 0x7f0eb1c29f90>, verb_extension=<colcon_core.verb.build.BuildVerb object at 0x7f0eb1c29900>, main=<bound method BuildVerb.main of <colcon_core.verb.build.BuildVerb object at 0x7f0eb1c29900>>, mixin_verb=('build',))
[1.738s] Level 1:colcon.colcon_core.package_discovery:discover_packages(colcon_meta) check parameters
[1.738s] Level 1:colcon.colcon_core.package_discovery:discover_packages(recursive) check parameters
[1.739s] Level 1:colcon.colcon_core.package_discovery:discover_packages(ignore) check parameters
[1.739s] Level 1:colcon.colcon_core.package_discovery:discover_packages(path) check parameters
[1.739s] Level 1:colcon.colcon_core.package_discovery:discover_packages(colcon_meta) discover
[1.739s] Level 1:colcon.colcon_core.package_discovery:discover_packages(recursive) discover
[1.739s] INFO:colcon.colcon_core.package_discovery:Crawling recursively for packages in '/home/joas329/Desktop/rover_simulation'
[1.740s] Level 1:colcon.colcon_core.package_identification:_identify(.) by extensions ['ignore', 'ignore_ament_install']
[1.740s] Level 1:colcon.colcon_core.package_identification:_identify(.) by extension 'ignore'
[1.740s] Level 1:colcon.colcon_core.package_identification:_identify(.) by extension 'ignore_ament_install'
[1.740s] Level 1:colcon.colcon_core.package_identification:_identify(.) by extensions ['colcon_pkg']
[1.741s] Level 1:colcon.colcon_core.package_identification:_identify(.) by extension 'colcon_pkg'
[1.741s] Level 1:colcon.colcon_core.package_identification:_identify(.) by extensions ['colcon_meta']
[1.741s] Level 1:colcon.colcon_core.package_identification:_identify(.) by extension 'colcon_meta'
[1.741s] Level 1:colcon.colcon_core.package_identification:_identify(.) by extensions ['ros']
[1.741s] Level 1:colcon.colcon_core.package_identification:_identify(.) by extension 'ros'
[1.782s] Level 1:colcon.colcon_core.package_identification:_identify(.) by extensions ['cmake', 'python']
[1.783s] Level 1:colcon.colcon_core.package_identification:_identify(.) by extension 'cmake'
[1.783s] Level 1:colcon.colcon_core.package_identification:_identify(.) by extension 'python'
[1.783s] Level 1:colcon.colcon_core.package_identification:_identify(.) by extensions ['python_setup_py']
[1.783s] Level 1:colcon.colcon_core.package_identification:_identify(.) by extension 'python_setup_py'
[1.784s] Level 1:colcon.colcon_core.package_identification:_identify(build) by extensions ['ignore', 'ignore_ament_install']
[1.784s] Level 1:colcon.colcon_core.package_identification:_identify(build) by extension 'ignore'
[1.784s] Level 1:colcon.colcon_core.package_identification:_identify(build) ignored
[1.784s] Level 1:colcon.colcon_core.package_identification:_identify(install) by extensions ['ignore', 'ignore_ament_install']
[1.785s] Level 1:colcon.colcon_core.package_identification:_identify(install) by extension 'ignore'
[1.785s] Level 1:colcon.colcon_core.package_identification:_identify(install) ignored
[1.787s] Level 1:colcon.colcon_core.package_identification:_identify(log) by extensions ['ignore', 'ignore_ament_install']
[1.788s] Level 1:colcon.colcon_core.package_identification:_identify(log) by extension 'ignore'
[1.788s] Level 1:colcon.colcon_core.package_identification:_identify(log) ignored
[1.788s] Level 1:colcon.colcon_core.package_identification:_identify(src) by extensions ['ignore', 'ignore_ament_install']
[1.789s] Level 1:colcon.colcon_core.package_identification:_identify(src) by extension 'ignore'
[1.789s] Level 1:colcon.colcon_core.package_identification:_identify(src) by extension 'ignore_ament_install'
[1.789s] Level 1:colcon.colcon_core.package_identification:_identify(src) by extensions ['colcon_pkg']
[1.789s] Level 1:colcon.colcon_core.package_identification:_identify(src) by extension 'colcon_pkg'
[1.789s] Level 1:colcon.colcon_core.package_identification:_identify(src) by extensions ['colcon_meta']
[1.789s] Level 1:colcon.colcon_core.package_identification:_identify(src) by extension 'colcon_meta'
[1.790s] Level 1:colcon.colcon_core.package_identification:_identify(src) by extensions ['ros']
[1.790s] Level 1:colcon.colcon_core.package_identification:_identify(src) by extension 'ros'
[1.790s] Level 1:colcon.colcon_core.package_identification:_identify(src) by extensions ['cmake', 'python']
[1.790s] Level 1:colcon.colcon_core.package_identification:_identify(src) by extension 'cmake'
[1.790s] Level 1:colcon.colcon_core.package_identification:_identify(src) by extension 'python'
[1.790s] Level 1:colcon.colcon_core.package_identification:_identify(src) by extensions ['python_setup_py']
[1.791s] Level 1:colcon.colcon_core.package_identification:_identify(src) by extension 'python_setup_py'
[1.791s] Level 1:colcon.colcon_core.package_identification:_identify(src/arm_control_moveit_config) by extensions ['ignore', 'ignore_ament_install']
[1.791s] Level 1:colcon.colcon_core.package_identification:_identify(src/arm_control_moveit_config) by extension 'ignore'
[1.791s] Level 1:colcon.colcon_core.package_identification:_identify(src/arm_control_moveit_config) by extension 'ignore_ament_install'
[1.792s] Level 1:colcon.colcon_core.package_identification:_identify(src/arm_control_moveit_config) by extensions ['colcon_pkg']
[1.792s] Level 1:colcon.colcon_core.package_identification:_identify(src/arm_control_moveit_config) by extension 'colcon_pkg'
[1.792s] Level 1:colcon.colcon_core.package_identification:_identify(src/arm_control_moveit_config) by extensions ['colcon_meta']
[1.792s] Level 1:colcon.colcon_core.package_identification:_identify(src/arm_control_moveit_config) by extension 'colcon_meta'
[1.792s] Level 1:colcon.colcon_core.package_identification:_identify(src/arm_control_moveit_config) by extensions ['ros']
[1.792s] Level 1:colcon.colcon_core.package_identification:_identify(src/arm_control_moveit_config) by extension 'ros'
[1.801s] DEBUG:colcon.colcon_core.package_identification:Package 'src/arm_control_moveit_config' with type 'ros.ament_cmake' and name 'arm_control_moveit_config'
[1.802s] Level 1:colcon.colcon_core.package_identification:_identify(src/arm_moveit_config) by extensions ['ignore', 'ignore_ament_install']
[1.802s] Level 1:colcon.colcon_core.package_identification:_identify(src/arm_moveit_config) by extension 'ignore'
[1.802s] Level 1:colcon.colcon_core.package_identification:_identify(src/arm_moveit_config) by extension 'ignore_ament_install'
[1.803s] Level 1:colcon.colcon_core.package_identification:_identify(src/arm_moveit_config) by extensions ['colcon_pkg']
[1.803s] Level 1:colcon.colcon_core.package_identification:_identify(src/arm_moveit_config) by extension 'colcon_pkg'
[1.803s] Level 1:colcon.colcon_core.package_identification:_identify(src/arm_moveit_config) by extensions ['colcon_meta']
[1.803s] Level 1:colcon.colcon_core.package_identification:_identify(src/arm_moveit_config) by extension 'colcon_meta'
[1.803s] Level 1:colcon.colcon_core.package_identification:_identify(src/arm_moveit_config) by extensions ['ros']
[1.803s] Level 1:colcon.colcon_core.package_identification:_identify(src/arm_moveit_config) by extension 'ros'
[1.806s] DEBUG:colcon.colcon_core.package_identification:Package 'src/arm_moveit_config' with type 'ros.ament_cmake' and name 'arm_moveit_config'
[1.807s] Level 1:colcon.colcon_core.package_identification:_identify(src/build) by extensions ['ignore', 'ignore_ament_install']
[1.807s] Level 1:colcon.colcon_core.package_identification:_identify(src/build) by extension 'ignore'
[1.807s] Level 1:colcon.colcon_core.package_identification:_identify(src/build) ignored
[1.807s] Level 1:colcon.colcon_core.package_identification:_identify(src/control_moveit_config) by extensions ['ignore', 'ignore_ament_install']
[1.808s] Level 1:colcon.colcon_core.package_identification:_identify(src/control_moveit_config) by extension 'ignore'
[1.808s] Level 1:colcon.colcon_core.package_identification:_identify(src/control_moveit_config) by extension 'ignore_ament_install'
[1.808s] Level 1:colcon.colcon_core.package_identification:_identify(src/control_moveit_config) by extensions ['colcon_pkg']
[1.808s] Level 1:colcon.colcon_core.package_identification:_identify(src/control_moveit_config) by extension 'colcon_pkg'
[1.808s] Level 1:colcon.colcon_core.package_identification:_identify(src/control_moveit_config) by extensions ['colcon_meta']
[1.809s] Level 1:colcon.colcon_core.package_identification:_identify(src/control_moveit_config) by extension 'colcon_meta'
[1.809s] Level 1:colcon.colcon_core.package_identification:_identify(src/control_moveit_config) by extensions ['ros']
[1.809s] Level 1:colcon.colcon_core.package_identification:_identify(src/control_moveit_config) by extension 'ros'
[1.812s] DEBUG:colcon.colcon_core.package_identification:Package 'src/control_moveit_config' with type 'ros.ament_cmake' and name 'control_moveit_config'
[1.812s] Level 1:colcon.colcon_core.package_identification:_identify(src/install) by extensions ['ignore', 'ignore_ament_install']
[1.813s] Level 1:colcon.colcon_core.package_identification:_identify(src/install) by extension 'ignore'
[1.813s] Level 1:colcon.colcon_core.package_identification:_identify(src/install) ignored
[1.813s] Level 1:colcon.colcon_core.package_identification:_identify(src/log) by extensions ['ignore', 'ignore_ament_install']
[1.813s] Level 1:colcon.colcon_core.package_identification:_identify(src/log) by extension 'ignore'
[1.814s] Level 1:colcon.colcon_core.package_identification:_identify(src/log) ignored
[1.814s] Level 1:colcon.colcon_core.package_identification:_identify(src/my_bot) by extensions ['ignore', 'ignore_ament_install']
[1.814s] Level 1:colcon.colcon_core.package_identification:_identify(src/my_bot) by extension 'ignore'
[1.814s] Level 1:colcon.colcon_core.package_identification:_identify(src/my_bot) by extension 'ignore_ament_install'
[1.815s] Level 1:colcon.colcon_core.package_identification:_identify(src/my_bot) by extensions ['colcon_pkg']
[1.815s] Level 1:colcon.colcon_core.package_identification:_identify(src/my_bot) by extension 'colcon_pkg'
[1.815s] Level 1:colcon.colcon_core.package_identification:_identify(src/my_bot) by extensions ['colcon_meta']
[1.815s] Level 1:colcon.colcon_core.package_identification:_identify(src/my_bot) by extension 'colcon_meta'
[1.815s] Level 1:colcon.colcon_core.package_identification:_identify(src/my_bot) by extensions ['ros']
[1.815s] Level 1:colcon.colcon_core.package_identification:_identify(src/my_bot) by extension 'ros'
[1.817s] DEBUG:colcon.colcon_core.package_identification:Package 'src/my_bot' with type 'ros.ament_python' and name 'my_bot'
[1.818s] Level 1:colcon.colcon_core.package_identification:_identify(src/pointcloud_to_laserscan) by extensions ['ignore', 'ignore_ament_install']
[1.818s] Level 1:colcon.colcon_core.package_identification:_identify(src/pointcloud_to_laserscan) by extension 'ignore'
[1.818s] Level 1:colcon.colcon_core.package_identification:_identify(src/pointcloud_to_laserscan) by extension 'ignore_ament_install'
[1.818s] Level 1:colcon.colcon_core.package_identification:_identify(src/pointcloud_to_laserscan) by extensions ['colcon_pkg']
[1.818s] Level 1:colcon.colcon_core.package_identification:_identify(src/pointcloud_to_laserscan) by extension 'colcon_pkg'
[1.819s] Level 1:colcon.colcon_core.package_identification:_identify(src/pointcloud_to_laserscan) by extensions ['colcon_meta']
[1.819s] Level 1:colcon.colcon_core.package_identification:_identify(src/pointcloud_to_laserscan) by extension 'colcon_meta'
[1.819s] Level 1:colcon.colcon_core.package_identification:_identify(src/pointcloud_to_laserscan) by extensions ['ros']
[1.819s] Level 1:colcon.colcon_core.package_identification:_identify(src/pointcloud_to_laserscan) by extension 'ros'
[1.823s] DEBUG:colcon.colcon_core.package_identification:Package 'src/pointcloud_to_laserscan' with type 'ros.ament_cmake' and name 'pointcloud_to_laserscan'
[1.824s] Level 1:colcon.colcon_core.package_identification:_identify(src/yurs_hardware) by extensions ['ignore', 'ignore_ament_install']
[1.824s] Level 1:colcon.colcon_core.package_identification:_identify(src/yurs_hardware) by extension 'ignore'
[1.824s] Level 1:colcon.colcon_core.package_identification:_identify(src/yurs_hardware) by extension 'ignore_ament_install'
[1.824s] Level 1:colcon.colcon_core.package_identification:_identify(src/yurs_hardware) by extensions ['colcon_pkg']
[1.824s] Level 1:colcon.colcon_core.package_identification:_identify(src/yurs_hardware) by extension 'colcon_pkg'
[1.825s] Level 1:colcon.colcon_core.package_identification:_identify(src/yurs_hardware) by extensions ['colcon_meta']
[1.825s] Level 1:colcon.colcon_core.package_identification:_identify(src/yurs_hardware) by extension 'colcon_meta'
[1.825s] Level 1:colcon.colcon_core.package_identification:_identify(src/yurs_hardware) by extensions ['ros']
[1.825s] Level 1:colcon.colcon_core.package_identification:_identify(src/yurs_hardware) by extension 'ros'
[1.827s] DEBUG:colcon.colcon_core.package_identification:Package 'src/yurs_hardware' with type 'ros.ament_cmake' and name 'yurs_hardware'
[1.828s] Level 1:colcon.colcon_core.package_discovery:discover_packages(recursive) using defaults
[1.828s] Level 1:colcon.colcon_core.package_discovery:discover_packages(ignore) discover
[1.828s] Level 1:colcon.colcon_core.package_discovery:discover_packages(ignore) using defaults
[1.828s] Level 1:colcon.colcon_core.package_discovery:discover_packages(path) discover
[1.828s] Level 1:colcon.colcon_core.package_discovery:discover_packages(path) using defaults
[1.919s] Level 1:colcon.colcon_core.package_discovery:discover_packages(prefix_path) check parameters
[1.920s] Level 1:colcon.colcon_core.package_discovery:discover_packages(prefix_path) discover
[1.932s] DEBUG:colcon.colcon_installed_package_information.package_discovery:Found 6 installed packages in /home/joas329/Desktop/rover_simulation/install
[1.942s] DEBUG:colcon.colcon_installed_package_information.package_discovery:Found 457 installed packages in /opt/ros/humble
[1.957s] Level 1:colcon.colcon_core.package_discovery:discover_packages(prefix_path) using defaults
[2.462s] Level 5:colcon.colcon_core.verb:set package 'my_bot' build argument 'cmake_args' from command line to 'None'
[2.462s] Level 5:colcon.colcon_core.verb:set package 'my_bot' build argument 'cmake_target' from command line to 'None'
[2.462s] Level 5:colcon.colcon_core.verb:set package 'my_bot' build argument 'cmake_target_skip_unavailable' from command line to 'False'
[2.462s] Level 5:colcon.colcon_core.verb:set package 'my_bot' build argument 'cmake_clean_cache' from command line to 'False'
[2.463s] Level 5:colcon.colcon_core.verb:set package 'my_bot' build argument 'cmake_clean_first' from command line to 'False'
[2.463s] Level 5:colcon.colcon_core.verb:set package 'my_bot' build argument 'cmake_force_configure' from command line to 'False'
[2.463s] Level 5:colcon.colcon_core.verb:set package 'my_bot' build argument 'ament_cmake_args' from command line to 'None'
[2.463s] Level 5:colcon.colcon_core.verb:set package 'my_bot' build argument 'catkin_cmake_args' from command line to 'None'
[2.463s] Level 5:colcon.colcon_core.verb:set package 'my_bot' build argument 'catkin_skip_building_tests' from command line to 'False'
[2.464s] DEBUG:colcon.colcon_core.verb:Building package 'my_bot' with the following arguments: {'ament_cmake_args': None, 'build_base': '/home/joas329/Desktop/rover_simulation/build/my_bot', 'catkin_cmake_args': None, 'catkin_skip_building_tests': False, 'cmake_args': None, 'cmake_clean_cache': False, 'cmake_clean_first': False, 'cmake_force_configure': False, 'cmake_target': None, 'cmake_target_skip_unavailable': False, 'install_base': '/home/joas329/Desktop/rover_simulation/install/my_bot', 'merge_install': False, 'path': '/home/joas329/Desktop/rover_simulation/src/my_bot', 'symlink_install': False, 'test_result_base': None}
[2.477s] Level 5:colcon.colcon_core.verb:set package 'pointcloud_to_laserscan' build argument 'cmake_args' from command line to 'None'
[2.477s] Level 5:colcon.colcon_core.verb:set package 'pointcloud_to_laserscan' build argument 'cmake_target' from command line to 'None'
[2.478s] Level 5:colcon.colcon_core.verb:set package 'pointcloud_to_laserscan' build argument 'cmake_target_skip_unavailable' from command line to 'False'
[2.478s] Level 5:colcon.colcon_core.verb:set package 'pointcloud_to_laserscan' build argument 'cmake_clean_cache' from command line to 'False'
[2.478s] Level 5:colcon.colcon_core.verb:set package 'pointcloud_to_laserscan' build argument 'cmake_clean_first' from command line to 'False'
[2.478s] Level 5:colcon.colcon_core.verb:set package 'pointcloud_to_laserscan' build argument 'cmake_force_configure' from command line to 'False'
[2.478s] Level 5:colcon.colcon_core.verb:set package 'pointcloud_to_laserscan' build argument 'ament_cmake_args' from command line to 'None'
[2.478s] Level 5:colcon.colcon_core.verb:set package 'pointcloud_to_laserscan' build argument 'catkin_cmake_args' from command line to 'None'
[2.479s] Level 5:colcon.colcon_core.verb:set package 'pointcloud_to_laserscan' build argument 'catkin_skip_building_tests' from command line to 'False'
[2.479s] DEBUG:colcon.colcon_core.verb:Building package 'pointcloud_to_laserscan' with the following arguments: {'ament_cmake_args': None, 'build_base': '/home/joas329/Desktop/rover_simulation/build/pointcloud_to_laserscan', 'catkin_cmake_args': None, 'catkin_skip_building_tests': False, 'cmake_args': None, 'cmake_clean_cache': False, 'cmake_clean_first': False, 'cmake_force_configure': False, 'cmake_target': None, 'cmake_target_skip_unavailable': False, 'install_base': '/home/joas329/Desktop/rover_simulation/install/pointcloud_to_laserscan', 'merge_install': False, 'path': '/home/joas329/Desktop/rover_simulation/src/pointcloud_to_laserscan', 'symlink_install': False, 'test_result_base': None}
[2.492s] Level 5:colcon.colcon_core.verb:set package 'yurs_hardware' build argument 'cmake_args' from command line to 'None'
[2.492s] Level 5:colcon.colcon_core.verb:set package 'yurs_hardware' build argument 'cmake_target' from command line to 'None'
[2.493s] Level 5:colcon.colcon_core.verb:set package 'yurs_hardware' build argument 'cmake_target_skip_unavailable' from command line to 'False'
[2.493s] Level 5:colcon.colcon_core.verb:set package 'yurs_hardware' build argument 'cmake_clean_cache' from command line to 'False'
[2.493s] Level 5:colcon.colcon_core.verb:set package 'yurs_hardware' build argument 'cmake_clean_first' from command line to 'False'
[2.493s] Level 5:colcon.colcon_core.verb:set package 'yurs_hardware' build argument 'cmake_force_configure' from command line to 'False'
[2.493s] Level 5:colcon.colcon_core.verb:set package 'yurs_hardware' build argument 'ament_cmake_args' from command line to 'None'
[2.493s] Level 5:colcon.colcon_core.verb:set package 'yurs_hardware' build argument 'catkin_cmake_args' from command line to 'None'
[2.493s] Level 5:colcon.colcon_core.verb:set package 'yurs_hardware' build argument 'catkin_skip_building_tests' from command line to 'False'
[2.494s] DEBUG:colcon.colcon_core.verb:Building package 'yurs_hardware' with the following arguments: {'ament_cmake_args': None, 'build_base': '/home/joas329/Desktop/rover_simulation/build/yurs_hardware', 'catkin_cmake_args': None, 'catkin_skip_building_tests': False, 'cmake_args': None, 'cmake_clean_cache': False, 'cmake_clean_first': False, 'cmake_force_configure': False, 'cmake_target': None, 'cmake_target_skip_unavailable': False, 'install_base': '/home/joas329/Desktop/rover_simulation/install/yurs_hardware', 'merge_install': False, 'path': '/home/joas329/Desktop/rover_simulation/src/yurs_hardware', 'symlink_install': False, 'test_result_base': None}
[2.501s] Level 5:colcon.colcon_core.verb:set package 'arm_control_moveit_config' build argument 'cmake_args' from command line to 'None'
[2.501s] Level 5:colcon.colcon_core.verb:set package 'arm_control_moveit_config' build argument 'cmake_target' from command line to 'None'
[2.502s] Level 5:colcon.colcon_core.verb:set package 'arm_control_moveit_config' build argument 'cmake_target_skip_unavailable' from command line to 'False'
[2.502s] Level 5:colcon.colcon_core.verb:set package 'arm_control_moveit_config' build argument 'cmake_clean_cache' from command line to 'False'
[2.502s] Level 5:colcon.colcon_core.verb:set package 'arm_control_moveit_config' build argument 'cmake_clean_first' from command line to 'False'
[2.502s] Level 5:colcon.colcon_core.verb:set package 'arm_control_moveit_config' build argument 'cmake_force_configure' from command line to 'False'
[2.502s] Level 5:colcon.colcon_core.verb:set package 'arm_control_moveit_config' build argument 'ament_cmake_args' from command line to 'None'
[2.502s] Level 5:colcon.colcon_core.verb:set package 'arm_control_moveit_config' build argument 'catkin_cmake_args' from command line to 'None'
[2.502s] Level 5:colcon.colcon_core.verb:set package 'arm_control_moveit_config' build argument 'catkin_skip_building_tests' from command line to 'False'
[2.503s] DEBUG:colcon.colcon_core.verb:Building package 'arm_control_moveit_config' with the following arguments: {'ament_cmake_args': None, 'build_base': '/home/joas329/Desktop/rover_simulation/build/arm_control_moveit_config', 'catkin_cmake_args': None, 'catkin_skip_building_tests': False, 'cmake_args': None, 'cmake_clean_cache': False, 'cmake_clean_first': False, 'cmake_force_configure': False, 'cmake_target': None, 'cmake_target_skip_unavailable': False, 'install_base': '/home/joas329/Desktop/rover_simulation/install/arm_control_moveit_config', 'merge_install': False, 'path': '/home/joas329/Desktop/rover_simulation/src/arm_control_moveit_config', 'symlink_install': False, 'test_result_base': None}
[2.509s] Level 5:colcon.colcon_core.verb:set package 'arm_moveit_config' build argument 'cmake_args' from command line to 'None'
[2.510s] Level 5:colcon.colcon_core.verb:set package 'arm_moveit_config' build argument 'cmake_target' from command line to 'None'
[2.510s] Level 5:colcon.colcon_core.verb:set package 'arm_moveit_config' build argument 'cmake_target_skip_unavailable' from command line to 'False'
[2.510s] Level 5:colcon.colcon_core.verb:set package 'arm_moveit_config' build argument 'cmake_clean_cache' from command line to 'False'
[2.510s] Level 5:colcon.colcon_core.verb:set package 'arm_moveit_config' build argument 'cmake_clean_first' from command line to 'False'
[2.510s] Level 5:colcon.colcon_core.verb:set package 'arm_moveit_config' build argument 'cmake_force_configure' from command line to 'False'
[2.510s] Level 5:colcon.colcon_core.verb:set package 'arm_moveit_config' build argument 'ament_cmake_args' from command line to 'None'
[2.510s] Level 5:colcon.colcon_core.verb:set package 'arm_moveit_config' build argument 'catkin_cmake_args' from command line to 'None'
[2.510s] Level 5:colcon.colcon_core.verb:set package 'arm_moveit_config' build argument 'catkin_skip_building_tests' from command line to 'False'
[2.511s] DEBUG:colcon.colcon_core.verb:Building package 'arm_moveit_config' with the following arguments: {'ament_cmake_args': None, 'build_base': '/home/joas329/Desktop/rover_simulation/build/arm_moveit_config', 'catkin_cmake_args': None, 'catkin_skip_building_tests': False, 'cmake_args': None, 'cmake_clean_cache': False, 'cmake_clean_first': False, 'cmake_force_configure': False, 'cmake_target': None, 'cmake_target_skip_unavailable': False, 'install_base': '/home/joas329/Desktop/rover_simulation/install/arm_moveit_config', 'merge_install': False, 'path': '/home/joas329/Desktop/rover_simulation/src/arm_moveit_config', 'symlink_install': False, 'test_result_base': None}
[2.518s] Level 5:colcon.colcon_core.verb:set package 'control_moveit_config' build argument 'cmake_args' from command line to 'None'
[2.518s] Level 5:colcon.colcon_core.verb:set package 'control_moveit_config' build argument 'cmake_target' from command line to 'None'
[2.518s] Level 5:colcon.colcon_core.verb:set package 'control_moveit_config' build argument 'cmake_target_skip_unavailable' from command line to 'False'
[2.519s] Level 5:colcon.colcon_core.verb:set package 'control_moveit_config' build argument 'cmake_clean_cache' from command line to 'False'
[2.519s] Level 5:colcon.colcon_core.verb:set package 'control_moveit_config' build argument 'cmake_clean_first' from command line to 'False'
[2.519s] Level 5:colcon.colcon_core.verb:set package 'control_moveit_config' build argument 'cmake_force_configure' from command line to 'False'
[2.519s] Level 5:colcon.colcon_core.verb:set package 'control_moveit_config' build argument 'ament_cmake_args' from command line to 'None'
[2.519s] Level 5:colcon.colcon_core.verb:set package 'control_moveit_config' build argument 'catkin_cmake_args' from command line to 'None'
[2.519s] Level 5:colcon.colcon_core.verb:set package 'control_moveit_config' build argument 'catkin_skip_building_tests' from command line to 'False'
[2.519s] DEBUG:colcon.colcon_core.verb:Building package 'control_moveit_config' with the following arguments: {'ament_cmake_args': None, 'build_base': '/home/joas329/Desktop/rover_simulation/build/control_moveit_config', 'catkin_cmake_args': None, 'catkin_skip_building_tests': False, 'cmake_args': None, 'cmake_clean_cache': False, 'cmake_clean_first': False, 'cmake_force_configure': False, 'cmake_target': None, 'cmake_target_skip_unavailable': False, 'install_base': '/home/joas329/Desktop/rover_simulation/install/control_moveit_config', 'merge_install': False, 'path': '/home/joas329/Desktop/rover_simulation/src/control_moveit_config', 'symlink_install': False, 'test_result_base': None}
[2.525s] INFO:colcon.colcon_core.executor:Executing jobs using 'parallel' executor
[2.563s] DEBUG:colcon.colcon_parallel_executor.executor.parallel:run_until_complete
[2.564s] INFO:colcon.colcon_ros.task.ament_python.build:Building ROS package in '/home/joas329/Desktop/rover_simulation/src/my_bot' with build type 'ament_python'
[2.564s] Level 1:colcon.colcon_core.shell:create_environment_hook('my_bot', 'ament_prefix_path')
[2.613s] INFO:colcon.colcon_core.plugin_system:Skipping extension 'colcon_core.shell.bat': Not used on non-Windows systems
[2.614s] INFO:colcon.colcon_core.shell:Creating environment hook '/home/joas329/Desktop/rover_simulation/install/my_bot/share/my_bot/hook/ament_prefix_path.ps1'
[2.618s] INFO:colcon.colcon_core.shell:Creating environment descriptor '/home/joas329/Desktop/rover_simulation/install/my_bot/share/my_bot/hook/ament_prefix_path.dsv'
[2.621s] INFO:colcon.colcon_core.shell:Creating environment hook '/home/joas329/Desktop/rover_simulation/install/my_bot/share/my_bot/hook/ament_prefix_path.sh'
[2.649s] INFO:colcon.colcon_core.shell:Skip shell extension 'powershell' for command environment: Not usable outside of PowerShell
[2.649s] DEBUG:colcon.colcon_core.shell:Skip shell extension 'dsv' for command environment
[2.686s] INFO:colcon.colcon_ros.task.ament_cmake.build:Building ROS package in '/home/joas329/Desktop/rover_simulation/src/pointcloud_to_laserscan' with build type 'ament_cmake'
[2.686s] INFO:colcon.colcon_cmake.task.cmake.build:Building CMake package in '/home/joas329/Desktop/rover_simulation/src/pointcloud_to_laserscan'
[2.703s] INFO:colcon.colcon_core.shell:Skip shell extension 'powershell' for command environment: Not usable outside of PowerShell
[2.703s] DEBUG:colcon.colcon_core.shell:Skip shell extension 'dsv' for command environment
[2.734s] INFO:colcon.colcon_ros.task.ament_cmake.build:Building ROS package in '/home/joas329/Desktop/rover_simulation/src/yurs_hardware' with build type 'ament_cmake'
[2.735s] INFO:colcon.colcon_cmake.task.cmake.build:Building CMake package in '/home/joas329/Desktop/rover_simulation/src/yurs_hardware'
[2.751s] INFO:colcon.colcon_core.shell:Skip shell extension 'powershell' for command environment: Not usable outside of PowerShell
[2.751s] DEBUG:colcon.colcon_core.shell:Skip shell extension 'dsv' for command environment
[4.098s] INFO:colcon.colcon_core.task.python.build:Building Python package in '/home/joas329/Desktop/rover_simulation/src/my_bot'
[4.112s] INFO:colcon.colcon_core.shell:Skip shell extension 'powershell' for command environment: Not usable outside of PowerShell
[4.112s] DEBUG:colcon.colcon_core.shell:Skip shell extension 'dsv' for command environment
[4.161s] DEBUG:colcon.colcon_core.event_handler.log_command:Invoking command in '/home/joas329/Desktop/rover_simulation/build/pointcloud_to_laserscan': CMAKE_PREFIX_PATH=${CMAKE_PREFIX_PATH}:/home/joas329/Desktop/rover_simulation/install/my_bot:/opt/ros/humble /usr/bin/cmake --build /home/joas329/Desktop/rover_simulation/build/pointcloud_to_laserscan -- -j8 -l8
[4.180s] DEBUG:colcon.colcon_core.event_handler.log_command:Invoking command in '/home/joas329/Desktop/rover_simulation/build/yurs_hardware': CMAKE_PREFIX_PATH=${CMAKE_PREFIX_PATH}:/home/joas329/Desktop/rover_simulation/install/my_bot:/opt/ros/humble /usr/bin/cmake --build /home/joas329/Desktop/rover_simulation/build/yurs_hardware -- -j8 -l8
[4.566s] DEBUG:colcon.colcon_core.event_handler.log_command:Invoked command in '/home/joas329/Desktop/rover_simulation/build/yurs_hardware' returned '0': CMAKE_PREFIX_PATH=${CMAKE_PREFIX_PATH}:/home/joas329/Desktop/rover_simulation/install/my_bot:/opt/ros/humble /usr/bin/cmake --build /home/joas329/Desktop/rover_simulation/build/yurs_hardware -- -j8 -l8
[4.732s] DEBUG:colcon.colcon_core.event_handler.log_command:Invoking command in '/home/joas329/Desktop/rover_simulation/build/yurs_hardware': CMAKE_PREFIX_PATH=${CMAKE_PREFIX_PATH}:/home/joas329/Desktop/rover_simulation/install/my_bot:/opt/ros/humble /usr/bin/cmake --install /home/joas329/Desktop/rover_simulation/build/yurs_hardware
[4.785s] Level 1:colcon.colcon_core.environment:create_environment_scripts_only(yurs_hardware)
[4.787s] DEBUG:colcon.colcon_core.event_handler.log_command:Invoked command in '/home/joas329/Desktop/rover_simulation/build/yurs_hardware' returned '0': CMAKE_PREFIX_PATH=${CMAKE_PREFIX_PATH}:/home/joas329/Desktop/rover_simulation/install/my_bot:/opt/ros/humble /usr/bin/cmake --install /home/joas329/Desktop/rover_simulation/build/yurs_hardware
[4.820s] Level 1:colcon.colcon_core.environment:checking '/home/joas329/Desktop/rover_simulation/install/yurs_hardware' for CMake module files
[4.822s] Level 1:colcon.colcon_core.environment:checking '/home/joas329/Desktop/rover_simulation/install/yurs_hardware' for CMake config files
[4.822s] Level 1:colcon.colcon_core.shell:create_environment_hook('yurs_hardware', 'cmake_prefix_path')
[4.836s] INFO:colcon.colcon_core.shell:Creating environment hook '/home/joas329/Desktop/rover_simulation/install/yurs_hardware/share/yurs_hardware/hook/cmake_prefix_path.ps1'
[4.837s] INFO:colcon.colcon_core.shell:Creating environment descriptor '/home/joas329/Desktop/rover_simulation/install/yurs_hardware/share/yurs_hardware/hook/cmake_prefix_path.dsv'
[4.839s] INFO:colcon.colcon_core.shell:Creating environment hook '/home/joas329/Desktop/rover_simulation/install/yurs_hardware/share/yurs_hardware/hook/cmake_prefix_path.sh'
[4.842s] Level 1:colcon.colcon_core.environment:checking '/home/joas329/Desktop/rover_simulation/install/yurs_hardware/lib'
[4.842s] Level 1:colcon.colcon_core.shell:create_environment_hook('yurs_hardware', 'ld_library_path_lib')
[4.856s] INFO:colcon.colcon_core.shell:Creating environment hook '/home/joas329/Desktop/rover_simulation/install/yurs_hardware/share/yurs_hardware/hook/ld_library_path_lib.ps1'
[4.858s] INFO:colcon.colcon_core.shell:Creating environment descriptor '/home/joas329/Desktop/rover_simulation/install/yurs_hardware/share/yurs_hardware/hook/ld_library_path_lib.dsv'
[4.860s] INFO:colcon.colcon_core.shell:Creating environment hook '/home/joas329/Desktop/rover_simulation/install/yurs_hardware/share/yurs_hardware/hook/ld_library_path_lib.sh'
[4.862s] Level 1:colcon.colcon_core.environment:checking '/home/joas329/Desktop/rover_simulation/install/yurs_hardware/bin'
[4.862s] Level 1:colcon.colcon_core.environment:checking '/home/joas329/Desktop/rover_simulation/install/yurs_hardware/lib/pkgconfig/yurs_hardware.pc'
[4.863s] Level 1:colcon.colcon_core.environment:checking '/home/joas329/Desktop/rover_simulation/install/yurs_hardware/lib/python3.10/site-packages'
[4.864s] Level 1:colcon.colcon_core.environment:checking '/home/joas329/Desktop/rover_simulation/install/yurs_hardware/bin'
[4.878s] INFO:colcon.colcon_core.shell:Creating package script '/home/joas329/Desktop/rover_simulation/install/yurs_hardware/share/yurs_hardware/package.ps1'
[4.882s] INFO:colcon.colcon_core.shell:Creating package descriptor '/home/joas329/Desktop/rover_simulation/install/yurs_hardware/share/yurs_hardware/package.dsv'
[4.886s] INFO:colcon.colcon_core.shell:Creating package script '/home/joas329/Desktop/rover_simulation/install/yurs_hardware/share/yurs_hardware/package.sh'
[4.889s] INFO:colcon.colcon_core.shell:Creating package script '/home/joas329/Desktop/rover_simulation/install/yurs_hardware/share/yurs_hardware/package.bash'
[4.893s] INFO:colcon.colcon_core.shell:Creating package script '/home/joas329/Desktop/rover_simulation/install/yurs_hardware/share/yurs_hardware/package.zsh'
[4.896s] Level 1:colcon.colcon_core.environment:create_file_with_runtime_dependencies(/home/joas329/Desktop/rover_simulation/install/yurs_hardware/share/colcon-core/packages/yurs_hardware)
[4.905s] DEBUG:colcon.colcon_core.event_handler.log_command:Invoked command in '/home/joas329/Desktop/rover_simulation/build/pointcloud_to_laserscan' returned '0': CMAKE_PREFIX_PATH=${CMAKE_PREFIX_PATH}:/home/joas329/Desktop/rover_simulation/install/my_bot:/opt/ros/humble /usr/bin/cmake --build /home/joas329/Desktop/rover_simulation/build/pointcloud_to_laserscan -- -j8 -l8
[5.030s] Level 1:colcon.colcon_core.environment:create_environment_scripts_only(yurs_hardware)
[5.053s] Level 1:colcon.colcon_core.environment:checking '/home/joas329/Desktop/rover_simulation/install/yurs_hardware' for CMake module files
[5.056s] Level 1:colcon.colcon_core.environment:checking '/home/joas329/Desktop/rover_simulation/install/yurs_hardware' for CMake config files
[5.057s] Level 1:colcon.colcon_core.shell:create_environment_hook('yurs_hardware', 'cmake_prefix_path')
[5.070s] INFO:colcon.colcon_core.shell:Creating environment hook '/home/joas329/Desktop/rover_simulation/install/yurs_hardware/share/yurs_hardware/hook/cmake_prefix_path.ps1'
[5.072s] INFO:colcon.colcon_core.shell:Creating environment descriptor '/home/joas329/Desktop/rover_simulation/install/yurs_hardware/share/yurs_hardware/hook/cmake_prefix_path.dsv'
[5.074s] INFO:colcon.colcon_core.shell:Creating environment hook '/home/joas329/Desktop/rover_simulation/install/yurs_hardware/share/yurs_hardware/hook/cmake_prefix_path.sh'
[5.076s] Level 1:colcon.colcon_core.environment:checking '/home/joas329/Desktop/rover_simulation/install/yurs_hardware/lib'
[5.076s] Level 1:colcon.colcon_core.shell:create_environment_hook('yurs_hardware', 'ld_library_path_lib')
[5.098s] INFO:colcon.colcon_core.shell:Creating environment hook '/home/joas329/Desktop/rover_simulation/install/yurs_hardware/share/yurs_hardware/hook/ld_library_path_lib.ps1'
[5.100s] INFO:colcon.colcon_core.shell:Creating environment descriptor '/home/joas329/Desktop/rover_simulation/install/yurs_hardware/share/yurs_hardware/hook/ld_library_path_lib.dsv'
[5.101s] INFO:colcon.colcon_core.shell:Creating environment hook '/home/joas329/Desktop/rover_simulation/install/yurs_hardware/share/yurs_hardware/hook/ld_library_path_lib.sh'
[5.103s] Level 1:colcon.colcon_core.environment:checking '/home/joas329/Desktop/rover_simulation/install/yurs_hardware/bin'
[5.103s] Level 1:colcon.colcon_core.environment:checking '/home/joas329/Desktop/rover_simulation/install/yurs_hardware/lib/pkgconfig/yurs_hardware.pc'
[5.104s] Level 1:colcon.colcon_core.environment:checking '/home/joas329/Desktop/rover_simulation/install/yurs_hardware/lib/python3.10/site-packages'
[5.105s] Level 1:colcon.colcon_core.environment:checking '/home/joas329/Desktop/rover_simulation/install/yurs_hardware/bin'
[5.120s] INFO:colcon.colcon_core.shell:Creating package script '/home/joas329/Desktop/rover_simulation/install/yurs_hardware/share/yurs_hardware/package.ps1'
[5.122s] INFO:colcon.colcon_core.shell:Creating package descriptor '/home/joas329/Desktop/rover_simulation/install/yurs_hardware/share/yurs_hardware/package.dsv'
[5.124s] INFO:colcon.colcon_core.shell:Creating package script '/home/joas329/Desktop/rover_simulation/install/yurs_hardware/share/yurs_hardware/package.sh'
[5.126s] INFO:colcon.colcon_core.shell:Creating package script '/home/joas329/Desktop/rover_simulation/install/yurs_hardware/share/yurs_hardware/package.bash'
[5.128s] INFO:colcon.colcon_core.shell:Creating package script '/home/joas329/Desktop/rover_simulation/install/yurs_hardware/share/yurs_hardware/package.zsh'
[5.130s] Level 1:colcon.colcon_core.environment:create_file_with_runtime_dependencies(/home/joas329/Desktop/rover_simulation/install/yurs_hardware/share/colcon-core/packages/yurs_hardware)
[5.140s] DEBUG:colcon.colcon_core.event_handler.log_command:Invoking command in '/home/joas329/Desktop/rover_simulation/build/pointcloud_to_laserscan': CMAKE_PREFIX_PATH=${CMAKE_PREFIX_PATH}:/home/joas329/Desktop/rover_simulation/install/my_bot:/opt/ros/humble /usr/bin/cmake --install /home/joas329/Desktop/rover_simulation/build/pointcloud_to_laserscan
[5.200s] Level 1:colcon.colcon_core.environment:create_environment_scripts_only(pointcloud_to_laserscan)
[5.222s] Level 1:colcon.colcon_core.environment:checking '/home/joas329/Desktop/rover_simulation/install/pointcloud_to_laserscan' for CMake module files
[5.223s] DEBUG:colcon.colcon_core.event_handler.log_command:Invoked command in '/home/joas329/Desktop/rover_simulation/build/pointcloud_to_laserscan' returned '0': CMAKE_PREFIX_PATH=${CMAKE_PREFIX_PATH}:/home/joas329/Desktop/rover_simulation/install/my_bot:/opt/ros/humble /usr/bin/cmake --install /home/joas329/Desktop/rover_simulation/build/pointcloud_to_laserscan
[5.226s] Level 1:colcon.colcon_core.environment:checking '/home/joas329/Desktop/rover_simulation/install/pointcloud_to_laserscan' for CMake config files
[5.227s] Level 1:colcon.colcon_core.shell:create_environment_hook('pointcloud_to_laserscan', 'cmake_prefix_path')
[5.242s] INFO:colcon.colcon_core.shell:Creating environment hook '/home/joas329/Desktop/rover_simulation/install/pointcloud_to_laserscan/share/pointcloud_to_laserscan/hook/cmake_prefix_path.ps1'
[5.243s] INFO:colcon.colcon_core.shell:Creating environment descriptor '/home/joas329/Desktop/rover_simulation/install/pointcloud_to_laserscan/share/pointcloud_to_laserscan/hook/cmake_prefix_path.dsv'
[5.245s] INFO:colcon.colcon_core.shell:Creating environment hook '/home/joas329/Desktop/rover_simulation/install/pointcloud_to_laserscan/share/pointcloud_to_laserscan/hook/cmake_prefix_path.sh'
[5.247s] Level 1:colcon.colcon_core.environment:checking '/home/joas329/Desktop/rover_simulation/install/pointcloud_to_laserscan/lib'
[5.248s] Level 1:colcon.colcon_core.shell:create_environment_hook('pointcloud_to_laserscan', 'ld_library_path_lib')
[5.261s] INFO:colcon.colcon_core.shell:Creating environment hook '/home/joas329/Desktop/rover_simulation/install/pointcloud_to_laserscan/share/pointcloud_to_laserscan/hook/ld_library_path_lib.ps1'
[5.263s] INFO:colcon.colcon_core.shell:Creating environment descriptor '/home/joas329/Desktop/rover_simulation/install/pointcloud_to_laserscan/share/pointcloud_to_laserscan/hook/ld_library_path_lib.dsv'
[5.264s] INFO:colcon.colcon_core.shell:Creating environment hook '/home/joas329/Desktop/rover_simulation/install/pointcloud_to_laserscan/share/pointcloud_to_laserscan/hook/ld_library_path_lib.sh'
[5.266s] Level 1:colcon.colcon_core.environment:checking '/home/joas329/Desktop/rover_simulation/install/pointcloud_to_laserscan/bin'
[5.266s] Level 1:colcon.colcon_core.environment:checking '/home/joas329/Desktop/rover_simulation/install/pointcloud_to_laserscan/lib/pkgconfig/pointcloud_to_laserscan.pc'
[5.267s] Level 1:colcon.colcon_core.environment:checking '/home/joas329/Desktop/rover_simulation/install/pointcloud_to_laserscan/lib/python3.10/site-packages'
[5.268s] Level 1:colcon.colcon_core.environment:checking '/home/joas329/Desktop/rover_simulation/install/pointcloud_to_laserscan/bin'
[5.282s] INFO:colcon.colcon_core.shell:Creating package script '/home/joas329/Desktop/rover_simulation/install/pointcloud_to_laserscan/share/pointcloud_to_laserscan/package.ps1'
[5.284s] INFO:colcon.colcon_core.shell:Creating package descriptor '/home/joas329/Desktop/rover_simulation/install/pointcloud_to_laserscan/share/pointcloud_to_laserscan/package.dsv'
[5.286s] INFO:colcon.colcon_core.shell:Creating package script '/home/joas329/Desktop/rover_simulation/install/pointcloud_to_laserscan/share/pointcloud_to_laserscan/package.sh'
[5.288s] INFO:colcon.colcon_core.shell:Creating package script '/home/joas329/Desktop/rover_simulation/install/pointcloud_to_laserscan/share/pointcloud_to_laserscan/package.bash'
[5.289s] INFO:colcon.colcon_core.shell:Creating package script '/home/joas329/Desktop/rover_simulation/install/pointcloud_to_laserscan/share/pointcloud_to_laserscan/package.zsh'
[5.290s] Level 1:colcon.colcon_core.environment:create_file_with_runtime_dependencies(/home/joas329/Desktop/rover_simulation/install/pointcloud_to_laserscan/share/colcon-core/packages/pointcloud_to_laserscan)
[5.491s] Level 1:colcon.colcon_core.environment:create_environment_scripts_only(pointcloud_to_laserscan)
[5.512s] Level 1:colcon.colcon_core.environment:checking '/home/joas329/Desktop/rover_simulation/install/pointcloud_to_laserscan' for CMake module files
[5.514s] Level 1:colcon.colcon_core.environment:checking '/home/joas329/Desktop/rover_simulation/install/pointcloud_to_laserscan' for CMake config files
[5.515s] Level 1:colcon.colcon_core.shell:create_environment_hook('pointcloud_to_laserscan', 'cmake_prefix_path')
[5.529s] INFO:colcon.colcon_core.shell:Creating environment hook '/home/joas329/Desktop/rover_simulation/install/pointcloud_to_laserscan/share/pointcloud_to_laserscan/hook/cmake_prefix_path.ps1'
[5.531s] INFO:colcon.colcon_core.shell:Creating environment descriptor '/home/joas329/Desktop/rover_simulation/install/pointcloud_to_laserscan/share/pointcloud_to_laserscan/hook/cmake_prefix_path.dsv'
[5.532s] INFO:colcon.colcon_core.shell:Creating environment hook '/home/joas329/Desktop/rover_simulation/install/pointcloud_to_laserscan/share/pointcloud_to_laserscan/hook/cmake_prefix_path.sh'
[5.535s] Level 1:colcon.colcon_core.environment:checking '/home/joas329/Desktop/rover_simulation/install/pointcloud_to_laserscan/lib'
[5.536s] Level 1:colcon.colcon_core.shell:create_environment_hook('pointcloud_to_laserscan', 'ld_library_path_lib')
[5.551s] INFO:colcon.colcon_core.shell:Creating environment hook '/home/joas329/Desktop/rover_simulation/install/pointcloud_to_laserscan/share/pointcloud_to_laserscan/hook/ld_library_path_lib.ps1'
[5.553s] INFO:colcon.colcon_core.shell:Creating environment descriptor '/home/joas329/Desktop/rover_simulation/install/pointcloud_to_laserscan/share/pointcloud_to_laserscan/hook/ld_library_path_lib.dsv'
[5.554s] INFO:colcon.colcon_core.shell:Creating environment hook '/home/joas329/Desktop/rover_simulation/install/pointcloud_to_laserscan/share/pointcloud_to_laserscan/hook/ld_library_path_lib.sh'
[5.555s] Level 1:colcon.colcon_core.environment:checking '/home/joas329/Desktop/rover_simulation/install/pointcloud_to_laserscan/bin'
[5.556s] Level 1:colcon.colcon_core.environment:checking '/home/joas329/Desktop/rover_simulation/install/pointcloud_to_laserscan/lib/pkgconfig/pointcloud_to_laserscan.pc'
[5.557s] Level 1:colcon.colcon_core.environment:checking '/home/joas329/Desktop/rover_simulation/install/pointcloud_to_laserscan/lib/python3.10/site-packages'
[5.558s] Level 1:colcon.colcon_core.environment:checking '/home/joas329/Desktop/rover_simulation/install/pointcloud_to_laserscan/bin'
[5.571s] INFO:colcon.colcon_core.shell:Creating package script '/home/joas329/Desktop/rover_simulation/install/pointcloud_to_laserscan/share/pointcloud_to_laserscan/package.ps1'
[5.573s] INFO:colcon.colcon_core.shell:Creating package descriptor '/home/joas329/Desktop/rover_simulation/install/pointcloud_to_laserscan/share/pointcloud_to_laserscan/package.dsv'
[5.576s] INFO:colcon.colcon_core.shell:Creating package script '/home/joas329/Desktop/rover_simulation/install/pointcloud_to_laserscan/share/pointcloud_to_laserscan/package.sh'
[5.577s] INFO:colcon.colcon_core.shell:Creating package script '/home/joas329/Desktop/rover_simulation/install/pointcloud_to_laserscan/share/pointcloud_to_laserscan/package.bash'
[5.579s] INFO:colcon.colcon_core.shell:Creating package script '/home/joas329/Desktop/rover_simulation/install/pointcloud_to_laserscan/share/pointcloud_to_laserscan/package.zsh'
[5.581s] Level 1:colcon.colcon_core.environment:create_file_with_runtime_dependencies(/home/joas329/Desktop/rover_simulation/install/pointcloud_to_laserscan/share/colcon-core/packages/pointcloud_to_laserscan)
[6.124s] DEBUG:colcon.colcon_core.event_handler.log_command:Invoking command in '/home/joas329/Desktop/rover_simulation/src/my_bot': PYTHONPATH=/home/joas329/Desktop/rover_simulation/build/my_bot/prefix_override:/home/joas329/Desktop/rover_simulation/install/my_bot/lib/python3.10/site-packages:${PYTHONPATH} /usr/bin/python3 setup.py egg_info --egg-base ../../build/my_bot build --build-base /home/joas329/Desktop/rover_simulation/build/my_bot/build install --record /home/joas329/Desktop/rover_simulation/build/my_bot/install.log --single-version-externally-managed
[7.660s] Level 1:colcon.colcon_core.environment:checking '/home/joas329/Desktop/rover_simulation/install/my_bot' for CMake module files
[7.661s] DEBUG:colcon.colcon_core.event_handler.log_command:Invoked command in '/home/joas329/Desktop/rover_simulation/src/my_bot' returned '0': PYTHONPATH=/home/joas329/Desktop/rover_simulation/build/my_bot/prefix_override:/home/joas329/Desktop/rover_simulation/install/my_bot/lib/python3.10/site-packages:${PYTHONPATH} /usr/bin/python3 setup.py egg_info --egg-base ../../build/my_bot build --build-base /home/joas329/Desktop/rover_simulation/build/my_bot/build install --record /home/joas329/Desktop/rover_simulation/build/my_bot/install.log --single-version-externally-managed
[7.663s] Level 1:colcon.colcon_core.environment:checking '/home/joas329/Desktop/rover_simulation/install/my_bot' for CMake config files
[7.667s] Level 1:colcon.colcon_core.environment:checking '/home/joas329/Desktop/rover_simulation/install/my_bot/lib'
[7.667s] Level 1:colcon.colcon_core.environment:checking '/home/joas329/Desktop/rover_simulation/install/my_bot/bin'
[7.668s] Level 1:colcon.colcon_core.environment:checking '/home/joas329/Desktop/rover_simulation/install/my_bot/lib/pkgconfig/my_bot.pc'
[7.669s] Level 1:colcon.colcon_core.environment:checking '/home/joas329/Desktop/rover_simulation/install/my_bot/lib/python3.10/site-packages'
[7.670s] Level 1:colcon.colcon_core.shell:create_environment_hook('my_bot', 'pythonpath')
[7.683s] INFO:colcon.colcon_core.shell:Creating environment hook '/home/joas329/Desktop/rover_simulation/install/my_bot/share/my_bot/hook/pythonpath.ps1'
[7.685s] INFO:colcon.colcon_core.shell:Creating environment descriptor '/home/joas329/Desktop/rover_simulation/install/my_bot/share/my_bot/hook/pythonpath.dsv'
[7.687s] INFO:colcon.colcon_core.shell:Creating environment hook '/home/joas329/Desktop/rover_simulation/install/my_bot/share/my_bot/hook/pythonpath.sh'
[7.690s] Level 1:colcon.colcon_core.environment:checking '/home/joas329/Desktop/rover_simulation/install/my_bot/bin'
[7.691s] Level 1:colcon.colcon_core.environment:create_environment_scripts_only(my_bot)
[7.707s] INFO:colcon.colcon_core.shell:Creating package script '/home/joas329/Desktop/rover_simulation/install/my_bot/share/my_bot/package.ps1'
[7.709s] INFO:colcon.colcon_core.shell:Creating package descriptor '/home/joas329/Desktop/rover_simulation/install/my_bot/share/my_bot/package.dsv'
[7.713s] INFO:colcon.colcon_core.shell:Creating package script '/home/joas329/Desktop/rover_simulation/install/my_bot/share/my_bot/package.sh'
[7.715s] INFO:colcon.colcon_core.shell:Creating package script '/home/joas329/Desktop/rover_simulation/install/my_bot/share/my_bot/package.bash'
[7.717s] INFO:colcon.colcon_core.shell:Creating package script '/home/joas329/Desktop/rover_simulation/install/my_bot/share/my_bot/package.zsh'
[7.718s] Level 1:colcon.colcon_core.environment:create_file_with_runtime_dependencies(/home/joas329/Desktop/rover_simulation/install/my_bot/share/colcon-core/packages/my_bot)
[7.720s] INFO:colcon.colcon_ros.task.ament_cmake.build:Building ROS package in '/home/joas329/Desktop/rover_simulation/src/arm_control_moveit_config' with build type 'ament_cmake'
[7.721s] INFO:colcon.colcon_cmake.task.cmake.build:Building CMake package in '/home/joas329/Desktop/rover_simulation/src/arm_control_moveit_config'
[7.737s] INFO:colcon.colcon_core.shell:Skip shell extension 'powershell' for command environment: Not usable outside of PowerShell
[7.737s] DEBUG:colcon.colcon_core.shell:Skip shell extension 'dsv' for command environment
[7.776s] INFO:colcon.colcon_ros.task.ament_cmake.build:Building ROS package in '/home/joas329/Desktop/rover_simulation/src/arm_moveit_config' with build type 'ament_cmake'
[7.777s] INFO:colcon.colcon_cmake.task.cmake.build:Building CMake package in '/home/joas329/Desktop/rover_simulation/src/arm_moveit_config'
[7.796s] INFO:colcon.colcon_core.shell:Skip shell extension 'powershell' for command environment: Not usable outside of PowerShell
[7.796s] DEBUG:colcon.colcon_core.shell:Skip shell extension 'dsv' for command environment
[7.828s] INFO:colcon.colcon_ros.task.ament_cmake.build:Building ROS package in '/home/joas329/Desktop/rover_simulation/src/control_moveit_config' with build type 'ament_cmake'
[7.829s] INFO:colcon.colcon_cmake.task.cmake.build:Building CMake package in '/home/joas329/Desktop/rover_simulation/src/control_moveit_config'
[7.847s] INFO:colcon.colcon_core.shell:Skip shell extension 'powershell' for command environment: Not usable outside of PowerShell
[7.848s] DEBUG:colcon.colcon_core.shell:Skip shell extension 'dsv' for command environment
[7.904s] DEBUG:colcon.colcon_core.event_handler.log_command:Invoking command in '/home/joas329/Desktop/rover_simulation/build/arm_control_moveit_config': AMENT_PREFIX_PATH=/home/joas329/Desktop/rover_simulation/install/my_bot:/home/joas329/Desktop/rover_simulation/install/yurs_hardware:/home/joas329/Desktop/rover_simulation/install/pointcloud_to_laserscan:/home/joas329/Desktop/rover_simulation/install/control_moveit_config:/home/joas329/Desktop/rover_simulation/install/arm_moveit_config:/home/joas329/Desktop/rover_simulation/install/arm_control_moveit_config:/opt/ros/humble CMAKE_PREFIX_PATH=${CMAKE_PREFIX_PATH}:/home/joas329/Desktop/rover_simulation/install/my_bot:/opt/ros/humble /usr/bin/cmake --build /home/joas329/Desktop/rover_simulation/build/arm_control_moveit_config -- -j8 -l8
[7.921s] DEBUG:colcon.colcon_core.event_handler.log_command:Invoking command in '/home/joas329/Desktop/rover_simulation/build/arm_moveit_config': AMENT_PREFIX_PATH=/home/joas329/Desktop/rover_simulation/install/my_bot:/home/joas329/Desktop/rover_simulation/install/yurs_hardware:/home/joas329/Desktop/rover_simulation/install/pointcloud_to_laserscan:/home/joas329/Desktop/rover_simulation/install/control_moveit_config:/home/joas329/Desktop/rover_simulation/install/arm_moveit_config:/home/joas329/Desktop/rover_simulation/install/arm_control_moveit_config:/opt/ros/humble CMAKE_PREFIX_PATH=${CMAKE_PREFIX_PATH}:/home/joas329/Desktop/rover_simulation/install/my_bot:/opt/ros/humble /usr/bin/cmake --build /home/joas329/Desktop/rover_simulation/build/arm_moveit_config -- -j8 -l8
[7.938s] DEBUG:colcon.colcon_core.event_handler.log_command:Invoking command in '/home/joas329/Desktop/rover_simulation/build/control_moveit_config': AMENT_PREFIX_PATH=/home/joas329/Desktop/rover_simulation/install/my_bot:/home/joas329/Desktop/rover_simulation/install/yurs_hardware:/home/joas329/Desktop/rover_simulation/install/pointcloud_to_laserscan:/home/joas329/Desktop/rover_simulation/install/control_moveit_config:/home/joas329/Desktop/rover_simulation/install/arm_moveit_config:/home/joas329/Desktop/rover_simulation/install/arm_control_moveit_config:/opt/ros/humble CMAKE_PREFIX_PATH=${CMAKE_PREFIX_PATH}:/home/joas329/Desktop/rover_simulation/install/my_bot:/opt/ros/humble /usr/bin/cmake --build /home/joas329/Desktop/rover_simulation/build/control_moveit_config -- -j8 -l8
[8.071s] DEBUG:colcon.colcon_core.event_handler.log_command:Invoked command in '/home/joas329/Desktop/rover_simulation/build/arm_control_moveit_config' returned '0': AMENT_PREFIX_PATH=/home/joas329/Desktop/rover_simulation/install/my_bot:/home/joas329/Desktop/rover_simulation/install/yurs_hardware:/home/joas329/Desktop/rover_simulation/install/pointcloud_to_laserscan:/home/joas329/Desktop/rover_simulation/install/control_moveit_config:/home/joas329/Desktop/rover_simulation/install/arm_moveit_config:/home/joas329/Desktop/rover_simulation/install/arm_control_moveit_config:/opt/ros/humble CMAKE_PREFIX_PATH=${CMAKE_PREFIX_PATH}:/home/joas329/Desktop/rover_simulation/install/my_bot:/opt/ros/humble /usr/bin/cmake --build /home/joas329/Desktop/rover_simulation/build/arm_control_moveit_config -- -j8 -l8
[8.094s] DEBUG:colcon.colcon_core.event_handler.log_command:Invoked command in '/home/joas329/Desktop/rover_simulation/build/arm_moveit_config' returned '0': AMENT_PREFIX_PATH=/home/joas329/Desktop/rover_simulation/install/my_bot:/home/joas329/Desktop/rover_simulation/install/yurs_hardware:/home/joas329/Desktop/rover_simulation/install/pointcloud_to_laserscan:/home/joas329/Desktop/rover_simulation/install/control_moveit_config:/home/joas329/Desktop/rover_simulation/install/arm_moveit_config:/home/joas329/Desktop/rover_simulation/install/arm_control_moveit_config:/opt/ros/humble CMAKE_PREFIX_PATH=${CMAKE_PREFIX_PATH}:/home/joas329/Desktop/rover_simulation/install/my_bot:/opt/ros/humble /usr/bin/cmake --build /home/joas329/Desktop/rover_simulation/build/arm_moveit_config -- -j8 -l8
[8.114s] DEBUG:colcon.colcon_core.event_handler.log_command:Invoked command in '/home/joas329/Desktop/rover_simulation/build/control_moveit_config' returned '0': AMENT_PREFIX_PATH=/home/joas329/Desktop/rover_simulation/install/my_bot:/home/joas329/Desktop/rover_simulation/install/yurs_hardware:/home/joas329/Desktop/rover_simulation/install/pointcloud_to_laserscan:/home/joas329/Desktop/rover_simulation/install/control_moveit_config:/home/joas329/Desktop/rover_simulation/install/arm_moveit_config:/home/joas329/Desktop/rover_simulation/install/arm_control_moveit_config:/opt/ros/humble CMAKE_PREFIX_PATH=${CMAKE_PREFIX_PATH}:/home/joas329/Desktop/rover_simulation/install/my_bot:/opt/ros/humble /usr/bin/cmake --build /home/joas329/Desktop/rover_simulation/build/control_moveit_config -- -j8 -l8
[8.205s] DEBUG:colcon.colcon_core.event_handler.log_command:Invoking command in '/home/joas329/Desktop/rover_simulation/build/arm_control_moveit_config': AMENT_PREFIX_PATH=/home/joas329/Desktop/rover_simulation/install/my_bot:/home/joas329/Desktop/rover_simulation/install/yurs_hardware:/home/joas329/Desktop/rover_simulation/install/pointcloud_to_laserscan:/home/joas329/Desktop/rover_simulation/install/control_moveit_config:/home/joas329/Desktop/rover_simulation/install/arm_moveit_config:/home/joas329/Desktop/rover_simulation/install/arm_control_moveit_config:/opt/ros/humble CMAKE_PREFIX_PATH=${CMAKE_PREFIX_PATH}:/home/joas329/Desktop/rover_simulation/install/my_bot:/opt/ros/humble /usr/bin/cmake --install /home/joas329/Desktop/rover_simulation/build/arm_control_moveit_config
[8.222s] DEBUG:colcon.colcon_core.event_handler.log_command:Invoking command in '/home/joas329/Desktop/rover_simulation/build/arm_moveit_config': AMENT_PREFIX_PATH=/home/joas329/Desktop/rover_simulation/install/my_bot:/home/joas329/Desktop/rover_simulation/install/yurs_hardware:/home/joas329/Desktop/rover_simulation/install/pointcloud_to_laserscan:/home/joas329/Desktop/rover_simulation/install/control_moveit_config:/home/joas329/Desktop/rover_simulation/install/arm_moveit_config:/home/joas329/Desktop/rover_simulation/install/arm_control_moveit_config:/opt/ros/humble CMAKE_PREFIX_PATH=${CMAKE_PREFIX_PATH}:/home/joas329/Desktop/rover_simulation/install/my_bot:/opt/ros/humble /usr/bin/cmake --install /home/joas329/Desktop/rover_simulation/build/arm_moveit_config
[8.243s] DEBUG:colcon.colcon_core.event_handler.log_command:Invoking command in '/home/joas329/Desktop/rover_simulation/build/control_moveit_config': AMENT_PREFIX_PATH=/home/joas329/Desktop/rover_simulation/install/my_bot:/home/joas329/Desktop/rover_simulation/install/yurs_hardware:/home/joas329/Desktop/rover_simulation/install/pointcloud_to_laserscan:/home/joas329/Desktop/rover_simulation/install/control_moveit_config:/home/joas329/Desktop/rover_simulation/install/arm_moveit_config:/home/joas329/Desktop/rover_simulation/install/arm_control_moveit_config:/opt/ros/humble CMAKE_PREFIX_PATH=${CMAKE_PREFIX_PATH}:/home/joas329/Desktop/rover_simulation/install/my_bot:/opt/ros/humble /usr/bin/cmake --install /home/joas329/Desktop/rover_simulation/build/control_moveit_config
[8.268s] Level 1:colcon.colcon_core.environment:create_environment_scripts_only(arm_control_moveit_config)
[8.311s] Level 1:colcon.colcon_core.environment:checking '/home/joas329/Desktop/rover_simulation/install/arm_control_moveit_config' for CMake module files
[8.318s] Level 1:colcon.colcon_core.environment:checking '/home/joas329/Desktop/rover_simulation/install/arm_control_moveit_config' for CMake config files
[8.329s] Level 1:colcon.colcon_core.shell:create_environment_hook('arm_control_moveit_config', 'cmake_prefix_path')
[8.345s] INFO:colcon.colcon_core.shell:Creating environment hook '/home/joas329/Desktop/rover_simulation/install/arm_control_moveit_config/share/arm_control_moveit_config/hook/cmake_prefix_path.ps1'
[8.350s] INFO:colcon.colcon_core.shell:Creating environment descriptor '/home/joas329/Desktop/rover_simulation/install/arm_control_moveit_config/share/arm_control_moveit_config/hook/cmake_prefix_path.dsv'
[8.356s] INFO:colcon.colcon_core.shell:Creating environment hook '/home/joas329/Desktop/rover_simulation/install/arm_control_moveit_config/share/arm_control_moveit_config/hook/cmake_prefix_path.sh'
[8.359s] DEBUG:colcon.colcon_core.event_handler.log_command:Invoked command in '/home/joas329/Desktop/rover_simulation/build/arm_control_moveit_config' returned '0': AMENT_PREFIX_PATH=/home/joas329/Desktop/rover_simulation/install/my_bot:/home/joas329/Desktop/rover_simulation/install/yurs_hardware:/home/joas329/Desktop/rover_simulation/install/pointcloud_to_laserscan:/home/joas329/Desktop/rover_simulation/install/control_moveit_config:/home/joas329/Desktop/rover_simulation/install/arm_moveit_config:/home/joas329/Desktop/rover_simulation/install/arm_control_moveit_config:/opt/ros/humble CMAKE_PREFIX_PATH=${CMAKE_PREFIX_PATH}:/home/joas329/Desktop/rover_simulation/install/my_bot:/opt/ros/humble /usr/bin/cmake --install /home/joas329/Desktop/rover_simulation/build/arm_control_moveit_config
[8.365s] Level 1:colcon.colcon_core.environment:checking '/home/joas329/Desktop/rover_simulation/install/arm_control_moveit_config/bin'
[8.365s] Level 1:colcon.colcon_core.environment:checking '/home/joas329/Desktop/rover_simulation/install/arm_control_moveit_config/lib/pkgconfig/arm_control_moveit_config.pc'
[8.367s] Level 1:colcon.colcon_core.environment:checking '/home/joas329/Desktop/rover_simulation/install/arm_control_moveit_config/lib/python3.10/site-packages'
[8.368s] Level 1:colcon.colcon_core.environment:checking '/home/joas329/Desktop/rover_simulation/install/arm_control_moveit_config/bin'
[8.386s] INFO:colcon.colcon_core.shell:Creating package script '/home/joas329/Desktop/rover_simulation/install/arm_control_moveit_config/share/arm_control_moveit_config/package.ps1'
[8.392s] INFO:colcon.colcon_core.shell:Creating package descriptor '/home/joas329/Desktop/rover_simulation/install/arm_control_moveit_config/share/arm_control_moveit_config/package.dsv'
[8.397s] INFO:colcon.colcon_core.shell:Creating package script '/home/joas329/Desktop/rover_simulation/install/arm_control_moveit_config/share/arm_control_moveit_config/package.sh'
[8.402s] INFO:colcon.colcon_core.shell:Creating package script '/home/joas329/Desktop/rover_simulation/install/arm_control_moveit_config/share/arm_control_moveit_config/package.bash'
[8.407s] INFO:colcon.colcon_core.shell:Creating package script '/home/joas329/Desktop/rover_simulation/install/arm_control_moveit_config/share/arm_control_moveit_config/package.zsh'
[8.413s] Level 1:colcon.colcon_core.environment:create_file_with_runtime_dependencies(/home/joas329/Desktop/rover_simulation/install/arm_control_moveit_config/share/colcon-core/packages/arm_control_moveit_config)
[8.429s] Level 1:colcon.colcon_core.environment:create_environment_scripts_only(control_moveit_config)
[8.452s] Level 1:colcon.colcon_core.environment:checking '/home/joas329/Desktop/rover_simulation/install/control_moveit_config' for CMake module files
[8.459s] Level 1:colcon.colcon_core.environment:checking '/home/joas329/Desktop/rover_simulation/install/control_moveit_config' for CMake config files
[8.465s] Level 1:colcon.colcon_core.shell:create_environment_hook('control_moveit_config', 'cmake_prefix_path')
[8.480s] INFO:colcon.colcon_core.shell:Creating environment hook '/home/joas329/Desktop/rover_simulation/install/control_moveit_config/share/control_moveit_config/hook/cmake_prefix_path.ps1'
[8.485s] INFO:colcon.colcon_core.shell:Creating environment descriptor '/home/joas329/Desktop/rover_simulation/install/control_moveit_config/share/control_moveit_config/hook/cmake_prefix_path.dsv'
[8.489s] INFO:colcon.colcon_core.shell:Creating environment hook '/home/joas329/Desktop/rover_simulation/install/control_moveit_config/share/control_moveit_config/hook/cmake_prefix_path.sh'
[8.494s] DEBUG:colcon.colcon_core.event_handler.log_command:Invoked command in '/home/joas329/Desktop/rover_simulation/build/control_moveit_config' returned '0': AMENT_PREFIX_PATH=/home/joas329/Desktop/rover_simulation/install/my_bot:/home/joas329/Desktop/rover_simulation/install/yurs_hardware:/home/joas329/Desktop/rover_simulation/install/pointcloud_to_laserscan:/home/joas329/Desktop/rover_simulation/install/control_moveit_config:/home/joas329/Desktop/rover_simulation/install/arm_moveit_config:/home/joas329/Desktop/rover_simulation/install/arm_control_moveit_config:/opt/ros/humble CMAKE_PREFIX_PATH=${CMAKE_PREFIX_PATH}:/home/joas329/Desktop/rover_simulation/install/my_bot:/opt/ros/humble /usr/bin/cmake --install /home/joas329/Desktop/rover_simulation/build/control_moveit_config
[8.496s] Level 1:colcon.colcon_core.environment:checking '/home/joas329/Desktop/rover_simulation/install/control_moveit_config/bin'
[8.496s] Level 1:colcon.colcon_core.environment:checking '/home/joas329/Desktop/rover_simulation/install/control_moveit_config/lib/pkgconfig/control_moveit_config.pc'
[8.498s] Level 1:colcon.colcon_core.environment:checking '/home/joas329/Desktop/rover_simulation/install/control_moveit_config/lib/python3.10/site-packages'
[8.499s] Level 1:colcon.colcon_core.environment:checking '/home/joas329/Desktop/rover_simulation/install/control_moveit_config/bin'
[8.521s] INFO:colcon.colcon_core.shell:Creating package script '/home/joas329/Desktop/rover_simulation/install/control_moveit_config/share/control_moveit_config/package.ps1'
[8.524s] INFO:colcon.colcon_core.shell:Creating package descriptor '/home/joas329/Desktop/rover_simulation/install/control_moveit_config/share/control_moveit_config/package.dsv'
[8.527s] INFO:colcon.colcon_core.shell:Creating package script '/home/joas329/Desktop/rover_simulation/install/control_moveit_config/share/control_moveit_config/package.sh'
[8.529s] INFO:colcon.colcon_core.shell:Creating package script '/home/joas329/Desktop/rover_simulation/install/control_moveit_config/share/control_moveit_config/package.bash'
[8.531s] INFO:colcon.colcon_core.shell:Creating package script '/home/joas329/Desktop/rover_simulation/install/control_moveit_config/share/control_moveit_config/package.zsh'
[8.533s] Level 1:colcon.colcon_core.environment:create_file_with_runtime_dependencies(/home/joas329/Desktop/rover_simulation/install/control_moveit_config/share/colcon-core/packages/control_moveit_config)
[8.539s] Level 1:colcon.colcon_core.environment:create_environment_scripts_only(arm_moveit_config)
[8.556s] DEBUG:colcon.colcon_core.event_handler.log_command:Invoked command in '/home/joas329/Desktop/rover_simulation/build/arm_moveit_config' returned '0': AMENT_PREFIX_PATH=/home/joas329/Desktop/rover_simulation/install/my_bot:/home/joas329/Desktop/rover_simulation/install/yurs_hardware:/home/joas329/Desktop/rover_simulation/install/pointcloud_to_laserscan:/home/joas329/Desktop/rover_simulation/install/control_moveit_config:/home/joas329/Desktop/rover_simulation/install/arm_moveit_config:/home/joas329/Desktop/rover_simulation/install/arm_control_moveit_config:/opt/ros/humble CMAKE_PREFIX_PATH=${CMAKE_PREFIX_PATH}:/home/joas329/Desktop/rover_simulation/install/my_bot:/opt/ros/humble /usr/bin/cmake --install /home/joas329/Desktop/rover_simulation/build/arm_moveit_config
[8.577s] Level 1:colcon.colcon_core.environment:checking '/home/joas329/Desktop/rover_simulation/install/arm_moveit_config' for CMake module files
[8.580s] Level 1:colcon.colcon_core.environment:checking '/home/joas329/Desktop/rover_simulation/install/arm_moveit_config' for CMake config files
[8.581s] Level 1:colcon.colcon_core.shell:create_environment_hook('arm_moveit_config', 'cmake_prefix_path')
[8.595s] INFO:colcon.colcon_core.shell:Creating environment hook '/home/joas329/Desktop/rover_simulation/install/arm_moveit_config/share/arm_moveit_config/hook/cmake_prefix_path.ps1'
[8.596s] INFO:colcon.colcon_core.shell:Creating environment descriptor '/home/joas329/Desktop/rover_simulation/install/arm_moveit_config/share/arm_moveit_config/hook/cmake_prefix_path.dsv'
[8.598s] INFO:colcon.colcon_core.shell:Creating environment hook '/home/joas329/Desktop/rover_simulation/install/arm_moveit_config/share/arm_moveit_config/hook/cmake_prefix_path.sh'
[8.600s] Level 1:colcon.colcon_core.environment:checking '/home/joas329/Desktop/rover_simulation/install/arm_moveit_config/bin'
[8.600s] Level 1:colcon.colcon_core.environment:checking '/home/joas329/Desktop/rover_simulation/install/arm_moveit_config/lib/pkgconfig/arm_moveit_config.pc'
[8.601s] Level 1:colcon.colcon_core.environment:checking '/home/joas329/Desktop/rover_simulation/install/arm_moveit_config/lib/python3.10/site-packages'
[8.602s] Level 1:colcon.colcon_core.environment:checking '/home/joas329/Desktop/rover_simulation/install/arm_moveit_config/bin'
[8.615s] INFO:colcon.colcon_core.shell:Creating package script '/home/joas329/Desktop/rover_simulation/install/arm_moveit_config/share/arm_moveit_config/package.ps1'
[8.617s] INFO:colcon.colcon_core.shell:Creating package descriptor '/home/joas329/Desktop/rover_simulation/install/arm_moveit_config/share/arm_moveit_config/package.dsv'
[8.619s] INFO:colcon.colcon_core.shell:Creating package script '/home/joas329/Desktop/rover_simulation/install/arm_moveit_config/share/arm_moveit_config/package.sh'
[8.620s] INFO:colcon.colcon_core.shell:Creating package script '/home/joas329/Desktop/rover_simulation/install/arm_moveit_config/share/arm_moveit_config/package.bash'
[8.622s] INFO:colcon.colcon_core.shell:Creating package script '/home/joas329/Desktop/rover_simulation/install/arm_moveit_config/share/arm_moveit_config/package.zsh'
[8.623s] Level 1:colcon.colcon_core.environment:create_file_with_runtime_dependencies(/home/joas329/Desktop/rover_simulation/install/arm_moveit_config/share/colcon-core/packages/arm_moveit_config)
[8.646s] Level 1:colcon.colcon_core.environment:create_environment_scripts_only(arm_control_moveit_config)
[8.666s] Level 1:colcon.colcon_core.environment:checking '/home/joas329/Desktop/rover_simulation/install/arm_control_moveit_config' for CMake module files
[8.668s] Level 1:colcon.colcon_core.environment:checking '/home/joas329/Desktop/rover_simulation/install/arm_control_moveit_config' for CMake config files
[8.669s] Level 1:colcon.colcon_core.shell:create_environment_hook('arm_control_moveit_config', 'cmake_prefix_path')
[8.683s] INFO:colcon.colcon_core.shell:Creating environment hook '/home/joas329/Desktop/rover_simulation/install/arm_control_moveit_config/share/arm_control_moveit_config/hook/cmake_prefix_path.ps1'
[8.685s] INFO:colcon.colcon_core.shell:Creating environment descriptor '/home/joas329/Desktop/rover_simulation/install/arm_control_moveit_config/share/arm_control_moveit_config/hook/cmake_prefix_path.dsv'
[8.687s] INFO:colcon.colcon_core.shell:Creating environment hook '/home/joas329/Desktop/rover_simulation/install/arm_control_moveit_config/share/arm_control_moveit_config/hook/cmake_prefix_path.sh'
[8.690s] Level 1:colcon.colcon_core.environment:checking '/home/joas329/Desktop/rover_simulation/install/arm_control_moveit_config/bin'
[8.690s] Level 1:colcon.colcon_core.environment:checking '/home/joas329/Desktop/rover_simulation/install/arm_control_moveit_config/lib/pkgconfig/arm_control_moveit_config.pc'
[8.691s] Level 1:colcon.colcon_core.environment:checking '/home/joas329/Desktop/rover_simulation/install/arm_control_moveit_config/lib/python3.10/site-packages'
[8.693s] Level 1:colcon.colcon_core.environment:checking '/home/joas329/Desktop/rover_simulation/install/arm_control_moveit_config/bin'
[8.706s] INFO:colcon.colcon_core.shell:Creating package script '/home/joas329/Desktop/rover_simulation/install/arm_control_moveit_config/share/arm_control_moveit_config/package.ps1'
[8.709s] INFO:colcon.colcon_core.shell:Creating package descriptor '/home/joas329/Desktop/rover_simulation/install/arm_control_moveit_config/share/arm_control_moveit_config/package.dsv'
[8.711s] INFO:colcon.colcon_core.shell:Creating package script '/home/joas329/Desktop/rover_simulation/install/arm_control_moveit_config/share/arm_control_moveit_config/package.sh'
[8.713s] INFO:colcon.colcon_core.shell:Creating package script '/home/joas329/Desktop/rover_simulation/install/arm_control_moveit_config/share/arm_control_moveit_config/package.bash'
[8.716s] INFO:colcon.colcon_core.shell:Creating package script '/home/joas329/Desktop/rover_simulation/install/arm_control_moveit_config/share/arm_control_moveit_config/package.zsh'
[8.718s] Level 1:colcon.colcon_core.environment:create_file_with_runtime_dependencies(/home/joas329/Desktop/rover_simulation/install/arm_control_moveit_config/share/colcon-core/packages/arm_control_moveit_config)
[8.738s] Level 1:colcon.colcon_core.environment:create_environment_scripts_only(control_moveit_config)
[8.763s] Level 1:colcon.colcon_core.environment:checking '/home/joas329/Desktop/rover_simulation/install/control_moveit_config' for CMake module files
[8.765s] Level 1:colcon.colcon_core.environment:checking '/home/joas329/Desktop/rover_simulation/install/control_moveit_config' for CMake config files
[8.767s] Level 1:colcon.colcon_core.shell:create_environment_hook('control_moveit_config', 'cmake_prefix_path')
[8.781s] INFO:colcon.colcon_core.shell:Creating environment hook '/home/joas329/Desktop/rover_simulation/install/control_moveit_config/share/control_moveit_config/hook/cmake_prefix_path.ps1'
[8.783s] INFO:colcon.colcon_core.shell:Creating environment descriptor '/home/joas329/Desktop/rover_simulation/install/control_moveit_config/share/control_moveit_config/hook/cmake_prefix_path.dsv'
[8.784s] INFO:colcon.colcon_core.shell:Creating environment hook '/home/joas329/Desktop/rover_simulation/install/control_moveit_config/share/control_moveit_config/hook/cmake_prefix_path.sh'
[8.786s] Level 1:colcon.colcon_core.environment:checking '/home/joas329/Desktop/rover_simulation/install/control_moveit_config/bin'
[8.787s] Level 1:colcon.colcon_core.environment:checking '/home/joas329/Desktop/rover_simulation/install/control_moveit_config/lib/pkgconfig/control_moveit_config.pc'
[8.788s] Level 1:colcon.colcon_core.environment:checking '/home/joas329/Desktop/rover_simulation/install/control_moveit_config/lib/python3.10/site-packages'
[8.789s] Level 1:colcon.colcon_core.environment:checking '/home/joas329/Desktop/rover_simulation/install/control_moveit_config/bin'
[8.802s] INFO:colcon.colcon_core.shell:Creating package script '/home/joas329/Desktop/rover_simulation/install/control_moveit_config/share/control_moveit_config/package.ps1'
[8.804s] INFO:colcon.colcon_core.shell:Creating package descriptor '/home/joas329/Desktop/rover_simulation/install/control_moveit_config/share/control_moveit_config/package.dsv'
[8.806s] INFO:colcon.colcon_core.shell:Creating package script '/home/joas329/Desktop/rover_simulation/install/control_moveit_config/share/control_moveit_config/package.sh'
[8.808s] INFO:colcon.colcon_core.shell:Creating package script '/home/joas329/Desktop/rover_simulation/install/control_moveit_config/share/control_moveit_config/package.bash'
[8.810s] INFO:colcon.colcon_core.shell:Creating package script '/home/joas329/Desktop/rover_simulation/install/control_moveit_config/share/control_moveit_config/package.zsh'
[8.811s] Level 1:colcon.colcon_core.environment:create_file_with_runtime_dependencies(/home/joas329/Desktop/rover_simulation/install/control_moveit_config/share/colcon-core/packages/control_moveit_config)
[8.829s] Level 1:colcon.colcon_core.environment:create_environment_scripts_only(arm_moveit_config)
[8.853s] Level 1:colcon.colcon_core.environment:checking '/home/joas329/Desktop/rover_simulation/install/arm_moveit_config' for CMake module files
[8.857s] Level 1:colcon.colcon_core.environment:checking '/home/joas329/Desktop/rover_simulation/install/arm_moveit_config' for CMake config files
[8.858s] Level 1:colcon.colcon_core.shell:create_environment_hook('arm_moveit_config', 'cmake_prefix_path')
[8.872s] INFO:colcon.colcon_core.shell:Creating environment hook '/home/joas329/Desktop/rover_simulation/install/arm_moveit_config/share/arm_moveit_config/hook/cmake_prefix_path.ps1'
[8.874s] INFO:colcon.colcon_core.shell:Creating environment descriptor '/home/joas329/Desktop/rover_simulation/install/arm_moveit_config/share/arm_moveit_config/hook/cmake_prefix_path.dsv'
[8.875s] INFO:colcon.colcon_core.shell:Creating environment hook '/home/joas329/Desktop/rover_simulation/install/arm_moveit_config/share/arm_moveit_config/hook/cmake_prefix_path.sh'
[8.877s] Level 1:colcon.colcon_core.environment:checking '/home/joas329/Desktop/rover_simulation/install/arm_moveit_config/bin'
[8.878s] Level 1:colcon.colcon_core.environment:checking '/home/joas329/Desktop/rover_simulation/install/arm_moveit_config/lib/pkgconfig/arm_moveit_config.pc'
[8.879s] Level 1:colcon.colcon_core.environment:checking '/home/joas329/Desktop/rover_simulation/install/arm_moveit_config/lib/python3.10/site-packages'
[8.880s] Level 1:colcon.colcon_core.environment:checking '/home/joas329/Desktop/rover_simulation/install/arm_moveit_config/bin'
[8.902s] INFO:colcon.colcon_core.shell:Creating package script '/home/joas329/Desktop/rover_simulation/install/arm_moveit_config/share/arm_moveit_config/package.ps1'
[8.905s] INFO:colcon.colcon_core.shell:Creating package descriptor '/home/joas329/Desktop/rover_simulation/install/arm_moveit_config/share/arm_moveit_config/package.dsv'
[8.907s] INFO:colcon.colcon_core.shell:Creating package script '/home/joas329/Desktop/rover_simulation/install/arm_moveit_config/share/arm_moveit_config/package.sh'
[8.908s] INFO:colcon.colcon_core.shell:Creating package script '/home/joas329/Desktop/rover_simulation/install/arm_moveit_config/share/arm_moveit_config/package.bash'
[8.910s] INFO:colcon.colcon_core.shell:Creating package script '/home/joas329/Desktop/rover_simulation/install/arm_moveit_config/share/arm_moveit_config/package.zsh'
[8.912s] Level 1:colcon.colcon_core.environment:create_file_with_runtime_dependencies(/home/joas329/Desktop/rover_simulation/install/arm_moveit_config/share/colcon-core/packages/arm_moveit_config)
[8.914s] DEBUG:colcon.colcon_parallel_executor.executor.parallel:closing loop
[8.915s] DEBUG:colcon.colcon_parallel_executor.executor.parallel:loop closed
[8.915s] DEBUG:colcon.colcon_parallel_executor.executor.parallel:run_until_complete finished with '0'
[8.916s] DEBUG:colcon.colcon_core.event_reactor:joining thread
[8.946s] INFO:colcon.colcon_core.plugin_system:Skipping extension 'colcon_notification.desktop_notification.terminal_notifier': Not used on non-Darwin systems
[8.946s] INFO:colcon.colcon_core.plugin_system:Skipping extension 'colcon_notification.desktop_notification.win32': Not used on non-Windows systems
[8.946s] INFO:colcon.colcon_notification.desktop_notification:Sending desktop notification using 'notify2'
[8.994s] DEBUG:colcon.colcon_core.event_reactor:joined thread
[9.008s] INFO:colcon.colcon_core.shell:Creating prefix script '/home/joas329/Desktop/rover_simulation/install/local_setup.ps1'
[9.012s] INFO:colcon.colcon_core.shell:Creating prefix util module '/home/joas329/Desktop/rover_simulation/install/_local_setup_util_ps1.py'
[9.018s] INFO:colcon.colcon_core.shell:Creating prefix chain script '/home/joas329/Desktop/rover_simulation/install/setup.ps1'
[9.026s] INFO:colcon.colcon_core.shell:Creating prefix script '/home/joas329/Desktop/rover_simulation/install/local_setup.sh'
[9.028s] INFO:colcon.colcon_core.shell:Creating prefix util module '/home/joas329/Desktop/rover_simulation/install/_local_setup_util_sh.py'
[9.030s] INFO:colcon.colcon_core.shell:Creating prefix chain script '/home/joas329/Desktop/rover_simulation/install/setup.sh'
[9.038s] INFO:colcon.colcon_core.shell:Creating prefix script '/home/joas329/Desktop/rover_simulation/install/local_setup.bash'
[9.040s] INFO:colcon.colcon_core.shell:Creating prefix chain script '/home/joas329/Desktop/rover_simulation/install/setup.bash'
[9.049s] INFO:colcon.colcon_core.shell:Creating prefix script '/home/joas329/Desktop/rover_simulation/install/local_setup.zsh'
[9.051s] INFO:colcon.colcon_core.shell:Creating prefix chain script '/home/joas329/Desktop/rover_simulation/install/setup.zsh'
