[2.755s] Invoking command in '/home/joas329/Desktop/rover_simulation/src/my_bot': PYTHONPATH=/home/joas329/Desktop/rover_simulation/build/my_bot/prefix_override:/home/joas329/Desktop/rover_simulation/install/my_bot/lib/python3.10/site-packages:${PYTHONPATH} /usr/bin/python3 setup.py egg_info --egg-base ../../build/my_bot build --build-base /home/joas329/Desktop/rover_simulation/build/my_bot/build install --record /home/joas329/Desktop/rover_simulation/build/my_bot/install.log --single-version-externally-managed
[3.895s] running egg_info
[3.898s] writing ../../build/my_bot/my_bot.egg-info/PKG-INFO
[3.899s] writing dependency_links to ../../build/my_bot/my_bot.egg-info/dependency_links.txt
[3.900s] writing entry points to ../../build/my_bot/my_bot.egg-info/entry_points.txt
[3.901s] writing requirements to ../../build/my_bot/my_bot.egg-info/requires.txt
[3.902s] writing top-level names to ../../build/my_bot/my_bot.egg-info/top_level.txt
[3.910s] reading manifest file '../../build/my_bot/my_bot.egg-info/SOURCES.txt'
[3.916s] writing manifest file '../../build/my_bot/my_bot.egg-info/SOURCES.txt'
[3.916s] running build
[3.917s] running build_py
[3.918s] running install
[3.920s] running install_lib
[3.926s] running install_data
[3.932s] running install_egg_info
[3.939s] removing '/home/joas329/Desktop/rover_simulation/install/my_bot/lib/python3.10/site-packages/my_bot-0.0.0-py3.10.egg-info' (and everything under it)
[3.941s] Copying ../../build/my_bot/my_bot.egg-info to /home/joas329/Desktop/rover_simulation/install/my_bot/lib/python3.10/site-packages/my_bot-0.0.0-py3.10.egg-info
[3.945s] running install_scripts
[4.028s] Installing PID script to /home/joas329/Desktop/rover_simulation/install/my_bot/lib/my_bot
[4.029s] Installing udp_conv script to /home/joas329/Desktop/rover_simulation/install/my_bot/lib/my_bot
[4.030s] writing list of installed files to '/home/joas329/Desktop/rover_simulation/build/my_bot/install.log'
[4.121s] Invoked command in '/home/joas329/Desktop/rover_simulation/src/my_bot' returned '0': PYTHONPATH=/home/joas329/Desktop/rover_simulation/build/my_bot/prefix_override:/home/joas329/Desktop/rover_simulation/install/my_bot/lib/python3.10/site-packages:${PYTHONPATH} /usr/bin/python3 setup.py egg_info --egg-base ../../build/my_bot build --build-base /home/joas329/Desktop/rover_simulation/build/my_bot/build install --record /home/joas329/Desktop/rover_simulation/build/my_bot/install.log --single-version-externally-managed
