[0.373s] DEBUG:colcon:Command line arguments: ['/usr/bin/colcon', 'build']
[0.374s] DEBUG:colcon:Parsed command line arguments: Namespace(log_base=None, log_level=None, verb_name='build', build_base='build', install_base='install', merge_install=False, symlink_install=False, test_result_base=None, continue_on_error=False, executor='parallel', parallel_workers=8, event_handlers=None, ignore_user_meta=False, metas=['./colcon.meta'], base_paths=['.'], packages_ignore=None, packages_ignore_regex=None, paths=None, packages_up_to=None, packages_up_to_regex=None, packages_above=None, packages_above_and_dependencies=None, packages_above_depth=None, packages_select_by_dep=None, packages_skip_by_dep=None, packages_skip_up_to=None, packages_select_build_failed=False, packages_skip_build_finished=False, packages_select_test_failures=False, packages_skip_test_passed=False, packages_select=None, packages_skip=None, packages_select_regex=None, packages_skip_regex=None, packages_start=None, packages_end=None, allow_overriding=[], cmake_args=None, cmake_target=None, cmake_target_skip_unavailable=False, cmake_clean_cache=False, cmake_clean_first=False, cmake_force_configure=False, ament_cmake_args=None, catkin_cmake_args=None, catkin_skip_building_tests=False, mixin_files=None, mixin=None, verb_parser=<colcon_mixin.mixin.mixin_argument.MixinArgumentDecorator object at 0x7fed6e7fa770>, verb_extension=<colcon_core.verb.build.BuildVerb object at 0x7fed6e7fa0e0>, main=<bound method BuildVerb.main of <colcon_core.verb.build.BuildVerb object at 0x7fed6e7fa0e0>>, mixin_verb=('build',))
[0.396s] Level 1:colcon.colcon_core.package_discovery:discover_packages(colcon_meta) check parameters
[0.397s] Level 1:colcon.colcon_core.package_discovery:discover_packages(recursive) check parameters
[0.397s] Level 1:colcon.colcon_core.package_discovery:discover_packages(ignore) check parameters
[0.397s] Level 1:colcon.colcon_core.package_discovery:discover_packages(path) check parameters
[0.397s] Level 1:colcon.colcon_core.package_discovery:discover_packages(colcon_meta) discover
[0.397s] Level 1:colcon.colcon_core.package_discovery:discover_packages(recursive) discover
[0.397s] INFO:colcon.colcon_core.package_discovery:Crawling recursively for packages in '/home/joas329/Desktop/rover_simulation'
[0.397s] Level 1:colcon.colcon_core.package_identification:_identify(.) by extensions ['ignore', 'ignore_ament_install']
[0.397s] Level 1:colcon.colcon_core.package_identification:_identify(.) by extension 'ignore'
[0.397s] Level 1:colcon.colcon_core.package_identification:_identify(.) by extension 'ignore_ament_install'
[0.397s] Level 1:colcon.colcon_core.package_identification:_identify(.) by extensions ['colcon_pkg']
[0.397s] Level 1:colcon.colcon_core.package_identification:_identify(.) by extension 'colcon_pkg'
[0.397s] Level 1:colcon.colcon_core.package_identification:_identify(.) by extensions ['colcon_meta']
[0.397s] Level 1:colcon.colcon_core.package_identification:_identify(.) by extension 'colcon_meta'
[0.397s] Level 1:colcon.colcon_core.package_identification:_identify(.) by extensions ['ros']
[0.397s] Level 1:colcon.colcon_core.package_identification:_identify(.) by extension 'ros'
[0.407s] Level 1:colcon.colcon_core.package_identification:_identify(.) by extensions ['cmake', 'python']
[0.407s] Level 1:colcon.colcon_core.package_identification:_identify(.) by extension 'cmake'
[0.407s] Level 1:colcon.colcon_core.package_identification:_identify(.) by extension 'python'
[0.407s] Level 1:colcon.colcon_core.package_identification:_identify(.) by extensions ['python_setup_py']
[0.407s] Level 1:colcon.colcon_core.package_identification:_identify(.) by extension 'python_setup_py'
[0.407s] Level 1:colcon.colcon_core.package_identification:_identify(build) by extensions ['ignore', 'ignore_ament_install']
[0.407s] Level 1:colcon.colcon_core.package_identification:_identify(build) by extension 'ignore'
[0.407s] Level 1:colcon.colcon_core.package_identification:_identify(build) ignored
[0.408s] Level 1:colcon.colcon_core.package_identification:_identify(install) by extensions ['ignore', 'ignore_ament_install']
[0.408s] Level 1:colcon.colcon_core.package_identification:_identify(install) by extension 'ignore'
[0.408s] Level 1:colcon.colcon_core.package_identification:_identify(install) ignored
[0.408s] Level 1:colcon.colcon_core.package_identification:_identify(log) by extensions ['ignore', 'ignore_ament_install']
[0.408s] Level 1:colcon.colcon_core.package_identification:_identify(log) by extension 'ignore'
[0.408s] Level 1:colcon.colcon_core.package_identification:_identify(log) ignored
[0.408s] Level 1:colcon.colcon_core.package_identification:_identify(src) by extensions ['ignore', 'ignore_ament_install']
[0.409s] Level 1:colcon.colcon_core.package_identification:_identify(src) by extension 'ignore'
[0.409s] Level 1:colcon.colcon_core.package_identification:_identify(src) by extension 'ignore_ament_install'
[0.409s] Level 1:colcon.colcon_core.package_identification:_identify(src) by extensions ['colcon_pkg']
[0.409s] Level 1:colcon.colcon_core.package_identification:_identify(src) by extension 'colcon_pkg'
[0.409s] Level 1:colcon.colcon_core.package_identification:_identify(src) by extensions ['colcon_meta']
[0.409s] Level 1:colcon.colcon_core.package_identification:_identify(src) by extension 'colcon_meta'
[0.409s] Level 1:colcon.colcon_core.package_identification:_identify(src) by extensions ['ros']
[0.409s] Level 1:colcon.colcon_core.package_identification:_identify(src) by extension 'ros'
[0.409s] Level 1:colcon.colcon_core.package_identification:_identify(src) by extensions ['cmake', 'python']
[0.409s] Level 1:colcon.colcon_core.package_identification:_identify(src) by extension 'cmake'
[0.409s] Level 1:colcon.colcon_core.package_identification:_identify(src) by extension 'python'
[0.409s] Level 1:colcon.colcon_core.package_identification:_identify(src) by extensions ['python_setup_py']
[0.409s] Level 1:colcon.colcon_core.package_identification:_identify(src) by extension 'python_setup_py'
[0.409s] Level 1:colcon.colcon_core.package_identification:_identify(src/arm_control_moveit_config) by extensions ['ignore', 'ignore_ament_install']
[0.409s] Level 1:colcon.colcon_core.package_identification:_identify(src/arm_control_moveit_config) by extension 'ignore'
[0.409s] Level 1:colcon.colcon_core.package_identification:_identify(src/arm_control_moveit_config) by extension 'ignore_ament_install'
[0.409s] Level 1:colcon.colcon_core.package_identification:_identify(src/arm_control_moveit_config) by extensions ['colcon_pkg']
[0.409s] Level 1:colcon.colcon_core.package_identification:_identify(src/arm_control_moveit_config) by extension 'colcon_pkg'
[0.409s] Level 1:colcon.colcon_core.package_identification:_identify(src/arm_control_moveit_config) by extensions ['colcon_meta']
[0.409s] Level 1:colcon.colcon_core.package_identification:_identify(src/arm_control_moveit_config) by extension 'colcon_meta'
[0.410s] Level 1:colcon.colcon_core.package_identification:_identify(src/arm_control_moveit_config) by extensions ['ros']
[0.410s] Level 1:colcon.colcon_core.package_identification:_identify(src/arm_control_moveit_config) by extension 'ros'
[0.412s] DEBUG:colcon.colcon_core.package_identification:Package 'src/arm_control_moveit_config' with type 'ros.ament_cmake' and name 'arm_control_moveit_config'
[0.412s] Level 1:colcon.colcon_core.package_identification:_identify(src/arm_moveit_config) by extensions ['ignore', 'ignore_ament_install']
[0.412s] Level 1:colcon.colcon_core.package_identification:_identify(src/arm_moveit_config) by extension 'ignore'
[0.412s] Level 1:colcon.colcon_core.package_identification:_identify(src/arm_moveit_config) by extension 'ignore_ament_install'
[0.412s] Level 1:colcon.colcon_core.package_identification:_identify(src/arm_moveit_config) by extensions ['colcon_pkg']
[0.412s] Level 1:colcon.colcon_core.package_identification:_identify(src/arm_moveit_config) by extension 'colcon_pkg'
[0.412s] Level 1:colcon.colcon_core.package_identification:_identify(src/arm_moveit_config) by extensions ['colcon_meta']
[0.412s] Level 1:colcon.colcon_core.package_identification:_identify(src/arm_moveit_config) by extension 'colcon_meta'
[0.412s] Level 1:colcon.colcon_core.package_identification:_identify(src/arm_moveit_config) by extensions ['ros']
[0.412s] Level 1:colcon.colcon_core.package_identification:_identify(src/arm_moveit_config) by extension 'ros'
[0.413s] DEBUG:colcon.colcon_core.package_identification:Package 'src/arm_moveit_config' with type 'ros.ament_cmake' and name 'arm_moveit_config'
[0.413s] Level 1:colcon.colcon_core.package_identification:_identify(src/build) by extensions ['ignore', 'ignore_ament_install']
[0.413s] Level 1:colcon.colcon_core.package_identification:_identify(src/build) by extension 'ignore'
[0.413s] Level 1:colcon.colcon_core.package_identification:_identify(src/build) ignored
[0.413s] Level 1:colcon.colcon_core.package_identification:_identify(src/hello_moveit) by extensions ['ignore', 'ignore_ament_install']
[0.414s] Level 1:colcon.colcon_core.package_identification:_identify(src/hello_moveit) by extension 'ignore'
[0.414s] Level 1:colcon.colcon_core.package_identification:_identify(src/hello_moveit) by extension 'ignore_ament_install'
[0.414s] Level 1:colcon.colcon_core.package_identification:_identify(src/hello_moveit) by extensions ['colcon_pkg']
[0.414s] Level 1:colcon.colcon_core.package_identification:_identify(src/hello_moveit) by extension 'colcon_pkg'
[0.414s] Level 1:colcon.colcon_core.package_identification:_identify(src/hello_moveit) by extensions ['colcon_meta']
[0.414s] Level 1:colcon.colcon_core.package_identification:_identify(src/hello_moveit) by extension 'colcon_meta'
[0.414s] Level 1:colcon.colcon_core.package_identification:_identify(src/hello_moveit) by extensions ['ros']
[0.414s] Level 1:colcon.colcon_core.package_identification:_identify(src/hello_moveit) by extension 'ros'
[0.414s] DEBUG:colcon.colcon_core.package_identification:Package 'src/hello_moveit' with type 'ros.ament_cmake' and name 'hello_moveit'
[0.415s] Level 1:colcon.colcon_core.package_identification:_identify(src/install) by extensions ['ignore', 'ignore_ament_install']
[0.415s] Level 1:colcon.colcon_core.package_identification:_identify(src/install) by extension 'ignore'
[0.415s] Level 1:colcon.colcon_core.package_identification:_identify(src/install) ignored
[0.415s] Level 1:colcon.colcon_core.package_identification:_identify(src/log) by extensions ['ignore', 'ignore_ament_install']
[0.415s] Level 1:colcon.colcon_core.package_identification:_identify(src/log) by extension 'ignore'
[0.415s] Level 1:colcon.colcon_core.package_identification:_identify(src/log) ignored
[0.415s] Level 1:colcon.colcon_core.package_identification:_identify(src/my_bot) by extensions ['ignore', 'ignore_ament_install']
[0.415s] Level 1:colcon.colcon_core.package_identification:_identify(src/my_bot) by extension 'ignore'
[0.415s] Level 1:colcon.colcon_core.package_identification:_identify(src/my_bot) by extension 'ignore_ament_install'
[0.415s] Level 1:colcon.colcon_core.package_identification:_identify(src/my_bot) by extensions ['colcon_pkg']
[0.415s] Level 1:colcon.colcon_core.package_identification:_identify(src/my_bot) by extension 'colcon_pkg'
[0.415s] Level 1:colcon.colcon_core.package_identification:_identify(src/my_bot) by extensions ['colcon_meta']
[0.415s] Level 1:colcon.colcon_core.package_identification:_identify(src/my_bot) by extension 'colcon_meta'
[0.415s] Level 1:colcon.colcon_core.package_identification:_identify(src/my_bot) by extensions ['ros']
[0.416s] Level 1:colcon.colcon_core.package_identification:_identify(src/my_bot) by extension 'ros'
[0.416s] DEBUG:colcon.colcon_core.package_identification:Package 'src/my_bot' with type 'ros.ament_python' and name 'my_bot'
[0.416s] Level 1:colcon.colcon_core.package_discovery:discover_packages(recursive) using defaults
[0.416s] Level 1:colcon.colcon_core.package_discovery:discover_packages(ignore) discover
[0.416s] Level 1:colcon.colcon_core.package_discovery:discover_packages(ignore) using defaults
[0.416s] Level 1:colcon.colcon_core.package_discovery:discover_packages(path) discover
[0.416s] Level 1:colcon.colcon_core.package_discovery:discover_packages(path) using defaults
[0.440s] Level 1:colcon.colcon_core.package_discovery:discover_packages(prefix_path) check parameters
[0.440s] Level 1:colcon.colcon_core.package_discovery:discover_packages(prefix_path) discover
[0.441s] WARNING:colcon.colcon_ros.prefix_path.ament:The path '/home/joas329/Desktop/rover_simulation/install/realtime_tools' in the environment variable AMENT_PREFIX_PATH doesn't exist
[0.441s] WARNING:colcon.colcon_ros.prefix_path.ament:The path '/home/joas329/Desktop/rover_simulation/install/moveit' in the environment variable AMENT_PREFIX_PATH doesn't exist
[0.441s] WARNING:colcon.colcon_ros.prefix_path.ament:The path '/home/joas329/Desktop/rover_simulation/install/gazebo_ros2_control_demos' in the environment variable AMENT_PREFIX_PATH doesn't exist
[0.441s] WARNING:colcon.colcon_ros.prefix_path.ament:The path '/home/joas329/Desktop/rover_simulation/install/gazebo_ros2_control' in the environment variable AMENT_PREFIX_PATH doesn't exist
[0.442s] WARNING:colcon.colcon_ros.prefix_path.ament:The path '/home/joas329/Desktop/rover_simulation/install/control_msgs' in the environment variable AMENT_PREFIX_PATH doesn't exist
[0.442s] WARNING:colcon.colcon_ros.prefix_path.catkin:The path '/home/joas329/Desktop/rover_simulation/install/realtime_tools' in the environment variable CMAKE_PREFIX_PATH doesn't exist
[0.442s] WARNING:colcon.colcon_ros.prefix_path.catkin:The path '/home/joas329/Desktop/rover_simulation/install/moveit' in the environment variable CMAKE_PREFIX_PATH doesn't exist
[0.442s] WARNING:colcon.colcon_ros.prefix_path.catkin:The path '/home/joas329/Desktop/rover_simulation/install/gazebo_ros2_control_demos' in the environment variable CMAKE_PREFIX_PATH doesn't exist
[0.442s] WARNING:colcon.colcon_ros.prefix_path.catkin:The path '/home/joas329/Desktop/rover_simulation/install/gazebo_ros2_control' in the environment variable CMAKE_PREFIX_PATH doesn't exist
[0.442s] WARNING:colcon.colcon_ros.prefix_path.catkin:The path '/home/joas329/Desktop/rover_simulation/install/control_msgs' in the environment variable CMAKE_PREFIX_PATH doesn't exist
[0.445s] DEBUG:colcon.colcon_installed_package_information.package_discovery:Found 4 installed packages in /home/joas329/Desktop/rover_simulation/install
[0.447s] DEBUG:colcon.colcon_installed_package_information.package_discovery:Found 398 installed packages in /opt/ros/humble
[0.449s] Level 1:colcon.colcon_core.package_discovery:discover_packages(prefix_path) using defaults
[0.519s] Level 5:colcon.colcon_core.verb:set package 'hello_moveit' build argument 'cmake_args' from command line to 'None'
[0.520s] Level 5:colcon.colcon_core.verb:set package 'hello_moveit' build argument 'cmake_target' from command line to 'None'
[0.520s] Level 5:colcon.colcon_core.verb:set package 'hello_moveit' build argument 'cmake_target_skip_unavailable' from command line to 'False'
[0.520s] Level 5:colcon.colcon_core.verb:set package 'hello_moveit' build argument 'cmake_clean_cache' from command line to 'False'
[0.520s] Level 5:colcon.colcon_core.verb:set package 'hello_moveit' build argument 'cmake_clean_first' from command line to 'False'
[0.520s] Level 5:colcon.colcon_core.verb:set package 'hello_moveit' build argument 'cmake_force_configure' from command line to 'False'
[0.520s] Level 5:colcon.colcon_core.verb:set package 'hello_moveit' build argument 'ament_cmake_args' from command line to 'None'
[0.520s] Level 5:colcon.colcon_core.verb:set package 'hello_moveit' build argument 'catkin_cmake_args' from command line to 'None'
[0.520s] Level 5:colcon.colcon_core.verb:set package 'hello_moveit' build argument 'catkin_skip_building_tests' from command line to 'False'
[0.520s] DEBUG:colcon.colcon_core.verb:Building package 'hello_moveit' with the following arguments: {'ament_cmake_args': None, 'build_base': '/home/joas329/Desktop/rover_simulation/build/hello_moveit', 'catkin_cmake_args': None, 'catkin_skip_building_tests': False, 'cmake_args': None, 'cmake_clean_cache': False, 'cmake_clean_first': False, 'cmake_force_configure': False, 'cmake_target': None, 'cmake_target_skip_unavailable': False, 'install_base': '/home/joas329/Desktop/rover_simulation/install/hello_moveit', 'merge_install': False, 'path': '/home/joas329/Desktop/rover_simulation/src/hello_moveit', 'symlink_install': False, 'test_result_base': None}
[0.521s] Level 5:colcon.colcon_core.verb:set package 'my_bot' build argument 'cmake_args' from command line to 'None'
[0.521s] Level 5:colcon.colcon_core.verb:set package 'my_bot' build argument 'cmake_target' from command line to 'None'
[0.521s] Level 5:colcon.colcon_core.verb:set package 'my_bot' build argument 'cmake_target_skip_unavailable' from command line to 'False'
[0.521s] Level 5:colcon.colcon_core.verb:set package 'my_bot' build argument 'cmake_clean_cache' from command line to 'False'
[0.521s] Level 5:colcon.colcon_core.verb:set package 'my_bot' build argument 'cmake_clean_first' from command line to 'False'
[0.521s] Level 5:colcon.colcon_core.verb:set package 'my_bot' build argument 'cmake_force_configure' from command line to 'False'
[0.521s] Level 5:colcon.colcon_core.verb:set package 'my_bot' build argument 'ament_cmake_args' from command line to 'None'
[0.521s] Level 5:colcon.colcon_core.verb:set package 'my_bot' build argument 'catkin_cmake_args' from command line to 'None'
[0.521s] Level 5:colcon.colcon_core.verb:set package 'my_bot' build argument 'catkin_skip_building_tests' from command line to 'False'
[0.521s] DEBUG:colcon.colcon_core.verb:Building package 'my_bot' with the following arguments: {'ament_cmake_args': None, 'build_base': '/home/joas329/Desktop/rover_simulation/build/my_bot', 'catkin_cmake_args': None, 'catkin_skip_building_tests': False, 'cmake_args': None, 'cmake_clean_cache': False, 'cmake_clean_first': False, 'cmake_force_configure': False, 'cmake_target': None, 'cmake_target_skip_unavailable': False, 'install_base': '/home/joas329/Desktop/rover_simulation/install/my_bot', 'merge_install': False, 'path': '/home/joas329/Desktop/rover_simulation/src/my_bot', 'symlink_install': False, 'test_result_base': None}
[0.523s] Level 5:colcon.colcon_core.verb:set package 'arm_control_moveit_config' build argument 'cmake_args' from command line to 'None'
[0.523s] Level 5:colcon.colcon_core.verb:set package 'arm_control_moveit_config' build argument 'cmake_target' from command line to 'None'
[0.523s] Level 5:colcon.colcon_core.verb:set package 'arm_control_moveit_config' build argument 'cmake_target_skip_unavailable' from command line to 'False'
[0.523s] Level 5:colcon.colcon_core.verb:set package 'arm_control_moveit_config' build argument 'cmake_clean_cache' from command line to 'False'
[0.523s] Level 5:colcon.colcon_core.verb:set package 'arm_control_moveit_config' build argument 'cmake_clean_first' from command line to 'False'
[0.523s] Level 5:colcon.colcon_core.verb:set package 'arm_control_moveit_config' build argument 'cmake_force_configure' from command line to 'False'
[0.523s] Level 5:colcon.colcon_core.verb:set package 'arm_control_moveit_config' build argument 'ament_cmake_args' from command line to 'None'
[0.523s] Level 5:colcon.colcon_core.verb:set package 'arm_control_moveit_config' build argument 'catkin_cmake_args' from command line to 'None'
[0.523s] Level 5:colcon.colcon_core.verb:set package 'arm_control_moveit_config' build argument 'catkin_skip_building_tests' from command line to 'False'
[0.523s] DEBUG:colcon.colcon_core.verb:Building package 'arm_control_moveit_config' with the following arguments: {'ament_cmake_args': None, 'build_base': '/home/joas329/Desktop/rover_simulation/build/arm_control_moveit_config', 'catkin_cmake_args': None, 'catkin_skip_building_tests': False, 'cmake_args': None, 'cmake_clean_cache': False, 'cmake_clean_first': False, 'cmake_force_configure': False, 'cmake_target': None, 'cmake_target_skip_unavailable': False, 'install_base': '/home/joas329/Desktop/rover_simulation/install/arm_control_moveit_config', 'merge_install': False, 'path': '/home/joas329/Desktop/rover_simulation/src/arm_control_moveit_config', 'symlink_install': False, 'test_result_base': None}
[0.524s] Level 5:colcon.colcon_core.verb:set package 'arm_moveit_config' build argument 'cmake_args' from command line to 'None'
[0.524s] Level 5:colcon.colcon_core.verb:set package 'arm_moveit_config' build argument 'cmake_target' from command line to 'None'
[0.524s] Level 5:colcon.colcon_core.verb:set package 'arm_moveit_config' build argument 'cmake_target_skip_unavailable' from command line to 'False'
[0.524s] Level 5:colcon.colcon_core.verb:set package 'arm_moveit_config' build argument 'cmake_clean_cache' from command line to 'False'
[0.524s] Level 5:colcon.colcon_core.verb:set package 'arm_moveit_config' build argument 'cmake_clean_first' from command line to 'False'
[0.525s] Level 5:colcon.colcon_core.verb:set package 'arm_moveit_config' build argument 'cmake_force_configure' from command line to 'False'
[0.525s] Level 5:colcon.colcon_core.verb:set package 'arm_moveit_config' build argument 'ament_cmake_args' from command line to 'None'
[0.525s] Level 5:colcon.colcon_core.verb:set package 'arm_moveit_config' build argument 'catkin_cmake_args' from command line to 'None'
[0.525s] Level 5:colcon.colcon_core.verb:set package 'arm_moveit_config' build argument 'catkin_skip_building_tests' from command line to 'False'
[0.525s] DEBUG:colcon.colcon_core.verb:Building package 'arm_moveit_config' with the following arguments: {'ament_cmake_args': None, 'build_base': '/home/joas329/Desktop/rover_simulation/build/arm_moveit_config', 'catkin_cmake_args': None, 'catkin_skip_building_tests': False, 'cmake_args': None, 'cmake_clean_cache': False, 'cmake_clean_first': False, 'cmake_force_configure': False, 'cmake_target': None, 'cmake_target_skip_unavailable': False, 'install_base': '/home/joas329/Desktop/rover_simulation/install/arm_moveit_config', 'merge_install': False, 'path': '/home/joas329/Desktop/rover_simulation/src/arm_moveit_config', 'symlink_install': False, 'test_result_base': None}
[0.526s] INFO:colcon.colcon_core.executor:Executing jobs using 'parallel' executor
[0.531s] DEBUG:colcon.colcon_parallel_executor.executor.parallel:run_until_complete
[0.532s] INFO:colcon.colcon_ros.task.ament_python.build:Building ROS package in '/home/joas329/Desktop/rover_simulation/src/my_bot' with build type 'ament_python'
[0.532s] Level 1:colcon.colcon_core.shell:create_environment_hook('my_bot', 'ament_prefix_path')
[0.537s] INFO:colcon.colcon_core.plugin_system:Skipping extension 'colcon_core.shell.bat': Not used on non-Windows systems
[0.537s] INFO:colcon.colcon_core.shell:Creating environment hook '/home/joas329/Desktop/rover_simulation/install/my_bot/share/my_bot/hook/ament_prefix_path.ps1'
[0.538s] INFO:colcon.colcon_core.shell:Creating environment descriptor '/home/joas329/Desktop/rover_simulation/install/my_bot/share/my_bot/hook/ament_prefix_path.dsv'
[0.538s] INFO:colcon.colcon_core.shell:Creating environment hook '/home/joas329/Desktop/rover_simulation/install/my_bot/share/my_bot/hook/ament_prefix_path.sh'
[0.541s] INFO:colcon.colcon_core.shell:Skip shell extension 'powershell' for command environment: Not usable outside of PowerShell
[0.541s] DEBUG:colcon.colcon_core.shell:Skip shell extension 'dsv' for command environment
[0.547s] INFO:colcon.colcon_ros.task.ament_cmake.build:Building ROS package in '/home/joas329/Desktop/rover_simulation/src/hello_moveit' with build type 'ament_cmake'
[0.547s] INFO:colcon.colcon_cmake.task.cmake.build:Building CMake package in '/home/joas329/Desktop/rover_simulation/src/hello_moveit'
[0.549s] INFO:colcon.colcon_core.shell:Skip shell extension 'powershell' for command environment: Not usable outside of PowerShell
[0.549s] DEBUG:colcon.colcon_core.shell:Skip shell extension 'dsv' for command environment
[0.836s] INFO:colcon.colcon_core.task.python.build:Building Python package in '/home/joas329/Desktop/rover_simulation/src/my_bot'
[0.839s] INFO:colcon.colcon_core.shell:Skip shell extension 'powershell' for command environment: Not usable outside of PowerShell
[0.839s] DEBUG:colcon.colcon_core.shell:Skip shell extension 'dsv' for command environment
[0.850s] DEBUG:colcon.colcon_core.event_handler.log_command:Invoking command in '/home/joas329/Desktop/rover_simulation/build/hello_moveit': CMAKE_PREFIX_PATH=${CMAKE_PREFIX_PATH}:/home/joas329/Desktop/rover_simulation/install/my_bot:/opt/ros/humble /usr/bin/cmake --build /home/joas329/Desktop/rover_simulation/build/hello_moveit -- -j8 -l8
[0.924s] DEBUG:colcon.colcon_core.event_handler.log_command:Invoked command in '/home/joas329/Desktop/rover_simulation/build/hello_moveit' returned '0': CMAKE_PREFIX_PATH=${CMAKE_PREFIX_PATH}:/home/joas329/Desktop/rover_simulation/install/my_bot:/opt/ros/humble /usr/bin/cmake --build /home/joas329/Desktop/rover_simulation/build/hello_moveit -- -j8 -l8
[0.964s] DEBUG:colcon.colcon_core.event_handler.log_command:Invoking command in '/home/joas329/Desktop/rover_simulation/build/hello_moveit': CMAKE_PREFIX_PATH=${CMAKE_PREFIX_PATH}:/home/joas329/Desktop/rover_simulation/install/my_bot:/opt/ros/humble /usr/bin/cmake --install /home/joas329/Desktop/rover_simulation/build/hello_moveit
[0.978s] Level 1:colcon.colcon_core.environment:create_environment_scripts_only(hello_moveit)
[0.979s] DEBUG:colcon.colcon_core.event_handler.log_command:Invoked command in '/home/joas329/Desktop/rover_simulation/build/hello_moveit' returned '0': CMAKE_PREFIX_PATH=${CMAKE_PREFIX_PATH}:/home/joas329/Desktop/rover_simulation/install/my_bot:/opt/ros/humble /usr/bin/cmake --install /home/joas329/Desktop/rover_simulation/build/hello_moveit
[0.986s] Level 1:colcon.colcon_core.environment:checking '/home/joas329/Desktop/rover_simulation/install/hello_moveit' for CMake module files
[0.987s] Level 1:colcon.colcon_core.environment:checking '/home/joas329/Desktop/rover_simulation/install/hello_moveit' for CMake config files
[0.987s] Level 1:colcon.colcon_core.shell:create_environment_hook('hello_moveit', 'cmake_prefix_path')
[0.990s] INFO:colcon.colcon_core.shell:Creating environment hook '/home/joas329/Desktop/rover_simulation/install/hello_moveit/share/hello_moveit/hook/cmake_prefix_path.ps1'
[0.990s] INFO:colcon.colcon_core.shell:Creating environment descriptor '/home/joas329/Desktop/rover_simulation/install/hello_moveit/share/hello_moveit/hook/cmake_prefix_path.dsv'
[0.991s] INFO:colcon.colcon_core.shell:Creating environment hook '/home/joas329/Desktop/rover_simulation/install/hello_moveit/share/hello_moveit/hook/cmake_prefix_path.sh'
[0.991s] Level 1:colcon.colcon_core.environment:checking '/home/joas329/Desktop/rover_simulation/install/hello_moveit/lib'
[0.992s] Level 1:colcon.colcon_core.environment:checking '/home/joas329/Desktop/rover_simulation/install/hello_moveit/bin'
[0.992s] Level 1:colcon.colcon_core.environment:checking '/home/joas329/Desktop/rover_simulation/install/hello_moveit/lib/pkgconfig/hello_moveit.pc'
[0.992s] Level 1:colcon.colcon_core.environment:checking '/home/joas329/Desktop/rover_simulation/install/hello_moveit/lib/python3.10/site-packages'
[0.992s] Level 1:colcon.colcon_core.environment:checking '/home/joas329/Desktop/rover_simulation/install/hello_moveit/bin'
[0.995s] INFO:colcon.colcon_core.shell:Creating package script '/home/joas329/Desktop/rover_simulation/install/hello_moveit/share/hello_moveit/package.ps1'
[0.997s] INFO:colcon.colcon_core.shell:Creating package descriptor '/home/joas329/Desktop/rover_simulation/install/hello_moveit/share/hello_moveit/package.dsv'
[0.997s] INFO:colcon.colcon_core.shell:Creating package script '/home/joas329/Desktop/rover_simulation/install/hello_moveit/share/hello_moveit/package.sh'
[0.998s] INFO:colcon.colcon_core.shell:Creating package script '/home/joas329/Desktop/rover_simulation/install/hello_moveit/share/hello_moveit/package.bash'
[0.999s] INFO:colcon.colcon_core.shell:Creating package script '/home/joas329/Desktop/rover_simulation/install/hello_moveit/share/hello_moveit/package.zsh'
[1.000s] Level 1:colcon.colcon_core.environment:create_file_with_runtime_dependencies(/home/joas329/Desktop/rover_simulation/install/hello_moveit/share/colcon-core/packages/hello_moveit)
[1.039s] Level 1:colcon.colcon_core.environment:create_environment_scripts_only(hello_moveit)
[1.043s] Level 1:colcon.colcon_core.environment:checking '/home/joas329/Desktop/rover_simulation/install/hello_moveit' for CMake module files
[1.044s] Level 1:colcon.colcon_core.environment:checking '/home/joas329/Desktop/rover_simulation/install/hello_moveit' for CMake config files
[1.044s] Level 1:colcon.colcon_core.shell:create_environment_hook('hello_moveit', 'cmake_prefix_path')
[1.048s] INFO:colcon.colcon_core.shell:Creating environment hook '/home/joas329/Desktop/rover_simulation/install/hello_moveit/share/hello_moveit/hook/cmake_prefix_path.ps1'
[1.048s] INFO:colcon.colcon_core.shell:Creating environment descriptor '/home/joas329/Desktop/rover_simulation/install/hello_moveit/share/hello_moveit/hook/cmake_prefix_path.dsv'
[1.049s] INFO:colcon.colcon_core.shell:Creating environment hook '/home/joas329/Desktop/rover_simulation/install/hello_moveit/share/hello_moveit/hook/cmake_prefix_path.sh'
[1.049s] Level 1:colcon.colcon_core.environment:checking '/home/joas329/Desktop/rover_simulation/install/hello_moveit/lib'
[1.050s] Level 1:colcon.colcon_core.environment:checking '/home/joas329/Desktop/rover_simulation/install/hello_moveit/bin'
[1.050s] Level 1:colcon.colcon_core.environment:checking '/home/joas329/Desktop/rover_simulation/install/hello_moveit/lib/pkgconfig/hello_moveit.pc'
[1.050s] Level 1:colcon.colcon_core.environment:checking '/home/joas329/Desktop/rover_simulation/install/hello_moveit/lib/python3.10/site-packages'
[1.050s] Level 1:colcon.colcon_core.environment:checking '/home/joas329/Desktop/rover_simulation/install/hello_moveit/bin'
[1.053s] INFO:colcon.colcon_core.shell:Creating package script '/home/joas329/Desktop/rover_simulation/install/hello_moveit/share/hello_moveit/package.ps1'
[1.054s] INFO:colcon.colcon_core.shell:Creating package descriptor '/home/joas329/Desktop/rover_simulation/install/hello_moveit/share/hello_moveit/package.dsv'
[1.054s] INFO:colcon.colcon_core.shell:Creating package script '/home/joas329/Desktop/rover_simulation/install/hello_moveit/share/hello_moveit/package.sh'
[1.055s] INFO:colcon.colcon_core.shell:Creating package script '/home/joas329/Desktop/rover_simulation/install/hello_moveit/share/hello_moveit/package.bash'
[1.056s] INFO:colcon.colcon_core.shell:Creating package script '/home/joas329/Desktop/rover_simulation/install/hello_moveit/share/hello_moveit/package.zsh'
[1.056s] Level 1:colcon.colcon_core.environment:create_file_with_runtime_dependencies(/home/joas329/Desktop/rover_simulation/install/hello_moveit/share/colcon-core/packages/hello_moveit)
[1.256s] DEBUG:colcon.colcon_core.event_handler.log_command:Invoking command in '/home/joas329/Desktop/rover_simulation/src/my_bot': PYTHONPATH=/home/joas329/Desktop/rover_simulation/build/my_bot/prefix_override:/home/joas329/Desktop/rover_simulation/install/my_bot/lib/python3.10/site-packages:${PYTHONPATH} /usr/bin/python3 setup.py egg_info --egg-base ../../build/my_bot build --build-base /home/joas329/Desktop/rover_simulation/build/my_bot/build install --record /home/joas329/Desktop/rover_simulation/build/my_bot/install.log --single-version-externally-managed
[1.572s] Level 1:colcon.colcon_core.environment:checking '/home/joas329/Desktop/rover_simulation/install/my_bot' for CMake module files
[1.573s] DEBUG:colcon.colcon_core.event_handler.log_command:Invoked command in '/home/joas329/Desktop/rover_simulation/src/my_bot' returned '0': PYTHONPATH=/home/joas329/Desktop/rover_simulation/build/my_bot/prefix_override:/home/joas329/Desktop/rover_simulation/install/my_bot/lib/python3.10/site-packages:${PYTHONPATH} /usr/bin/python3 setup.py egg_info --egg-base ../../build/my_bot build --build-base /home/joas329/Desktop/rover_simulation/build/my_bot/build install --record /home/joas329/Desktop/rover_simulation/build/my_bot/install.log --single-version-externally-managed
[1.573s] Level 1:colcon.colcon_core.environment:checking '/home/joas329/Desktop/rover_simulation/install/my_bot' for CMake config files
[1.574s] Level 1:colcon.colcon_core.environment:checking '/home/joas329/Desktop/rover_simulation/install/my_bot/lib'
[1.574s] Level 1:colcon.colcon_core.environment:checking '/home/joas329/Desktop/rover_simulation/install/my_bot/bin'
[1.574s] Level 1:colcon.colcon_core.environment:checking '/home/joas329/Desktop/rover_simulation/install/my_bot/lib/pkgconfig/my_bot.pc'
[1.575s] Level 1:colcon.colcon_core.environment:checking '/home/joas329/Desktop/rover_simulation/install/my_bot/lib/python3.10/site-packages'
[1.575s] Level 1:colcon.colcon_core.shell:create_environment_hook('my_bot', 'pythonpath')
[1.577s] INFO:colcon.colcon_core.shell:Creating environment hook '/home/joas329/Desktop/rover_simulation/install/my_bot/share/my_bot/hook/pythonpath.ps1'
[1.578s] INFO:colcon.colcon_core.shell:Creating environment descriptor '/home/joas329/Desktop/rover_simulation/install/my_bot/share/my_bot/hook/pythonpath.dsv'
[1.578s] INFO:colcon.colcon_core.shell:Creating environment hook '/home/joas329/Desktop/rover_simulation/install/my_bot/share/my_bot/hook/pythonpath.sh'
[1.578s] Level 1:colcon.colcon_core.environment:checking '/home/joas329/Desktop/rover_simulation/install/my_bot/bin'
[1.579s] Level 1:colcon.colcon_core.environment:create_environment_scripts_only(my_bot)
[1.581s] INFO:colcon.colcon_core.shell:Creating package script '/home/joas329/Desktop/rover_simulation/install/my_bot/share/my_bot/package.ps1'
[1.582s] INFO:colcon.colcon_core.shell:Creating package descriptor '/home/joas329/Desktop/rover_simulation/install/my_bot/share/my_bot/package.dsv'
[1.582s] INFO:colcon.colcon_core.shell:Creating package script '/home/joas329/Desktop/rover_simulation/install/my_bot/share/my_bot/package.sh'
[1.582s] INFO:colcon.colcon_core.shell:Creating package script '/home/joas329/Desktop/rover_simulation/install/my_bot/share/my_bot/package.bash'
[1.583s] INFO:colcon.colcon_core.shell:Creating package script '/home/joas329/Desktop/rover_simulation/install/my_bot/share/my_bot/package.zsh'
[1.583s] Level 1:colcon.colcon_core.environment:create_file_with_runtime_dependencies(/home/joas329/Desktop/rover_simulation/install/my_bot/share/colcon-core/packages/my_bot)
[1.583s] INFO:colcon.colcon_ros.task.ament_cmake.build:Building ROS package in '/home/joas329/Desktop/rover_simulation/src/arm_control_moveit_config' with build type 'ament_cmake'
[1.584s] INFO:colcon.colcon_cmake.task.cmake.build:Building CMake package in '/home/joas329/Desktop/rover_simulation/src/arm_control_moveit_config'
[1.587s] INFO:colcon.colcon_core.shell:Skip shell extension 'powershell' for command environment: Not usable outside of PowerShell
[1.588s] DEBUG:colcon.colcon_core.shell:Skip shell extension 'dsv' for command environment
[1.596s] INFO:colcon.colcon_ros.task.ament_cmake.build:Building ROS package in '/home/joas329/Desktop/rover_simulation/src/arm_moveit_config' with build type 'ament_cmake'
[1.596s] INFO:colcon.colcon_cmake.task.cmake.build:Building CMake package in '/home/joas329/Desktop/rover_simulation/src/arm_moveit_config'
[1.599s] INFO:colcon.colcon_core.shell:Skip shell extension 'powershell' for command environment: Not usable outside of PowerShell
[1.599s] DEBUG:colcon.colcon_core.shell:Skip shell extension 'dsv' for command environment
[1.612s] DEBUG:colcon.colcon_core.event_handler.log_command:Invoking command in '/home/joas329/Desktop/rover_simulation/build/arm_control_moveit_config': AMENT_PREFIX_PATH=/home/joas329/Desktop/rover_simulation/install/my_bot:/home/joas329/Desktop/rover_simulation/install/realtime_tools:/home/joas329/Desktop/rover_simulation/install/moveit:/home/joas329/Desktop/rover_simulation/install/arm_moveit_config:/home/joas329/Desktop/rover_simulation/install/arm_control_moveit_config:/home/joas329/Desktop/rover_simulation/install/hello_moveit:/home/joas329/Desktop/rover_simulation/install/gazebo_ros2_control_demos:/home/joas329/Desktop/rover_simulation/install/gazebo_ros2_control:/home/joas329/Desktop/rover_simulation/install/control_msgs:/opt/ros/humble CMAKE_PREFIX_PATH=${CMAKE_PREFIX_PATH}:/home/joas329/Desktop/rover_simulation/install/my_bot:/opt/ros/humble /usr/bin/cmake --build /home/joas329/Desktop/rover_simulation/build/arm_control_moveit_config -- -j8 -l8
[1.616s] DEBUG:colcon.colcon_core.event_handler.log_command:Invoking command in '/home/joas329/Desktop/rover_simulation/build/arm_moveit_config': AMENT_PREFIX_PATH=/home/joas329/Desktop/rover_simulation/install/my_bot:/home/joas329/Desktop/rover_simulation/install/realtime_tools:/home/joas329/Desktop/rover_simulation/install/moveit:/home/joas329/Desktop/rover_simulation/install/arm_moveit_config:/home/joas329/Desktop/rover_simulation/install/arm_control_moveit_config:/home/joas329/Desktop/rover_simulation/install/hello_moveit:/home/joas329/Desktop/rover_simulation/install/gazebo_ros2_control_demos:/home/joas329/Desktop/rover_simulation/install/gazebo_ros2_control:/home/joas329/Desktop/rover_simulation/install/control_msgs:/opt/ros/humble CMAKE_PREFIX_PATH=${CMAKE_PREFIX_PATH}:/home/joas329/Desktop/rover_simulation/install/my_bot:/opt/ros/humble /usr/bin/cmake --build /home/joas329/Desktop/rover_simulation/build/arm_moveit_config -- -j8 -l8
[1.649s] DEBUG:colcon.colcon_core.event_handler.log_command:Invoked command in '/home/joas329/Desktop/rover_simulation/build/arm_control_moveit_config' returned '0': AMENT_PREFIX_PATH=/home/joas329/Desktop/rover_simulation/install/my_bot:/home/joas329/Desktop/rover_simulation/install/realtime_tools:/home/joas329/Desktop/rover_simulation/install/moveit:/home/joas329/Desktop/rover_simulation/install/arm_moveit_config:/home/joas329/Desktop/rover_simulation/install/arm_control_moveit_config:/home/joas329/Desktop/rover_simulation/install/hello_moveit:/home/joas329/Desktop/rover_simulation/install/gazebo_ros2_control_demos:/home/joas329/Desktop/rover_simulation/install/gazebo_ros2_control:/home/joas329/Desktop/rover_simulation/install/control_msgs:/opt/ros/humble CMAKE_PREFIX_PATH=${CMAKE_PREFIX_PATH}:/home/joas329/Desktop/rover_simulation/install/my_bot:/opt/ros/humble /usr/bin/cmake --build /home/joas329/Desktop/rover_simulation/build/arm_control_moveit_config -- -j8 -l8
[1.654s] DEBUG:colcon.colcon_core.event_handler.log_command:Invoked command in '/home/joas329/Desktop/rover_simulation/build/arm_moveit_config' returned '0': AMENT_PREFIX_PATH=/home/joas329/Desktop/rover_simulation/install/my_bot:/home/joas329/Desktop/rover_simulation/install/realtime_tools:/home/joas329/Desktop/rover_simulation/install/moveit:/home/joas329/Desktop/rover_simulation/install/arm_moveit_config:/home/joas329/Desktop/rover_simulation/install/arm_control_moveit_config:/home/joas329/Desktop/rover_simulation/install/hello_moveit:/home/joas329/Desktop/rover_simulation/install/gazebo_ros2_control_demos:/home/joas329/Desktop/rover_simulation/install/gazebo_ros2_control:/home/joas329/Desktop/rover_simulation/install/control_msgs:/opt/ros/humble CMAKE_PREFIX_PATH=${CMAKE_PREFIX_PATH}:/home/joas329/Desktop/rover_simulation/install/my_bot:/opt/ros/humble /usr/bin/cmake --build /home/joas329/Desktop/rover_simulation/build/arm_moveit_config -- -j8 -l8
[1.676s] DEBUG:colcon.colcon_core.event_handler.log_command:Invoking command in '/home/joas329/Desktop/rover_simulation/build/arm_control_moveit_config': AMENT_PREFIX_PATH=/home/joas329/Desktop/rover_simulation/install/my_bot:/home/joas329/Desktop/rover_simulation/install/realtime_tools:/home/joas329/Desktop/rover_simulation/install/moveit:/home/joas329/Desktop/rover_simulation/install/arm_moveit_config:/home/joas329/Desktop/rover_simulation/install/arm_control_moveit_config:/home/joas329/Desktop/rover_simulation/install/hello_moveit:/home/joas329/Desktop/rover_simulation/install/gazebo_ros2_control_demos:/home/joas329/Desktop/rover_simulation/install/gazebo_ros2_control:/home/joas329/Desktop/rover_simulation/install/control_msgs:/opt/ros/humble CMAKE_PREFIX_PATH=${CMAKE_PREFIX_PATH}:/home/joas329/Desktop/rover_simulation/install/my_bot:/opt/ros/humble /usr/bin/cmake --install /home/joas329/Desktop/rover_simulation/build/arm_control_moveit_config
[1.682s] DEBUG:colcon.colcon_core.event_handler.log_command:Invoking command in '/home/joas329/Desktop/rover_simulation/build/arm_moveit_config': AMENT_PREFIX_PATH=/home/joas329/Desktop/rover_simulation/install/my_bot:/home/joas329/Desktop/rover_simulation/install/realtime_tools:/home/joas329/Desktop/rover_simulation/install/moveit:/home/joas329/Desktop/rover_simulation/install/arm_moveit_config:/home/joas329/Desktop/rover_simulation/install/arm_control_moveit_config:/home/joas329/Desktop/rover_simulation/install/hello_moveit:/home/joas329/Desktop/rover_simulation/install/gazebo_ros2_control_demos:/home/joas329/Desktop/rover_simulation/install/gazebo_ros2_control:/home/joas329/Desktop/rover_simulation/install/control_msgs:/opt/ros/humble CMAKE_PREFIX_PATH=${CMAKE_PREFIX_PATH}:/home/joas329/Desktop/rover_simulation/install/my_bot:/opt/ros/humble /usr/bin/cmake --install /home/joas329/Desktop/rover_simulation/build/arm_moveit_config
[1.690s] Level 1:colcon.colcon_core.environment:create_environment_scripts_only(arm_control_moveit_config)
[1.696s] Level 1:colcon.colcon_core.environment:checking '/home/joas329/Desktop/rover_simulation/install/arm_control_moveit_config' for CMake module files
[1.699s] Level 1:colcon.colcon_core.environment:checking '/home/joas329/Desktop/rover_simulation/install/arm_control_moveit_config' for CMake config files
[1.700s] DEBUG:colcon.colcon_core.event_handler.log_command:Invoked command in '/home/joas329/Desktop/rover_simulation/build/arm_control_moveit_config' returned '0': AMENT_PREFIX_PATH=/home/joas329/Desktop/rover_simulation/install/my_bot:/home/joas329/Desktop/rover_simulation/install/realtime_tools:/home/joas329/Desktop/rover_simulation/install/moveit:/home/joas329/Desktop/rover_simulation/install/arm_moveit_config:/home/joas329/Desktop/rover_simulation/install/arm_control_moveit_config:/home/joas329/Desktop/rover_simulation/install/hello_moveit:/home/joas329/Desktop/rover_simulation/install/gazebo_ros2_control_demos:/home/joas329/Desktop/rover_simulation/install/gazebo_ros2_control:/home/joas329/Desktop/rover_simulation/install/control_msgs:/opt/ros/humble CMAKE_PREFIX_PATH=${CMAKE_PREFIX_PATH}:/home/joas329/Desktop/rover_simulation/install/my_bot:/opt/ros/humble /usr/bin/cmake --install /home/joas329/Desktop/rover_simulation/build/arm_control_moveit_config
[1.700s] Level 1:colcon.colcon_core.shell:create_environment_hook('arm_control_moveit_config', 'cmake_prefix_path')
[1.703s] INFO:colcon.colcon_core.shell:Creating environment hook '/home/joas329/Desktop/rover_simulation/install/arm_control_moveit_config/share/arm_control_moveit_config/hook/cmake_prefix_path.ps1'
[1.704s] INFO:colcon.colcon_core.shell:Creating environment descriptor '/home/joas329/Desktop/rover_simulation/install/arm_control_moveit_config/share/arm_control_moveit_config/hook/cmake_prefix_path.dsv'
[1.704s] INFO:colcon.colcon_core.shell:Creating environment hook '/home/joas329/Desktop/rover_simulation/install/arm_control_moveit_config/share/arm_control_moveit_config/hook/cmake_prefix_path.sh'
[1.705s] Level 1:colcon.colcon_core.environment:checking '/home/joas329/Desktop/rover_simulation/install/arm_control_moveit_config/bin'
[1.705s] Level 1:colcon.colcon_core.environment:checking '/home/joas329/Desktop/rover_simulation/install/arm_control_moveit_config/lib/pkgconfig/arm_control_moveit_config.pc'
[1.706s] Level 1:colcon.colcon_core.environment:checking '/home/joas329/Desktop/rover_simulation/install/arm_control_moveit_config/lib/python3.10/site-packages'
[1.706s] Level 1:colcon.colcon_core.environment:checking '/home/joas329/Desktop/rover_simulation/install/arm_control_moveit_config/bin'
[1.708s] INFO:colcon.colcon_core.shell:Creating package script '/home/joas329/Desktop/rover_simulation/install/arm_control_moveit_config/share/arm_control_moveit_config/package.ps1'
[1.709s] INFO:colcon.colcon_core.shell:Creating package descriptor '/home/joas329/Desktop/rover_simulation/install/arm_control_moveit_config/share/arm_control_moveit_config/package.dsv'
[1.710s] INFO:colcon.colcon_core.shell:Creating package script '/home/joas329/Desktop/rover_simulation/install/arm_control_moveit_config/share/arm_control_moveit_config/package.sh'
[1.710s] INFO:colcon.colcon_core.shell:Creating package script '/home/joas329/Desktop/rover_simulation/install/arm_control_moveit_config/share/arm_control_moveit_config/package.bash'
[1.711s] INFO:colcon.colcon_core.shell:Creating package script '/home/joas329/Desktop/rover_simulation/install/arm_control_moveit_config/share/arm_control_moveit_config/package.zsh'
[1.711s] Level 1:colcon.colcon_core.environment:create_file_with_runtime_dependencies(/home/joas329/Desktop/rover_simulation/install/arm_control_moveit_config/share/colcon-core/packages/arm_control_moveit_config)
[1.714s] Level 1:colcon.colcon_core.environment:create_environment_scripts_only(arm_moveit_config)
[1.720s] Level 1:colcon.colcon_core.environment:checking '/home/joas329/Desktop/rover_simulation/install/arm_moveit_config' for CMake module files
[1.722s] Level 1:colcon.colcon_core.environment:checking '/home/joas329/Desktop/rover_simulation/install/arm_moveit_config' for CMake config files
[1.724s] DEBUG:colcon.colcon_core.event_handler.log_command:Invoked command in '/home/joas329/Desktop/rover_simulation/build/arm_moveit_config' returned '0': AMENT_PREFIX_PATH=/home/joas329/Desktop/rover_simulation/install/my_bot:/home/joas329/Desktop/rover_simulation/install/realtime_tools:/home/joas329/Desktop/rover_simulation/install/moveit:/home/joas329/Desktop/rover_simulation/install/arm_moveit_config:/home/joas329/Desktop/rover_simulation/install/arm_control_moveit_config:/home/joas329/Desktop/rover_simulation/install/hello_moveit:/home/joas329/Desktop/rover_simulation/install/gazebo_ros2_control_demos:/home/joas329/Desktop/rover_simulation/install/gazebo_ros2_control:/home/joas329/Desktop/rover_simulation/install/control_msgs:/opt/ros/humble CMAKE_PREFIX_PATH=${CMAKE_PREFIX_PATH}:/home/joas329/Desktop/rover_simulation/install/my_bot:/opt/ros/humble /usr/bin/cmake --install /home/joas329/Desktop/rover_simulation/build/arm_moveit_config
[1.724s] Level 1:colcon.colcon_core.shell:create_environment_hook('arm_moveit_config', 'cmake_prefix_path')
[1.729s] INFO:colcon.colcon_core.shell:Creating environment hook '/home/joas329/Desktop/rover_simulation/install/arm_moveit_config/share/arm_moveit_config/hook/cmake_prefix_path.ps1'
[1.730s] INFO:colcon.colcon_core.shell:Creating environment descriptor '/home/joas329/Desktop/rover_simulation/install/arm_moveit_config/share/arm_moveit_config/hook/cmake_prefix_path.dsv'
[1.730s] INFO:colcon.colcon_core.shell:Creating environment hook '/home/joas329/Desktop/rover_simulation/install/arm_moveit_config/share/arm_moveit_config/hook/cmake_prefix_path.sh'
[1.731s] Level 1:colcon.colcon_core.environment:checking '/home/joas329/Desktop/rover_simulation/install/arm_moveit_config/bin'
[1.731s] Level 1:colcon.colcon_core.environment:checking '/home/joas329/Desktop/rover_simulation/install/arm_moveit_config/lib/pkgconfig/arm_moveit_config.pc'
[1.731s] Level 1:colcon.colcon_core.environment:checking '/home/joas329/Desktop/rover_simulation/install/arm_moveit_config/lib/python3.10/site-packages'
[1.731s] Level 1:colcon.colcon_core.environment:checking '/home/joas329/Desktop/rover_simulation/install/arm_moveit_config/bin'
[1.734s] INFO:colcon.colcon_core.shell:Creating package script '/home/joas329/Desktop/rover_simulation/install/arm_moveit_config/share/arm_moveit_config/package.ps1'
[1.735s] INFO:colcon.colcon_core.shell:Creating package descriptor '/home/joas329/Desktop/rover_simulation/install/arm_moveit_config/share/arm_moveit_config/package.dsv'
[1.735s] INFO:colcon.colcon_core.shell:Creating package script '/home/joas329/Desktop/rover_simulation/install/arm_moveit_config/share/arm_moveit_config/package.sh'
[1.736s] INFO:colcon.colcon_core.shell:Creating package script '/home/joas329/Desktop/rover_simulation/install/arm_moveit_config/share/arm_moveit_config/package.bash'
[1.736s] INFO:colcon.colcon_core.shell:Creating package script '/home/joas329/Desktop/rover_simulation/install/arm_moveit_config/share/arm_moveit_config/package.zsh'
[1.736s] Level 1:colcon.colcon_core.environment:create_file_with_runtime_dependencies(/home/joas329/Desktop/rover_simulation/install/arm_moveit_config/share/colcon-core/packages/arm_moveit_config)
[1.741s] Level 1:colcon.colcon_core.environment:create_environment_scripts_only(arm_control_moveit_config)
[1.745s] Level 1:colcon.colcon_core.environment:checking '/home/joas329/Desktop/rover_simulation/install/arm_control_moveit_config' for CMake module files
[1.745s] Level 1:colcon.colcon_core.environment:checking '/home/joas329/Desktop/rover_simulation/install/arm_control_moveit_config' for CMake config files
[1.746s] Level 1:colcon.colcon_core.shell:create_environment_hook('arm_control_moveit_config', 'cmake_prefix_path')
[1.749s] INFO:colcon.colcon_core.shell:Creating environment hook '/home/joas329/Desktop/rover_simulation/install/arm_control_moveit_config/share/arm_control_moveit_config/hook/cmake_prefix_path.ps1'
[1.749s] INFO:colcon.colcon_core.shell:Creating environment descriptor '/home/joas329/Desktop/rover_simulation/install/arm_control_moveit_config/share/arm_control_moveit_config/hook/cmake_prefix_path.dsv'
[1.749s] INFO:colcon.colcon_core.shell:Creating environment hook '/home/joas329/Desktop/rover_simulation/install/arm_control_moveit_config/share/arm_control_moveit_config/hook/cmake_prefix_path.sh'
[1.750s] Level 1:colcon.colcon_core.environment:checking '/home/joas329/Desktop/rover_simulation/install/arm_control_moveit_config/bin'
[1.750s] Level 1:colcon.colcon_core.environment:checking '/home/joas329/Desktop/rover_simulation/install/arm_control_moveit_config/lib/pkgconfig/arm_control_moveit_config.pc'
[1.750s] Level 1:colcon.colcon_core.environment:checking '/home/joas329/Desktop/rover_simulation/install/arm_control_moveit_config/lib/python3.10/site-packages'
[1.751s] Level 1:colcon.colcon_core.environment:checking '/home/joas329/Desktop/rover_simulation/install/arm_control_moveit_config/bin'
[1.754s] INFO:colcon.colcon_core.shell:Creating package script '/home/joas329/Desktop/rover_simulation/install/arm_control_moveit_config/share/arm_control_moveit_config/package.ps1'
[1.754s] INFO:colcon.colcon_core.shell:Creating package descriptor '/home/joas329/Desktop/rover_simulation/install/arm_control_moveit_config/share/arm_control_moveit_config/package.dsv'
[1.755s] INFO:colcon.colcon_core.shell:Creating package script '/home/joas329/Desktop/rover_simulation/install/arm_control_moveit_config/share/arm_control_moveit_config/package.sh'
[1.756s] INFO:colcon.colcon_core.shell:Creating package script '/home/joas329/Desktop/rover_simulation/install/arm_control_moveit_config/share/arm_control_moveit_config/package.bash'
[1.756s] INFO:colcon.colcon_core.shell:Creating package script '/home/joas329/Desktop/rover_simulation/install/arm_control_moveit_config/share/arm_control_moveit_config/package.zsh'
[1.756s] Level 1:colcon.colcon_core.environment:create_file_with_runtime_dependencies(/home/joas329/Desktop/rover_simulation/install/arm_control_moveit_config/share/colcon-core/packages/arm_control_moveit_config)
[1.764s] Level 1:colcon.colcon_core.environment:create_environment_scripts_only(arm_moveit_config)
[1.768s] Level 1:colcon.colcon_core.environment:checking '/home/joas329/Desktop/rover_simulation/install/arm_moveit_config' for CMake module files
[1.768s] Level 1:colcon.colcon_core.environment:checking '/home/joas329/Desktop/rover_simulation/install/arm_moveit_config' for CMake config files
[1.769s] Level 1:colcon.colcon_core.shell:create_environment_hook('arm_moveit_config', 'cmake_prefix_path')
[1.771s] INFO:colcon.colcon_core.shell:Creating environment hook '/home/joas329/Desktop/rover_simulation/install/arm_moveit_config/share/arm_moveit_config/hook/cmake_prefix_path.ps1'
[1.772s] INFO:colcon.colcon_core.shell:Creating environment descriptor '/home/joas329/Desktop/rover_simulation/install/arm_moveit_config/share/arm_moveit_config/hook/cmake_prefix_path.dsv'
[1.772s] INFO:colcon.colcon_core.shell:Creating environment hook '/home/joas329/Desktop/rover_simulation/install/arm_moveit_config/share/arm_moveit_config/hook/cmake_prefix_path.sh'
[1.773s] Level 1:colcon.colcon_core.environment:checking '/home/joas329/Desktop/rover_simulation/install/arm_moveit_config/bin'
[1.773s] Level 1:colcon.colcon_core.environment:checking '/home/joas329/Desktop/rover_simulation/install/arm_moveit_config/lib/pkgconfig/arm_moveit_config.pc'
[1.773s] Level 1:colcon.colcon_core.environment:checking '/home/joas329/Desktop/rover_simulation/install/arm_moveit_config/lib/python3.10/site-packages'
[1.773s] Level 1:colcon.colcon_core.environment:checking '/home/joas329/Desktop/rover_simulation/install/arm_moveit_config/bin'
[1.776s] INFO:colcon.colcon_core.shell:Creating package script '/home/joas329/Desktop/rover_simulation/install/arm_moveit_config/share/arm_moveit_config/package.ps1'
[1.777s] INFO:colcon.colcon_core.shell:Creating package descriptor '/home/joas329/Desktop/rover_simulation/install/arm_moveit_config/share/arm_moveit_config/package.dsv'
[1.777s] INFO:colcon.colcon_core.shell:Creating package script '/home/joas329/Desktop/rover_simulation/install/arm_moveit_config/share/arm_moveit_config/package.sh'
[1.778s] INFO:colcon.colcon_core.shell:Creating package script '/home/joas329/Desktop/rover_simulation/install/arm_moveit_config/share/arm_moveit_config/package.bash'
[1.778s] INFO:colcon.colcon_core.shell:Creating package script '/home/joas329/Desktop/rover_simulation/install/arm_moveit_config/share/arm_moveit_config/package.zsh'
[1.779s] Level 1:colcon.colcon_core.environment:create_file_with_runtime_dependencies(/home/joas329/Desktop/rover_simulation/install/arm_moveit_config/share/colcon-core/packages/arm_moveit_config)
[1.779s] DEBUG:colcon.colcon_parallel_executor.executor.parallel:closing loop
[1.779s] DEBUG:colcon.colcon_parallel_executor.executor.parallel:loop closed
[1.780s] DEBUG:colcon.colcon_parallel_executor.executor.parallel:run_until_complete finished with '0'
[1.780s] DEBUG:colcon.colcon_core.event_reactor:joining thread
[1.785s] INFO:colcon.colcon_core.plugin_system:Skipping extension 'colcon_notification.desktop_notification.terminal_notifier': Not used on non-Darwin systems
[1.785s] INFO:colcon.colcon_core.plugin_system:Skipping extension 'colcon_notification.desktop_notification.win32': Not used on non-Windows systems
[1.785s] INFO:colcon.colcon_notification.desktop_notification:Sending desktop notification using 'notify2'
[1.798s] DEBUG:colcon.colcon_core.event_reactor:joined thread
[1.800s] INFO:colcon.colcon_core.shell:Creating prefix script '/home/joas329/Desktop/rover_simulation/install/local_setup.ps1'
[1.801s] INFO:colcon.colcon_core.shell:Creating prefix util module '/home/joas329/Desktop/rover_simulation/install/_local_setup_util_ps1.py'
[1.802s] INFO:colcon.colcon_core.shell:Creating prefix chain script '/home/joas329/Desktop/rover_simulation/install/setup.ps1'
[1.804s] INFO:colcon.colcon_core.shell:Creating prefix script '/home/joas329/Desktop/rover_simulation/install/local_setup.sh'
[1.804s] INFO:colcon.colcon_core.shell:Creating prefix util module '/home/joas329/Desktop/rover_simulation/install/_local_setup_util_sh.py'
[1.805s] INFO:colcon.colcon_core.shell:Creating prefix chain script '/home/joas329/Desktop/rover_simulation/install/setup.sh'
[1.806s] INFO:colcon.colcon_core.shell:Creating prefix script '/home/joas329/Desktop/rover_simulation/install/local_setup.bash'
[1.807s] INFO:colcon.colcon_core.shell:Creating prefix chain script '/home/joas329/Desktop/rover_simulation/install/setup.bash'
[1.809s] INFO:colcon.colcon_core.shell:Creating prefix script '/home/joas329/Desktop/rover_simulation/install/local_setup.zsh'
[1.810s] INFO:colcon.colcon_core.shell:Creating prefix chain script '/home/joas329/Desktop/rover_simulation/install/setup.zsh'
