[4.741s] Invoking command in '/home/joas329/Desktop/rover_simulation/src/my_bot': PYTHONPATH=/home/joas329/Desktop/rover_simulation/build/my_bot/prefix_override:/home/joas329/Desktop/rover_simulation/install/my_bot/lib/python3.10/site-packages:${PYTHONPATH} /usr/bin/python3 setup.py egg_info --egg-base ../../build/my_bot build --build-base /home/joas329/Desktop/rover_simulation/build/my_bot/build install --record /home/joas329/Desktop/rover_simulation/build/my_bot/install.log --single-version-externally-managed
[6.555s] running egg_info
[6.559s] writing ../../build/my_bot/my_bot.egg-info/PKG-INFO
[6.560s] writing dependency_links to ../../build/my_bot/my_bot.egg-info/dependency_links.txt
[6.560s] writing entry points to ../../build/my_bot/my_bot.egg-info/entry_points.txt
[6.561s] writing requirements to ../../build/my_bot/my_bot.egg-info/requires.txt
[6.561s] writing top-level names to ../../build/my_bot/my_bot.egg-info/top_level.txt
[6.572s] reading manifest file '../../build/my_bot/my_bot.egg-info/SOURCES.txt'
[6.581s] writing manifest file '../../build/my_bot/my_bot.egg-info/SOURCES.txt'
[6.581s] running build
[6.582s] running build_py
[6.583s] copying my_bot/PID.py -> /home/joas329/Desktop/rover_simulation/build/my_bot/build/lib/my_bot
[6.584s] running install
[6.586s] running install_lib
[6.591s] copying /home/joas329/Desktop/rover_simulation/build/my_bot/build/lib/my_bot/PID.py -> /home/joas329/Desktop/rover_simulation/install/my_bot/lib/python3.10/site-packages/my_bot
[6.594s] byte-compiling /home/joas329/Desktop/rover_simulation/install/my_bot/lib/python3.10/site-packages/my_bot/PID.py to PID.cpython-310.pyc
[6.600s] running install_data
[6.609s] running install_egg_info
[6.618s] removing '/home/joas329/Desktop/rover_simulation/install/my_bot/lib/python3.10/site-packages/my_bot-0.0.0-py3.10.egg-info' (and everything under it)
[6.620s] Copying ../../build/my_bot/my_bot.egg-info to /home/joas329/Desktop/rover_simulation/install/my_bot/lib/python3.10/site-packages/my_bot-0.0.0-py3.10.egg-info
[6.625s] running install_scripts
[6.754s] Installing PID script to /home/joas329/Desktop/rover_simulation/install/my_bot/lib/my_bot
[6.755s] Installing udp_conv script to /home/joas329/Desktop/rover_simulation/install/my_bot/lib/my_bot
[6.758s] writing list of installed files to '/home/joas329/Desktop/rover_simulation/build/my_bot/install.log'
[6.905s] Invoked command in '/home/joas329/Desktop/rover_simulation/src/my_bot' returned '0': PYTHONPATH=/home/joas329/Desktop/rover_simulation/build/my_bot/prefix_override:/home/joas329/Desktop/rover_simulation/install/my_bot/lib/python3.10/site-packages:${PYTHONPATH} /usr/bin/python3 setup.py egg_info --egg-base ../../build/my_bot build --build-base /home/joas329/Desktop/rover_simulation/build/my_bot/build install --record /home/joas329/Desktop/rover_simulation/build/my_bot/install.log --single-version-externally-managed
