[0.822s] Invoking command in '/home/joas329/Desktop/rover_simulation/src/my_bot': PYTHONPATH=/home/joas329/Desktop/rover_simulation/build/my_bot/prefix_override:/home/joas329/Desktop/rover_simulation/install/my_bot/lib/python3.10/site-packages:${PYTHONPATH} /usr/bin/python3 setup.py egg_info --egg-base ../../build/my_bot build --build-base /home/joas329/Desktop/rover_simulation/build/my_bot/build install --record /home/joas329/Desktop/rover_simulation/build/my_bot/install.log --single-version-externally-managed
[1.125s] running egg_info
[1.126s] writing ../../build/my_bot/my_bot.egg-info/PKG-INFO
[1.127s] writing dependency_links to ../../build/my_bot/my_bot.egg-info/dependency_links.txt
[1.127s] writing entry points to ../../build/my_bot/my_bot.egg-info/entry_points.txt
[1.127s] writing requirements to ../../build/my_bot/my_bot.egg-info/requires.txt
[1.127s] writing top-level names to ../../build/my_bot/my_bot.egg-info/top_level.txt
[1.130s] reading manifest file '../../build/my_bot/my_bot.egg-info/SOURCES.txt'
[1.132s] writing manifest file '../../build/my_bot/my_bot.egg-info/SOURCES.txt'
[1.132s] running build
[1.132s] running build_py
[1.132s] copying my_bot/amc.py -> /home/joas329/Desktop/rover_simulation/build/my_bot/build/lib/my_bot
[1.133s] running install
[1.133s] running install_lib
[1.134s] copying /home/joas329/Desktop/rover_simulation/build/my_bot/build/lib/my_bot/amc.py -> /home/joas329/Desktop/rover_simulation/install/my_bot/lib/python3.10/site-packages/my_bot
[1.135s] byte-compiling /home/joas329/Desktop/rover_simulation/install/my_bot/lib/python3.10/site-packages/my_bot/amc.py to amc.cpython-310.pyc
[1.137s] running install_data
[1.138s] copying config/arm_controllers.yaml -> /home/joas329/Desktop/rover_simulation/install/my_bot/share/my_bot/config
[1.138s] copying config/twist_mux.yaml -> /home/joas329/Desktop/rover_simulation/install/my_bot/share/my_bot/config
[1.139s] copying description/arm_gazebo.urdf.xacro -> /home/joas329/Desktop/rover_simulation/install/my_bot/share/my_bot/description
[1.140s] running install_egg_info
[1.142s] removing '/home/joas329/Desktop/rover_simulation/install/my_bot/lib/python3.10/site-packages/my_bot-0.0.0-py3.10.egg-info' (and everything under it)
[1.143s] Copying ../../build/my_bot/my_bot.egg-info to /home/joas329/Desktop/rover_simulation/install/my_bot/lib/python3.10/site-packages/my_bot-0.0.0-py3.10.egg-info
[1.144s] running install_scripts
[1.167s] Installing PID script to /home/joas329/Desktop/rover_simulation/install/my_bot/lib/my_bot
[1.167s] Installing udp_conv script to /home/joas329/Desktop/rover_simulation/install/my_bot/lib/my_bot
[1.168s] writing list of installed files to '/home/joas329/Desktop/rover_simulation/build/my_bot/install.log'
[1.198s] Invoked command in '/home/joas329/Desktop/rover_simulation/src/my_bot' returned '0': PYTHONPATH=/home/joas329/Desktop/rover_simulation/build/my_bot/prefix_override:/home/joas329/Desktop/rover_simulation/install/my_bot/lib/python3.10/site-packages:${PYTHONPATH} /usr/bin/python3 setup.py egg_info --egg-base ../../build/my_bot build --build-base /home/joas329/Desktop/rover_simulation/build/my_bot/build install --record /home/joas329/Desktop/rover_simulation/build/my_bot/install.log --single-version-externally-managed
