[0.131s] Invoking command in '/home/joas329/Desktop/rover_simulation/build/arm_moveit_config': AMENT_PREFIX_PATH=/home/joas329/Desktop/rover_simulation/install/my_bot:/home/joas329/Desktop/rover_simulation/install/yurs_hardware:/home/joas329/Desktop/rover_simulation/install/pointcloud_to_laserscan:/home/joas329/Desktop/rover_simulation/install/control_moveit_config:/home/joas329/Desktop/rover_simulation/install/arm_moveit_config:/home/joas329/Desktop/rover_simulation/install/arm_control_moveit_config:/opt/ros/humble CMAKE_PREFIX_PATH=${CMAKE_PREFIX_PATH}:/home/joas329/Desktop/rover_simulation/install/my_bot:/opt/ros/humble /usr/bin/cmake --build /home/joas329/Desktop/rover_simulation/build/arm_moveit_config -- -j8 -l8
[0.307s] Invoked command in '/home/joas329/Desktop/rover_simulation/build/arm_moveit_config' returned '0': AMENT_PREFIX_PATH=/home/joas329/Desktop/rover_simulation/install/my_bot:/home/joas329/Desktop/rover_simulation/install/yurs_hardware:/home/joas329/Desktop/rover_simulation/install/pointcloud_to_laserscan:/home/joas329/Desktop/rover_simulation/install/control_moveit_config:/home/joas329/Desktop/rover_simulation/install/arm_moveit_config:/home/joas329/Desktop/rover_simulation/install/arm_control_moveit_config:/opt/ros/humble CMAKE_PREFIX_PATH=${CMAKE_PREFIX_PATH}:/home/joas329/Desktop/rover_simulation/install/my_bot:/opt/ros/humble /usr/bin/cmake --build /home/joas329/Desktop/rover_simulation/build/arm_moveit_config -- -j8 -l8
[0.428s] Invoking command in '/home/joas329/Desktop/rover_simulation/build/arm_moveit_config': AMENT_PREFIX_PATH=/home/joas329/Desktop/rover_simulation/install/my_bot:/home/joas329/Desktop/rover_simulation/install/yurs_hardware:/home/joas329/Desktop/rover_simulation/install/pointcloud_to_laserscan:/home/joas329/Desktop/rover_simulation/install/control_moveit_config:/home/joas329/Desktop/rover_simulation/install/arm_moveit_config:/home/joas329/Desktop/rover_simulation/install/arm_control_moveit_config:/opt/ros/humble CMAKE_PREFIX_PATH=${CMAKE_PREFIX_PATH}:/home/joas329/Desktop/rover_simulation/install/my_bot:/opt/ros/humble /usr/bin/cmake --install /home/joas329/Desktop/rover_simulation/build/arm_moveit_config
[0.512s] -- Install configuration: ""
[0.514s] -- Up-to-date: /home/joas329/Desktop/rover_simulation/install/arm_moveit_config/share/ament_index/resource_index/package_run_dependencies/arm_moveit_config
[0.515s] -- Up-to-date: /home/joas329/Desktop/rover_simulation/install/arm_moveit_config/share/ament_index/resource_index/parent_prefix_path/arm_moveit_config
[0.516s] -- Up-to-date: /home/joas329/Desktop/rover_simulation/install/arm_moveit_config/share/arm_moveit_config/environment/ament_prefix_path.sh
[0.517s] -- Up-to-date: /home/joas329/Desktop/rover_simulation/install/arm_moveit_config/share/arm_moveit_config/environment/ament_prefix_path.dsv
[0.518s] -- Up-to-date: /home/joas329/Desktop/rover_simulation/install/arm_moveit_config/share/arm_moveit_config/environment/path.sh
[0.519s] -- Up-to-date: /home/joas329/Desktop/rover_simulation/install/arm_moveit_config/share/arm_moveit_config/environment/path.dsv
[0.519s] -- Up-to-date: /home/joas329/Desktop/rover_simulation/install/arm_moveit_config/share/arm_moveit_config/local_setup.bash
[0.520s] -- Up-to-date: /home/joas329/Desktop/rover_simulation/install/arm_moveit_config/share/arm_moveit_config/local_setup.sh
[0.521s] -- Up-to-date: /home/joas329/Desktop/rover_simulation/install/arm_moveit_config/share/arm_moveit_config/local_setup.zsh
[0.521s] -- Up-to-date: /home/joas329/Desktop/rover_simulation/install/arm_moveit_config/share/arm_moveit_config/local_setup.dsv
[0.522s] -- Installing: /home/joas329/Desktop/rover_simulation/install/arm_moveit_config/share/arm_moveit_config/package.dsv
[0.528s] -- Up-to-date: /home/joas329/Desktop/rover_simulation/install/arm_moveit_config/share/ament_index/resource_index/packages/arm_moveit_config
[0.543s] -- Up-to-date: /home/joas329/Desktop/rover_simulation/install/arm_moveit_config/share/arm_moveit_config/cmake/arm_moveit_configConfig.cmake
[0.544s] -- Up-to-date: /home/joas329/Desktop/rover_simulation/install/arm_moveit_config/share/arm_moveit_config/cmake/arm_moveit_configConfig-version.cmake
[0.546s] -- Up-to-date: /home/joas329/Desktop/rover_simulation/install/arm_moveit_config/share/arm_moveit_config/package.xml
[0.546s] -- Up-to-date: /home/joas329/Desktop/rover_simulation/install/arm_moveit_config/share/arm_moveit_config/launch
[0.548s] -- Up-to-date: /home/joas329/Desktop/rover_simulation/install/arm_moveit_config/share/arm_moveit_config/launch/spawn_controllers.launch.py
[0.549s] -- Up-to-date: /home/joas329/Desktop/rover_simulation/install/arm_moveit_config/share/arm_moveit_config/launch/static_virtual_joint_tfs.launch.py
[0.550s] -- Up-to-date: /home/joas329/Desktop/rover_simulation/install/arm_moveit_config/share/arm_moveit_config/launch/warehouse_db.launch.py
[0.551s] -- Up-to-date: /home/joas329/Desktop/rover_simulation/install/arm_moveit_config/share/arm_moveit_config/launch/setup_assistant.launch.py
[0.553s] -- Up-to-date: /home/joas329/Desktop/rover_simulation/install/arm_moveit_config/share/arm_moveit_config/launch/demo.launch.py
[0.554s] -- Up-to-date: /home/joas329/Desktop/rover_simulation/install/arm_moveit_config/share/arm_moveit_config/launch/rsp.launch.py
[0.556s] -- Up-to-date: /home/joas329/Desktop/rover_simulation/install/arm_moveit_config/share/arm_moveit_config/launch/moveit_rviz.launch.py
[0.559s] -- Up-to-date: /home/joas329/Desktop/rover_simulation/install/arm_moveit_config/share/arm_moveit_config/launch/move_group.launch.py
[0.560s] -- Up-to-date: /home/joas329/Desktop/rover_simulation/install/arm_moveit_config/share/arm_moveit_config/config
[0.561s] -- Up-to-date: /home/joas329/Desktop/rover_simulation/install/arm_moveit_config/share/arm_moveit_config/config/pilz_cartesian_limits.yaml
[0.562s] -- Up-to-date: /home/joas329/Desktop/rover_simulation/install/arm_moveit_config/share/arm_moveit_config/config/moveit_controllers.yaml
[0.575s] -- Up-to-date: /home/joas329/Desktop/rover_simulation/install/arm_moveit_config/share/arm_moveit_config/config/kinematics.yaml
[0.587s] -- Up-to-date: /home/joas329/Desktop/rover_simulation/install/arm_moveit_config/share/arm_moveit_config/config/robot_arm.urdf.xacro
[0.588s] -- Up-to-date: /home/joas329/Desktop/rover_simulation/install/arm_moveit_config/share/arm_moveit_config/config/ros2_controllers.yaml
[0.588s] -- Up-to-date: /home/joas329/Desktop/rover_simulation/install/arm_moveit_config/share/arm_moveit_config/config/robot_arm.srdf
[0.590s] -- Up-to-date: /home/joas329/Desktop/rover_simulation/install/arm_moveit_config/share/arm_moveit_config/config/robot_arm.ros2_control.xacro
[0.592s] -- Up-to-date: /home/joas329/Desktop/rover_simulation/install/arm_moveit_config/share/arm_moveit_config/config/initial_positions.yaml
[0.592s] -- Up-to-date: /home/joas329/Desktop/rover_simulation/install/arm_moveit_config/share/arm_moveit_config/config/joint_limits.yaml
[0.594s] -- Up-to-date: /home/joas329/Desktop/rover_simulation/install/arm_moveit_config/share/arm_moveit_config/config/moveit.rviz
[0.595s] -- Up-to-date: /home/joas329/Desktop/rover_simulation/install/arm_moveit_config/share/arm_moveit_config/.setup_assistant
[0.759s] Invoked command in '/home/joas329/Desktop/rover_simulation/build/arm_moveit_config' returned '0': AMENT_PREFIX_PATH=/home/joas329/Desktop/rover_simulation/install/my_bot:/home/joas329/Desktop/rover_simulation/install/yurs_hardware:/home/joas329/Desktop/rover_simulation/install/pointcloud_to_laserscan:/home/joas329/Desktop/rover_simulation/install/control_moveit_config:/home/joas329/Desktop/rover_simulation/install/arm_moveit_config:/home/joas329/Desktop/rover_simulation/install/arm_control_moveit_config:/opt/ros/humble CMAKE_PREFIX_PATH=${CMAKE_PREFIX_PATH}:/home/joas329/Desktop/rover_simulation/install/my_bot:/opt/ros/humble /usr/bin/cmake --install /home/joas329/Desktop/rover_simulation/build/arm_moveit_config
