[0.149s] Invoking command in '/home/joas329/Desktop/rover_simulation/build/arm_moveit_config': AMENT_PREFIX_PATH=/home/joas329/Desktop/rover_simulation/install/my_bot:/home/joas329/Desktop/rover_simulation/install/yurs_hardware:/home/joas329/Desktop/rover_simulation/install/pointcloud_to_laserscan:/home/joas329/Desktop/rover_simulation/install/control_moveit_config:/home/joas329/Desktop/rover_simulation/install/arm_moveit_config:/home/joas329/Desktop/rover_simulation/install/arm_control_moveit_config:/opt/ros/humble CMAKE_PREFIX_PATH=${CMAKE_PREFIX_PATH}:/home/joas329/Desktop/rover_simulation/install/my_bot:/opt/ros/humble /usr/bin/cmake --build /home/joas329/Desktop/rover_simulation/build/arm_moveit_config -- -j8 -l8
[0.317s] Invoked command in '/home/joas329/Desktop/rover_simulation/build/arm_moveit_config' returned '0': AMENT_PREFIX_PATH=/home/joas329/Desktop/rover_simulation/install/my_bot:/home/joas329/Desktop/rover_simulation/install/yurs_hardware:/home/joas329/Desktop/rover_simulation/install/pointcloud_to_laserscan:/home/joas329/Desktop/rover_simulation/install/control_moveit_config:/home/joas329/Desktop/rover_simulation/install/arm_moveit_config:/home/joas329/Desktop/rover_simulation/install/arm_control_moveit_config:/opt/ros/humble CMAKE_PREFIX_PATH=${CMAKE_PREFIX_PATH}:/home/joas329/Desktop/rover_simulation/install/my_bot:/opt/ros/humble /usr/bin/cmake --build /home/joas329/Desktop/rover_simulation/build/arm_moveit_config -- -j8 -l8
[0.452s] Invoking command in '/home/joas329/Desktop/rover_simulation/build/arm_moveit_config': AMENT_PREFIX_PATH=/home/joas329/Desktop/rover_simulation/install/my_bot:/home/joas329/Desktop/rover_simulation/install/yurs_hardware:/home/joas329/Desktop/rover_simulation/install/pointcloud_to_laserscan:/home/joas329/Desktop/rover_simulation/install/control_moveit_config:/home/joas329/Desktop/rover_simulation/install/arm_moveit_config:/home/joas329/Desktop/rover_simulation/install/arm_control_moveit_config:/opt/ros/humble CMAKE_PREFIX_PATH=${CMAKE_PREFIX_PATH}:/home/joas329/Desktop/rover_simulation/install/my_bot:/opt/ros/humble /usr/bin/cmake --install /home/joas329/Desktop/rover_simulation/build/arm_moveit_config
[0.561s] -- Install configuration: ""
[0.563s] -- Up-to-date: /home/joas329/Desktop/rover_simulation/install/arm_moveit_config/share/ament_index/resource_index/package_run_dependencies/arm_moveit_config
[0.564s] -- Up-to-date: /home/joas329/Desktop/rover_simulation/install/arm_moveit_config/share/ament_index/resource_index/parent_prefix_path/arm_moveit_config
[0.564s] -- Up-to-date: /home/joas329/Desktop/rover_simulation/install/arm_moveit_config/share/arm_moveit_config/environment/ament_prefix_path.sh
[0.566s] -- Up-to-date: /home/joas329/Desktop/rover_simulation/install/arm_moveit_config/share/arm_moveit_config/environment/ament_prefix_path.dsv
[0.566s] -- Up-to-date: /home/joas329/Desktop/rover_simulation/install/arm_moveit_config/share/arm_moveit_config/environment/path.sh
[0.567s] -- Up-to-date: /home/joas329/Desktop/rover_simulation/install/arm_moveit_config/share/arm_moveit_config/environment/path.dsv
[0.568s] -- Up-to-date: /home/joas329/Desktop/rover_simulation/install/arm_moveit_config/share/arm_moveit_config/local_setup.bash
[0.569s] -- Up-to-date: /home/joas329/Desktop/rover_simulation/install/arm_moveit_config/share/arm_moveit_config/local_setup.sh
[0.570s] -- Up-to-date: /home/joas329/Desktop/rover_simulation/install/arm_moveit_config/share/arm_moveit_config/local_setup.zsh
[0.571s] -- Up-to-date: /home/joas329/Desktop/rover_simulation/install/arm_moveit_config/share/arm_moveit_config/local_setup.dsv
[0.572s] -- Installing: /home/joas329/Desktop/rover_simulation/install/arm_moveit_config/share/arm_moveit_config/package.dsv
[0.573s] -- Up-to-date: /home/joas329/Desktop/rover_simulation/install/arm_moveit_config/share/ament_index/resource_index/packages/arm_moveit_config
[0.573s] -- Up-to-date: /home/joas329/Desktop/rover_simulation/install/arm_moveit_config/share/arm_moveit_config/cmake/arm_moveit_configConfig.cmake
[0.574s] -- Up-to-date: /home/joas329/Desktop/rover_simulation/install/arm_moveit_config/share/arm_moveit_config/cmake/arm_moveit_configConfig-version.cmake
[0.575s] -- Up-to-date: /home/joas329/Desktop/rover_simulation/install/arm_moveit_config/share/arm_moveit_config/package.xml
[0.613s] -- Up-to-date: /home/joas329/Desktop/rover_simulation/install/arm_moveit_config/share/arm_moveit_config/launch
[0.687s] -- Up-to-date: /home/joas329/Desktop/rover_simulation/install/arm_moveit_config/share/arm_moveit_config/launch/spawn_controllers.launch.py
[0.688s] -- Up-to-date: /home/joas329/Desktop/rover_simulation/install/arm_moveit_config/share/arm_moveit_config/launch/static_virtual_joint_tfs.launch.py
[0.694s] -- Up-to-date: /home/joas329/Desktop/rover_simulation/install/arm_moveit_config/share/arm_moveit_config/launch/warehouse_db.launch.py
[0.705s] -- Up-to-date: /home/joas329/Desktop/rover_simulation/install/arm_moveit_config/share/arm_moveit_config/launch/setup_assistant.launch.py
[0.706s] -- Up-to-date: /home/joas329/Desktop/rover_simulation/install/arm_moveit_config/share/arm_moveit_config/launch/demo.launch.py
[0.707s] -- Up-to-date: /home/joas329/Desktop/rover_simulation/install/arm_moveit_config/share/arm_moveit_config/launch/rsp.launch.py
[0.707s] -- Up-to-date: /home/joas329/Desktop/rover_simulation/install/arm_moveit_config/share/arm_moveit_config/launch/moveit_rviz.launch.py
[0.709s] -- Up-to-date: /home/joas329/Desktop/rover_simulation/install/arm_moveit_config/share/arm_moveit_config/launch/move_group.launch.py
[0.710s] -- Up-to-date: /home/joas329/Desktop/rover_simulation/install/arm_moveit_config/share/arm_moveit_config/config
[0.711s] -- Up-to-date: /home/joas329/Desktop/rover_simulation/install/arm_moveit_config/share/arm_moveit_config/config/pilz_cartesian_limits.yaml
[0.712s] -- Up-to-date: /home/joas329/Desktop/rover_simulation/install/arm_moveit_config/share/arm_moveit_config/config/moveit_controllers.yaml
[0.713s] -- Up-to-date: /home/joas329/Desktop/rover_simulation/install/arm_moveit_config/share/arm_moveit_config/config/kinematics.yaml
[0.714s] -- Up-to-date: /home/joas329/Desktop/rover_simulation/install/arm_moveit_config/share/arm_moveit_config/config/robot_arm.urdf.xacro
[0.714s] -- Up-to-date: /home/joas329/Desktop/rover_simulation/install/arm_moveit_config/share/arm_moveit_config/config/ros2_controllers.yaml
[0.715s] -- Up-to-date: /home/joas329/Desktop/rover_simulation/install/arm_moveit_config/share/arm_moveit_config/config/robot_arm.srdf
[0.718s] -- Up-to-date: /home/joas329/Desktop/rover_simulation/install/arm_moveit_config/share/arm_moveit_config/config/robot_arm.ros2_control.xacro
[0.718s] -- Up-to-date: /home/joas329/Desktop/rover_simulation/install/arm_moveit_config/share/arm_moveit_config/config/initial_positions.yaml
[0.719s] -- Up-to-date: /home/joas329/Desktop/rover_simulation/install/arm_moveit_config/share/arm_moveit_config/config/joint_limits.yaml
[0.720s] -- Up-to-date: /home/joas329/Desktop/rover_simulation/install/arm_moveit_config/share/arm_moveit_config/config/moveit.rviz
[0.721s] -- Up-to-date: /home/joas329/Desktop/rover_simulation/install/arm_moveit_config/share/arm_moveit_config/.setup_assistant
[0.722s] Invoked command in '/home/joas329/Desktop/rover_simulation/build/arm_moveit_config' returned '0': AMENT_PREFIX_PATH=/home/joas329/Desktop/rover_simulation/install/my_bot:/home/joas329/Desktop/rover_simulation/install/yurs_hardware:/home/joas329/Desktop/rover_simulation/install/pointcloud_to_laserscan:/home/joas329/Desktop/rover_simulation/install/control_moveit_config:/home/joas329/Desktop/rover_simulation/install/arm_moveit_config:/home/joas329/Desktop/rover_simulation/install/arm_control_moveit_config:/opt/ros/humble CMAKE_PREFIX_PATH=${CMAKE_PREFIX_PATH}:/home/joas329/Desktop/rover_simulation/install/my_bot:/opt/ros/humble /usr/bin/cmake --install /home/joas329/Desktop/rover_simulation/build/arm_moveit_config
