[0.545s] Invoking command in '/home/joas329/Desktop/rover_simulation/src/my_bot': PYTHONPATH=/home/joas329/Desktop/rover_simulation/build/my_bot/prefix_override:/home/joas329/Desktop/rover_simulation/install/my_bot/lib/python3.10/site-packages:${PYTHONPATH} /usr/bin/python3 setup.py egg_info --egg-base ../../build/my_bot build --build-base /home/joas329/Desktop/rover_simulation/build/my_bot/build install --record /home/joas329/Desktop/rover_simulation/build/my_bot/install.log --single-version-externally-managed
[0.720s] running egg_info
[0.721s] writing ../../build/my_bot/my_bot.egg-info/PKG-INFO
[0.722s] writing dependency_links to ../../build/my_bot/my_bot.egg-info/dependency_links.txt
[0.722s] writing entry points to ../../build/my_bot/my_bot.egg-info/entry_points.txt
[0.722s] writing requirements to ../../build/my_bot/my_bot.egg-info/requires.txt
[0.722s] writing top-level names to ../../build/my_bot/my_bot.egg-info/top_level.txt
[0.724s] reading manifest file '../../build/my_bot/my_bot.egg-info/SOURCES.txt'
[0.724s] writing manifest file '../../build/my_bot/my_bot.egg-info/SOURCES.txt'
[0.725s] running build
[0.725s] running build_py
[0.725s] running install
[0.726s] running install_lib
[0.727s] running install_data
[0.728s] copying description/arm.xacro -> /home/joas329/Desktop/rover_simulation/install/my_bot/share/my_bot/description
[0.728s] running install_egg_info
[0.730s] removing '/home/joas329/Desktop/rover_simulation/install/my_bot/lib/python3.10/site-packages/my_bot-0.0.0-py3.10.egg-info' (and everything under it)
[0.741s] Copying ../../build/my_bot/my_bot.egg-info to /home/joas329/Desktop/rover_simulation/install/my_bot/lib/python3.10/site-packages/my_bot-0.0.0-py3.10.egg-info
[0.742s] running install_scripts
[0.759s] writing list of installed files to '/home/joas329/Desktop/rover_simulation/build/my_bot/install.log'
[0.780s] Invoked command in '/home/joas329/Desktop/rover_simulation/src/my_bot' returned '0': PYTHONPATH=/home/joas329/Desktop/rover_simulation/build/my_bot/prefix_override:/home/joas329/Desktop/rover_simulation/install/my_bot/lib/python3.10/site-packages:${PYTHONPATH} /usr/bin/python3 setup.py egg_info --egg-base ../../build/my_bot build --build-base /home/joas329/Desktop/rover_simulation/build/my_bot/build install --record /home/joas329/Desktop/rover_simulation/build/my_bot/install.log --single-version-externally-managed
