[0.659s] Invoking command in '/home/joas329/Desktop/rover_simulation/src/my_bot': PYTHONPATH=/home/joas329/Desktop/rover_simulation/build/my_bot/prefix_override:/home/joas329/Desktop/rover_simulation/install/my_bot/lib/python3.10/site-packages:${PYTHONPATH} /usr/bin/python3 setup.py egg_info --egg-base ../../build/my_bot build --build-base /home/joas329/Desktop/rover_simulation/build/my_bot/build install --record /home/joas329/Desktop/rover_simulation/build/my_bot/install.log --single-version-externally-managed
[0.982s] running egg_info
[0.986s] writing ../../build/my_bot/my_bot.egg-info/PKG-INFO
[0.999s] writing dependency_links to ../../build/my_bot/my_bot.egg-info/dependency_links.txt
[1.000s] writing entry points to ../../build/my_bot/my_bot.egg-info/entry_points.txt
[1.000s] writing requirements to ../../build/my_bot/my_bot.egg-info/requires.txt
[1.000s] writing top-level names to ../../build/my_bot/my_bot.egg-info/top_level.txt
[1.003s] reading manifest file '../../build/my_bot/my_bot.egg-info/SOURCES.txt'
[1.003s] writing manifest file '../../build/my_bot/my_bot.egg-info/SOURCES.txt'
[1.007s] running build
[1.008s] running build_py
[1.008s] running install
[1.008s] running install_lib
[1.010s] running install_data
[1.010s] copying description/arm.xacro -> /home/joas329/Desktop/rover_simulation/install/my_bot/share/my_bot/description
[1.010s] running install_egg_info
[1.032s] removing '/home/joas329/Desktop/rover_simulation/install/my_bot/lib/python3.10/site-packages/my_bot-0.0.0-py3.10.egg-info' (and everything under it)
[1.032s] Copying ../../build/my_bot/my_bot.egg-info to /home/joas329/Desktop/rover_simulation/install/my_bot/lib/python3.10/site-packages/my_bot-0.0.0-py3.10.egg-info
[1.032s] running install_scripts
[1.041s] writing list of installed files to '/home/joas329/Desktop/rover_simulation/build/my_bot/install.log'
[1.072s] Invoked command in '/home/joas329/Desktop/rover_simulation/src/my_bot' returned '0': PYTHONPATH=/home/joas329/Desktop/rover_simulation/build/my_bot/prefix_override:/home/joas329/Desktop/rover_simulation/install/my_bot/lib/python3.10/site-packages:${PYTHONPATH} /usr/bin/python3 setup.py egg_info --egg-base ../../build/my_bot build --build-base /home/joas329/Desktop/rover_simulation/build/my_bot/build install --record /home/joas329/Desktop/rover_simulation/build/my_bot/install.log --single-version-externally-managed
