[0.847s] Invoking command in '/home/joas329/Desktop/rover_simulation/src/my_bot': PYTHONPATH=/home/joas329/Desktop/rover_simulation/build/my_bot/prefix_override:/home/joas329/Desktop/rover_simulation/install/my_bot/lib/python3.10/site-packages:${PYTHONPATH} /usr/bin/python3 setup.py egg_info --egg-base ../../build/my_bot build --build-base /home/joas329/Desktop/rover_simulation/build/my_bot/build install --record /home/joas329/Desktop/rover_simulation/build/my_bot/install.log --single-version-externally-managed
[1.262s] running egg_info
[1.263s] writing ../../build/my_bot/my_bot.egg-info/PKG-INFO
[1.263s] writing dependency_links to ../../build/my_bot/my_bot.egg-info/dependency_links.txt
[1.263s] writing entry points to ../../build/my_bot/my_bot.egg-info/entry_points.txt
[1.264s] writing requirements to ../../build/my_bot/my_bot.egg-info/requires.txt
[1.264s] writing top-level names to ../../build/my_bot/my_bot.egg-info/top_level.txt
[1.266s] reading manifest file '../../build/my_bot/my_bot.egg-info/SOURCES.txt'
[1.268s] writing manifest file '../../build/my_bot/my_bot.egg-info/SOURCES.txt'
[1.268s] running build
[1.268s] running build_py
[1.268s] running install
[1.269s] running install_lib
[1.270s] running install_data
[1.272s] running install_egg_info
[1.274s] removing '/home/joas329/Desktop/rover_simulation/install/my_bot/lib/python3.10/site-packages/my_bot-0.0.0-py3.10.egg-info' (and everything under it)
[1.274s] Copying ../../build/my_bot/my_bot.egg-info to /home/joas329/Desktop/rover_simulation/install/my_bot/lib/python3.10/site-packages/my_bot-0.0.0-py3.10.egg-info
[1.275s] running install_scripts
[1.298s] writing list of installed files to '/home/joas329/Desktop/rover_simulation/build/my_bot/install.log'
[1.329s] Invoked command in '/home/joas329/Desktop/rover_simulation/src/my_bot' returned '0': PYTHONPATH=/home/joas329/Desktop/rover_simulation/build/my_bot/prefix_override:/home/joas329/Desktop/rover_simulation/install/my_bot/lib/python3.10/site-packages:${PYTHONPATH} /usr/bin/python3 setup.py egg_info --egg-base ../../build/my_bot build --build-base /home/joas329/Desktop/rover_simulation/build/my_bot/build install --record /home/joas329/Desktop/rover_simulation/build/my_bot/install.log --single-version-externally-managed
