[3.893s] Invoking command in '/home/joas329/Desktop/rover_simulation/src/my_bot': PYTHONPATH=/home/joas329/Desktop/rover_simulation/build/my_bot/prefix_override:/home/joas329/Desktop/rover_simulation/install/my_bot/lib/python3.10/site-packages:${PYTHONPATH} /usr/bin/python3 setup.py egg_info --egg-base ../../build/my_bot build --build-base /home/joas329/Desktop/rover_simulation/build/my_bot/build install --record /home/joas329/Desktop/rover_simulation/build/my_bot/install.log --single-version-externally-managed
[5.162s] running egg_info
[5.165s] writing ../../build/my_bot/my_bot.egg-info/PKG-INFO
[5.166s] writing dependency_links to ../../build/my_bot/my_bot.egg-info/dependency_links.txt
[5.167s] writing entry points to ../../build/my_bot/my_bot.egg-info/entry_points.txt
[5.167s] writing requirements to ../../build/my_bot/my_bot.egg-info/requires.txt
[5.168s] writing top-level names to ../../build/my_bot/my_bot.egg-info/top_level.txt
[5.178s] reading manifest file '../../build/my_bot/my_bot.egg-info/SOURCES.txt'
[5.184s] writing manifest file '../../build/my_bot/my_bot.egg-info/SOURCES.txt'
[5.184s] running build
[5.185s] running build_py
[5.186s] running install
[5.187s] running install_lib
[5.193s] running install_data
[5.200s] running install_egg_info
[5.207s] removing '/home/joas329/Desktop/rover_simulation/install/my_bot/lib/python3.10/site-packages/my_bot-0.0.0-py3.10.egg-info' (and everything under it)
[5.208s] Copying ../../build/my_bot/my_bot.egg-info to /home/joas329/Desktop/rover_simulation/install/my_bot/lib/python3.10/site-packages/my_bot-0.0.0-py3.10.egg-info
[5.212s] running install_scripts
[5.297s] Installing PID script to /home/joas329/Desktop/rover_simulation/install/my_bot/lib/my_bot
[5.298s] Installing udp_conv script to /home/joas329/Desktop/rover_simulation/install/my_bot/lib/my_bot
[5.300s] writing list of installed files to '/home/joas329/Desktop/rover_simulation/build/my_bot/install.log'
[5.413s] Invoked command in '/home/joas329/Desktop/rover_simulation/src/my_bot' returned '0': PYTHONPATH=/home/joas329/Desktop/rover_simulation/build/my_bot/prefix_override:/home/joas329/Desktop/rover_simulation/install/my_bot/lib/python3.10/site-packages:${PYTHONPATH} /usr/bin/python3 setup.py egg_info --egg-base ../../build/my_bot build --build-base /home/joas329/Desktop/rover_simulation/build/my_bot/build install --record /home/joas329/Desktop/rover_simulation/build/my_bot/install.log --single-version-externally-managed
