[1.669s] Invoking command in '/home/joas329/Desktop/rover_simulation/build/yurs_hardware': CMAKE_PREFIX_PATH=${CMAKE_PREFIX_PATH}:/home/joas329/Desktop/rover_simulation/install/my_bot:/opt/ros/humble /usr/bin/cmake --build /home/joas329/Desktop/rover_simulation/build/yurs_hardware -- -j8 -l8
[1.954s] [100%] Built target yurs_hardware
[2.017s] Invoked command in '/home/joas329/Desktop/rover_simulation/build/yurs_hardware' returned '0': CMAKE_PREFIX_PATH=${CMAKE_PREFIX_PATH}:/home/joas329/Desktop/rover_simulation/install/my_bot:/opt/ros/humble /usr/bin/cmake --build /home/joas329/Desktop/rover_simulation/build/yurs_hardware -- -j8 -l8
[2.183s] Invoking command in '/home/joas329/Desktop/rover_simulation/build/yurs_hardware': CMAKE_PREFIX_PATH=${CMAKE_PREFIX_PATH}:/home/joas329/Desktop/rover_simulation/install/my_bot:/opt/ros/humble /usr/bin/cmake --install /home/joas329/Desktop/rover_simulation/build/yurs_hardware
[2.219s] -- Install configuration: ""
[2.219s] -- Up-to-date: /home/joas329/Desktop/rover_simulation/install/yurs_hardware/share/yurs_hardware/yurs_hardware_plugin.xml
[2.220s] -- Up-to-date: /home/joas329/Desktop/rover_simulation/install/yurs_hardware/include
[2.221s] -- Up-to-date: /home/joas329/Desktop/rover_simulation/install/yurs_hardware/include/yurs_hardware
[2.222s] -- Up-to-date: /home/joas329/Desktop/rover_simulation/install/yurs_hardware/include/yurs_hardware/yurs_motor.hpp
[2.223s] -- Up-to-date: /home/joas329/Desktop/rover_simulation/install/yurs_hardware/lib/libyurs_hardware.so
[2.224s] -- Up-to-date: /home/joas329/Desktop/rover_simulation/install/yurs_hardware/share/ament_index/resource_index/package_run_dependencies/yurs_hardware
[2.225s] -- Up-to-date: /home/joas329/Desktop/rover_simulation/install/yurs_hardware/share/ament_index/resource_index/parent_prefix_path/yurs_hardware
[2.226s] -- Up-to-date: /home/joas329/Desktop/rover_simulation/install/yurs_hardware/share/yurs_hardware/environment/ament_prefix_path.sh
[2.227s] -- Up-to-date: /home/joas329/Desktop/rover_simulation/install/yurs_hardware/share/yurs_hardware/environment/ament_prefix_path.dsv
[2.227s] -- Up-to-date: /home/joas329/Desktop/rover_simulation/install/yurs_hardware/share/yurs_hardware/environment/path.sh
[2.228s] -- Up-to-date: /home/joas329/Desktop/rover_simulation/install/yurs_hardware/share/yurs_hardware/environment/path.dsv
[2.229s] -- Up-to-date: /home/joas329/Desktop/rover_simulation/install/yurs_hardware/share/yurs_hardware/local_setup.bash
[2.229s] -- Up-to-date: /home/joas329/Desktop/rover_simulation/install/yurs_hardware/share/yurs_hardware/local_setup.sh
[2.230s] -- Up-to-date: /home/joas329/Desktop/rover_simulation/install/yurs_hardware/share/yurs_hardware/local_setup.zsh
[2.230s] -- Up-to-date: /home/joas329/Desktop/rover_simulation/install/yurs_hardware/share/yurs_hardware/local_setup.dsv
[2.231s] -- Installing: /home/joas329/Desktop/rover_simulation/install/yurs_hardware/share/yurs_hardware/package.dsv
[2.232s] -- Up-to-date: /home/joas329/Desktop/rover_simulation/install/yurs_hardware/share/ament_index/resource_index/packages/yurs_hardware
[2.233s] -- Up-to-date: /home/joas329/Desktop/rover_simulation/install/yurs_hardware/share/ament_index/resource_index/hardware_interface__pluginlib__plugin/yurs_hardware
[2.234s] -- Up-to-date: /home/joas329/Desktop/rover_simulation/install/yurs_hardware/share/yurs_hardware/cmake/yurs_hardwareConfig.cmake
[2.234s] -- Up-to-date: /home/joas329/Desktop/rover_simulation/install/yurs_hardware/share/yurs_hardware/cmake/yurs_hardwareConfig-version.cmake
[2.239s] -- Up-to-date: /home/joas329/Desktop/rover_simulation/install/yurs_hardware/share/yurs_hardware/package.xml
[2.241s] Invoked command in '/home/joas329/Desktop/rover_simulation/build/yurs_hardware' returned '0': CMAKE_PREFIX_PATH=${CMAKE_PREFIX_PATH}:/home/joas329/Desktop/rover_simulation/install/my_bot:/opt/ros/humble /usr/bin/cmake --install /home/joas329/Desktop/rover_simulation/build/yurs_hardware
